<tgcScene>
	<name>test</name>
	<texturesExport enabled='true' dir='Textures'/>
	<lightmapExport enabled='false' dir='LightMaps'/>
	<sceneBoundingBox min='[-7.22913,9.03815,-3.58172]' max='[6.75975,15.1945,8.16647]'/>
	<materials count='1'>
		<m name='Material #951' type='Standardmaterial'>
			<ambient>[149.94,149.94,149.94,255.0]</ambient>
			<diffuse>[149.94,149.94,149.94,255.0]</diffuse>
			<specular>[229.5,229.5,229.5,255.0]</specular>
			<opacity>100.0</opacity>
			<alphaBlendEnable>false</alphaBlendEnable>
			<bitmap uvTiling='[1.0,1.0]' uvOffset='[0.0,0.0]'>diffuse.jpg</bitmap>
		</m>
	</materials>
	<meshes count='1' >
		<mesh name='ship' layer='0' type='Original' matId='0' color='[143.0,224.0,87.0]' visibility='1.0' lightmap=''>
			<boundingBox min='[-7.22913,9.03815,-3.58172]' max='[6.75975,15.1945,8.16647]'/>
			<coordinatesIdx count='6624'>0 554 830 830 557 0 1 555 830 830 554 1 555 4 556 556 830 555 830 556 3 3 557 830 558 831 555 555 1 558 2 559 831 831 558 2 559 5 560 560 831 559 831 560 4 4 555 831 556 832 563 563 3 556 4 561 832 832 556 4 561 7 562 562 832 561 832 562 6 6 563 832 560 833 561 561 4 560 5 564 833 833 560 5 564 8 565 565 833 564 833 565 7 7 561 833 562 834 568 568 6 562 7 566 834 834 562 7 566 10 567 567 834 566 834 567 9 9 568 834 565 835 566 566 7 565 8 569 835 835 565 8 569 11 570 570 835 569 835 570 10 10 566 835 567 836 573 573 9 567 10 571 836 836 567 10 571 13 572 572 836 571 836 572 12 12 573 836 570 837 571 571 10 570 11 574 837 837 570 11 574 14 575 575 837 574 837 575 13 13 571 837 12 572 838 838 578 12 13 576 838 838 572 13 576 16 577 577 838 576 838 577 15 15 578 838 575 839 576 576 13 575 14 579 839 839 575 14 579 17 580 580 839 579 839 580 16 16 576 839 577 840 583 583 15 577 16 581 840 840 577 16 581 19 582 582 840 581 840 582 18 18 583 840 580 841 581 581 16 580 17 584 841 841 580 17 584 20 585 585 841 584 841 585 19 19 581 841 582 842 588 588 18 582 19 586 842 842 582 19 586 22 587 587 842 586 842 587 21 21 588 842 585 843 586 586 19 585 20 589 843 843 585 20 589 23 590 590 843 589 843 590 22 22 586 843 587 844 593 593 21 587 22 591 844 844 587 22 591 25 592 592 844 591 844 592 24 24 593 844 590 845 591 591 22 590 23 594 845 845 590 23 594 26 595 595 845 594 845 595 25 25 591 845 592 846 598 598 24 592 25 596 846 846 592 25 596 28 597 597 846 596 846 597 27 27 598 846 595 847 596 596 25 595 595 26 599 599 847 595 847 599 29 29 600 847 847 600 28 28 596 847 597 848 603 603 27 597 28 601 848 848 597 28 601 31 602 602 848 601 848 602 30 30 603 848 600 849 601 601 28 600 600 29 604 604 849 600 604 32 605 605 849 604 849 605 31 31 601 849 30 602 850 850 608 30 602 31 606 606 850 602 850 606 34 34 607 850 608 850 607 607 33 608 31 605 851 851 606 31 32 609 851 851 605 32 609 35 610 610 851 609 606 851 610 610 34 606 33 607 852 852 613 33 607 34 611 611 852 607 852 611 37 37 612 852 613 852 612 612 36 613 34 610 853 853 611 34 35 614 853 853 610 35 614 38 615 615 853 614 611 853 615 615 37 611 36 612 854 854 618 36 612 37 616 616 854 612 854 616 40 40 617 854 618 854 617 617 39 618 37 615 855 855 616 37 615 38 619 619 855 615 855 619 41 41 620 855 616 855 620 620 40 616 617 856 623 623 39 617 40 621 856 856 617 40 621 43 622 622 856 621 856 622 42 42 623 856 620 857 621 621 40 620 620 41 624 624 857 620 857 624 44 44 625 857 857 625 43 43 621 857 622 858 628 628 42 622 43 626 858 858 622 43 858 626 46 46 627 858 628 858 627 627 45 628 625 859 626 626 43 625 44 629 859 859 625 44 629 47 630 630 859 629 859 630 46 46 626 859 45 627 860 860 632 45 627 46 631 631 860 627 860 631 1 1 554 860 860 554 0 0 632 860 630 861 631 631 46 630 47 633 861 861 630 47 633 2 558 558 861 633 861 558 1 1 631 861 36 618 862 862 613 36 618 39 634 634 862 618 862 634 48 48 635 862 613 862 635 635 33 613 623 863 634 634 39 623 42 636 863 863 623 42 636 49 637 637 863 636 863 637 48 48 634 863 628 864 636 636 42 628 628 45 638 638 864 628 638 50 639 639 864 638 864 639 49 49 636 864 45 632 865 865 638 45 0 557 865 865 632 0 865 557 3 3 640 865 638 865 640 640 50 638 108 641 866 866 644 108 112 642 866 866 641 112 642 113 643 643 866 642 866 643 117 117 644 866 645 867 642 642 112 645 121 646 867 867 645 121 646 122 647 647 867 646 867 647 113 113 642 867 648 868 646 646 121 648 126 649 868 868 648 126 649 130 650 650 868 649 868 650 122 122 646 868 640 869 652 652 50 640 640 3 563 563 869 640 563 6 651 651 869 563 869 651 51 51 652 869 643 870 655 655 117 643 113 653 870 870 643 113 653 134 654 654 870 653 870 654 138 138 655 870 647 871 653 653 113 647 122 656 871 871 647 122 871 656 142 142 657 871 653 871 657 657 134 653 650 872 656 656 122 650 130 658 872 872 650 130 872 658 146 146 659 872 656 872 659 659 142 656 651 873 661 661 51 651 6 568 873 873 651 6 568 9 660 660 873 568 661 873 660 660 54 661 662 874 598 598 27 662 52 663 874 874 662 52 663 21 593 593 874 663 874 593 24 24 598 874 664 875 663 663 52 664 53 665 875 875 664 53 875 665 18 18 588 875 875 588 21 21 663 875 666 876 665 665 53 666 666 54 667 667 876 666 667 15 583 583 876 667 876 583 18 18 665 876 54 660 877 877 667 54 9 573 877 877 660 9 877 573 12 12 578 877 877 578 15 15 667 877 635 878 670 670 33 635 635 48 668 668 878 635 59 669 878 878 668 59 669 55 670 670 878 669 879 673 55 55 669 879 671 879 669 669 59 671 60 672 879 879 671 60 672 56 673 673 879 672 880 676 56 56 672 880 674 880 672 672 60 674 674 61 675 675 880 674 880 675 57 57 676 880 675 881 679 679 57 675 61 677 881 881 675 61 677 101 678 678 881 677 881 678 102 102 679 881 30 608 882 882 681 30 33 670 882 882 608 33 55 680 882 882 670 55 680 63 681 681 882 680 883 683 63 63 680 883 673 883 680 680 55 673 56 682 883 883 673 56 682 64 683 683 883 682 884 685 64 64 682 884 676 884 682 682 56 676 676 57 684 684 884 676 685 884 684 684 65 685 65 684 885 885 687 65 57 679 885 885 684 57 679 102 686 686 885 679 687 885 686 686 103 687 637 886 668 668 48 637 49 688 886 886 637 49 67 689 886 886 688 67 689 59 668 668 886 689 887 671 59 59 689 887 690 887 689 689 67 690 68 691 887 887 690 68 691 60 671 671 887 691 888 674 60 60 691 888 692 888 691 691 68 692 692 69 693 693 888 692 888 693 61 61 674 888 693 889 677 677 61 693 69 694 889 889 693 69 694 100 695 695 889 694 889 695 101 101 677 889 639 890 688 688 49 639 639 50 696 696 890 639 71 697 890 890 696 71 697 67 688 688 890 697 891 690 67 67 697 891 698 891 697 697 71 698 72 699 891 891 698 72 699 68 690 690 891 699 892 692 68 68 699 892 700 892 699 699 72 700 700 73 701 701 892 700 892 701 69 69 692 892 701 893 694 694 69 701 73 702 893 893 701 73 702 99 703 703 893 702 893 703 100 100 694 893 652 894 696 696 50 652 51 704 894 894 652 51 75 705 894 894 704 75 705 71 696 696 894 705 895 698 71 71 705 895 706 895 705 705 75 706 76 707 895 895 706 76 707 72 698 698 895 707 896 700 72 72 707 896 708 896 707 707 76 708 708 77 709 709 896 708 896 709 73 73 700 896 709 897 702 702 73 709 77 710 897 897 709 77 710 98 711 711 897 710 897 711 99 99 702 897 662 898 714 714 52 662 662 27 712 712 898 662 83 713 898 898 712 83 713 79 714 714 898 713 899 717 79 79 713 899 715 899 713 713 83 715 84 716 899 899 715 84 716 80 717 717 899 716 900 720 80 80 716 900 718 900 716 716 84 718 900 718 85 85 719 900 720 900 719 719 81 720 81 719 901 901 723 81 719 85 721 721 901 719 901 721 104 104 722 901 723 901 722 722 95 723 27 603 902 902 712 27 603 30 681 681 902 603 63 724 902 902 681 63 724 83 712 712 902 724 903 715 83 83 724 903 683 903 724 724 63 683 64 725 903 903 683 64 725 84 715 715 903 725 904 718 84 84 725 904 685 904 725 725 64 685 904 685 65 65 726 904 718 904 726 726 85 718 85 726 905 905 721 85 726 65 687 687 905 726 905 687 103 103 727 905 721 905 727 727 104 721 664 906 729 729 53 664 52 714 906 906 664 52 79 728 906 906 714 79 728 87 729 729 906 728 907 731 87 87 728 907 717 907 728 728 79 717 80 730 907 907 717 80 730 88 731 731 907 730 908 733 88 88 730 908 720 908 730 730 80 720 908 720 81 81 732 908 733 908 732 732 89 733 89 732 909 909 735 89 732 81 723 723 909 732 909 723 95 95 734 909 735 909 734 734 96 735 661 910 704 704 51 661 661 54 736 736 910 661 91 737 910 910 736 91 737 75 704 704 910 737 911 706 75 75 737 911 738 911 737 737 91 738 92 739 911 911 738 92 739 76 706 706 911 739 912 708 76 76 739 912 740 912 739 739 92 740 912 740 93 93 741 912 912 741 77 77 708 912 741 913 710 710 77 741 741 93 742 742 913 741 913 742 97 97 743 913 913 743 98 98 710 913 666 914 736 736 54 666 53 729 914 914 666 53 87 744 914 914 729 87 744 91 736 736 914 744 915 738 91 91 744 915 731 915 744 744 87 731 88 745 915 915 731 88 745 92 738 738 915 745 916 740 92 92 745 916 733 916 745 745 88 733 916 733 89 89 746 916 740 916 746 746 93 740 93 746 917 917 742 93 746 89 735 735 917 746 917 735 96 96 747 917 742 917 747 747 97 742 96 734 918 918 750 96 734 95 748 748 918 734 918 748 82 82 749 918 750 918 749 749 90 750 97 747 919 919 752 97 747 96 750 750 919 747 919 750 90 90 751 919 752 919 751 751 94 752 743 920 754 754 98 743 743 97 752 752 920 743 920 752 94 94 753 920 920 753 78 78 754 920 711 921 756 756 99 711 98 754 921 921 711 98 754 78 755 755 921 754 921 755 74 74 756 921 100 703 922 922 758 100 99 756 922 922 703 99 922 756 74 74 757 922 758 922 757 757 70 758 695 923 760 760 101 695 100 758 923 923 695 100 758 70 759 759 923 758 923 759 62 62 760 923 678 924 762 762 102 678 101 760 924 924 678 101 760 62 761 761 924 760 924 761 58 58 762 924 103 686 925 925 764 103 102 762 925 925 686 102 762 58 763 763 925 762 764 925 763 763 66 764 104 727 926 926 766 104 727 103 764 764 926 727 926 764 66 66 765 926 766 926 765 765 86 766 95 722 927 927 748 95 722 104 766 766 927 722 927 766 86 86 767 927 748 927 767 767 82 748 761 928 770 770 58 761 62 768 928 928 761 62 109 769 928 928 768 109 769 105 770 770 928 769 929 773 105 105 769 929 771 929 769 769 109 771 110 772 929 929 771 110 772 106 773 773 929 772 930 776 106 106 772 930 774 930 772 772 110 774 774 111 775 775 930 774 930 775 107 107 776 930 775 931 778 778 107 775 111 777 931 931 775 111 777 112 641 641 931 777 931 641 108 108 778 931 66 763 932 932 780 66 58 770 932 932 763 58 105 779 932 932 770 105 779 114 780 780 932 779 933 782 114 114 779 933 773 933 779 779 105 773 106 781 933 933 773 106 781 115 782 782 933 781 934 784 115 115 781 934 776 934 781 781 106 776 776 107 783 783 934 776 784 934 783 783 116 784 116 783 935 935 785 116 107 778 935 935 783 107 778 108 644 644 935 778 785 935 644 644 117 785 759 936 768 768 62 759 70 786 936 936 759 70 118 787 936 936 786 118 787 109 768 768 936 787 937 771 109 109 787 937 788 937 787 787 118 788 119 789 937 937 788 119 789 110 771 771 937 789 938 774 110 110 789 938 790 938 789 789 119 790 790 120 791 791 938 790 938 791 111 111 774 938 791 939 777 777 111 791 120 792 939 939 791 120 792 121 645 645 939 792 939 645 112 112 777 939 70 757 940 940 786 70 757 74 793 793 940 757 123 794 940 940 793 123 794 118 786 786 940 794 941 788 118 118 794 941 795 941 794 794 123 795 124 796 941 941 795 124 796 119 788 788 941 796 942 790 119 119 796 942 797 942 796 796 124 797 942 797 125 125 798 942 942 798 120 120 790 942 798 943 792 792 120 798 798 125 799 799 943 798 943 799 126 126 648 943 943 648 121 121 792 943 755 944 793 793 74 755 78 800 944 944 755 78 127 801 944 944 800 127 801 123 793 793 944 801 945 795 123 123 801 945 802 945 801 801 127 802 128 803 945 945 802 128 803 124 795 795 945 803 946 797 124 124 803 946 804 946 803 803 128 804 804 129 805 805 946 804 797 946 805 805 125 797 125 805 947 947 799 125 129 806 947 947 805 129 806 130 649 649 947 806 947 649 126 126 799 947 82 767 948 948 809 82 767 86 807 807 948 767 135 808 948 948 807 135 808 131 809 809 948 808 949 812 131 131 808 949 810 949 808 808 135 810 136 811 949 949 810 136 811 132 812 812 949 811 950 815 132 132 811 950 813 950 811 811 136 813 950 813 137 137 814 950 815 950 814 814 133 815 133 814 951 951 817 133 814 137 816 816 951 814 951 816 138 138 654 951 817 951 654 654 134 817 86 765 952 952 807 86 765 66 780 780 952 765 114 818 952 952 780 114 818 135 807 807 952 818 953 810 135 135 818 953 782 953 818 818 114 782 115 819 953 953 782 115 819 136 810 810 953 819 954 813 136 136 819 954 784 954 819 819 115 784 954 784 116 116 820 954 813 954 820 820 137 813 137 820 955 955 816 137 820 116 785 785 955 820 955 785 117 117 655 955 816 955 655 655 138 816 90 749 956 956 822 90 749 82 809 809 956 749 131 821 956 956 809 131 821 139 822 822 956 821 957 824 139 139 821 957 812 957 821 821 131 812 132 823 957 957 812 132 823 140 824 824 957 823 958 826 140 140 823 958 815 958 823 823 132 815 958 815 133 133 825 958 826 958 825 825 141 826 141 825 959 959 827 141 825 133 817 817 959 825 959 817 134 134 657 959 827 959 657 657 142 827 753 960 800 800 78 753 753 94 828 828 960 753 143 829 960 960 828 143 829 127 800 800 960 829 961 802 127 127 829 961 278 961 829 829 143 278 144 279 961 961 278 144 279 128 802 802 961 279 962 804 128 128 279 962 280 962 279 279 144 280 280 145 281 281 962 280 962 281 129 129 804 962 281 963 806 806 129 281 145 282 963 963 281 145 963 282 146 146 658 963 963 658 130 130 806 963 94 751 964 964 828 94 751 90 822 822 964 751 139 283 964 964 822 139 283 143 828 828 964 283 965 278 143 143 283 965 824 965 283 283 139 824 140 284 965 965 824 140 284 144 278 278 965 284 966 280 144 144 284 966 826 966 284 284 140 826 966 826 141 141 285 966 966 285 145 145 280 966 285 967 282 282 145 285 285 141 827 827 967 285 967 827 142 142 659 967 967 659 146 146 282 967 147 286 968 968 289 147 149 287 968 968 286 149 287 150 288 288 968 287 968 288 148 148 289 968 288 969 291 291 148 288 150 290 969 969 288 150 290 5 559 559 969 290 969 559 2 2 291 969 149 292 970 970 287 149 151 293 970 970 292 151 293 152 294 294 970 293 970 294 150 150 287 970 294 971 290 290 150 294 152 295 971 971 294 152 295 8 564 564 971 295 971 564 5 5 290 971 296 972 293 293 151 296 153 297 972 972 296 153 297 154 298 298 972 297 972 298 152 152 293 972 298 973 295 295 152 298 154 299 973 973 298 154 299 11 569 569 973 299 973 569 8 8 295 973 300 974 297 297 153 300 155 301 974 974 300 155 301 156 302 302 974 301 974 302 154 154 297 974 302 975 299 299 154 302 156 303 975 975 302 156 303 14 574 574 975 303 975 574 11 11 299 975 155 304 976 976 301 155 157 305 976 976 304 157 305 158 306 306 976 305 976 306 156 156 301 976 306 977 303 303 156 306 158 307 977 977 306 158 307 17 579 579 977 307 977 579 14 14 303 977 308 978 305 305 157 308 159 309 978 978 308 159 309 160 310 310 978 309 978 310 158 158 305 978 310 979 307 307 158 310 160 311 979 979 310 160 311 20 584 584 979 311 979 584 17 17 307 979 312 980 309 309 159 312 161 313 980 980 312 161 313 162 314 314 980 313 980 314 160 160 309 980 314 981 311 311 160 314 162 315 981 981 314 162 315 23 589 589 981 315 981 589 20 20 311 981 316 982 313 313 161 316 163 317 982 982 316 163 317 164 318 318 982 317 982 318 162 162 313 982 318 983 315 315 162 318 164 319 983 983 318 164 319 26 594 594 983 319 983 594 23 23 315 983 320 984 317 317 163 320 165 321 984 984 320 165 321 166 322 322 984 321 984 322 164 164 317 984 322 985 319 319 164 322 166 323 985 985 322 166 985 323 29 29 599 985 319 985 599 599 26 319 324 986 321 321 165 324 167 325 986 986 324 167 325 168 326 326 986 325 986 326 166 166 321 986 326 987 323 323 166 326 168 327 987 987 326 168 327 32 604 604 987 327 323 987 604 604 29 323 167 328 988 988 325 167 328 169 329 329 988 328 988 329 170 170 330 988 325 988 330 330 168 325 168 330 989 989 327 168 330 170 331 331 989 330 331 35 609 609 989 331 989 609 32 32 327 989 169 332 990 990 329 169 332 171 333 333 990 332 990 333 172 172 334 990 329 990 334 334 170 329 170 334 991 991 331 170 334 172 335 335 991 334 335 38 614 614 991 335 991 614 35 35 331 991 171 336 992 992 333 171 336 173 337 337 992 336 992 337 174 174 338 992 333 992 338 338 172 333 172 338 993 993 335 172 338 174 339 339 993 338 339 41 619 619 993 339 335 993 619 619 38 335 173 340 994 994 337 173 340 175 341 341 994 340 341 176 342 342 994 341 337 994 342 342 174 337 342 995 339 339 174 342 176 343 995 995 342 176 343 44 624 624 995 343 995 624 41 41 339 995 175 344 996 996 341 175 177 345 996 996 344 177 345 178 346 346 996 345 996 346 176 176 341 996 346 997 343 343 176 346 178 347 997 997 346 178 347 47 629 629 997 347 997 629 44 44 343 997 177 348 998 998 345 177 147 289 998 998 348 147 998 289 148 148 349 998 345 998 349 349 178 345 178 349 999 999 347 178 349 148 291 291 999 349 999 291 2 2 633 999 347 999 633 633 47 347 171 332 1000 1000 336 171 332 169 350 350 1000 332 1000 350 179 179 351 1000 336 1000 351 351 173 336 351 1001 340 340 173 351 179 352 1001 1001 351 179 352 180 353 353 1001 352 1001 353 175 175 340 1001 353 1002 344 344 175 353 180 354 1002 1002 353 180 354 181 355 355 1002 354 344 1002 355 355 177 344 177 355 1003 1003 348 177 355 181 356 356 1003 355 1003 356 149 149 286 1003 1003 286 147 147 348 1003 239 357 1004 1004 360 239 248 358 1004 1004 357 248 358 244 359 359 1004 358 1004 359 243 243 360 1004 359 1005 363 363 243 359 244 361 1005 1005 359 244 361 253 362 362 1005 361 1005 362 252 252 363 1005 362 1006 366 366 252 362 253 364 1006 1006 362 253 364 261 365 365 1006 364 1006 365 257 257 366 1006 367 1007 356 356 181 367 182 368 1007 1007 367 182 368 151 292 292 1007 368 356 1007 292 292 149 356 369 1008 358 358 248 369 269 370 1008 1008 369 269 370 265 371 371 1008 370 1008 371 244 244 358 1008 371 1009 361 361 244 371 371 265 372 372 1009 371 1009 372 273 273 373 1009 1009 373 253 253 361 1009 373 1010 364 364 253 373 373 273 374 374 1010 373 1010 374 277 277 375 1010 1010 375 261 261 364 1010 376 1011 368 368 182 376 376 185 377 377 1011 376 377 153 296 296 1011 377 1011 296 151 151 368 1011 320 1012 379 379 165 320 163 316 1012 1012 320 163 316 161 378 378 1012 316 1012 378 183 183 379 1012 378 1013 381 381 183 378 161 312 1013 1013 378 161 1013 312 159 159 380 1013 1013 380 184 184 381 1013 380 1014 383 383 184 380 159 308 1014 1014 380 159 308 157 382 382 1014 308 383 1014 382 382 185 383 185 382 1015 1015 377 185 157 304 1015 1015 382 157 1015 304 155 155 300 1015 1015 300 153 153 377 1015 384 1016 350 350 169 384 385 1016 384 384 186 385 190 386 1016 1016 385 190 350 1016 386 386 179 350 1017 385 186 186 387 1017 388 1017 387 387 187 388 191 389 1017 1017 388 191 389 190 385 385 1017 389 1018 388 187 187 390 1018 188 391 1018 1018 390 188 391 192 392 392 1018 391 392 191 388 388 1018 392 393 1019 391 391 188 393 233 394 1019 1019 393 233 394 232 395 395 1019 394 1019 395 192 192 391 1019 167 396 1020 1020 328 167 397 1020 396 396 194 397 186 384 1020 1020 397 186 1020 384 169 169 328 1020 1021 397 194 194 398 1021 399 1021 398 398 195 399 187 387 1021 1021 399 187 387 186 397 397 1021 387 1022 399 195 195 400 1022 400 196 401 401 1022 400 401 188 390 390 1022 401 390 187 399 399 1022 390 196 402 1023 1023 401 196 402 234 403 403 1023 402 403 233 393 393 1023 403 1023 393 188 188 401 1023 386 1024 352 352 179 386 404 1024 386 386 190 404 198 405 1024 1024 404 198 1024 405 180 180 352 1024 1025 404 190 190 389 1025 406 1025 389 389 191 406 199 407 1025 1025 406 199 407 198 404 404 1025 407 1026 406 191 191 392 1026 192 408 1026 1026 392 192 408 200 409 409 1026 408 409 199 406 406 1026 409 395 1027 408 408 192 395 232 410 1027 1027 395 232 410 231 411 411 1027 410 1027 411 200 200 408 1027 405 1028 354 354 180 405 412 1028 405 405 198 412 202 413 1028 1028 412 202 354 1028 413 413 181 354 1029 412 198 198 407 1029 414 1029 407 407 199 414 203 415 1029 1029 414 203 415 202 412 412 1029 415 1030 414 199 199 409 1030 200 416 1030 1030 409 200 416 204 417 417 1030 416 417 203 414 414 1030 417 411 1031 416 416 200 411 231 418 1031 1031 411 231 418 230 419 419 1031 418 1031 419 204 204 416 1031 413 1032 367 367 181 413 420 1032 413 413 202 420 206 421 1032 1032 420 206 1032 421 182 182 367 1032 1033 420 202 202 415 1033 422 1033 415 415 203 422 207 423 1033 1033 422 207 423 206 420 420 1033 423 1034 422 203 203 417 1034 204 424 1034 1034 417 204 424 208 425 425 1034 424 425 207 422 422 1034 425 419 1035 424 424 204 419 230 426 1035 1035 419 230 426 229 427 427 1035 426 1035 427 208 208 424 1035 428 1036 379 379 183 428 429 1036 428 428 210 429 214 430 1036 1036 429 214 379 1036 430 430 165 379 1037 429 210 210 431 1037 432 1037 431 431 211 432 215 433 1037 1037 432 215 433 214 429 429 1037 433 1038 432 211 211 434 1038 434 212 435 435 1038 434 1038 435 216 216 436 1038 436 215 432 432 1038 436 212 437 1039 1039 435 212 437 226 438 438 1039 437 1039 438 235 235 439 1039 435 1039 439 439 216 435 165 430 1040 1040 324 165 440 1040 430 430 214 440 194 396 1040 1040 440 194 324 1040 396 396 167 324 1041 440 214 214 433 1041 441 1041 433 433 215 441 195 398 1041 1041 441 195 398 194 440 440 1041 398 1042 441 215 215 436 1042 436 216 442 442 1042 436 1042 442 196 196 400 1042 400 195 441 441 1042 400 216 439 1043 1043 442 216 439 235 443 443 1043 439 1043 443 234 234 402 1043 442 1043 402 402 196 442 444 1044 381 381 184 444 445 1044 444 444 218 445 210 428 1044 1044 445 210 1044 428 183 183 381 1044 1045 445 218 218 446 1045 447 1045 446 446 219 447 211 431 1045 1045 447 211 431 210 445 445 1045 431 1046 447 219 219 448 1046 448 220 449 449 1046 448 1046 449 212 212 434 1046 434 211 447 447 1046 434 220 450 1047 1047 449 220 450 227 451 451 1047 450 1047 451 226 226 437 1047 449 1047 437 437 212 449 421 1048 376 376 182 421 452 1048 421 421 206 452 222 453 1048 1048 452 222 376 1048 453 453 185 376 1049 452 206 206 423 1049 454 1049 423 423 207 454 223 455 1049 1049 454 223 455 222 452 452 1049 455 1050 454 207 207 425 1050 208 456 1050 1050 425 208 1050 456 224 224 457 1050 457 223 454 454 1050 457 427 1051 456 456 208 427 229 458 1051 1051 427 229 1051 458 228 228 459 1051 456 1051 459 459 224 456 453 1052 383 383 185 453 460 1052 453 453 222 460 218 444 1052 1052 460 218 1052 444 184 184 383 1052 1053 460 222 222 455 1053 461 1053 455 455 223 461 219 446 1053 1053 461 219 446 218 460 460 1053 446 1054 461 223 223 457 1054 457 224 462 462 1054 457 1054 462 220 220 448 1054 448 219 461 461 1054 448 224 459 1055 1055 462 224 459 228 463 463 1055 459 1055 463 227 227 450 1055 462 1055 450 450 220 462 227 464 1056 1056 451 227 464 221 465 465 1056 464 1056 465 213 213 466 1056 451 1056 466 466 226 451 228 467 1057 1057 463 228 467 225 468 468 1057 467 1057 468 221 221 464 1057 463 1057 464 464 227 463 469 1058 458 458 229 469 209 470 1058 1058 469 209 1058 470 225 225 467 1058 458 1058 467 467 228 458 471 1059 426 426 230 471 205 472 1059 1059 471 205 472 209 469 469 1059 472 1059 469 229 229 426 1059 231 473 1060 1060 418 231 473 201 474 474 1060 473 1060 474 205 205 471 1060 1060 471 230 230 418 1060 475 1061 410 410 232 475 193 476 1061 1061 475 193 476 201 473 473 1061 476 1061 473 231 231 410 1061 477 1062 394 394 233 477 189 478 1062 1062 477 189 478 193 475 475 1062 478 1062 475 232 232 394 1062 234 479 1063 1063 403 234 479 197 480 480 1063 479 480 189 477 477 1063 480 1063 477 233 233 403 1063 235 481 1064 1064 443 235 481 217 482 482 1064 481 1064 482 197 197 479 1064 443 1064 479 479 234 443 226 466 1065 1065 438 226 466 213 483 483 1065 466 1065 483 217 217 481 1065 438 1065 481 481 235 438 484 1066 478 478 189 484 485 1066 484 484 236 485 240 486 1066 1066 485 240 1066 486 193 193 478 1066 1067 485 236 236 487 1067 488 1067 487 487 237 488 241 489 1067 1067 488 241 489 240 485 485 1067 489 1068 488 237 237 490 1068 238 491 1068 1068 490 238 491 242 492 492 1068 491 492 241 488 488 1068 492 493 1069 491 491 238 493 239 360 1069 1069 493 239 360 243 494 494 1069 360 1069 494 242 242 491 1069 197 495 1070 1070 480 197 496 1070 495 495 245 496 236 484 1070 1070 496 236 1070 484 189 189 480 1070 1071 496 245 245 497 1071 498 1071 497 497 246 498 237 487 1071 1071 498 237 487 236 496 496 1071 487 1072 498 246 246 499 1072 499 247 500 500 1072 499 500 238 490 490 1072 500 490 237 498 498 1072 490 247 501 1073 1073 500 247 501 248 357 357 1073 501 357 239 493 493 1073 357 1073 493 238 238 500 1073 486 1074 476 476 193 486 502 1074 486 486 240 502 249 503 1074 1074 502 249 1074 503 201 201 476 1074 1075 502 240 240 489 1075 504 1075 489 489 241 504 250 505 1075 1075 504 250 505 249 502 502 1075 505 1076 504 241 241 492 1076 242 506 1076 1076 492 242 506 251 507 507 1076 506 507 250 504 504 1076 507 494 1077 506 506 242 494 243 363 1077 1077 494 243 363 252 508 508 1077 363 1077 508 251 251 506 1077 201 503 1078 1078 474 201 509 1078 503 503 249 509 254 510 1078 1078 509 254 474 1078 510 510 205 474 1079 509 249 249 505 1079 511 1079 505 505 250 511 255 512 1079 1079 511 255 512 254 509 509 1079 512 1080 511 250 250 507 1080 251 513 1080 1080 507 251 1080 513 256 256 514 1080 514 255 511 511 1080 514 508 1081 513 513 251 508 252 366 1081 1081 508 252 1081 366 257 257 515 1081 513 1081 515 515 256 513 510 1082 472 472 205 510 516 1082 510 510 254 516 258 517 1082 1082 516 258 1082 517 209 209 472 1082 1083 516 254 254 512 1083 518 1083 512 512 255 518 259 519 1083 1083 518 259 519 258 516 516 1083 519 1084 518 255 255 514 1084 514 256 520 520 1084 514 520 260 521 521 1084 520 521 259 518 518 1084 521 256 515 1085 1085 520 256 257 365 1085 1085 515 257 365 261 522 522 1085 365 1085 522 260 260 520 1085 213 523 1086 1086 483 213 524 1086 523 523 262 524 266 525 1086 1086 524 266 483 1086 525 525 217 483 1087 524 262 262 526 1087 527 1087 526 526 263 527 267 528 1087 1087 527 267 528 266 524 524 1087 528 1088 527 263 263 529 1088 529 264 530 530 1088 529 1088 530 268 268 531 1088 531 267 527 527 1088 531 264 532 1089 1089 530 264 532 265 370 370 1089 532 1089 370 269 269 533 1089 530 1089 533 533 268 530 217 525 1090 1090 482 217 534 1090 525 525 266 534 245 495 1090 1090 534 245 482 1090 495 495 197 482 1091 534 266 266 528 1091 535 1091 528 528 267 535 246 497 1091 1091 535 246 497 245 534 534 1091 497 1092 535 267 267 531 1092 531 268 536 536 1092 531 1092 536 247 247 499 1092 499 246 535 535 1092 499 268 533 1093 1093 536 268 533 269 369 369 1093 533 1093 369 248 248 501 1093 536 1093 501 501 247 536 221 537 1094 1094 465 221 538 1094 537 537 270 538 262 523 1094 1094 538 262 465 1094 523 523 213 465 1095 538 270 270 539 1095 540 1095 539 539 271 540 263 526 1095 1095 540 263 526 262 538 538 1095 526 1096 540 271 271 541 1096 541 272 542 542 1096 541 1096 542 264 264 529 1096 529 263 540 540 1096 529 272 543 1097 1097 542 272 543 273 372 372 1097 543 1097 372 265 265 532 1097 542 1097 532 532 264 542 517 1098 470 470 209 517 544 1098 517 517 258 544 274 545 1098 1098 544 274 470 1098 545 545 225 470 1099 544 258 258 519 1099 546 1099 519 519 259 546 275 547 1099 1099 546 275 547 274 544 544 1099 547 1100 546 259 259 521 1100 260 548 1100 1100 521 260 548 276 549 549 1100 548 549 275 546 546 1100 549 522 1101 548 548 260 522 261 375 1101 1101 522 261 1101 375 277 277 550 1101 1101 550 276 276 548 1101 225 545 1102 1102 468 225 551 1102 545 545 274 551 270 537 1102 1102 551 270 468 1102 537 537 221 468 1103 551 274 274 547 1103 552 1103 547 547 275 552 271 539 1103 1103 552 271 539 270 551 551 1103 539 1104 552 275 275 549 1104 276 553 1104 1104 549 276 1104 553 272 272 541 1104 541 271 552 552 1104 541 550 1105 553 553 276 550 277 374 1105 1105 550 277 1105 374 273 273 543 1105 553 1105 543 543 272 553 </coordinatesIdx>
			<textCoordsIdx count='6624'>0 747 471 471 751 0 3 749 471 471 747 3 749 9 750 750 471 749 471 750 7 7 751 471 753 472 749 749 3 753 5 755 472 472 753 5 755 10 756 756 472 755 472 756 9 9 749 472 750 473 759 759 7 750 9 757 473 473 750 9 757 13 758 758 473 757 473 758 11 11 759 473 756 474 757 757 9 756 10 761 474 474 756 10 761 14 762 762 474 761 474 762 13 13 757 474 758 475 765 765 11 758 13 763 475 475 758 13 763 17 764 764 475 763 475 764 15 15 765 475 762 476 763 763 13 762 14 767 476 476 762 14 767 18 768 768 476 767 476 768 17 17 763 476 764 477 772 772 15 764 17 769 477 477 764 17 769 22 770 770 477 769 477 770 19 19 772 477 768 478 769 769 17 768 18 774 478 478 768 18 774 24 775 775 478 774 478 775 22 22 769 478 20 771 479 479 779 20 23 777 479 479 771 23 777 28 778 778 479 777 479 778 26 26 779 479 776 480 777 777 23 776 25 781 480 480 776 25 781 29 782 782 480 781 480 782 28 28 777 480 778 481 785 785 26 778 28 783 481 481 778 28 783 32 784 784 481 783 481 784 30 30 785 481 782 482 783 783 28 782 29 787 482 482 782 29 787 33 788 788 482 787 482 788 32 32 783 482 784 483 791 791 30 784 32 789 483 483 784 32 789 37 790 790 483 789 483 790 34 34 791 483 788 484 789 789 32 788 33 793 484 484 788 33 793 38 794 794 484 793 484 794 37 37 789 484 790 485 798 798 34 790 37 795 485 485 790 37 795 42 796 796 485 795 485 796 39 39 798 485 794 486 795 795 37 794 38 800 486 486 794 38 800 44 801 801 486 800 486 801 42 42 795 486 797 487 805 805 40 797 43 802 487 487 797 43 802 48 804 804 487 802 487 804 45 45 805 487 801 488 803 803 42 801 801 44 807 807 488 801 488 807 51 51 808 488 488 808 49 49 803 488 804 489 813 813 45 804 48 810 489 489 804 48 810 55 812 812 489 810 489 812 53 53 813 489 809 490 811 811 50 809 809 52 815 815 490 809 815 57 816 816 490 815 490 816 56 56 811 490 53 812 491 491 820 53 812 55 817 817 491 812 491 817 60 60 819 491 820 491 819 819 58 820 56 816 492 492 818 56 57 822 492 492 816 57 822 63 823 823 492 822 818 492 823 823 61 818 58 819 493 493 829 58 819 60 825 825 493 819 493 825 67 67 827 493 829 493 827 827 65 829 62 824 494 494 826 62 64 830 494 494 824 64 830 69 831 831 494 830 826 494 831 831 68 826 66 828 495 495 834 66 828 68 832 832 495 828 495 832 72 72 833 495 834 495 833 833 70 834 68 831 496 496 832 68 831 69 836 836 496 831 496 836 73 73 837 496 832 496 837 837 72 832 833 497 840 840 70 833 72 838 497 497 833 72 838 76 839 839 497 838 497 839 74 74 840 497 837 498 838 838 72 837 837 73 842 842 498 837 498 842 77 77 843 498 498 843 76 76 838 498 839 499 846 846 74 839 76 844 499 499 839 76 499 844 80 80 845 499 846 499 845 845 78 846 843 500 844 844 76 843 77 848 500 500 843 77 848 81 849 849 500 848 500 849 80 80 844 500 78 845 501 501 851 78 845 80 850 850 501 845 501 850 4 4 748 501 501 748 2 2 851 501 849 502 850 850 80 849 81 853 502 502 849 81 853 6 754 754 502 853 502 754 4 4 850 502 65 835 503 503 829 65 835 71 854 854 503 835 503 854 82 82 855 503 829 503 855 855 58 829 841 504 854 854 71 841 75 857 504 504 841 75 857 84 858 858 504 857 504 858 82 82 854 504 847 505 857 857 75 847 847 79 860 860 505 847 860 86 861 861 505 860 505 861 84 84 857 505 79 852 506 506 860 79 1 752 506 506 852 1 506 752 8 8 863 506 860 506 863 863 86 860 184 864 507 507 868 184 191 866 507 507 864 191 866 193 867 867 507 866 507 867 198 198 868 507 870 508 866 866 191 870 204 872 508 508 870 204 872 206 873 873 508 872 508 873 193 193 866 508 874 509 872 872 204 874 212 876 509 509 874 212 876 219 878 878 509 876 509 878 206 206 872 509 863 510 880 880 86 863 863 8 760 760 510 863 760 12 879 879 510 760 510 879 88 88 880 510 867 511 885 885 198 867 193 882 511 511 867 193 882 225 883 883 511 882 511 883 232 232 885 511 873 512 882 882 193 873 206 887 512 512 873 206 512 887 239 239 888 512 882 512 888 888 225 882 878 513 887 887 206 878 219 890 513 513 878 219 513 890 246 246 892 513 887 513 892 892 239 887 879 514 895 895 88 879 12 766 514 514 879 12 766 16 894 894 514 766 895 514 894 894 95 895 897 515 806 806 47 897 90 899 515 515 897 90 899 35 799 799 515 899 515 799 41 41 806 515 901 516 900 900 92 901 93 903 516 516 901 93 516 903 31 31 792 516 516 792 36 36 900 516 904 517 903 903 93 904 904 95 906 906 517 904 906 27 786 786 517 906 517 786 31 31 903 517 95 894 518 518 906 95 16 773 518 518 894 16 518 773 21 21 780 518 518 780 27 27 906 518 856 519 909 909 59 856 856 83 907 907 519 856 105 908 519 519 907 105 908 97 909 909 519 908 520 912 97 97 908 520 910 520 908 908 105 910 106 911 520 520 910 106 911 98 912 912 520 911 521 916 98 98 911 521 913 521 911 911 106 913 913 107 914 914 521 913 521 914 99 99 916 521 915 522 919 919 100 915 108 917 522 522 915 108 917 173 918 918 522 917 522 918 174 174 919 522 54 821 523 523 922 54 59 909 523 523 821 59 97 921 523 523 909 97 921 111 922 922 523 921 524 924 111 111 921 524 912 524 921 921 97 912 98 923 524 524 912 98 923 112 924 924 524 923 525 927 112 112 923 525 916 525 923 923 98 916 916 99 925 925 525 916 927 525 925 925 113 927 114 926 526 526 929 114 101 920 526 526 926 101 920 175 928 928 526 920 929 526 928 928 176 929 859 527 907 907 83 859 85 930 527 527 859 85 117 931 527 527 930 117 931 105 907 907 527 931 528 910 105 105 931 528 932 528 931 931 117 932 118 933 528 528 932 118 933 106 910 910 528 933 529 913 106 106 933 529 934 529 933 933 118 934 934 119 935 935 529 934 529 935 107 107 913 529 936 530 917 917 108 936 120 937 530 530 936 120 937 172 938 938 530 937 530 938 173 173 917 530 862 531 930 930 85 862 862 87 939 939 531 862 123 940 531 531 939 123 940 117 930 930 531 940 532 932 117 117 940 532 941 532 940 940 123 941 124 942 532 532 941 124 942 118 932 932 532 942 533 934 118 118 942 533 943 533 942 942 124 943 943 125 944 944 533 943 533 944 119 119 934 533 945 534 937 937 120 945 127 946 534 534 945 127 946 170 948 948 534 946 534 948 172 172 937 534 881 535 939 939 87 881 89 949 535 535 881 89 131 950 535 535 949 131 950 123 939 939 535 950 536 941 123 123 950 536 951 536 950 950 131 951 132 952 536 536 951 132 952 124 941 941 536 952 537 943 124 124 952 537 953 537 952 952 132 953 953 133 954 954 537 953 537 954 125 125 943 537 955 538 947 947 126 955 134 956 538 538 955 134 956 169 957 957 538 956 538 957 171 171 947 538 898 539 960 960 91 898 898 46 958 958 539 898 143 959 539 539 958 143 959 137 960 960 539 959 540 963 137 137 959 540 961 540 959 959 143 961 144 962 540 540 961 144 962 138 963 963 540 962 541 967 138 138 962 541 964 541 962 962 144 964 541 964 145 145 965 541 967 541 965 965 139 967 140 966 542 542 971 140 966 147 968 968 542 966 542 968 177 177 970 542 971 542 970 970 165 971 46 814 543 543 958 46 814 54 922 922 543 814 111 972 543 543 922 111 972 143 958 958 543 972 544 961 143 143 972 544 924 544 972 972 111 924 112 973 544 544 924 112 973 144 961 961 544 973 545 964 144 144 973 545 927 545 973 973 112 927 545 927 113 113 974 545 964 545 974 974 145 964 146 975 546 546 969 146 975 114 929 929 546 975 546 929 176 176 976 546 969 546 976 976 178 969 902 547 978 978 94 902 91 960 547 547 902 91 137 977 547 547 960 137 977 151 978 978 547 977 548 980 151 151 977 548 963 548 977 977 137 963 138 979 548 548 963 138 979 152 980 980 548 979 549 983 152 152 979 549 967 549 979 979 138 967 549 967 139 139 981 549 983 549 981 981 153 983 154 982 550 550 985 154 982 140 971 971 550 982 550 971 165 165 984 550 985 550 984 984 166 985 896 551 949 949 89 896 896 96 986 986 551 896 157 987 551 551 986 157 987 131 949 949 551 987 552 951 131 131 987 552 988 552 987 987 157 988 158 989 552 552 988 158 989 132 951 951 552 989 553 953 132 132 989 553 990 553 989 989 158 990 553 990 159 159 991 553 553 991 133 133 953 553 992 554 956 956 134 992 992 161 993 993 554 992 554 993 167 167 995 554 554 995 169 169 956 554 905 555 986 986 96 905 94 978 555 555 905 94 151 996 555 555 978 151 996 157 986 986 555 996 556 988 157 157 996 556 980 556 996 996 151 980 152 997 556 556 980 152 997 158 988 988 556 997 557 990 158 158 997 557 983 557 997 997 152 983 557 983 153 153 998 557 990 557 998 998 159 990 160 999 558 558 994 160 999 154 985 985 558 999 558 985 166 166 1000 558 994 558 1000 1000 168 994 166 984 559 559 1004 166 984 165 1001 1001 559 984 559 1001 141 141 1002 559 1004 559 1002 1002 155 1004 168 1000 560 560 1007 168 1000 166 1004 1004 560 1000 560 1004 155 155 1005 560 1007 560 1005 1005 162 1007 995 561 1011 1011 169 995 995 167 1008 1008 561 995 561 1008 164 164 1009 561 561 1009 135 135 1011 561 957 562 1014 1014 171 957 169 1011 562 562 957 169 1011 135 1012 1012 562 1011 562 1012 128 128 1014 562 172 948 563 563 1018 172 170 1015 563 563 948 170 563 1015 130 130 1016 563 1018 563 1016 1016 121 1018 938 564 1021 1021 173 938 172 1018 564 564 938 172 1018 121 1019 1019 564 1018 564 1019 109 109 1021 564 918 565 1024 1024 174 918 173 1021 565 565 918 173 1021 109 1022 1022 565 1021 565 1022 102 102 1024 565 176 928 566 566 1028 176 175 1025 566 566 928 175 1025 104 1026 1026 566 1025 1028 566 1026 1026 115 1028 178 976 567 567 1031 178 976 176 1028 1028 567 976 567 1028 115 115 1029 567 1031 567 1029 1029 148 1031 165 970 568 568 1001 165 970 177 1032 1032 568 970 568 1032 150 150 1033 568 1001 568 1033 1033 141 1001 1023 569 1037 1037 103 1023 110 1035 569 569 1023 110 187 1036 569 569 1035 187 1036 179 1037 1037 569 1036 570 1040 179 179 1036 570 1038 570 1036 1036 187 1038 188 1039 570 570 1038 188 1039 180 1040 1040 570 1039 571 1044 180 180 1039 571 1041 571 1039 1039 188 1041 1041 189 1042 1042 571 1041 571 1042 181 181 1044 571 1043 572 1046 1046 182 1043 190 1045 572 572 1043 190 1045 192 865 865 572 1045 572 865 186 186 1046 572 116 1027 573 573 1049 116 103 1037 573 573 1027 103 179 1048 573 573 1037 179 1048 194 1049 1049 573 1048 574 1051 194 194 1048 574 1040 574 1048 1048 179 1040 180 1050 574 574 1040 180 1050 195 1051 1051 574 1050 575 1054 195 195 1050 575 1044 575 1050 1050 180 1044 1044 181 1052 1052 575 1044 1054 575 1052 1052 196 1054 197 1053 576 576 1055 197 183 1047 576 576 1053 183 1047 185 869 869 576 1047 1055 576 869 869 199 1055 1020 577 1035 1035 110 1020 122 1056 577 577 1020 122 200 1057 577 577 1056 200 1057 187 1035 1035 577 1057 578 1038 187 187 1057 578 1058 578 1057 1057 200 1058 201 1059 578 578 1058 201 1059 188 1038 1038 578 1059 579 1041 188 188 1059 579 1060 579 1059 1059 201 1060 1060 202 1061 1061 579 1060 579 1061 189 189 1041 579 1062 580 1045 1045 190 1062 203 1063 580 580 1062 203 1063 205 871 871 580 1063 580 871 192 192 1045 580 122 1017 581 581 1056 122 1017 129 1064 1064 581 1017 207 1065 581 581 1064 207 1065 200 1056 1056 581 1065 582 1058 200 200 1065 582 1066 582 1065 1065 207 1066 208 1067 582 582 1066 208 1067 201 1058 1058 582 1067 583 1060 201 201 1067 583 1068 583 1067 1067 208 1068 583 1068 209 209 1069 583 583 1069 202 202 1060 583 1070 584 1063 1063 203 1070 1070 211 1071 1071 584 1070 584 1071 213 213 875 584 584 875 205 205 1063 584 1013 585 1064 1064 129 1013 136 1073 585 585 1013 136 215 1074 585 585 1073 215 1074 207 1064 1064 585 1074 586 1066 207 207 1074 586 1075 586 1074 1074 215 1075 216 1076 586 586 1075 216 1076 208 1066 1066 586 1076 587 1068 208 208 1076 587 1077 587 1076 1076 216 1077 1077 217 1078 1078 587 1077 1068 587 1078 1078 209 1068 210 1079 588 588 1072 210 218 1080 588 588 1079 218 1080 220 877 877 588 1080 588 877 214 214 1072 588 142 1034 589 589 1083 142 1034 149 1081 1081 589 1034 227 1082 589 589 1081 227 1082 221 1083 1083 589 1082 590 1086 221 221 1082 590 1084 590 1082 1082 227 1084 228 1085 590 590 1084 228 1085 222 1086 1086 590 1085 591 1090 222 222 1085 591 1087 591 1085 1085 228 1087 591 1087 229 229 1088 591 1090 591 1088 1088 223 1090 224 1089 592 592 1093 224 1089 231 1091 1091 592 1089 592 1091 233 233 884 592 1093 592 884 884 226 1093 149 1030 593 593 1081 149 1030 116 1049 1049 593 1030 194 1094 593 593 1049 194 1094 227 1081 1081 593 1094 594 1084 227 227 1094 594 1051 594 1094 1094 194 1051 195 1095 594 594 1051 195 1095 228 1084 1084 594 1095 595 1087 228 228 1095 595 1054 595 1095 1095 195 1054 595 1054 196 196 1096 595 1087 595 1096 1096 229 1087 230 1097 596 596 1092 230 1097 197 1055 1055 596 1097 596 1055 199 199 886 596 1092 596 886 886 234 1092 156 1003 597 597 1099 156 1003 142 1083 1083 597 1003 221 1098 597 597 1083 221 1098 235 1099 1099 597 1098 598 1101 235 235 1098 598 1086 598 1098 1098 221 1086 222 1100 598 598 1086 222 1100 236 1101 1101 598 1100 599 1104 236 236 1100 599 1090 599 1100 1100 222 1090 599 1090 223 223 1102 599 1104 599 1102 1102 237 1104 238 1103 600 600 1105 238 1103 224 1093 1093 600 1103 600 1093 226 226 889 600 1105 600 889 889 240 1105 1010 601 1073 1073 136 1010 1010 163 1106 1106 601 1010 241 1107 601 601 1106 241 1107 215 1073 1073 601 1107 602 1075 215 215 1107 602 1108 602 1107 1107 241 1108 242 1109 602 602 1108 242 1109 216 1075 1075 602 1109 603 1077 216 216 1109 603 1110 603 1109 1109 242 1110 1110 243 1111 1111 603 1110 603 1111 217 217 1077 603 1112 604 1080 1080 218 1112 245 1113 604 604 1112 245 604 1113 247 247 891 604 604 891 220 220 1080 604 163 1006 605 605 1106 163 1006 156 1099 1099 605 1006 235 1115 605 605 1099 235 1115 241 1106 1106 605 1115 606 1108 241 241 1115 606 1101 606 1115 1115 235 1101 236 1116 606 606 1101 236 1116 242 1108 1108 606 1116 607 1110 242 242 1116 607 1104 607 1116 1116 236 1104 607 1104 237 237 1117 607 607 1117 243 243 1110 607 1118 608 1114 1114 244 1118 1118 238 1105 1105 608 1118 608 1105 240 240 893 608 608 893 248 248 1114 608 249 1119 609 609 1123 249 254 1121 609 609 1119 254 1121 256 1122 1122 609 1121 609 1122 252 252 1123 609 1122 610 1126 1126 252 1122 256 1125 610 610 1122 256 1125 10 755 755 610 1125 610 755 5 5 1126 610 254 1128 611 611 1121 254 257 1130 611 611 1128 257 1130 259 1131 1131 611 1130 611 1131 256 256 1121 611 1131 612 1125 1125 256 1131 259 1132 612 612 1131 259 1132 14 761 761 612 1132 612 761 10 10 1125 612 1133 613 1130 1130 257 1133 260 1135 613 613 1133 260 1135 262 1136 1136 613 1135 613 1136 259 259 1130 613 1136 614 1132 1132 259 1136 262 1137 614 614 1136 262 1137 18 767 767 614 1137 614 767 14 14 1132 614 1138 615 1135 1135 260 1138 263 1140 615 615 1138 263 1140 266 1142 1142 615 1140 615 1142 262 262 1135 615 1142 616 1137 1137 262 1142 266 1143 616 616 1142 266 1143 24 774 774 616 1143 616 774 18 18 1137 616 265 1145 617 617 1141 265 268 1147 617 617 1145 268 1147 270 1148 1148 617 1147 617 1148 267 267 1141 617 1148 618 1144 1144 267 1148 270 1149 618 618 1148 270 1149 29 781 781 618 1149 618 781 25 25 1144 618 1150 619 1147 1147 268 1150 271 1152 619 619 1150 271 1152 273 1153 1153 619 1152 619 1153 270 270 1147 619 1153 620 1149 1149 270 1153 273 1154 620 620 1153 273 1154 33 787 787 620 1154 620 787 29 29 1149 620 1155 621 1152 1152 271 1155 274 1157 621 621 1155 274 1157 276 1158 1158 621 1157 621 1158 273 273 1152 621 1158 622 1154 1154 273 1158 276 1159 622 622 1158 276 1159 38 793 793 622 1159 622 793 33 33 1154 622 1160 623 1157 1157 274 1160 277 1162 623 623 1160 277 1162 279 1164 1164 623 1162 623 1164 276 276 1157 623 1164 624 1159 1159 276 1164 279 1165 624 624 1164 279 1165 44 800 800 624 1165 624 800 38 38 1159 624 1166 625 1163 1163 278 1166 281 1167 625 625 1166 281 1167 283 1168 1168 625 1167 625 1168 280 280 1163 625 1169 626 1165 1165 279 1169 285 1170 626 626 1169 285 626 1170 51 51 807 626 1165 626 807 807 44 1165 1172 627 1167 1167 281 1172 286 1174 627 627 1172 286 1174 288 1175 1175 627 1174 627 1175 283 283 1167 627 1176 628 1171 1171 284 1176 289 1177 628 628 1176 289 1177 57 815 815 628 1177 1171 628 815 815 52 1171 286 1178 629 629 1174 286 1178 290 1180 1180 629 1178 629 1180 292 292 1181 629 1174 629 1181 1181 288 1174 289 1182 630 630 1177 289 1182 294 1183 1183 630 1182 1183 63 822 822 630 1183 630 822 57 57 1177 630 290 1185 631 631 1180 290 1185 295 1186 1186 631 1185 631 1186 297 297 1188 631 1180 631 1188 1188 292 1180 293 1189 632 632 1184 293 1189 298 1190 1190 632 1189 1190 69 830 830 632 1190 632 830 64 64 1184 632 296 1191 633 633 1187 296 1191 299 1193 1193 633 1191 633 1193 301 301 1194 633 1187 633 1194 1194 298 1187 298 1194 634 634 1190 298 1194 301 1195 1195 634 1194 1195 73 836 836 634 1195 1190 634 836 836 69 1190 299 1196 635 635 1193 299 1196 302 1198 1198 635 1196 1198 304 1199 1199 635 1198 1193 635 1199 1199 301 1193 1199 636 1195 1195 301 1199 304 1200 636 636 1199 304 1200 77 842 842 636 1200 636 842 73 73 1195 636 302 1201 637 637 1198 302 305 1203 637 637 1201 305 1203 307 1204 1204 637 1203 637 1204 304 304 1198 637 1204 638 1200 1200 304 1204 307 1205 638 638 1204 307 1205 81 848 848 638 1205 638 848 77 77 1200 638 305 1206 639 639 1203 305 250 1124 639 639 1206 250 639 1124 253 253 1208 639 1203 639 1208 1208 307 1203 307 1208 640 640 1205 307 1208 253 1127 1127 640 1208 640 1127 6 6 853 640 1205 640 853 853 81 1205 295 1185 641 641 1192 295 1185 290 1209 1209 641 1185 641 1209 308 308 1211 641 1192 641 1211 1211 300 1192 1211 642 1197 1197 300 1211 308 1212 642 642 1211 308 1212 310 1214 1214 642 1212 642 1214 303 303 1197 642 1214 643 1202 1202 303 1214 310 1215 643 643 1214 310 1215 312 1217 1217 643 1215 1202 643 1217 1217 306 1202 306 1217 644 644 1207 306 1217 312 1218 1218 644 1217 644 1218 255 255 1120 644 644 1120 251 251 1207 644 409 1219 645 645 1222 409 422 1220 645 645 1219 422 1220 417 1221 1221 645 1220 645 1221 415 415 1222 645 1221 646 1226 1226 415 1221 417 1224 646 646 1221 417 1224 429 1225 1225 646 1224 646 1225 427 427 1226 646 1225 647 1231 1231 427 1225 429 1228 647 647 1225 429 1228 442 1229 1229 647 1228 647 1229 435 435 1231 647 1233 648 1218 1218 312 1233 314 1235 648 648 1233 314 1235 258 1129 1129 648 1235 1218 648 1129 1129 255 1218 1236 649 1220 1220 422 1236 455 1237 649 649 1236 455 1237 448 1239 1239 649 1237 649 1239 417 417 1220 649 1239 650 1224 1224 417 1239 1239 448 1240 1240 650 1239 650 1240 461 461 1242 650 650 1242 429 429 1224 650 1242 651 1228 1228 429 1242 1242 461 1243 1243 651 1242 651 1243 468 468 1245 651 651 1245 442 442 1228 651 1247 652 1235 1235 314 1247 1247 320 1249 1249 652 1247 1249 261 1134 1134 652 1249 652 1134 258 258 1235 652 1166 653 1251 1251 281 1166 278 1161 653 653 1166 278 1161 275 1250 1250 653 1161 653 1250 316 316 1251 653 1250 654 1254 1254 316 1250 275 1156 654 654 1250 275 654 1156 272 272 1253 654 654 1253 318 318 1254 654 1253 655 1257 1257 318 1253 272 1151 655 655 1253 272 1151 269 1256 1256 655 1151 1257 655 1256 1256 320 1257 320 1256 656 656 1249 320 269 1146 656 656 1256 269 656 1146 264 264 1139 656 656 1139 261 261 1249 656 1259 657 1210 1210 291 1259 1260 657 1259 1259 322 1260 330 1261 657 657 1260 330 1210 657 1261 1261 309 1210 658 1260 322 322 1262 658 1263 658 1262 1262 323 1263 331 1264 658 658 1263 331 1264 330 1260 1260 658 1264 659 1263 323 323 1265 659 324 1266 659 659 1265 324 1266 332 1268 1268 659 1266 1268 331 1263 1263 659 1268 1269 660 1267 1267 326 1269 399 1271 660 660 1269 399 1271 398 1272 1272 660 1271 660 1272 333 333 1267 660 287 1273 661 661 1179 287 1274 661 1273 1273 336 1274 322 1259 661 661 1274 322 661 1259 291 291 1179 661 662 1274 336 336 1275 662 1276 662 1275 1275 337 1276 323 1262 662 662 1276 323 1262 322 1274 1274 662 1262 663 1276 337 337 1277 663 1277 338 1278 1278 663 1277 1278 324 1265 1265 663 1278 1265 323 1276 1276 663 1265 339 1280 664 664 1279 339 1280 401 1281 1281 664 1280 1281 400 1270 1270 664 1281 664 1270 325 325 1279 664 1261 665 1213 1213 309 1261 1282 665 1261 1261 330 1282 342 1283 665 665 1282 342 665 1283 311 311 1213 665 666 1282 330 330 1264 666 1284 666 1264 1264 331 1284 343 1285 666 666 1284 343 1285 342 1282 1282 666 1285 667 1284 331 331 1268 667 332 1286 667 667 1268 332 1286 344 1288 1288 667 1286 1288 343 1284 1284 667 1288 1272 668 1287 1287 333 1272 398 1289 668 668 1272 398 1289 397 1290 1290 668 1289 668 1290 345 345 1287 668 1283 669 1216 1216 311 1283 1291 669 1283 1283 342 1291 348 1292 669 669 1291 348 1216 669 1292 1292 313 1216 670 1291 342 342 1285 670 1293 670 1285 1285 343 1293 349 1294 670 670 1293 349 1294 348 1291 1291 670 1294 671 1293 343 343 1288 671 344 1295 671 671 1288 344 1295 350 1297 1297 671 1295 1297 349 1293 1293 671 1297 1290 672 1296 1296 345 1290 397 1298 672 672 1290 397 1298 395 1299 1299 672 1298 672 1299 351 351 1296 672 1292 673 1234 1234 313 1292 1301 673 1292 1292 348 1301 356 1302 673 673 1301 356 673 1302 315 315 1234 673 674 1301 348 348 1294 674 1303 674 1294 1294 349 1303 357 1304 674 674 1303 357 1304 356 1301 1301 674 1304 675 1303 349 349 1297 675 350 1305 675 675 1297 350 1305 358 1307 1307 675 1305 1307 357 1303 1303 675 1307 1300 676 1306 1306 352 1300 396 1308 676 676 1300 396 1308 394 1309 1309 676 1308 676 1309 359 359 1306 676 1310 677 1252 1252 317 1310 1311 677 1310 1310 362 1311 368 1312 677 677 1311 368 1252 677 1312 1312 282 1252 678 1311 362 362 1313 678 1314 678 1313 1313 363 1314 369 1315 678 678 1314 369 1315 368 1311 1311 678 1315 679 1314 363 363 1316 679 1316 364 1317 1317 679 1316 679 1317 370 370 1319 679 1319 369 1314 1314 679 1319 365 1320 680 680 1318 365 1320 390 1321 1321 680 1320 680 1321 402 402 1322 680 1318 680 1322 1322 371 1318 282 1312 681 681 1173 282 1324 681 1312 1312 368 1324 336 1273 681 681 1324 336 1173 681 1273 1273 287 1173 682 1324 368 368 1315 682 1325 682 1315 1315 369 1325 337 1275 682 682 1325 337 1275 336 1324 1324 682 1275 683 1325 369 369 1319 683 1319 370 1326 1326 683 1319 683 1326 338 338 1277 683 1277 337 1325 1325 683 1277 372 1323 684 684 1327 372 1323 403 1328 1328 684 1323 684 1328 401 401 1280 684 1327 684 1280 1280 339 1327 1329 685 1255 1255 319 1329 1330 685 1329 1329 376 1330 362 1310 685 685 1330 362 685 1310 317 317 1255 685 686 1330 376 376 1331 686 1332 686 1331 1331 377 1332 363 1313 686 686 1332 363 1313 362 1330 1330 686 1313 687 1332 377 377 1333 687 1333 378 1334 1334 687 1333 687 1334 364 364 1316 687 1316 363 1332 1332 687 1316 379 1336 688 688 1335 379 1336 391 1337 1337 688 1336 688 1337 390 390 1320 688 1335 688 1320 1320 365 1335 1302 689 1248 1248 315 1302 1338 689 1302 1302 356 1338 382 1339 689 689 1338 382 1248 689 1339 1339 321 1248 690 1338 356 356 1304 690 1340 690 1304 1304 357 1340 383 1341 690 690 1340 383 1341 382 1338 1338 690 1341 691 1340 357 357 1307 691 358 1342 691 691 1307 358 691 1342 384 384 1344 691 1344 383 1340 1340 691 1344 1309 692 1343 1343 359 1309 394 1345 692 692 1309 394 692 1345 392 392 1346 692 1343 692 1346 1346 385 1343 1339 693 1258 1258 321 1339 1348 693 1339 1339 382 1348 376 1329 693 693 1348 376 693 1329 319 319 1258 693 694 1348 382 382 1341 694 1349 694 1341 1341 383 1349 377 1331 694 694 1349 377 1331 376 1348 1348 694 1331 695 1349 383 383 1344 695 1344 384 1350 1350 695 1344 695 1350 378 378 1333 695 1333 377 1349 1349 695 1333 386 1347 696 696 1351 386 1347 393 1352 1352 696 1347 696 1352 391 391 1336 696 1351 696 1336 1336 379 1351 391 1353 697 697 1337 391 1353 380 1354 1354 697 1353 697 1354 366 366 1356 697 1337 697 1356 1356 390 1337 393 1357 698 698 1352 393 1357 387 1359 1359 698 1357 698 1359 380 380 1353 698 1352 698 1353 1353 391 1352 1361 699 1345 1345 394 1361 360 1362 699 699 1361 360 699 1362 388 388 1358 699 1345 699 1358 1358 392 1345 1364 700 1308 1308 396 1364 353 1366 700 700 1364 353 1366 360 1361 1361 700 1366 700 1361 394 394 1308 700 397 1368 701 701 1298 397 1368 346 1369 1369 701 1368 701 1369 354 354 1365 701 701 1365 395 395 1298 701 1371 702 1289 1289 398 1371 334 1372 702 702 1371 334 1372 346 1368 1368 702 1372 702 1368 397 397 1289 702 1374 703 1271 1271 399 1374 327 1376 703 703 1374 327 1376 334 1371 1371 703 1376 703 1371 398 398 1271 703 401 1378 704 704 1281 401 1378 340 1379 1379 704 1378 1379 328 1375 1375 704 1379 704 1375 400 400 1281 704 403 1381 705 705 1328 403 1381 373 1383 1383 705 1381 705 1383 340 340 1378 705 1328 705 1378 1378 401 1328 390 1356 706 706 1321 390 1356 366 1385 1385 706 1356 706 1385 374 374 1382 706 1321 706 1382 1382 402 1321 1387 707 1377 1377 329 1387 1388 707 1387 1387 404 1388 411 1389 707 707 1388 411 707 1389 335 335 1377 707 708 1388 404 404 1390 708 1391 708 1390 1390 405 1391 412 1392 708 708 1391 412 1392 411 1388 1388 708 1392 709 1391 405 405 1393 709 406 1394 709 709 1393 406 1394 413 1396 1396 709 1394 1396 412 1391 1391 709 1396 1397 710 1395 1395 408 1397 410 1223 710 710 1397 410 1223 416 1399 1399 710 1223 710 1399 414 414 1395 710 341 1400 711 711 1380 341 1401 711 1400 1400 418 1401 404 1387 711 711 1401 404 711 1387 329 329 1380 711 712 1401 418 418 1402 712 1403 712 1402 1402 419 1403 405 1390 712 712 1403 405 1390 404 1401 1401 712 1390 713 1403 419 419 1404 713 1404 420 1405 1405 713 1404 1405 406 1393 1393 713 1405 1393 405 1403 1403 713 1393 421 1407 714 714 1406 421 1407 422 1219 1219 714 1407 1219 409 1398 1398 714 1219 714 1398 407 407 1406 714 1389 715 1373 1373 335 1389 1408 715 1389 1389 411 1408 423 1409 715 715 1408 423 715 1409 347 347 1373 715 716 1408 411 411 1392 716 1410 716 1392 1392 412 1410 424 1411 716 716 1410 424 1411 423 1408 1408 716 1411 717 1410 412 412 1396 717 413 1412 717 717 1396 413 1412 425 1414 1414 717 1412 1414 424 1410 1410 717 1414 1399 718 1413 1413 414 1399 416 1227 718 718 1399 416 1227 428 1415 1415 718 1227 718 1415 426 426 1413 718 347 1409 719 719 1370 347 1416 719 1409 1409 423 1416 430 1417 719 719 1416 430 1370 719 1417 1417 355 1370 720 1416 423 423 1411 720 1418 720 1411 1411 424 1418 431 1419 720 720 1418 431 1419 430 1416 1416 720 1419 721 1418 424 424 1414 721 425 1420 721 721 1414 425 721 1420 432 432 1422 721 1422 431 1418 1418 721 1422 1415 722 1421 1421 426 1415 428 1232 722 722 1415 428 722 1232 437 437 1423 722 1421 722 1423 1423 433 1421 1417 723 1367 1367 355 1417 1425 723 1417 1417 430 1425 438 1426 723 723 1425 438 723 1426 361 361 1367 723 724 1425 430 430 1419 724 1427 724 1419 1419 431 1427 439 1428 724 724 1427 439 1428 438 1425 1425 724 1428 725 1427 431 431 1422 725 1422 432 1429 1429 725 1422 1429 440 1431 1431 725 1429 1431 439 1427 1427 725 1431 434 1424 726 726 1430 434 436 1230 726 726 1424 436 1230 443 1432 1432 726 1230 726 1432 441 441 1430 726 367 1433 727 727 1386 367 1434 727 1433 1433 444 1434 450 1435 727 727 1434 450 1386 727 1435 1435 375 1386 728 1434 444 444 1436 728 1437 728 1436 1436 445 1437 451 1438 728 728 1437 451 1438 450 1434 1434 728 1438 729 1437 445 445 1439 729 1439 446 1440 1440 729 1439 729 1440 452 452 1442 729 1442 451 1437 1437 729 1442 447 1443 730 730 1441 447 1443 449 1238 1238 730 1443 730 1238 456 456 1444 730 1441 730 1444 1444 453 1441 375 1435 731 731 1384 375 1446 731 1435 1435 450 1446 418 1400 731 731 1446 418 1384 731 1400 1400 341 1384 732 1446 450 450 1438 732 1447 732 1438 1438 451 1447 419 1402 732 732 1447 419 1402 418 1446 1446 732 1402 733 1447 451 451 1442 733 1442 452 1448 1448 733 1442 733 1448 420 420 1404 733 1404 419 1447 1447 733 1404 454 1445 734 734 1449 454 1445 455 1236 1236 734 1445 734 1236 422 422 1407 734 1449 734 1407 1407 421 1449 381 1450 735 735 1355 381 1451 735 1450 1450 457 1451 444 1433 735 735 1451 444 1355 735 1433 1433 367 1355 736 1451 457 457 1452 736 1453 736 1452 1452 458 1453 445 1436 736 736 1453 445 1436 444 1451 1451 736 1436 737 1453 458 458 1454 737 1454 459 1455 1455 737 1454 737 1455 446 446 1439 737 1439 445 1453 1453 737 1439 460 1457 738 738 1456 460 1457 462 1241 1241 738 1457 738 1241 449 449 1443 738 1456 738 1443 1443 447 1456 1426 739 1363 1363 361 1426 1458 739 1426 1426 438 1458 463 1459 739 739 1458 463 1363 739 1459 1459 389 1363 740 1458 438 438 1428 740 1460 740 1428 1428 439 1460 464 1461 740 740 1460 464 1461 463 1458 1458 740 1461 741 1460 439 439 1431 741 440 1462 741 741 1431 440 1462 465 1464 1464 741 1462 1464 464 1460 1460 741 1464 1432 742 1463 1463 441 1432 443 1246 742 742 1432 443 742 1246 470 470 1465 742 742 1465 466 466 1463 742 389 1459 743 743 1360 389 1467 743 1459 1459 463 1467 457 1450 743 743 1467 457 1360 743 1450 1450 381 1360 744 1467 463 463 1461 744 1468 744 1461 1461 464 1468 458 1452 744 744 1468 458 1452 457 1467 1467 744 1452 745 1468 464 464 1464 745 465 1469 745 745 1464 465 745 1469 459 459 1454 745 1454 458 1468 1468 745 1454 1466 746 1470 1470 467 1466 469 1244 746 746 1466 469 746 1244 462 462 1457 746 1470 746 1457 1457 460 1470 </textCoordsIdx>
			<colorsIdx count='6624'>0 0 0 0 0 0 0 0 0 0 0 0 0 0 0 0 0 0 0 0 0 0 0 0 0 0 0 0 0 0 0 0 0 0 0 0 0 0 0 0 0 0 0 0 0 0 0 0 0 0 0 0 0 0 0 0 0 0 0 0 0 0 0 0 0 0 0 0 0 0 0 0 0 0 0 0 0 0 0 0 0 0 0 0 0 0 0 0 0 0 0 0 0 0 0 0 0 0 0 0 0 0 0 0 0 0 0 0 0 0 0 0 0 0 0 0 0 0 0 0 0 0 0 0 0 0 0 0 0 0 0 0 0 0 0 0 0 0 0 0 0 0 0 0 0 0 0 0 0 0 0 0 0 0 0 0 0 0 0 0 0 0 0 0 0 0 0 0 0 0 0 0 0 0 0 0 0 0 0 0 0 0 0 0 0 0 0 0 0 0 0 0 0 0 0 0 0 0 0 0 0 0 0 0 0 0 0 0 0 0 0 0 0 0 0 0 0 0 0 0 0 0 0 0 0 0 0 0 0 0 0 0 0 0 0 0 0 0 0 0 0 0 0 0 0 0 0 0 0 0 0 0 0 0 0 0 0 0 0 0 0 0 0 0 0 0 0 0 0 0 0 0 0 0 0 0 0 0 0 0 0 0 0 0 0 0 0 0 0 0 0 0 0 0 0 0 0 0 0 0 0 0 0 0 0 0 0 0 0 0 0 0 0 0 0 0 0 0 0 0 0 0 0 0 0 0 0 0 0 0 0 0 0 0 0 0 0 0 0 0 0 0 0 0 0 0 0 0 0 0 0 0 0 0 0 0 0 0 0 0 0 0 0 0 0 0 0 0 0 0 0 0 0 0 0 0 0 0 0 0 0 0 0 0 0 0 0 0 0 0 0 0 0 0 0 0 0 0 0 0 0 0 0 0 0 0 0 0 0 0 0 0 0 0 0 0 0 0 0 0 0 0 0 0 0 0 0 0 0 0 0 0 0 0 0 0 0 0 0 0 0 0 0 0 0 0 0 0 0 0 0 0 0 0 0 0 0 0 0 0 0 0 0 0 0 0 0 0 0 0 0 0 0 0 0 0 0 0 0 0 0 0 0 0 0 0 0 0 0 0 0 0 0 0 0 0 0 0 0 0 0 0 0 0 0 0 0 0 0 0 0 0 0 0 0 0 0 0 0 0 0 0 0 0 0 0 0 0 0 0 0 0 0 0 0 0 0 0 0 0 0 0 0 0 0 0 0 0 0 0 0 0 0 0 0 0 0 0 0 0 0 0 0 0 0 0 0 0 0 0 0 0 0 0 0 0 0 0 0 0 0 0 0 0 0 0 0 0 0 0 0 0 0 0 0 0 0 0 0 0 0 0 0 0 0 0 0 0 0 0 0 0 0 0 0 0 0 0 0 0 0 0 0 0 0 0 0 0 0 0 0 0 0 0 0 0 0 0 0 0 0 0 0 0 0 0 0 0 0 0 0 0 0 0 0 0 0 0 0 0 0 0 0 0 0 0 0 0 0 0 0 0 0 0 0 0 0 0 0 0 0 0 0 0 0 0 0 0 0 0 0 0 0 0 0 0 0 0 0 0 0 0 0 0 0 0 0 0 0 0 0 0 0 0 0 0 0 0 0 0 0 0 0 0 0 0 0 0 0 0 0 0 0 0 0 0 0 0 0 0 0 0 0 0 0 0 0 0 0 0 0 0 0 0 0 0 0 0 0 0 0 0 0 0 0 0 0 0 0 0 0 0 0 0 0 0 0 0 0 0 0 0 0 0 0 0 0 0 0 0 0 0 0 0 0 0 0 0 0 0 0 0 0 0 0 0 0 0 0 0 0 0 0 0 0 0 0 0 0 0 0 0 0 0 0 0 0 0 0 0 0 0 0 0 0 0 0 0 0 0 0 0 0 0 0 0 0 0 0 0 0 0 0 0 0 0 0 0 0 0 0 0 0 0 0 0 0 0 0 0 0 0 0 0 0 0 0 0 0 0 0 0 0 0 0 0 0 0 0 0 0 0 0 0 0 0 0 0 0 0 0 0 0 0 0 0 0 0 0 0 0 0 0 0 0 0 0 0 0 0 0 0 0 0 0 0 0 0 0 0 0 0 0 0 0 0 0 0 0 0 0 0 0 0 0 0 0 0 0 0 0 0 0 0 0 0 0 0 0 0 0 0 0 0 0 0 0 0 0 0 0 0 0 0 0 0 0 0 0 0 0 0 0 0 0 0 0 0 0 0 0 0 0 0 0 0 0 0 0 0 0 0 0 0 0 0 0 0 0 0 0 0 0 0 0 0 0 0 0 0 0 0 0 0 0 0 0 0 0 0 0 0 0 0 0 0 0 0 0 0 0 0 0 0 0 0 0 0 0 0 0 0 0 0 0 0 0 0 0 0 0 0 0 0 0 0 0 0 0 0 0 0 0 0 0 0 0 0 0 0 0 0 0 0 0 0 0 0 0 0 0 0 0 0 0 0 0 0 0 0 0 0 0 0 0 0 0 0 0 0 0 0 0 0 0 0 0 0 0 0 0 0 0 0 0 0 0 0 0 0 0 0 0 0 0 0 0 0 0 0 0 0 0 0 0 0 0 0 0 0 0 0 0 0 0 0 0 0 0 0 0 0 0 0 0 0 0 0 0 0 0 0 0 0 0 0 0 0 0 0 0 0 0 0 0 0 0 0 0 0 0 0 0 0 0 0 0 0 0 0 0 0 0 0 0 0 0 0 0 0 0 0 0 0 0 0 0 0 0 0 0 0 0 0 0 0 0 0 0 0 0 0 0 0 0 0 0 0 0 0 0 0 0 0 0 0 0 0 0 0 0 0 0 0 0 0 0 0 0 0 0 0 0 0 0 0 0 0 0 0 0 0 0 0 0 0 0 0 0 0 0 0 0 0 0 0 0 0 0 0 0 0 0 0 0 0 0 0 0 0 0 0 0 0 0 0 0 0 0 0 0 0 0 0 0 0 0 0 0 0 0 0 0 0 0 0 0 0 0 0 0 0 0 0 0 0 0 0 0 0 0 0 0 0 0 0 0 0 0 0 0 0 0 0 0 0 0 0 0 0 0 0 0 0 0 0 0 0 0 0 0 0 0 0 0 0 0 0 0 0 0 0 0 0 0 0 0 0 0 0 0 0 0 0 0 0 0 0 0 0 0 0 0 0 0 0 0 0 0 0 0 0 0 0 0 0 0 0 0 0 0 0 0 0 0 0 0 0 0 0 0 0 0 0 0 0 0 0 0 0 0 0 0 0 0 0 0 0 0 0 0 0 0 0 0 0 0 0 0 0 0 0 0 0 0 0 0 0 0 0 0 0 0 0 0 0 0 0 0 0 0 0 0 0 0 0 0 0 0 0 0 0 0 0 0 0 0 0 0 0 0 0 0 0 0 0 0 0 0 0 0 0 0 0 0 0 0 0 0 0 0 0 0 0 0 0 0 0 0 0 0 0 0 0 0 0 0 0 0 0 0 0 0 0 0 0 0 0 0 0 0 0 0 0 0 0 0 0 0 0 0 0 0 0 0 0 0 0 0 0 0 0 0 0 0 0 0 0 0 0 0 0 0 0 0 0 0 0 0 0 0 0 0 0 0 0 0 0 0 0 0 0 0 0 0 0 0 0 0 0 0 0 0 0 0 0 0 0 0 0 0 0 0 0 0 0 0 0 0 0 0 0 0 0 0 0 0 0 0 0 0 0 0 0 0 0 0 0 0 0 0 0 0 0 0 0 0 0 0 0 0 0 0 0 0 0 0 0 0 0 0 0 0 0 0 0 0 0 0 0 0 0 0 0 0 0 0 0 0 0 0 0 0 0 0 0 0 0 0 0 0 0 0 0 0 0 0 0 0 0 0 0 0 0 0 0 0 0 0 0 0 0 0 0 0 0 0 0 0 0 0 0 0 0 0 0 0 0 0 0 0 0 0 0 0 0 0 0 0 0 0 0 0 0 0 0 0 0 0 0 0 0 0 0 0 0 0 0 0 0 0 0 0 0 0 0 0 0 0 0 0 0 0 0 0 0 0 0 0 0 0 0 0 0 0 0 0 0 0 0 0 0 0 0 0 0 0 0 0 0 0 0 0 0 0 0 0 0 0 0 0 0 0 0 0 0 0 0 0 0 0 0 0 0 0 0 0 0 0 0 0 0 0 0 0 0 0 0 0 0 0 0 0 0 0 0 0 0 0 0 0 0 0 0 0 0 0 0 0 0 0 0 0 0 0 0 0 0 0 0 0 0 0 0 0 0 0 0 0 0 0 0 0 0 0 0 0 0 0 0 0 0 0 0 0 0 0 0 0 0 0 0 0 0 0 0 0 0 0 0 0 0 0 0 0 0 0 0 0 0 0 0 0 0 0 0 0 0 0 0 0 0 0 0 0 0 0 0 0 0 0 0 0 0 0 0 0 0 0 0 0 0 0 0 0 0 0 0 0 0 0 0 0 0 0 0 0 0 0 0 0 0 0 0 0 0 0 0 0 0 0 0 0 0 0 0 0 0 0 0 0 0 0 0 0 0 0 0 0 0 0 0 0 0 0 0 0 0 0 0 0 0 0 0 0 0 0 0 0 0 0 0 0 0 0 0 0 0 0 0 0 0 0 0 0 0 0 0 0 0 0 0 0 0 0 0 0 0 0 0 0 0 0 0 0 0 0 0 0 0 0 0 0 0 0 0 0 0 0 0 0 0 0 0 0 0 0 0 0 0 0 0 0 0 0 0 0 0 0 0 0 0 0 0 0 0 0 0 0 0 0 0 0 0 0 0 0 0 0 0 0 0 0 0 0 0 0 0 0 0 0 0 0 0 0 0 0 0 0 0 0 0 0 0 0 0 0 0 0 0 0 0 0 0 0 0 0 0 0 0 0 0 0 0 0 0 0 0 0 0 0 0 0 0 0 0 0 0 0 0 0 0 0 0 0 0 0 0 0 0 0 0 0 0 0 0 0 0 0 0 0 0 0 0 0 0 0 0 0 0 0 0 0 0 0 0 0 0 0 0 0 0 0 0 0 0 0 0 0 0 0 0 0 0 0 0 0 0 0 0 0 0 0 0 0 0 0 0 0 0 0 0 0 0 0 0 0 0 0 0 0 0 0 0 0 0 0 0 0 0 0 0 0 0 0 0 0 0 0 0 0 0 0 0 0 0 0 0 0 0 0 0 0 0 0 0 0 0 0 0 0 0 0 0 0 0 0 0 0 0 0 0 0 0 0 0 0 0 0 0 0 0 0 0 0 0 0 0 0 0 0 0 0 0 0 0 0 0 0 0 0 0 0 0 0 0 0 0 0 0 0 0 0 0 0 0 0 0 0 0 0 0 0 0 0 0 0 0 0 0 0 0 0 0 0 0 0 0 0 0 0 0 0 0 0 0 0 0 0 0 0 0 0 0 0 0 0 0 0 0 0 0 0 0 0 0 0 0 0 0 0 0 0 0 0 0 0 0 0 0 0 0 0 0 0 0 0 0 0 0 0 0 0 0 0 0 0 0 0 0 0 0 0 0 0 0 0 0 0 0 0 0 0 0 0 0 0 0 0 0 0 0 0 0 0 0 0 0 0 0 0 0 0 0 0 0 0 0 0 0 0 0 0 0 0 0 0 0 0 0 0 0 0 0 0 0 0 0 0 0 0 0 0 0 0 0 0 0 0 0 0 0 0 0 0 0 0 0 0 0 0 0 0 0 0 0 0 0 0 0 0 0 0 0 0 0 0 0 0 0 0 0 0 0 0 0 0 0 0 0 0 0 0 0 0 0 0 0 0 0 0 0 0 0 0 0 0 0 0 0 0 0 0 0 0 0 0 0 0 0 0 0 0 0 0 0 0 0 0 0 0 0 0 0 0 0 0 0 0 0 0 0 0 0 0 0 0 0 0 0 0 0 0 0 0 0 0 0 0 0 0 0 0 0 0 0 0 0 0 0 0 0 0 0 0 0 0 0 0 0 0 0 0 0 0 0 0 0 0 0 0 0 0 0 0 0 0 0 0 0 0 0 0 0 0 0 0 0 0 0 0 0 0 0 0 0 0 0 0 0 0 0 0 0 0 0 0 0 0 0 0 0 0 0 0 0 0 0 0 0 0 0 0 0 0 0 0 0 0 0 0 0 0 0 0 0 0 0 0 0 0 0 0 0 0 0 0 0 0 0 0 0 0 0 0 0 0 0 0 0 0 0 0 0 0 0 0 0 0 0 0 0 0 0 0 0 0 0 0 0 0 0 0 0 0 0 0 0 0 0 0 0 0 0 0 0 0 0 0 0 0 0 0 0 0 0 0 0 0 0 0 0 0 0 0 0 0 0 0 0 0 0 0 0 0 0 0 0 0 0 0 0 0 0 0 0 0 0 0 0 0 0 0 0 0 0 0 0 0 0 0 0 0 0 0 0 0 0 0 0 0 0 0 0 0 0 0 0 0 0 0 0 0 0 0 0 0 0 0 0 0 0 0 0 0 0 0 0 0 0 0 0 0 0 0 0 0 0 0 0 0 0 0 0 0 0 0 0 0 0 0 0 0 0 0 0 0 0 0 0 0 0 0 0 0 0 0 0 0 0 0 0 0 0 0 0 0 0 0 0 0 0 0 0 0 0 0 0 0 0 0 0 0 0 0 0 0 0 0 0 0 0 0 0 0 0 0 0 0 0 0 0 0 0 0 0 0 0 0 0 0 0 0 0 0 0 0 0 0 0 0 0 0 0 0 0 0 0 0 0 0 0 0 0 0 0 0 0 0 0 0 0 0 0 0 0 0 0 0 0 0 0 0 0 0 0 0 0 0 0 0 0 0 0 0 0 0 0 0 0 0 0 0 0 0 0 0 0 0 0 0 0 0 0 0 0 0 0 0 0 0 0 0 0 0 0 0 0 0 0 0 0 0 0 0 0 0 0 0 0 0 0 0 0 0 0 0 0 0 0 0 0 0 0 0 0 0 0 0 0 0 0 0 0 0 0 0 0 0 0 0 0 0 0 0 0 0 0 0 0 0 0 0 0 0 0 0 0 0 0 0 0 0 0 0 0 0 0 0 0 0 0 0 0 0 0 0 0 0 0 0 0 0 0 0 0 0 0 0 0 0 0 0 0 0 0 0 0 0 0 0 0 0 0 0 0 0 0 0 0 0 0 0 0 0 0 0 0 0 0 0 0 0 0 0 0 0 0 0 0 0 0 0 0 0 0 0 0 0 0 0 0 0 0 0 0 0 0 0 0 0 0 0 0 0 0 0 0 0 0 0 0 0 0 0 0 0 0 0 0 0 0 0 0 0 0 0 0 0 0 0 0 0 0 0 0 0 0 0 0 0 0 0 0 0 0 0 0 0 0 0 0 0 0 0 0 0 0 0 0 0 0 0 0 0 0 0 0 0 0 0 0 0 0 0 0 0 0 0 0 0 0 0 0 0 0 0 0 0 0 0 0 0 0 0 0 0 0 0 0 0 0 0 0 0 0 0 0 0 0 0 0 0 0 0 0 0 0 0 0 0 0 0 0 0 0 0 0 0 0 0 0 0 0 0 0 0 0 0 0 0 0 0 0 0 0 0 0 0 0 0 0 0 0 0 0 0 0 0 0 0 0 0 0 0 0 0 0 0 0 0 0 0 0 0 0 0 0 0 0 0 0 0 0 0 0 0 0 0 0 0 0 0 0 0 0 0 0 0 0 0 0 0 0 0 0 0 0 0 0 0 0 0 0 0 0 0 0 0 0 0 0 0 0 0 0 0 0 0 0 0 0 0 0 0 0 0 0 0 0 0 0 0 0 0 0 0 0 0 0 0 0 0 0 0 0 0 0 0 0 0 0 0 0 0 0 0 0 0 0 0 0 0 0 0 0 0 0 0 0 0 0 0 0 0 0 0 0 0 0 0 0 0 0 0 0 0 0 0 0 0 0 0 0 0 0 0 0 0 0 0 0 0 0 0 0 0 0 0 0 0 0 0 0 0 0 0 0 0 0 0 0 0 0 0 0 0 0 0 0 0 0 0 0 0 0 0 0 0 0 0 0 0 0 0 0 0 0 0 0 0 0 0 0 0 0 0 0 0 0 0 0 0 0 0 0 0 0 0 0 0 0 0 0 0 0 0 0 0 0 0 0 0 0 0 0 0 0 0 0 0 0 0 0 0 0 0 0 0 0 0 0 0 0 0 0 0 0 0 0 0 0 0 0 0 0 0 0 0 0 0 0 0 0 0 0 0 0 0 0 0 0 0 0 0 0 0 0 0 0 0 0 0 0 0 0 0 0 0 0 0 0 0 0 0 0 0 0 0 0 0 0 0 0 0 0 0 0 0 0 0 0 0 0 0 0 0 0 0 0 0 0 0 0 0 0 0 0 0 0 0 0 0 0 0 0 0 0 0 0 0 0 0 0 0 0 0 0 0 0 0 0 0 0 0 0 0 0 0 0 0 0 0 0 0 0 0 0 0 0 0 0 0 0 0 0 0 0 0 0 0 0 0 0 0 0 0 0 0 0 0 0 0 0 0 0 0 0 0 0 0 0 0 0 0 0 0 0 0 0 0 0 0 0 0 0 0 0 0 0 0 0 0 0 0 0 0 0 0 0 0 0 0 0 0 0 0 0 0 0 0 0 0 0 0 0 0 0 0 0 0 0 0 0 0 0 0 0 0 0 0 0 0 0 0 0 0 0 0 0 0 0 0 0 0 0 0 0 0 0 0 0 0 0 0 0 0 0 0 0 0 0 0 0 0 0 0 0 0 0 0 0 0 0 0 0 0 0 0 0 0 0 0 0 0 0 0 0 0 0 0 0 0 0 0 0 0 0 0 0 0 0 0 0 0 0 0 0 0 0 0 0 0 0 0 0 0 0 0 0 0 0 0 0 0 0 0 0 0 0 0 0 0 0 0 0 0 0 0 0 0 0 0 0 0 0 0 0 0 0 0 0 0 0 0 0 0 0 0 0 0 0 0 0 0 0 0 0 0 0 0 0 0 0 0 0 0 0 0 0 0 0 0 0 0 0 0 0 0 0 0 0 0 0 0 0 0 0 0 0 0 0 0 0 0 0 0 0 0 0 0 0 0 0 0 0 0 0 0 0 0 0 0 0 0 0 0 0 0 0 0 0 0 0 0 0 0 0 0 0 0 0 0 0 0 0 0 0 0 0 0 0 0 0 0 0 0 0 0 0 0 0 0 0 0 0 0 0 0 0 0 0 0 0 0 0 0 0 0 0 0 0 0 0 0 0 0 0 0 0 0 0 0 0 0 0 0 0 0 0 0 0 0 0 0 0 0 0 0 0 0 0 0 0 0 0 0 0 0 0 0 0 0 0 0 0 0 0 0 0 0 0 0 0 0 0 0 0 0 0 0 0 0 0 0 0 0 0 0 0 0 0 0 0 0 0 0 0 0 0 0 0 0 0 0 0 0 0 0 0 0 0 0 0 0 0 0 0 0 0 0 0 0 0 0 0 0 0 0 0 0 0 0 0 0 0 0 0 0 0 0 0 0 0 0 0 0 0 0 0 0 0 0 0 0 0 0 0 0 0 0 0 0 0 0 0 0 0 0 0 0 0 0 0 0 0 0 0 0 0 0 0 0 0 0 0 0 0 0 0 0 0 0 0 0 0 0 0 0 0 0 0 0 0 0 0 0 0 0 0 0 0 0 0 0 0 0 0 0 0 0 0 0 0 0 0 0 0 0 0 0 0 0 0 0 0 0 0 0 0 0 0 0 0 0 0 0 0 0 0 0 0 0 0 0 0 0 0 0 0 0 0 0 0 0 0 0 0 0 0 0 0 0 0 0 0 0 0 0 0 0 0 0 0 0 0 0 0 0 0 0 0 0 0 0 0 0 0 0 0 0 0 0 0 0 0 0 0 0 0 0 0 0 0 0 0 0 0 0 0 0 0 0 0 0 0 0 0 0 0 0 0 0 0 0 0 0 0 0 0 0 0 0 0 0 0 0 0 0 0 0 0 0 0 0 0 0 0 0 0 0 0 0 0 0 0 0 0 0 0 0 0 0 0 0 0 0 0 0 0 0 0 0 0 0 0 0 0 0 0 0 0 0 0 0 0 0 0 0 0 0 0 0 0 0 0 0 0 0 0 0 0 0 0 0 0 0 0 0 0 0 0 0 0 0 0 0 0 0 0 0 0 0 0 0 0 0 0 0 0 0 0 0 0 0 0 0 0 0 0 0 0 0 0 0 0 0 0 0 0 0 0 0 0 0 0 0 0 0 0 0 0 0 0 0 0 0 0 0 0 0 0 0 0 0 0 0 0 0 0 0 0 0 0 0 0 0 0 0 0 0 0 0 0 0 0 0 0 0 0 0 0 0 0 0 0 0 0 0 0 0 0 0 0 0 0 0 0 0 0 0 0 0 0 0 0 0 0 0 0 0 0 0 0 0 0 0 0 0 0 0 0 0 0 0 0 0 0 0 0 0 0 0 0 0 0 0 0 0 0 0 0 0 0 0 0 0 0 0 0 0 0 0 0 0 0 0 0 0 0 0 0 0 0 0 0 0 0 0 0 0 0 0 0 0 0 0 0 0 0 0 0 0 0 0 0 0 0 0 0 0 0 0 0 0 0 0 0 0 0 0 0 0 0 0 0 0 0 0 0 0 0 0 0 0 0 0 0 0 0 0 0 0 0 0 0 0 0 0 0 0 0 0 0 0 0 0 0 0 0 0 0 0 0 0 0 0 0 0 0 0 0 0 0 0 0 0 0 0 0 0 0 0 0 0 0 0 0 0 0 0 0 0 0 0 0 0 0 0 0 0 0 0 0 0 0 0 0 0 0 0 0 0 0 0 0 0 0 0 0 0 0 0 0 0 0 0 0 0 0 0 0 0 0 0 0 0 0 0 0 0 0 0 0 0 0 0 0 0 0 0 0 0 0 0 0 0 0 0 0 0 0 0 0 0 0 0 0 0 0 0 0 0 0 0 0 0 0 0 0 0 0 0 0 0 0 0 0 0 0 0 0 0 0 0 0 0 0 0 0 0 0 0 0 0 0 0 0 0 0 0 0 0 0 0 0 0 0 0 0 0 0 0 0 0 0 0 0 0 0 0 0 0 0 0 0 0 0 0 0 0 0 0 0 0 0 0 0 0 0 0 0 0 0 0 0 0 0 0 0 0 0 0 0 0 0 0 0 0 0 0 0 0 0 0 0 0 0 0 0 0 0 0 0 0 0 0 0 0 0 0 0 0 0 0 0 0 0 0 0 0 0 0 0 0 0 0 0 0 0 0 0 0 0 0 0 0 0 0 0 0 0 0 0 0 0 0 0 0 0 0 0 0 0 0 0 0 0 0 0 0 0 0 0 0 0 0 0 0 0 0 0 0 0 0 0 0 0 0 0 0 0 0 0 0 0 0 0 0 0 0 0 0 0 0 0 0 0 0 0 0 0 0 0 0 0 0 0 0 0 0 0 0 0 0 0 0 0 0 0 0 0 0 0 0 0 0 0 0 0 0 0 0 0 0 0 0 0 0 0 0 0 0 0 0 0 0 0 0 0 0 0 0 0 0 0 0 0 0 0 0 0 0 0 0 0 0 0 0 0 0 0 0 0 0 0 0 0 0 0 0 0 0 0 0 0 0 0 0 0 0 0 0 0 0 0 0 0 0 0 0 0 0 0 0 0 0 0 0 0 0 0 0 0 0 0 0 0 0 0 0 0 0 0 0 0 0 0 0 0 0 0 0 0 0 0 0 0 0 0 0 0 0 0 0 0 0 0 0 0 0 0 0 0 0 0 0 0 0 0 0 0 0 0 0 0 0 0 0 0 0 0 0 0 0 0 0 0 0 0 0 0 0 0 0 0 0 0 0 0 0 0 0 0 0 0 0 0 0 0 0 0 0 0 0 0 0 0 0 0 0 0 0 0 0 0 0 0 0 0 0 0 0 0 0 0 0 0 0 0 0 0 0 0 0 0 0 0 0 0 0 0 0 0 0 0 0 0 0 0 0 0 0 0 0 0 0 0 0 0 0 0 0 0 0 0 0 0 0 0 0 0 0 0 0 0 0 0 0 0 0 0 0 0 0 0 0 0 0 0 0 0 0 0 0 0 0 0 0 0 0 0 0 0 0 0 0 0 0 0 0 0 0 0 0 0 0 0 0 0 0 0 0 0 0 0 0 0 0 0 0 0 0 0 0 0 0 0 0 0 0 0 0 0 0 0 0 0 0 0 0 0 0 0 0 0 0 0 0 0 0 0 0 0 0 0 0 0 0 0 0 0 0 0 0 0 0 0 0 0 0 0 0 0 0 0 0 0 0 0 0 0 0 0 0 0 0 0 0 0 0 0 0 0 0 0 0 0 0 0 0 0 0 0 0 0 0 0 0 0 0 0 0 0 0 0 0 0 0 0 0 0 0 0 0 0 0 0 0 0 0 0 0 0 0 0 0 0 0 0 0 0 0 0 0 0 0 0 0 0 0 0 0 0 0 0 0 0 0 0 0 0 0 0 0 0 0 0 0 0 0 0 0 0 0 0 0 0 0 0 0 0 0 0 0 0 0 0 0 0 0 0 0 0 0 0 0 0 0 0 0 0 0 0 0 0 0 0 0 0 0 0 0 0 0 0 0 0 0 0 0 0 0 0 0 0 0 0 0 0 0 0 0 0 0 0 0 0 0 0 0 0 0 0 0 0 0 0 0 0 0 0 0 0 0 0 0 0 0 0 0 0 0 0 0 0 0 0 0 0 0 0 0 0 0 0 0 0 0 0 0 0 0 0 0 0 0 0 0 0 0 0 0 0 0 0 0 0 0 0 0 0 0 0 0 0 0 0 0 0 0 0 0 0 0 0 0 0 0 0 0 0 0 0 0 0 0 0 0 0 0 0 0 0 0 0 0 0 0 0 0 0 0 0 0 0 0 0 0 0 0 0 0 0 0 0 0 0 0 0 0 0 0 0 0 0 0 0 0 0 0 0 0 0 0 0 0 0 0 0 0 0 0 0 0 0 0 0 0 0 0 0 0 0 0 0 0 0 0 0 0 0 0 0 0 0 0 0 0 0 0 0 0 0 0 0 0 0 0 0 0 0 0 0 0 0 0 0 0 0 0 0 0 0 0 0 0 0 0 0 0 0 0 0 0 0 0 0 0 0 0 0 0 0 0 0 0 0 0 0 0 0 0 0 0 0 0 0 0 0 0 0 0 0 0 0 0 0 0 0 0 0 0 0 0 0 0 0 0 0 0 0 0 0 0 0 0 0 0 0 0 0 0 0 0 0 0 0 0 0 0 0 0 0 0 0 0 0 0 0 0 0 0 0 0 0 0 0 0 0 0 0 0 0 0 0 0 0 0 0 0 0 0 0 0 0 0 0 0 0 0 0 0 0 0 0 0 0 0 0 0 0 0 0 0 0 0 0 0 0 0 0 0 0 0 0 0 0 0 0 0 0 0 0 0 0 0 0 0 0 0 0 0 0 0 0 0 0 0 0 0 0 0 0 0 0 0 0 0 0 0 0 0 0 0 0 0 0 0 0 0 0 0 0 0 0 0 0 0 0 0 0 0 0 0 0 0 0 0 0 0 0 0 0 0 0 0 0 0 0 0 0 0 0 0 0 0 0 0 0 0 0 0 0 0 0 0 0 0 0 0 0 0 0 0 0 0 0 0 0 0 0 0 0 0 0 0 0 0 0 0 0 0 0 0 0 0 0 0 0 0 0 0 0 0 0 0 0 0 0 0 0 0 0 0 0 0 0 0 0 0 0 0 0 0 0 0 0 0 0 0 0 0 0 0 0 0 0 0 0 0 0 0 0 0 0 0 0 0 0 0 0 0 0 0 0 0 0 0 0 0 0 0 0 0 0 0 0 0 0 0 0 0 0 0 0 0 0 0 0 0 0 0 0 0 0 0 0 0 0 0 0 0 0 0 0 0 0 0 0 0 0 0 0 0 0 0 0 0 0 0 0 0 0 0 0 0 0 0 0 0 0 0 0 0 0 0 0 0 0 0 0 0 0 0 0 0 0 0 0 0 0 0 0 0 0 0 0 0 0 0 0 0 0 0 0 0 0 0 0 0 0 0 0 0 0 0 0 0 0 0 0 0 0 0 0 0 0 0 0 0 0 0 0 0 0 0 0 0 0 0 0 0 0 0 0 0 0 0 0 0 0 0 0 0 0 0 0 0 0 0 0 0 0 0 0 0 0 0 0 0 0 0 0 0 0 0 0 0 0 0 0 0 0 0 0 0 0 0 0 0 0 0 0 0 0 0 0 0 0 0 0 0 0 0 0 0 0 0 0 0 0 0 0 0 0 0 0 0 0 0 0 0 0 0 0 0 0 0 0 0 0 0 0 0 0 0 0 0 0 0 0 0 0 0 0 0 0 0 0 0 0 0 0 0 0 0 0 0 0 0 0 0 0 0 0 0 0 0 0 0 0 0 0 0 0 0 0 0 0 0 0 0 0 0 0 0 0 0 0 0 0 0 0 0 0 0 0 0 0 0 0 0 0 0 0 0 0 0 0 0 0 0 0 0 0 0 0 0 0 0 0 0 0 0 0 0 0 0 0 0 0 0 0 0 0 0 0 0 0 0 0 0 0 0 0 0 0 0 0 0 0 0 0 0 0 0 0 0 0 0 0 0 0 0 0 0 0 0 0 0 0 0 0 0 0 0 0 0 0 0 0 0 0 0 0 0 0 0 0 0 0 0 0 0 0 0 0 0 0 0 0 0 0 0 0 0 0 0 0 0 0 0 0 0 0 0 0 0 0 0 0 0 0 0 0 0 0 0 0 0 0 0 0 0 0 0 0 0 0 0 0 0 0 0 0 0 0 0 0 0 0 0 0 0 0 0 0 0 0 0 0 0 0 0 0 0 0 0 0 0 0 0 0 0 0 0 0 0 0 0 0 0 0 0 0 0 0 0 0 0 0 0 0 0 0 0 0 0 0 0 0 0 0 0 0 0 0 0 0 0 0 0 0 </colorsIdx>
			<matIds count='1'>0</matIds>
			<vertices count='3318'>-2.02969 9.56524 -3.37219 -0.907039 9.45957 -3.11493 0.520328 9.43765 -2.73044 -2.14829 10.7569 -3.47713 -0.858765 10.7613 -3.27665 0.557205 10.7613 -2.85398 -2.15057 12.239 -3.46949 -0.858765 12.239 -3.27665 0.557205 12.239 -2.85398 -2.15057 13.7167 -3.46949 -0.858765 13.7167 -3.27665 0.557205 13.7167 -2.85398 -2.054 14.8661 -3.29073 -0.911598 15.0097 -3.09966 0.504371 15.0097 -2.67699 -2.53995 15.0097 -2.16506 -1.30097 15.1945 -1.79522 0.114996 15.1945 -1.37255 -3.10168 15.0097 -0.253346 -1.87112 15.1945 0.119071 -0.45655 15.1945 0.542169 -3.66504 14.9491 1.97983 -2.50395 15.1345 2.36529 -1.12513 15.1345 2.78196 -3.86561 14.4842 3.94991 -3.05837 14.582 4.75187 -1.83712 14.5817 5.16718 -4.04988 13.2809 4.10046 -3.73243 13.2502 6.63873 -2.49116 13.2479 7.35827 -4.17616 12.2084 4.78447 -3.92128 12.2347 7.19273 -2.66933 12.239 7.95513 -4.15346 10.998 4.44746 -3.74611 11.2016 6.68455 -2.49116 11.2302 7.35827 -3.88992 9.94708 4.03136 -3.06065 9.89164 4.75951 -1.83712 9.89641 5.16718 -3.66276 9.51581 1.9722 -2.48799 9.31293 2.31183 -1.10917 9.31293 2.7285 -3.06065 9.38943 -0.390804 -1.77082 9.09075 -0.216936 -0.344853 9.06884 0.167978 -2.45332 9.30177 -2.45524 -1.25766 9.20034 -1.94031 0.226693 9.06884 -1.74674 -3.81635 10.5797 1.87967 -3.17926 10.3881 -0.634981 -2.69094 10.7249 -2.30499 -2.64457 12.239 -2.46035 -3.81635 13.837 1.87967 -3.27728 13.9015 -0.306611 -2.70991 13.7167 -2.24146 -4.16426 11.126 4.13295 -4.16426 11.126 4.13295 -4.27244 11.126 4.04905 -5.90339 11.126 2.77204 -3.81407 10.7563 1.87203 -3.81407 10.7563 1.87203 -3.95705 10.7563 1.80453 -6.02945 10.7869 0.852015 -4.18914 12.204 4.3919 -4.18914 12.204 4.3919 -4.29173 12.204 4.30526 -5.85839 12.204 2.98207 -3.16786 10.5509 -0.673164 -3.16786 10.5509 -0.673164 -3.32281 10.5509 -0.738534 -5.76371 10.735 -1.41192 -2.75154 10.911 -2.10198 -2.75154 10.911 -2.10198 -2.90204 10.911 -2.16694 -5.21625 10.9417 -3.10549 -2.6974 12.239 -2.28335 -2.6974 12.239 -2.28335 -2.84695 12.239 -2.34822 -5.13076 12.239 -3.33888 -3.81407 13.6517 1.87203 -3.81407 13.6517 1.87203 -3.95705 13.6517 1.80453 -6.0135 13.6517 0.798559 -4.05484 13.1417 3.76639 -4.05484 13.1417 3.76639 -4.16303 13.1417 3.6825 -5.79398 13.1417 2.40548 -3.27728 13.7167 -0.306611 -3.27728 13.7167 -0.306611 -3.43223 13.7167 -0.37198 -5.77739 13.7167 -1.3661 -2.76977 13.532 -2.04089 -2.76977 13.532 -2.04089 -2.92027 13.532 -2.10585 -5.21853 13.532 -3.09786 -4.96574 13.6517 1.32328 -4.54203 13.7167 -0.840847 -4.00108 13.532 -2.57236 -3.92096 12.239 -2.8141 -3.98512 10.9154 -2.62582 -4.44629 10.5772 -1.16158 -4.96802 10.7606 1.33092 -5.04637 11.126 3.44715 -5.02849 12.204 3.683 -4.93695 13.1417 3.08059 -6.0282 11.126 2.6735 -6.0282 11.126 2.6735 -6.16269 11.126 2.53405 -6.88272 11.2297 1.65779 -6.18253 10.7913 0.783448 -6.18253 10.7913 0.783448 -6.31335 10.7913 0.702809 -7.0983 10.9723 0.218972 -7.22684 12.2347 0.130696 -5.97961 12.204 2.87969 -5.97961 12.204 2.87969 -6.11505 12.204 2.73063 -6.95271 12.2084 1.65353 -5.95745 10.7613 -1.44275 -5.95745 10.7613 -1.44275 -6.10029 10.7613 -1.50448 -6.95729 10.946 -1.87487 -7.10012 12.239 -1.93661 -5.39636 10.946 -3.17461 -5.39636 10.946 -3.17461 -5.5461 10.946 -3.21889 -6.39216 11.0897 -3.27968 -5.30747 12.239 -3.41553 -5.30747 12.239 -3.41553 -5.45802 12.239 -3.45708 -6.44374 12.239 -3.48726 -6.16429 13.6517 0.722356 -6.16429 13.6517 0.722356 -6.29512 13.6517 0.641716 -7.08234 13.4751 0.165516 -5.91878 13.1417 2.30695 -5.91878 13.1417 2.30695 -6.05327 13.1417 2.1675 -6.79762 13.0847 1.37269 -5.95745 13.7167 -1.44275 -5.95745 13.7167 -1.44275 -6.10029 13.7167 -1.50448 -6.95729 13.532 -1.87487 -5.39636 13.532 -3.17461 -5.39636 13.532 -3.17461 -5.5461 13.532 -3.21888 -6.39216 13.3884 -3.27968 3.06971 9.44056 -2.08659 1.95225 9.40697 -2.36123 3.17527 10.7306 -1.93794 1.97545 10.7569 -2.43895 3.15931 12.239 -1.88449 1.97317 12.239 -2.43132 3.15931 13.7167 -1.88449 1.97317 13.7167 -2.43132 2.98056 14.8661 -1.78791 1.92034 15.0097 -2.25432 2.76994 15.0097 -0.580052 1.53097 15.1945 -0.949885 2.19184 15.0097 1.32677 0.958484 15.1945 0.963708 1.43888 14.9491 3.50335 0.256481 15.1345 3.18928 0.526714 14.4842 5.26102 -0.588037 14.582 5.48927 0.598312 13.2809 5.48794 -1.05857 13.2502 7.43688 0.328976 12.2084 6.12926 -1.20431 12.2347 8.00375 0.494731 10.998 5.83495 -1.07225 11.2016 7.4827 0.502399 9.94708 5.34247 -0.590317 9.89165 5.4969 1.43888 9.52019 3.50335 0.258761 9.33923 3.18164 2.22147 9.41135 1.2275 0.990397 9.22225 0.856797 2.88163 9.25355 -0.954243 1.64494 9.06445 -1.33171 1.62034 10.5797 3.50253 2.46592 10.3881 1.05011 2.97439 10.7221 -0.619208 3.01931 12.239 -0.769676 1.62034 13.837 3.50253 2.3679 13.9015 1.37848 2.95397 13.7167 -0.550785 0.676164 11.126 5.57782 0.676164 11.126 5.57782 0.812636 11.126 5.56695 2.87673 11.126 5.39291 1.62262 10.7563 3.49489 1.62262 10.7563 3.49489 1.77921 10.7563 3.5168 4.03464 10.7869 3.85615 0.555024 12.204 5.80804 0.555024 12.204 5.80804 0.688324 12.204 5.79181 2.72396 12.204 5.54391 2.47731 10.5509 1.01192 2.47731 10.5509 1.01192 2.64275 10.5509 1.04219 5.05337 10.735 1.81699 2.91234 10.911 -0.411315 2.91234 10.911 -0.411315 3.07382 10.911 -0.383149 5.52384 10.9417 0.100434 2.96648 12.239 -0.59268 2.96648 12.239 -0.59268 3.12712 12.239 -0.564959 5.58027 12.239 -0.141631 1.62262 13.6517 3.49489 1.62262 13.6517 3.49489 1.77921 13.6517 3.5168 4.05059 13.6517 3.8027 0.785581 13.1417 5.21126 0.785581 13.1417 5.21126 0.922052 13.1417 5.2004 2.98614 13.1417 5.02635 2.3679 13.7167 1.37848 2.3679 13.7167 1.37848 2.53333 13.7167 1.40875 5.03969 13.7167 1.86281 2.8941 13.532 -0.350223 2.8941 13.532 -0.350223 3.05558 13.532 -0.322056 5.52156 13.532 0.10807 2.88664 13.6517 3.66723 3.71855 13.7167 1.62494 4.21526 13.532 -0.11978 4.28077 12.239 -0.36588 4.23122 10.9154 -0.173235 3.81429 10.5772 1.30421 2.88436 10.7606 3.67486 1.78987 11.126 5.48777 1.64563 12.204 5.67523 1.89928 13.1417 5.12121 3.03513 11.126 5.37891 3.03513 11.126 5.37891 3.22405 11.126 5.336 4.3066 11.2297 4.99781 4.20025 10.7913 3.88272 4.20025 10.7913 3.88272 4.35387 10.7913 3.88699 5.2756 10.9723 3.91259 5.4315 12.2347 3.90922 2.88146 12.204 5.52473 2.88146 12.204 5.52473 3.07645 12.204 5.4743 4.36747 12.2084 5.03261 5.23231 10.7613 1.89741 5.23231 10.7613 1.89741 5.38561 10.7613 1.92407 6.30543 10.946 2.08405 6.45873 12.239 2.11072 5.71236 10.946 0.141351 5.71236 10.946 0.141351 5.86187 10.946 0.186405 6.60282 11.0897 0.599331 5.77008 12.239 -0.108877 5.77008 12.239 -0.108877 5.91878 12.239 -0.061095 6.75975 12.239 0.453996 4.21849 13.6517 3.82162 4.21849 13.6517 3.82162 4.37211 13.6517 3.82589 5.29156 13.4751 3.85913 3.14454 13.1417 5.01236 3.14454 13.1417 5.01236 3.33346 13.1417 4.96945 4.3917 13.0847 4.71271 5.23231 13.7167 1.89741 5.23231 13.7167 1.89741 5.38561 13.7167 1.92407 6.30543 13.532 2.08406 5.71236 13.532 0.141351 5.71236 13.532 0.141351 5.86187 13.532 0.186405 6.60282 13.3884 0.599331 -5.39636 13.532 -3.17461 -5.30747 12.9779 -3.41553 -5.39636 13.532 -3.17461 -5.45802 12.9779 -3.45708 -5.99533 13.532 -3.35171 -5.66303 13.7167 -2.45184 -5.66303 13.7167 -2.45184 -5.81033 13.7167 -2.5043 3.22314 9.89974 -2.09831 2.69028 10.7438 -2.25053 1.98229 10.0049 -2.46186 2.70127 9.32807 -2.28735 1.26519 10.7613 -2.64265 1.23059 9.43327 -2.52675 3.15931 11.5002 -1.88449 2.68116 12.239 -2.21998 1.97317 11.5002 -2.43132 1.26519 12.239 -2.64265 3.15931 12.9779 -1.88449 2.68116 13.7167 -2.21998 1.97317 12.9779 -2.43132 1.26519 13.7167 -2.64265 3.15931 14.4556 -1.88449 2.62832 15.0097 -2.04298 1.97317 14.4556 -2.43132 1.21236 15.0097 -2.46565 3.00081 15.0097 -1.3535 2.23895 15.1944 -0.738552 1.76184 15.1944 -1.72333 0.822981 15.1944 -1.16122 2.49998 15.0097 0.324317 1.66366 15.1944 1.17166 1.26101 15.1944 -0.045517 0.251435 15.1944 0.753503 1.84639 15.0097 2.39448 0.933241 15.1345 3.37601 0.62989 15.1944 2.05172 -0.431515 15.1345 2.98901 0.944531 14.7672 4.6293 0.050402 14.5832 5.52755 -0.180494 14.9545 4.34712 -1.21536 14.5817 5.35278 0.551382 14.0164 5.50736 -0.228864 13.2571 6.63747 -0.87315 13.9446 6.57976 -1.79755 13.2479 7.56532 0.381194 12.7161 5.95433 -0.349166 12.2215 7.09292 -1.16703 12.7068 7.87888 -1.96134 12.239 8.16647 0.317367 11.6392 6.16815 -0.283573 11.1157 6.82074 -1.17615 11.7537 7.90943 -1.79755 11.2302 7.56532 0.496674 10.3565 5.69064 0.041284 9.87734 5.55809 -0.882268 10.5159 6.61031 -1.21536 9.89641 5.35278 0.935413 9.69329 4.65985 0.933241 9.34361 3.37601 -0.180494 9.52358 4.34712 -0.422397 9.32608 2.95846 1.85551 9.4508 2.36393 1.6819 9.24856 1.11056 0.639008 9.26609 2.02118 0.32438 9.14335 0.509134 2.57293 9.32807 0.079947 2.35749 9.05569 -1.13565 1.34307 9.12582 -0.320431 0.941516 9.05569 -1.55832 3.11935 9.2404 -1.7506 1.8439 9.12582 -1.99825 1.09429 10.7116 4.70388 1.6135 10.0499 3.52543 2.08347 10.4539 2.22898 2.43173 9.89974 1.16465 2.74992 10.4363 0.132781 3.01988 9.88221 -0.771588 3.19605 10.7263 -1.36176 4.35151 11.6052 5.08607 4.92574 12.2215 4.56495 5.42922 11.5152 3.91686 4.74589 11.051 4.61583 5.98006 12.239 3.05464 6.45873 11.5002 2.11072 5.82922 10.946 3.03677 6.75483 12.239 1.187 6.75975 11.5002 0.453995 6.60288 10.946 1.15013 3.01931 11.5002 -0.769676 3.17781 12.239 -1.30066 4.41534 12.7502 4.87225 4.80972 13.3043 4.40201 5.43834 12.9454 3.88631 5.82922 13.532 3.03677 6.45873 12.9779 2.11072 6.60288 13.532 1.15013 6.75975 12.9779 0.453995 3.01931 12.9779 -0.769676 3.17781 13.7167 -1.30066 1.6135 14.3931 3.52543 1.15812 13.6437 4.49005 2.3679 14.4556 1.37848 2.01964 13.9015 2.4428 2.94694 14.4556 -0.527219 2.67698 13.9015 0.37715 0.676164 11.126 5.57782 1.09429 10.8813 4.70388 1.62262 10.7563 3.49489 0.676164 11.126 5.57782 1.09429 10.8813 4.70388 1.62262 10.7563 3.49489 0.676164 11.126 5.57782 1.24028 10.8813 4.70912 1.62262 10.7563 3.49489 1.22205 11.126 5.53436 2.27729 10.8813 4.7421 2.24898 10.7563 3.58255 0.555024 12.204 5.80804 0.536787 11.6202 5.86913 0.555024 12.204 5.80804 0.536787 11.6202 5.86913 0.555024 12.204 5.80804 0.670087 11.6202 5.8529 1.08822 12.204 5.74311 1.62739 11.6202 5.73632 2.09259 10.6211 2.19843 2.47731 10.5509 1.01192 2.09259 10.6211 2.19843 2.47731 10.5509 1.01192 2.2556 10.6211 2.22743 2.47731 10.5509 1.01192 3.40579 10.6386 2.46158 3.13905 10.5509 1.13299 2.74992 10.6211 0.132781 2.91234 10.911 -0.411315 2.74992 10.6211 0.132781 2.91234 10.911 -0.411315 2.91392 10.6211 0.162283 2.91234 10.911 -0.411315 4.08258 10.6386 0.404697 3.55826 10.911 -0.29865 2.96648 11.5002 -0.59268 2.96648 12.239 -0.59268 2.96648 11.5002 -0.59268 2.96648 12.239 -0.59268 3.12712 11.5002 -0.564959 2.96648 12.239 -0.59268 4.28077 11.5002 -0.365879 3.60904 12.239 -0.481796 1.62262 13.6517 3.49489 1.16724 13.4565 4.45951 0.785581 13.1417 5.21126 1.62262 13.6517 3.49489 1.16724 13.4565 4.45951 0.785581 13.1417 5.21126 1.62262 13.6517 3.49489 1.31323 13.4565 4.46475 0.785581 13.1417 5.21126 2.24898 13.6517 3.58255 2.35023 13.4565 4.49773 1.33147 13.1417 5.16781 0.609732 12.7176 5.62476 0.609732 12.7176 5.62476 0.743032 12.7176 5.60853 1.70034 12.7176 5.49195 2.3679 13.7167 1.37848 2.01964 13.7167 2.4428 2.3679 13.7167 1.37848 2.01964 13.7167 2.4428 2.3679 13.7167 1.37848 2.18266 13.7167 2.4718 3.02963 13.7167 1.49954 3.34196 13.7167 2.6754 2.96648 12.9779 -0.59268 2.8941 13.532 -0.350223 2.96648 12.9779 -0.59268 2.8941 13.532 -0.350223 3.12712 12.9779 -0.564959 2.8941 13.532 -0.350223 4.28077 12.9779 -0.365879 3.54002 13.532 -0.237558 2.67698 13.7167 0.37715 2.67698 13.7167 0.37715 2.84098 13.7167 0.406651 4.01875 13.7167 0.61852 4.46184 13.7167 1.75901 4.59217 13.7167 2.8821 3.54691 13.6517 3.74592 4.94915 13.532 0.008228 5.34543 13.7167 0.857173 5.01084 12.239 -0.239895 5.58027 12.9779 -0.141632 4.95827 10.9285 -0.022318 5.58027 11.5002 -0.141632 4.51655 10.6561 1.57573 5.35455 10.7438 0.826627 3.53779 10.7738 3.77647 4.60129 10.7438 2.85156 2.40153 11.126 5.43491 3.38974 10.8813 4.75662 2.25144 12.204 5.60146 2.70572 11.6202 5.60501 2.51095 13.1417 5.06835 2.77867 12.7176 5.36064 3.46269 13.4565 4.51225 3.03513 11.126 5.37891 3.55082 10.8813 4.75816 4.20025 10.7913 3.88272 3.03513 11.126 5.37891 3.55082 10.8813 4.75816 4.20025 10.7913 3.88272 3.03513 11.126 5.37891 3.72154 10.8813 4.73783 4.20025 10.7913 3.88272 3.79081 11.126 5.20727 4.81474 10.7913 3.89979 2.88146 12.204 5.52473 2.86323 11.6202 5.58582 2.88146 12.204 5.52473 2.86323 11.6202 5.58582 2.88146 12.204 5.52473 3.05821 11.6202 5.53539 3.66142 12.204 5.32299 4.77337 10.7613 2.91172 5.23231 10.7613 1.89741 4.77337 10.7613 2.91172 5.23231 10.7613 1.89741 4.92421 10.7613 2.92958 5.23231 10.7613 1.89741 5.84552 10.7613 2.00406 5.53921 10.7613 0.892032 5.71236 10.946 0.14135 5.53921 10.7613 0.892032 5.71236 10.946 0.14135 5.69116 10.7613 0.928902 5.71236 10.946 0.14135 6.3104 10.946 0.321562 5.77008 11.5002 -0.108877 5.77008 12.239 -0.108877 5.77008 11.5002 -0.108877 5.77008 12.239 -0.108877 5.91878 11.5002 -0.061097 5.77008 12.239 -0.108877 6.36486 12.239 0.082245 4.21849 13.6517 3.82162 3.62376 13.4565 4.51379 3.14454 13.1417 5.01235 4.21849 13.6517 3.82162 3.62376 13.4565 4.51379 3.14454 13.1417 5.01235 4.21849 13.6517 3.82162 3.79449 13.4565 4.49346 3.14454 13.1417 5.01235 4.83297 13.6517 3.8387 3.90023 13.1417 4.84072 2.93617 12.7176 5.34146 2.93617 12.7176 5.34146 3.13116 12.7176 5.29102 5.23231 13.7167 1.89741 4.77337 13.7167 2.91172 5.23231 13.7167 1.89741 4.77337 13.7167 2.91172 5.23231 13.7167 1.89741 4.92421 13.7167 2.92958 5.84552 13.7167 2.00406 5.77008 12.9779 -0.108877 5.71236 13.532 0.14135 5.77008 12.9779 -0.108877 5.71236 13.532 0.14135 5.91878 12.9779 -0.061097 5.71236 13.532 0.14135 6.3104 13.532 0.321562 5.53921 13.7167 0.892032 5.53921 13.7167 0.892032 5.69116 13.7167 0.928902 -1.61047 9.4508 -3.34154 -0.858765 10.0225 -3.27665 -1.56675 10.7613 -3.48798 -2.14145 10.0049 -3.50004 -0.194496 9.4508 -2.91887 0.557204 10.0225 -2.85398 -0.15078 10.7613 -3.06532 -0.858765 11.5002 -3.27665 -1.56675 12.239 -3.48798 -2.15057 11.5002 -3.46949 0.557204 11.5002 -2.85398 -0.15078 12.239 -3.06532 -0.858765 12.9779 -3.27665 -1.56675 13.7167 -3.48798 -2.15057 12.9779 -3.46949 0.557204 12.9779 -2.85398 -0.15078 13.7167 -3.06532 -0.858765 14.4556 -3.27665 -1.61958 15.0097 -3.31099 -2.15057 14.4556 -3.46949 0.557204 14.4556 -2.85398 -0.203614 15.0097 -2.88832 -1.0701 15.1944 -2.56867 -2.00896 15.1944 -2.00655 -2.30907 15.0097 -2.9385 0.345871 15.1944 -2.146 -0.592988 15.1944 -1.58389 -1.57093 15.1944 -0.890852 -2.5749 15.1944 -0.093554 -2.8099 15.0097 -1.26069 -0.154958 15.1944 -0.468185 -1.16453 15.1944 0.330835 -2.1927 15.1944 1.20918 -3.17233 15.1345 2.1505 -3.39803 15.0097 0.829018 -0.782334 15.1944 1.63357 -1.81874 15.1345 2.57492 -2.77315 14.9545 3.57321 -3.61333 14.5832 4.43392 -3.86877 14.7672 3.19252 -1.47775 14.9545 3.96328 -2.45888 14.5817 4.98159 -3.41768 13.9446 5.82022 -3.98817 13.2571 5.51531 -4.02127 14.0164 4.14242 -2.20014 13.9431 6.38332 -3.18478 13.2479 7.15123 -3.88401 12.7068 7.06787 -4.13722 12.2215 5.96218 -4.12394 12.7161 4.60954 -2.63454 12.7053 7.83861 -3.37731 12.239 7.7438 -3.89313 11.7537 7.09841 -4.04288 11.1157 5.69859 -4.18777 11.6392 4.82336 -2.63454 11.7728 7.83861 -3.18478 11.2302 7.15123 -3.4268 10.5159 5.85077 -3.62245 9.87734 4.46447 -4.07598 10.3565 4.3257 -2.20014 10.535 6.38332 -2.45888 9.89641 4.98159 -2.77315 9.52358 3.57321 -3.16321 9.32608 2.11995 -3.87789 9.69329 3.22307 -1.47775 9.52358 3.96328 -1.80051 9.30854 2.51382 -2.12887 9.16089 0.995358 -2.51107 9.16089 -0.307377 -3.3798 9.43327 0.767925 -0.718507 9.16089 1.41975 -1.046 9.05569 -0.066264 -1.48887 9.12582 -1.16577 -1.94513 9.16089 -2.22038 -2.73696 9.32807 -1.50506 -0.027305 9.03815 -0.895831 -0.520043 9.14335 -1.82826 -1.05186 9.24856 -2.62976 -2.25436 9.36313 -3.12178 0.409697 9.16089 -2.35982 -3.82319 10.0499 1.90258 -4.03491 10.7116 3.17281 -3.21345 9.89974 -0.520433 -3.50559 10.4539 0.56064 -2.65312 9.89974 -2.43171 -2.91395 10.4363 -1.55789 -2.47695 10.7438 -3.02188 -7.04075 11.051 1.09751 -7.22913 11.5152 0.138332 -7.16328 12.2215 0.956372 -6.96867 11.6052 1.70699 -7.08125 10.946 -0.817013 -7.10012 11.5002 -1.93661 -7.21719 12.239 -0.884753 -6.69413 10.946 -2.81904 -6.44374 11.5002 -3.48726 -6.84143 12.239 -2.8715 -2.48607 12.239 -2.99133 -2.64457 11.5002 -2.46035 -7.22001 12.9454 0.107786 -6.97693 13.3043 0.883685 -6.90484 12.7502 1.49316 -7.10012 12.9779 -1.93661 -7.08125 13.532 -0.817013 -6.44374 12.9779 -3.48726 -6.69413 13.532 -2.81904 -2.48607 13.7167 -2.99133 -2.64457 12.9779 -2.46035 -3.97109 13.6437 2.95898 -3.82319 14.3931 1.90258 -3.56942 13.9015 0.774463 -3.27728 14.4556 -0.30661 -2.9869 13.9015 -1.31352 -2.71694 14.4556 -2.21789 -3.81407 10.7563 1.87203 -4.03491 10.8813 3.17281 -4.16426 11.126 4.13295 -3.81407 10.7563 1.87203 -4.03491 10.8813 3.17281 -4.16426 11.126 4.13295 -3.81407 10.7563 1.87203 -4.15988 10.8813 3.09716 -4.16426 11.126 4.13295 -4.386 10.7563 1.60201 -5.04529 10.8813 2.55631 -4.597 11.126 3.79737 -4.20737 11.6202 4.45299 -4.18914 12.204 4.3919 -4.20737 11.6202 4.45299 -4.18914 12.204 4.3919 -4.30996 11.6202 4.36635 -4.18914 12.204 4.3919 -5.04672 11.6202 3.74409 -4.5995 12.204 4.04532 -3.16786 10.5509 -0.673164 -3.49648 10.6211 0.530093 -3.16786 10.5509 -0.673164 -3.49648 10.6211 0.530093 -3.16786 10.5509 -0.673164 -3.64872 10.6211 0.464987 -3.78768 10.5509 -0.934644 -4.73905 10.6386 0.030338 -2.75154 10.911 -2.10198 -2.91395 10.6211 -1.55789 -2.75154 10.911 -2.10198 -2.91395 10.6211 -1.55789 -2.75154 10.911 -2.10198 -3.06729 10.6211 -1.62311 -3.35353 10.911 -2.36182 -4.17761 10.6386 -2.06098 -2.6974 12.239 -2.28335 -2.6974 11.5002 -2.28335 -2.6974 12.239 -2.28335 -2.6974 11.5002 -2.28335 -2.6974 12.239 -2.28335 -2.84695 11.5002 -2.34822 -3.2956 12.239 -2.54284 -3.92096 11.5002 -2.8141 -4.05484 13.1417 3.76639 -3.96197 13.4565 2.92844 -3.81407 13.6517 1.87203 -4.05484 13.1417 3.76639 -3.96197 13.4565 2.92844 -3.81407 13.6517 1.87203 -4.05484 13.1417 3.76639 -4.08694 13.4565 2.85279 -3.81407 13.6517 1.87203 -4.48759 13.1417 3.43081 -4.97235 13.4565 2.31194 -4.386 13.6517 1.60201 -4.13443 12.7176 4.20863 -4.13443 12.7176 4.20863 -4.23702 12.7176 4.12198 -4.97378 12.7176 3.49972 -3.56942 13.7167 0.774463 -3.27728 13.7167 -0.30661 -3.56942 13.7167 0.774463 -3.27728 13.7167 -0.30661 -3.72166 13.7167 0.709356 -3.27728 13.7167 -0.30661 -4.80288 13.7167 0.244161 -3.89709 13.7167 -0.56809 -2.76977 13.532 -2.04089 -2.6974 12.9779 -2.28335 -2.76977 13.532 -2.04089 -2.6974 12.9779 -2.28335 -2.76977 13.532 -2.04089 -2.84695 12.9779 -2.34822 -3.37176 13.532 -2.30073 -3.92096 12.9779 -2.8141 -2.9869 13.7167 -1.31352 -2.9869 13.7167 -1.31352 -3.14023 13.7167 -1.37874 -4.24143 13.7167 -1.84715 -5.56111 13.6517 1.02717 -5.96183 13.7167 -0.268276 -5.23718 13.7167 -1.13616 -5.48185 13.7167 -2.37478 -4.68505 13.532 -2.86759 -5.13076 12.9779 -3.33888 -4.60064 12.239 -3.10893 -5.13076 11.5002 -3.33888 -4.67594 10.9285 -2.89814 -5.47273 10.7438 -2.40532 -5.18248 10.6561 -1.31944 -5.95271 10.7438 -0.298822 -5.57022 10.7738 1.05772 -5.98367 10.8813 1.95864 -5.52897 11.126 3.06764 -5.87663 11.6202 3.04317 -5.49474 12.204 3.28922 -5.80369 12.7176 2.7988 -5.41956 13.1417 2.70109 -5.91073 13.4565 1.71427 -6.18253 10.7913 0.783448 -6.11924 10.8813 1.87164 -6.0282 11.126 2.6735 -6.18253 10.7913 0.783448 -6.11924 10.8813 1.87164 -6.0282 11.126 2.6735 -6.18253 10.7913 0.783448 -6.25089 10.8813 1.76105 -6.0282 11.126 2.6735 -6.70583 10.7913 0.46089 -6.56615 11.126 2.11571 -5.99785 11.6202 2.94079 -5.97961 12.204 2.8797 -5.99785 11.6202 2.94079 -5.97961 12.204 2.8797 -6.13329 11.6202 2.79172 -5.97961 12.204 2.8797 -6.52136 12.204 2.28343 -5.95745 10.7613 -1.44275 -6.12961 10.7613 -0.342831 -5.95745 10.7613 -1.44275 -6.12961 10.7613 -0.342831 -5.95745 10.7613 -1.44275 -6.26556 10.7613 -0.410571 -6.52879 10.7613 -1.68968 -5.39636 10.946 -3.17461 -5.66303 10.7613 -2.45184 -5.39636 10.946 -3.17461 -5.66303 10.7613 -2.45184 -5.39636 10.946 -3.17461 -5.81033 10.7613 -2.5043 -5.99533 10.946 -3.35171 -5.30747 12.239 -3.41553 -5.30747 11.5002 -3.41553 -5.30747 12.239 -3.41553 -5.30747 11.5002 -3.41553 -5.30747 12.239 -3.41553 -5.45802 11.5002 -3.45708 -5.90969 12.239 -3.58172 -5.91878 13.1417 2.30695 -6.0463 13.4565 1.62727 -6.16429 13.6517 0.722356 -5.91878 13.1417 2.30695 -6.0463 13.4565 1.62727 -6.16429 13.6517 0.722356 -5.91878 13.1417 2.30695 -6.17794 13.4565 1.51668 -6.16429 13.6517 0.722356 -6.45674 13.1417 1.74916 -6.68759 13.6517 0.399798 -5.92491 12.7176 2.69642 -5.92491 12.7176 2.69642 -6.06034 12.7176 2.54735 -6.12961 13.7167 -0.342831 -5.95745 13.7167 -1.44275 -6.12961 13.7167 -0.342831 -5.95745 13.7167 -1.44275 -6.26556 13.7167 -0.410571 -5.95745 13.7167 -1.44275 -6.52879 13.7167 -1.68968 -5.39636 13.532 -3.17461 -5.30747 12.9779 -3.41553 -1.56675 10.0225 -3.48798 -0.15078 10.0225 -3.06532 -1.56675 11.5002 -3.48798 -0.15078 11.5002 -3.06532 -1.56675 12.9779 -3.48798 -0.15078 12.9779 -3.06532 -1.56675 14.4556 -3.48798 -0.15078 14.4556 -3.06532 -1.77808 15.1944 -2.78 -0.362114 15.1944 -2.35733 -2.27891 15.1944 -1.10219 -0.862943 15.1944 -0.679518 -2.88386 15.1944 0.992683 -1.49032 15.1944 1.42224 -3.40684 14.9545 3.37387 -2.12826 14.9545 3.7691 -3.81779 13.9492 5.1018 -2.85064 13.9431 6.18915 -4.09247 12.7115 5.81229 -3.34253 12.7053 7.62728 -4.12894 11.6965 5.93447 -3.34253 11.7728 7.62728 -3.85426 10.4587 5.22398 -2.85064 10.535 6.18915 -3.40684 9.52358 3.37387 -2.12826 9.52358 3.7691 -2.84739 9.21349 0.870498 -1.41737 9.14335 1.17787 -2.20597 9.14335 -1.34655 -0.753526 9.07322 -1.04607 -1.74161 9.21349 -2.90218 -0.325642 9.21349 -2.47952 -4.03491 10.2024 3.17281 -3.53295 9.95234 0.652278 -2.91395 9.88221 -1.55789 -2.44959 9.95234 -3.11352 -7.1724 11.5602 0.986918 -7.21719 11.5002 -0.884753 -6.84143 11.5002 -2.8715 -2.48607 11.5002 -2.99133 -7.13593 12.8478 0.864734 -7.21719 12.9779 -0.884753 -6.84143 12.9779 -2.8715 -2.48607 12.9779 -2.99133 -3.99844 14.2055 3.05062 -3.56942 14.4556 0.774463 -2.9869 14.4556 -1.31352 -2.48607 14.4556 -2.99133 -4.03491 10.8813 3.17281 -4.03491 10.8813 3.17281 -4.03491 10.8813 3.17281 -4.5348 10.8813 2.87024 -4.20737 11.6202 4.45299 -4.20737 11.6202 4.45299 -4.20737 11.6202 4.45299 -4.61773 11.6202 4.10641 -3.49648 10.6211 0.530094 -3.49648 10.6211 0.530094 -3.49648 10.6211 0.530094 -4.10543 10.6211 0.269667 -2.91395 10.6211 -1.55789 -2.91395 10.6211 -1.55789 -2.91395 10.6211 -1.55789 -3.5273 10.6211 -1.81878 -2.6974 11.5002 -2.28335 -2.6974 11.5002 -2.28335 -2.6974 11.5002 -2.28335 -3.2956 11.5002 -2.54284 -3.96197 13.4565 2.92844 -3.96197 13.4565 2.92844 -3.96197 13.4565 2.92844 -4.46186 13.4565 2.62587 -4.13443 12.7176 4.20863 -4.13443 12.7176 4.20863 -4.13443 12.7176 4.20863 -4.54479 12.7176 3.86204 -3.56942 13.7167 0.774463 -3.56942 13.7167 0.774463 -3.56942 13.7167 0.774463 -4.17838 13.7167 0.514036 -2.6974 12.9779 -2.28335 -2.6974 12.9779 -2.28335 -2.6974 12.9779 -2.28335 -3.2956 12.9779 -2.54284 -2.9869 13.7167 -1.31352 -2.9869 13.7167 -1.31352 -2.9869 13.7167 -1.31352 -3.60024 13.7167 -1.57441 -5.45847 13.7167 -0.044611 -4.93831 13.7167 -2.14357 -4.60064 12.9779 -3.10893 -4.60064 11.5002 -3.10893 -4.90183 10.6912 -2.26576 -5.422 10.6912 -0.166796 -5.57697 10.8813 2.21965 -5.51297 11.6202 3.35031 -5.44003 12.7176 3.10594 -5.50402 13.4565 1.97529 -6.11924 10.8813 1.87164 -6.11924 10.8813 1.87164 -6.11924 10.8813 1.87164 -6.64582 10.8813 1.42928 -5.99785 11.6202 2.94079 -5.99785 11.6202 2.94079 -5.99785 11.6202 2.94079 -6.5396 11.6202 2.34452 -6.12961 10.7613 -0.342831 -6.12961 10.7613 -0.342831 -6.12961 10.7613 -0.342831 -6.6734 10.7613 -0.613792 -5.66303 10.7613 -2.45184 -5.66303 10.7613 -2.45184 -5.66303 10.7613 -2.45184 -6.25223 10.7613 -2.66167 -5.30747 11.5002 -3.41553 -5.30747 11.5002 -3.41553 -5.30747 11.5002 -3.41553 -5.90969 11.5002 -3.58172 -6.0463 13.4565 1.62727 -6.0463 13.4565 1.62727 -6.0463 13.4565 1.62727 -6.57288 13.4565 1.18491 -5.92491 12.7176 2.69642 -5.92491 12.7176 2.69642 -5.92491 12.7176 2.69642 -6.46665 12.7176 2.10015 -6.12961 13.7167 -0.342831 -6.12961 13.7167 -0.342831 -6.12961 13.7167 -0.342831 -6.6734 13.7167 -0.613792 -5.30747 12.9779 -3.41553 -5.30747 12.9779 -3.41553 -5.30747 12.9779 -3.41553 -5.90969 12.9779 -3.58172 -5.66303 13.7167 -2.45184 -5.66303 13.7167 -2.45184 -5.66303 13.7167 -2.45184 -6.25223 13.7167 -2.66167 2.71763 9.95234 -2.34217 1.26519 10.0225 -2.64265 2.68116 11.5002 -2.21998 1.26519 11.5002 -2.64265 2.68116 12.9779 -2.21998 1.26519 12.9779 -2.64265 2.68116 14.4556 -2.21998 1.26519 14.4556 -2.64265 2.46983 15.1944 -1.512 1.05385 15.1944 -1.93467 1.969 15.1944 0.165816 0.553026 15.1944 -0.256851 1.32664 15.1944 2.24952 -0.074349 15.1944 1.8449 0.458772 14.9545 4.52775 -0.827251 14.9545 4.15745 -0.1447 13.9492 6.19822 -1.54964 13.9431 6.5775 -0.304421 12.7115 6.94302 -1.92656 12.7053 8.04995 -0.340894 11.6965 7.06521 -1.92656 11.7728 8.04995 -0.181172 10.4587 6.3204 -1.54964 10.535 6.5775 0.458772 9.52358 4.52775 -0.827251 9.52358 4.15745 1.32664 9.28362 2.24952 -0.037877 9.21349 1.72272 2.04194 9.14335 -0.078552 0.662443 9.07322 -0.623404 2.57924 9.07322 -1.87855 1.1268 9.14335 -2.17903 1.09429 10.2024 4.70388 2.05611 9.95234 2.32062 2.74992 9.88221 0.132781 3.25075 9.88221 -1.54503 4.91662 11.5602 4.5955 5.98006 11.5002 3.05464 6.75483 11.5002 1.187 3.17781 11.5002 -1.30066 4.95309 12.8478 4.47331 5.98006 12.9779 3.05464 6.75483 12.9779 1.187 3.17781 12.9779 -1.30066 1.13077 14.2055 4.58169 2.01964 14.4556 2.4428 2.67698 14.4556 0.37715 3.17781 14.4556 -1.30066 1.09429 10.8813 4.70388 1.09429 10.8813 4.70388 1.09429 10.8813 4.70388 1.67825 10.8813 4.72484 0.536788 11.6202 5.86913 0.536788 11.6202 5.86913 0.536788 11.6202 5.86913 1.06999 11.6202 5.8042 2.09259 10.6211 2.19843 2.09259 10.6211 2.19843 2.09259 10.6211 2.19843 2.74466 10.6211 2.31442 2.74992 10.6211 0.132781 2.74992 10.6211 0.132781 2.74992 10.6211 0.132781 3.40592 10.6211 0.250788 2.96648 11.5002 -0.59268 2.96648 11.5002 -0.59268 2.96648 11.5002 -0.59268 3.60904 11.5002 -0.481796 1.16724 13.4565 4.45951 1.16724 13.4565 4.45951 1.16724 13.4565 4.45951 1.75119 13.4565 4.48047 0.609733 12.7176 5.62476 0.609733 12.7176 5.62476 0.609733 12.7176 5.62476 1.14293 12.7176 5.55983 2.01964 13.7167 2.4428 2.01964 13.7167 2.4428 2.01964 13.7167 2.4428 2.67171 13.7167 2.55879 2.96648 12.9779 -0.59268 2.96648 12.9779 -0.59268 2.96648 12.9779 -0.59268 3.60904 12.9779 -0.481796 2.67698 13.7167 0.37715 2.67698 13.7167 0.37715 2.67698 13.7167 0.37715 3.33298 13.7167 0.495157 4.04858 13.7167 2.79325 4.76409 13.7167 0.752598 5.01084 12.9779 -0.239895 5.01084 11.5002 -0.239895 4.80056 10.6912 0.630413 4.08505 10.6912 2.67107 2.90651 10.8813 4.75198 2.23321 11.6202 5.66255 2.30615 12.7176 5.41818 2.97945 13.4565 4.50761 3.55082 10.8813 4.75816 3.55082 10.8813 4.75816 3.55082 10.8813 4.75816 4.23372 10.8813 4.67683 2.86323 11.6202 5.58582 2.86323 11.6202 5.58582 2.86323 11.6202 5.58582 3.64318 11.6202 5.38409 4.77337 10.7613 2.91172 4.77337 10.7613 2.91172 4.77337 10.7613 2.91172 5.37672 10.7613 2.98318 5.53921 10.7613 0.892033 5.53921 10.7613 0.892033 5.53921 10.7613 0.892033 6.14702 10.7613 1.03951 5.77008 11.5002 -0.108877 5.77008 11.5002 -0.108877 5.77008 11.5002 -0.108877 6.36486 11.5002 0.082246 3.62376 13.4565 4.51379 3.62376 13.4565 4.51379 3.62376 13.4565 4.51379 4.30666 13.4565 4.43246 2.93617 12.7176 5.34146 2.93617 12.7176 5.34146 2.93617 12.7176 5.34146 3.71612 12.7176 5.13972 4.77337 13.7167 2.91172 4.77337 13.7167 2.91172 4.77337 13.7167 2.91172 5.37672 13.7167 2.98318 5.77008 12.9779 -0.108877 5.77008 12.9779 -0.108877 5.77008 12.9779 -0.108877 6.36486 12.9779 0.082246 5.53921 13.7167 0.892032 5.53921 13.7167 0.892032 5.53921 13.7167 0.892032 6.14702 13.7167 1.03951 </vertices>
			<normals count='19872'>-0.27677 -0.489526 -0.826899 0.0772434 -0.625403 -0.776469 0.153061 -0.128168 -0.97987 0.153061 -0.128168 -0.97987 -0.418417 -0.152171 -0.895417 -0.27677 -0.489526 -0.826899 0.21224 -0.656064 -0.724247 0.27981 -0.141934 -0.949506 0.153061 -0.128168 -0.97987 0.153061 -0.128168 -0.97987 0.0772434 -0.625403 -0.776469 0.21224 -0.656064 -0.724247 0.27981 -0.141934 -0.949506 0.286029 0.0 -0.958221 0.133907 0.00149673 -0.990993 0.133907 0.00149673 -0.990993 0.153061 -0.128168 -0.97987 0.27981 -0.141934 -0.949506 0.153061 -0.128168 -0.97987 0.133907 0.00149673 -0.990993 -0.458286 0.0157634 -0.888665 -0.458286 0.0157634 -0.888665 -0.418417 -0.152171 -0.895417 0.153061 -0.128168 -0.97987 0.183449 -0.618222 -0.764295 0.27886 -0.125483 -0.952098 0.27981 -0.141934 -0.949506 0.27981 -0.141934 -0.949506 0.21224 -0.656064 -0.724247 0.183449 -0.618222 -0.764295 0.216873 -0.549074 -0.807145 0.284348 -0.108279 -0.952587 0.27886 -0.125483 -0.952098 0.27886 -0.125483 -0.952098 0.183449 -0.618222 -0.764295 0.216873 -0.549074 -0.807145 0.284348 -0.108279 -0.952587 0.28603 0.0 -0.958221 0.28603 0.0 -0.958221 0.28603 0.0 -0.958221 0.27886 -0.125483 -0.952098 0.284348 -0.108279 -0.952587 0.27886 -0.125483 -0.952098 0.28603 0.0 -0.958221 0.286029 0.0 -0.958221 0.286029 0.0 -0.958221 0.27981 -0.141934 -0.949506 0.27886 -0.125483 -0.952098 0.133907 0.00149673 -0.990993 0.128846 0.0 -0.991665 -0.473846 0.00383511 -0.880599 -0.473846 0.00383511 -0.880599 -0.458286 0.0157634 -0.888665 0.133907 0.00149673 -0.990993 0.286029 0.0 -0.958221 0.286029 0.0 -0.958221 0.128846 0.0 -0.991665 0.128846 0.0 -0.991665 0.133907 0.00149673 -0.990993 0.286029 0.0 -0.958221 0.286029 0.0 -0.958221 0.286029 0.0 -0.958221 0.128846 0.0 -0.991665 0.128846 0.0 -0.991665 0.128846 0.0 -0.991665 0.286029 0.0 -0.958221 0.128846 0.0 -0.991665 0.128846 0.0 -0.991665 -0.475311 0.0 -0.879818 -0.475311 0.0 -0.879818 -0.473846 0.00383511 -0.880599 0.128846 0.0 -0.991665 0.28603 0.0 -0.958221 0.28603 0.0 -0.958221 0.286029 0.0 -0.958221 0.286029 0.0 -0.958221 0.286029 0.0 -0.958221 0.28603 0.0 -0.958221 0.28603 0.0 -0.958221 0.28603 0.0 -0.958221 0.28603 0.0 -0.958221 0.28603 0.0 -0.958221 0.28603 0.0 -0.958221 0.28603 0.0 -0.958221 0.28603 0.0 -0.958221 0.28603 0.0 -0.958221 0.28603 0.0 -0.958221 0.28603 0.0 -0.958221 0.28603 0.0 -0.958221 0.28603 0.0 -0.958221 0.28603 0.0 -0.958221 0.28603 0.0 -0.958221 0.286029 0.0 -0.958221 0.286029 0.0 -0.958221 0.286029 0.0 -0.958221 0.28603 0.0 -0.958221 0.128846 0.0 -0.991665 0.128846 0.0 -0.991665 -0.475311 0.0 -0.879818 -0.475311 0.0 -0.879818 -0.475311 0.0 -0.879818 0.128846 0.0 -0.991665 0.286029 0.0 -0.958221 0.286029 0.0 -0.958221 0.128846 0.0 -0.991665 0.128846 0.0 -0.991665 0.128846 0.0 -0.991665 0.286029 0.0 -0.958221 0.286029 0.0 -0.958221 0.286029 0.0 -0.958221 0.128846 0.0 -0.991665 0.128846 0.0 -0.991665 0.128846 0.0 -0.991665 0.286029 0.0 -0.958221 0.128846 0.0 -0.991665 0.128846 0.0 -0.991665 -0.475311 0.0 -0.879818 -0.475311 0.0 -0.879818 -0.475311 0.0 -0.879818 0.128846 0.0 -0.991665 0.28603 0.0 -0.958221 0.28603 0.0 -0.958221 0.286029 0.0 -0.958221 0.286029 0.0 -0.958221 0.286029 0.0 -0.958221 0.28603 0.0 -0.958221 0.28603 0.0 -0.958221 0.28603 0.0 -0.958221 0.28603 0.0 -0.958221 0.28603 0.0 -0.958221 0.28603 0.0 -0.958221 0.28603 0.0 -0.958221 0.28603 0.0 -0.958221 0.28603 0.0 -0.958221 0.28603 0.0 -0.958221 0.28603 0.0 -0.958221 0.28603 0.0 -0.958221 0.28603 0.0 -0.958221 0.28603 0.0 -0.958221 0.28603 0.0 -0.958221 0.286029 0.0 -0.958221 0.286029 0.0 -0.958221 0.286029 0.0 -0.958221 0.28603 0.0 -0.958221 0.128846 0.0 -0.991665 0.116785 0.16807 -0.978833 -0.464238 0.214587 -0.859323 -0.464238 0.214587 -0.859323 -0.475311 0.0 -0.879818 0.128846 0.0 -0.991665 0.286029 0.0 -0.958221 0.282336 0.160182 -0.945848 0.116785 0.16807 -0.978833 0.116785 0.16807 -0.978833 0.128846 0.0 -0.991665 0.286029 0.0 -0.958221 0.282336 0.160182 -0.945848 0.202253 0.707108 -0.677564 -0.00808003 0.690635 -0.723159 -0.00808003 0.690635 -0.723159 0.116785 0.16807 -0.978833 0.282336 0.160182 -0.945848 0.116785 0.16807 -0.978833 -0.00808003 0.690635 -0.723159 -0.388089 0.57735 -0.718368 -0.388089 0.57735 -0.718368 -0.464238 0.214587 -0.859323 0.116785 0.16807 -0.978833 0.28603 0.0 -0.958221 0.282336 0.160182 -0.945848 0.282336 0.160182 -0.945848 0.282336 0.160182 -0.945848 0.286029 0.0 -0.958221 0.28603 0.0 -0.958221 0.28603 0.0 -0.958221 0.282336 0.160182 -0.945848 0.282336 0.160182 -0.945848 0.282336 0.160182 -0.945848 0.28603 0.0 -0.958221 0.28603 0.0 -0.958221 0.282336 0.160182 -0.945848 0.202253 0.707108 -0.677564 0.202253 0.707107 -0.677565 0.202253 0.707107 -0.677565 0.282336 0.160182 -0.945848 0.282336 0.160182 -0.945848 0.282336 0.160182 -0.945848 0.202253 0.707107 -0.677565 0.202253 0.707108 -0.677564 0.202253 0.707108 -0.677564 0.282336 0.160182 -0.945848 0.282336 0.160182 -0.945848 -0.388089 0.57735 -0.718368 -0.00808003 0.690635 -0.723159 -0.112975 0.971342 -0.209121 -0.112975 0.971342 -0.209121 -0.600402 0.690635 -0.403164 -0.388089 0.57735 -0.718368 0.202253 0.707108 -0.677564 0.0458167 0.987088 -0.15349 -0.112975 0.971342 -0.209121 -0.112975 0.971342 -0.209121 -0.00808003 0.690635 -0.723159 0.202253 0.707108 -0.677564 0.0458167 0.987088 -0.15349 0.0 1.0 0.0 -0.15349 0.987088 -0.0458167 -0.15349 0.987088 -0.0458167 -0.112975 0.971342 -0.209121 0.0458167 0.987088 -0.15349 -0.112975 0.971342 -0.209121 -0.15349 0.987088 -0.0458167 -0.677563 0.707108 -0.202253 -0.677563 0.707108 -0.202253 -0.600402 0.690635 -0.403164 -0.112975 0.971342 -0.209121 0.202253 0.707107 -0.677565 0.0458168 0.987087 -0.15349 0.0458167 0.987088 -0.15349 0.0458167 0.987088 -0.15349 0.202253 0.707108 -0.677564 0.202253 0.707107 -0.677565 0.202253 0.707108 -0.677564 0.0458165 0.987088 -0.153489 0.0458168 0.987087 -0.15349 0.0458168 0.987087 -0.15349 0.202253 0.707107 -0.677565 0.202253 0.707108 -0.677564 0.0458165 0.987088 -0.153489 0.0 1.0 0.0 0.0 1.0 0.0 0.0 1.0 0.0 0.0458168 0.987087 -0.15349 0.0458165 0.987088 -0.153489 0.0458168 0.987087 -0.15349 0.0 1.0 0.0 0.0 1.0 0.0 0.0 1.0 0.0 0.0458167 0.987088 -0.15349 0.0458168 0.987087 -0.15349 -0.15349 0.987088 -0.0458167 -0.154025 0.987024 -0.0453877 -0.678939 0.706526 -0.199657 -0.678939 0.706526 -0.199657 -0.677563 0.707108 -0.202253 -0.15349 0.987088 -0.0458167 0.0 1.0 0.0 0.0 1.0 0.0 -0.154025 0.987024 -0.0453877 -0.154025 0.987024 -0.0453877 -0.15349 0.987088 -0.0458167 0.0 1.0 0.0 0.0 1.0 0.0 0.0 1.0 0.0 -0.155849 0.986781 -0.0444362 -0.155849 0.986781 -0.0444362 -0.154025 0.987024 -0.0453877 0.0 1.0 0.0 -0.154025 0.987024 -0.0453877 -0.155849 0.986781 -0.0444362 -0.683266 0.704517 -0.191843 -0.683266 0.704517 -0.191843 -0.678939 0.706526 -0.199657 -0.154025 0.987024 -0.0453877 0.0 1.0 0.0 0.0 1.0 0.0 0.0 1.0 0.0 0.0 1.0 0.0 0.0 1.0 0.0 0.0 1.0 0.0 0.0 1.0 0.0 0.0 1.0 0.0 0.0 1.0 0.0 0.0 1.0 0.0 0.0 1.0 0.0 0.0 1.0 0.0 0.0 1.0 0.0 0.0 1.0 0.0 0.0 1.0 0.0 0.0 1.0 0.0 0.0 1.0 0.0 0.0 1.0 0.0 0.0 1.0 0.0 0.0 1.0 0.0 0.0 1.0 0.0 0.0 1.0 0.0 0.0 1.0 0.0 0.0 1.0 0.0 -0.155849 0.986781 -0.0444362 -0.168594 0.985519 -0.0180925 -0.694704 0.701652 -0.158335 -0.694704 0.701652 -0.158335 -0.683266 0.704517 -0.191843 -0.155849 0.986781 -0.0444362 0.0 1.0 0.0 -0.00744369 0.999684 0.0240287 -0.168594 0.985519 -0.0180925 -0.168594 0.985519 -0.0180925 -0.155849 0.986781 -0.0444362 0.0 1.0 0.0 -0.00744369 0.999684 0.0240287 -0.0291093 0.995239 0.0930155 -0.20009 0.978202 0.0555436 -0.20009 0.978202 0.0555436 -0.168594 0.985519 -0.0180925 -0.00744369 0.999684 0.0240287 -0.168594 0.985519 -0.0180925 -0.20009 0.978202 0.0555436 -0.722262 0.687331 -0.0769042 -0.722262 0.687331 -0.0769042 -0.694704 0.701652 -0.158335 -0.168594 0.985519 -0.0180925 0.0 1.0 0.0 -0.00722921 0.999686 0.023986 -0.00744369 0.999684 0.0240287 -0.00744369 0.999684 0.0240287 0.0 1.0 0.0 0.0 1.0 0.0 0.0 1.0 0.0 -0.00715198 0.999687 0.0239597 -0.00722921 0.999686 0.023986 -0.00722921 0.999686 0.023986 0.0 1.0 0.0 0.0 1.0 0.0 -0.00715198 0.999687 0.0239597 -0.0278389 0.995252 0.0932623 -0.0281637 0.995244 0.0932532 -0.0281637 0.995244 0.0932532 -0.00722921 0.999686 0.023986 -0.00715198 0.999687 0.0239597 -0.00722921 0.999686 0.023986 -0.0281637 0.995244 0.0932532 -0.0291093 0.995239 0.0930155 -0.0291093 0.995239 0.0930155 -0.00744369 0.999684 0.0240287 -0.00722921 0.999686 0.023986 -0.20009 0.978202 0.0555436 -0.265828 0.943214 0.199207 -0.771897 0.629282 0.0904367 -0.771897 0.629282 0.0904367 -0.722262 0.687331 -0.0769042 -0.20009 0.978202 0.0555436 -0.0291093 0.995239 0.0930155 -0.0718965 0.974007 0.214803 -0.265828 0.943214 0.199207 -0.265828 0.943214 0.199207 -0.20009 0.978202 0.0555436 -0.0291093 0.995239 0.0930155 -0.0718965 0.974007 0.214803 -0.219945 0.897508 0.382235 -0.514535 0.779576 0.357091 -0.514535 0.779576 0.357091 -0.265828 0.943214 0.199207 -0.0718965 0.974007 0.214803 -0.265828 0.943214 0.199207 -0.514535 0.779576 0.357091 -0.814698 0.547726 0.19043 -0.814698 0.547726 0.19043 -0.771897 0.629282 0.0904367 -0.265828 0.943214 0.199207 -0.0281637 0.995244 0.0932532 -0.0639738 0.976189 0.207273 -0.0718965 0.974007 0.214803 -0.0718965 0.974007 0.214803 -0.0291093 0.995239 0.0930155 -0.0281637 0.995244 0.0932532 -0.0278389 0.995252 0.0932623 -0.0615026 0.976609 0.206038 -0.0639738 0.976189 0.207273 -0.0639738 0.976189 0.207273 -0.0281637 0.995244 0.0932532 -0.0278389 0.995252 0.0932623 -0.0615026 0.976609 0.206038 -0.105384 0.929653 0.353044 -0.128824 0.925511 0.356137 -0.128824 0.925511 0.356137 -0.0639738 0.976189 0.207273 -0.0615026 0.976609 0.206038 -0.0639738 0.976189 0.207273 -0.128824 0.925511 0.356137 -0.219945 0.897508 0.382235 -0.219945 0.897508 0.382235 -0.0718965 0.974007 0.214803 -0.0639738 0.976189 0.207273 -0.514535 0.779576 0.357091 -0.801924 0.518368 0.297007 -0.966578 0.218051 0.134833 -0.966578 0.218051 0.134833 -0.814698 0.547726 0.19043 -0.514535 0.779576 0.357091 -0.219945 0.897508 0.382235 -0.513703 0.759235 0.399589 -0.801924 0.518368 0.297007 -0.801924 0.518368 0.297007 -0.514535 0.779576 0.357091 -0.219945 0.897508 0.382235 -0.513703 0.759235 0.399589 -0.702161 0.608297 0.370061 -0.927557 0.338224 0.158882 -0.927557 0.338224 0.158882 -0.801924 0.518368 0.297007 -0.513703 0.759235 0.399589 -0.801924 0.518368 0.297007 -0.927557 0.338224 0.158882 -0.992838 0.117928 0.019111 -0.992838 0.117928 0.019111 -0.966578 0.218051 0.134833 -0.801924 0.518368 0.297007 -0.128824 0.925511 0.356137 -0.231414 0.85068 0.472008 -0.513703 0.759235 0.399589 -0.513703 0.759235 0.399589 -0.219945 0.897508 0.382235 -0.128824 0.925511 0.356137 -0.128824 0.925511 0.356137 -0.105384 0.929653 0.353044 -0.145286 0.861393 0.486718 -0.145286 0.861393 0.486718 -0.231414 0.85068 0.472008 -0.128824 0.925511 0.356137 -0.231414 0.85068 0.472008 -0.145286 0.861393 0.486718 -0.186912 0.756951 0.62617 -0.186912 0.756951 0.62617 -0.345436 0.737953 0.579741 -0.231414 0.85068 0.472008 -0.231414 0.85068 0.472008 -0.345436 0.737953 0.579741 -0.702161 0.608297 0.370061 -0.702161 0.608297 0.370061 -0.513703 0.759235 0.399589 -0.231414 0.85068 0.472008 -0.927557 0.338224 0.158882 -0.973698 0.198681 0.111523 -0.989296 0.142271 0.0324331 -0.989296 0.142271 0.0324331 -0.992838 0.117928 0.019111 -0.927557 0.338224 0.158882 -0.702161 0.608297 0.370061 -0.822946 0.366647 0.43397 -0.973698 0.198681 0.111523 -0.973698 0.198681 0.111523 -0.927557 0.338224 0.158882 -0.702161 0.608297 0.370061 -0.822946 0.366647 0.43397 -0.872344 0.0177424 0.48857 -0.992472 0.0455294 0.113698 -0.992472 0.0455294 0.113698 -0.973698 0.198681 0.111523 -0.822946 0.366647 0.43397 -0.973698 0.198681 0.111523 -0.992472 0.0455294 0.113698 -0.997155 0.0661914 0.0360546 -0.997155 0.0661914 0.0360546 -0.989296 0.142271 0.0324331 -0.973698 0.198681 0.111523 -0.345436 0.737953 0.579741 -0.458667 0.457089 0.762033 -0.822946 0.366647 0.43397 -0.822946 0.366647 0.43397 -0.702161 0.608297 0.370061 -0.345436 0.737953 0.579741 -0.345436 0.737953 0.579741 -0.186912 0.756951 0.62617 -0.250947 0.479857 0.840692 -0.250947 0.479857 0.840692 -0.458667 0.457089 0.762033 -0.345436 0.737953 0.579741 -0.250947 0.479857 0.840692 -0.286029 0.0 0.958221 -0.506919 0.000355881 0.861994 -0.506919 0.000355881 0.861994 -0.458667 0.457089 0.762033 -0.250947 0.479857 0.840692 -0.458667 0.457089 0.762033 -0.506919 0.000355881 0.861994 -0.872344 0.0177424 0.48857 -0.872344 0.0177424 0.48857 -0.822946 0.366647 0.43397 -0.458667 0.457089 0.762033 -0.997155 0.0661914 0.0360546 -0.992472 0.0455294 0.113698 -0.978633 -0.135323 0.154805 -0.978633 -0.135323 0.154805 -0.996859 -0.0452887 0.0649746 -0.997155 0.0661914 0.0360546 -0.992472 0.0455294 0.113698 -0.872344 0.0177424 0.48857 -0.81103 -0.343511 0.473531 -0.81103 -0.343511 0.473531 -0.978633 -0.135323 0.154805 -0.992472 0.0455294 0.113698 -0.978633 -0.135323 0.154805 -0.81103 -0.343511 0.473531 -0.658489 -0.621195 0.424863 -0.658489 -0.621195 0.424863 -0.897486 -0.374725 0.232594 -0.978633 -0.135323 0.154805 -0.996859 -0.0452887 0.0649746 -0.978633 -0.135323 0.154805 -0.897486 -0.374725 0.232594 -0.897486 -0.374725 0.232594 -0.986734 -0.150116 0.0618125 -0.996859 -0.0452887 0.0649746 -0.872344 0.0177424 0.48857 -0.506919 0.000355881 0.861994 -0.44865 -0.45295 0.770421 -0.44865 -0.45295 0.770421 -0.81103 -0.343511 0.473531 -0.872344 0.0177424 0.48857 -0.286029 0.0 0.958221 -0.250947 -0.479856 0.840693 -0.44865 -0.45295 0.770421 -0.44865 -0.45295 0.770421 -0.506919 0.000355881 0.861994 -0.286029 0.0 0.958221 -0.250947 -0.479856 0.840693 -0.186912 -0.75695 0.626171 -0.319058 -0.738626 0.593829 -0.319058 -0.738626 0.593829 -0.44865 -0.45295 0.770421 -0.250947 -0.479856 0.840693 -0.81103 -0.343511 0.473531 -0.44865 -0.45295 0.770421 -0.319058 -0.738626 0.593829 -0.319058 -0.738626 0.593829 -0.658489 -0.621195 0.424863 -0.81103 -0.343511 0.473531 -0.986734 -0.150116 0.0618125 -0.897486 -0.374725 0.232594 -0.714726 -0.60993 0.342276 -0.714726 -0.60993 0.342276 -0.926961 -0.345302 0.146663 -0.986734 -0.150116 0.0618125 -0.897486 -0.374725 0.232594 -0.658489 -0.621195 0.424863 -0.427801 -0.790496 0.438295 -0.427801 -0.790496 0.438295 -0.714726 -0.60993 0.342276 -0.897486 -0.374725 0.232594 -0.714726 -0.60993 0.342276 -0.427801 -0.790496 0.438295 -0.175376 -0.91085 0.373625 -0.175376 -0.91085 0.373625 -0.428462 -0.834479 0.346505 -0.714726 -0.60993 0.342276 -0.926961 -0.345302 0.146663 -0.714726 -0.60993 0.342276 -0.428462 -0.834479 0.346505 -0.428462 -0.834479 0.346505 -0.741159 -0.64689 0.179492 -0.926961 -0.345302 0.146663 -0.658489 -0.621195 0.424863 -0.319058 -0.738626 0.593829 -0.205875 -0.853431 0.478823 -0.205875 -0.853431 0.478823 -0.427801 -0.790496 0.438295 -0.658489 -0.621195 0.424863 -0.186912 -0.75695 0.626171 -0.145285 -0.861394 0.486717 -0.205875 -0.853431 0.478823 -0.205875 -0.853431 0.478823 -0.319058 -0.738626 0.593829 -0.186912 -0.75695 0.626171 -0.145285 -0.861394 0.486717 -0.105384 -0.929653 0.353045 -0.119937 -0.926912 0.355598 -0.119937 -0.926912 0.355598 -0.205875 -0.853431 0.478823 -0.145285 -0.861394 0.486717 -0.427801 -0.790496 0.438295 -0.205875 -0.853431 0.478823 -0.119937 -0.926912 0.355598 -0.119937 -0.926912 0.355598 -0.175376 -0.91085 0.373625 -0.427801 -0.790496 0.438295 -0.741159 -0.64689 0.179492 -0.428462 -0.834479 0.346505 -0.235798 -0.952518 0.192635 -0.235798 -0.952518 0.192635 -0.738917 -0.669734 0.0738776 -0.741159 -0.64689 0.179492 -0.428462 -0.834479 0.346505 -0.175376 -0.91085 0.373625 -0.0704763 -0.973333 0.218303 -0.0704763 -0.973333 0.218303 -0.235798 -0.952518 0.192635 -0.428462 -0.834479 0.346505 -0.235798 -0.952518 0.192635 -0.0704763 -0.973333 0.218303 -0.0505398 -0.99126 0.121858 -0.0505398 -0.99126 0.121858 -0.212315 -0.974746 0.06923 -0.235798 -0.952518 0.192635 -0.738917 -0.669734 0.0738776 -0.235798 -0.952518 0.192635 -0.212315 -0.974746 0.06923 -0.212315 -0.974746 0.06923 -0.721963 -0.687786 -0.0756236 -0.738917 -0.669734 0.0738776 -0.175376 -0.91085 0.373625 -0.119937 -0.926912 0.355598 -0.0652536 -0.974349 0.215374 -0.0652536 -0.974349 0.215374 -0.0704763 -0.973333 0.218303 -0.175376 -0.91085 0.373625 -0.119937 -0.926912 0.355598 -0.105384 -0.929653 0.353045 -0.0625611 -0.975003 0.213201 -0.0625611 -0.975003 0.213201 -0.0652536 -0.974349 0.215374 -0.119937 -0.926912 0.355598 -0.0652536 -0.974349 0.215374 -0.0625611 -0.975003 0.213201 -0.0259633 -0.991155 0.130148 -0.0259633 -0.991155 0.130148 -0.0395601 -0.990457 0.132023 -0.0652536 -0.974349 0.215374 -0.0704763 -0.973333 0.218303 -0.0652536 -0.974349 0.215374 -0.0395601 -0.990457 0.132023 -0.0395601 -0.990457 0.132023 -0.0505398 -0.99126 0.121858 -0.0704763 -0.973333 0.218303 -0.212315 -0.974746 0.06923 -0.229398 -0.973302 0.00767085 -0.713609 -0.686371 -0.140205 -0.713609 -0.686371 -0.140205 -0.721963 -0.687786 -0.0756236 -0.212315 -0.974746 0.06923 -0.0505398 -0.99126 0.121858 -0.0642985 -0.995724 0.0663329 -0.229398 -0.973302 0.00767085 -0.229398 -0.973302 0.00767085 -0.212315 -0.974746 0.06923 -0.0505398 -0.99126 0.121858 -0.0642985 -0.995724 0.0663329 -0.0620868 -0.998068 0.00223836 -0.230784 -0.972619 -0.0273987 -0.230784 -0.972619 -0.0273987 -0.229398 -0.973302 0.00767085 -0.0642985 -0.995724 0.0663329 -0.229398 -0.973302 0.00767085 -0.230784 -0.972619 -0.0273987 -0.706974 -0.687349 -0.166552 -0.706974 -0.687349 -0.166552 -0.713609 -0.686371 -0.140205 -0.229398 -0.973302 0.00767085 -0.0395601 -0.990457 0.132023 -0.0284012 -0.995891 0.0859861 -0.0642985 -0.995724 0.0663329 -0.0642985 -0.995724 0.0663329 -0.0505398 -0.99126 0.121858 -0.0395601 -0.990457 0.132023 -0.0395601 -0.990457 0.132023 -0.0259633 -0.991155 0.130148 0.0140274 -0.995237 0.0964707 0.0140274 -0.995237 0.0964707 -0.0284012 -0.995891 0.0859861 -0.0395601 -0.990457 0.132023 -0.0284012 -0.995891 0.0859861 0.0140274 -0.995237 0.0964707 0.0275407 -0.998007 0.0567695 0.0275407 -0.998007 0.0567695 -0.0223148 -0.999639 0.014937 -0.0284012 -0.995891 0.0859861 -0.0284012 -0.995891 0.0859861 -0.0223148 -0.999639 0.014937 -0.0620868 -0.998068 0.00223836 -0.0620868 -0.998068 0.00223836 -0.0642985 -0.995724 0.0663329 -0.0284012 -0.995891 0.0859861 -0.230784 -0.972619 -0.0273987 -0.15834 -0.985154 -0.0663349 -0.679348 -0.708604 -0.190699 -0.679348 -0.708604 -0.190699 -0.706974 -0.687349 -0.166552 -0.230784 -0.972619 -0.0273987 -0.0620868 -0.998068 0.00223836 -0.030403 -0.996976 -0.0715125 -0.15834 -0.985154 -0.0663349 -0.15834 -0.985154 -0.0663349 -0.230784 -0.972619 -0.0273987 -0.0620868 -0.998068 0.00223836 -0.15834 -0.985154 -0.0663349 -0.030403 -0.996976 -0.0715125 -0.00321765 -0.997374 -0.0723585 -0.00321765 -0.997374 -0.0723585 -0.0862864 -0.994203 -0.0641468 -0.15834 -0.985154 -0.0663349 -0.679348 -0.708604 -0.190699 -0.15834 -0.985154 -0.0663349 -0.0862864 -0.994203 -0.0641468 -0.0862864 -0.994203 -0.0641468 -0.645009 -0.732865 -0.216499 -0.679348 -0.708604 -0.190699 -0.0223148 -0.999639 0.014937 -0.0431322 -0.997263 -0.0600532 -0.030403 -0.996976 -0.0715125 -0.030403 -0.996976 -0.0715125 -0.0620868 -0.998068 0.00223836 -0.0223148 -0.999639 0.014937 0.0275407 -0.998007 0.0567695 -0.0139394 -0.999867 -0.00848502 -0.0431322 -0.997263 -0.0600532 -0.0431322 -0.997263 -0.0600532 -0.0223148 -0.999639 0.014937 0.0275407 -0.998007 0.0567695 -0.0139394 -0.999867 -0.00848502 -0.0353179 -0.994362 -0.0999811 -0.0620583 -0.992726 -0.103165 -0.0620583 -0.992726 -0.103165 -0.0431322 -0.997263 -0.0600532 -0.0139394 -0.999867 -0.00848502 -0.0431322 -0.997263 -0.0600532 -0.0620583 -0.992726 -0.103165 -0.00321765 -0.997374 -0.0723585 -0.00321765 -0.997374 -0.0723585 -0.030403 -0.996976 -0.0715125 -0.0431322 -0.997263 -0.0600532 -0.645009 -0.732865 -0.216499 -0.0862864 -0.994203 -0.0641468 -0.0174922 -0.956413 -0.291494 -0.0174922 -0.956413 -0.291494 -0.519428 -0.676809 -0.521654 -0.645009 -0.732865 -0.216499 -0.0862864 -0.994203 -0.0641468 -0.00321765 -0.997374 -0.0723585 0.0609728 -0.973973 -0.218309 0.0609728 -0.973973 -0.218309 -0.0174922 -0.956413 -0.291494 -0.0862864 -0.994203 -0.0641468 -0.0174922 -0.956413 -0.291494 0.0609728 -0.973973 -0.218309 0.21224 -0.656064 -0.724247 0.21224 -0.656064 -0.724247 0.0772434 -0.625403 -0.776469 -0.0174922 -0.956413 -0.291494 -0.0174922 -0.956413 -0.291494 0.0772434 -0.625403 -0.776469 -0.27677 -0.489526 -0.826899 -0.27677 -0.489526 -0.826899 -0.519428 -0.676809 -0.521654 -0.0174922 -0.956413 -0.291494 -0.0620583 -0.992726 -0.103165 0.000734013 -0.956543 -0.29159 0.0609728 -0.973973 -0.218309 0.0609728 -0.973973 -0.218309 -0.00321765 -0.997374 -0.0723585 -0.0620583 -0.992726 -0.103165 -0.0353179 -0.994362 -0.0999811 0.048701 -0.930303 -0.363545 0.000734013 -0.956543 -0.29159 0.000734013 -0.956543 -0.29159 -0.0620583 -0.992726 -0.103165 -0.0353179 -0.994362 -0.0999811 0.048701 -0.930303 -0.363545 0.216873 -0.549074 -0.807145 0.183449 -0.618222 -0.764295 0.183449 -0.618222 -0.764295 0.000734013 -0.956543 -0.29159 0.048701 -0.930303 -0.363545 0.000734013 -0.956543 -0.29159 0.183449 -0.618222 -0.764295 0.21224 -0.656064 -0.724247 0.21224 -0.656064 -0.724247 0.0609728 -0.973973 -0.218309 0.000734013 -0.956543 -0.29159 -0.741159 -0.64689 0.179492 -0.738917 -0.669734 0.0738776 -0.984751 -0.16032 -0.0675488 -0.984751 -0.16032 -0.0675488 -0.926961 -0.345302 0.146663 -0.741159 -0.64689 0.179492 -0.738917 -0.669734 0.0738776 -0.721963 -0.687786 -0.0756236 -0.971699 -0.153791 -0.179302 -0.971699 -0.153791 -0.179302 -0.984751 -0.16032 -0.0675488 -0.738917 -0.669734 0.0738776 -0.984751 -0.16032 -0.0675488 -0.971699 -0.153791 -0.179302 -0.9803 0.00427244 -0.19747 -0.9803 0.00427244 -0.19747 -0.99233 -0.0146877 -0.122739 -0.984751 -0.16032 -0.0675488 -0.926961 -0.345302 0.146663 -0.984751 -0.16032 -0.0675488 -0.99233 -0.0146877 -0.122739 -0.99233 -0.0146877 -0.122739 -0.986734 -0.150116 0.0618125 -0.926961 -0.345302 0.146663 -0.713609 -0.686371 -0.140205 -0.958943 -0.160926 -0.23352 -0.971699 -0.153791 -0.179302 -0.971699 -0.153791 -0.179302 -0.721963 -0.687786 -0.0756236 -0.713609 -0.686371 -0.140205 -0.706974 -0.687349 -0.166552 -0.951136 -0.167219 -0.259571 -0.958943 -0.160926 -0.23352 -0.958943 -0.160926 -0.23352 -0.713609 -0.686371 -0.140205 -0.706974 -0.687349 -0.166552 -0.951136 -0.167219 -0.259571 -0.962798 0.00379606 -0.270196 -0.968962 0.00760825 -0.247093 -0.968962 0.00760825 -0.247093 -0.958943 -0.160926 -0.23352 -0.951136 -0.167219 -0.259571 -0.958943 -0.160926 -0.23352 -0.968962 0.00760825 -0.247093 -0.9803 0.00427244 -0.19747 -0.9803 0.00427244 -0.19747 -0.971699 -0.153791 -0.179302 -0.958943 -0.160926 -0.23352 -0.679348 -0.708604 -0.190699 -0.94686 -0.161706 -0.278041 -0.951136 -0.167219 -0.259571 -0.951136 -0.167219 -0.259571 -0.706974 -0.687349 -0.166552 -0.679348 -0.708604 -0.190699 -0.679348 -0.708604 -0.190699 -0.645009 -0.732865 -0.216499 -0.945628 -0.153253 -0.28688 -0.945628 -0.153253 -0.28688 -0.94686 -0.161706 -0.278041 -0.679348 -0.708604 -0.190699 -0.945628 -0.153253 -0.28688 -0.958221 0.0 -0.28603 -0.959691 0.0 -0.281056 -0.959691 0.0 -0.281056 -0.94686 -0.161706 -0.278041 -0.945628 -0.153253 -0.28688 -0.94686 -0.161706 -0.278041 -0.959691 0.0 -0.281056 -0.962798 0.00379606 -0.270196 -0.962798 0.00379606 -0.270196 -0.951136 -0.167219 -0.259571 -0.94686 -0.161706 -0.278041 -0.645009 -0.732865 -0.216499 -0.519428 -0.676809 -0.521654 -0.866396 -0.144748 -0.477919 -0.866396 -0.144748 -0.477919 -0.945628 -0.153253 -0.28688 -0.645009 -0.732865 -0.216499 -0.27677 -0.489526 -0.826899 -0.418417 -0.152171 -0.895417 -0.866396 -0.144748 -0.477919 -0.866396 -0.144748 -0.477919 -0.519428 -0.676809 -0.521654 -0.27677 -0.489526 -0.826899 -0.866396 -0.144748 -0.477919 -0.418417 -0.152171 -0.895417 -0.458286 0.0157634 -0.888665 -0.458286 0.0157634 -0.888665 -0.89956 0.0114245 -0.436647 -0.866396 -0.144748 -0.477919 -0.945628 -0.153253 -0.28688 -0.866396 -0.144748 -0.477919 -0.89956 0.0114245 -0.436647 -0.89956 0.0114245 -0.436647 -0.958221 0.0 -0.28603 -0.945628 -0.153253 -0.28688 -0.81438 -0.429858 0.389882 -0.795379 -0.566723 0.214936 -0.979361 -0.0957277 0.178013 -0.979361 -0.0957277 0.178013 -0.902022 -0.0875778 0.422714 -0.81438 -0.429858 0.389882 -0.78076 -0.623141 0.04593 -0.993014 -0.114041 0.0302985 -0.979361 -0.0957277 0.178013 -0.979361 -0.0957277 0.178013 -0.795379 -0.566723 0.214936 -0.78076 -0.623141 0.04593 -0.993014 -0.114041 0.0302985 -0.999174 0.0118263 0.0388654 -0.978839 0.0566597 0.196631 -0.978839 0.0566597 0.196631 -0.979361 -0.0957277 0.178013 -0.993014 -0.114041 0.0302985 -0.979361 -0.0957277 0.178013 -0.978839 0.0566597 0.196631 -0.888732 0.137282 0.437389 -0.888732 0.137282 0.437389 -0.902022 -0.0875778 0.422714 -0.979361 -0.0957277 0.178013 -0.765849 -0.641352 -0.0462953 -0.99032 -0.124094 -0.0621859 -0.993014 -0.114041 0.0302985 -0.993014 -0.114041 0.0302985 -0.78076 -0.623141 0.04593 -0.765849 -0.641352 -0.0462953 -0.7426 -0.653722 -0.145576 -0.972897 -0.132878 -0.189248 -0.99032 -0.124094 -0.0621859 -0.99032 -0.124094 -0.0621859 -0.765849 -0.641352 -0.0462953 -0.7426 -0.653722 -0.145576 -0.972897 -0.132878 -0.189248 -0.981929 0.0 -0.189252 -0.99825 0.000924624 -0.0591243 -0.99825 0.000924624 -0.0591243 -0.99032 -0.124094 -0.0621859 -0.972897 -0.132878 -0.189248 -0.99032 -0.124094 -0.0621859 -0.99825 0.000924624 -0.0591243 -0.999174 0.0118263 0.0388654 -0.999174 0.0118263 0.0388654 -0.993014 -0.114041 0.0302985 -0.99032 -0.124094 -0.0621859 -0.647608 -0.661982 -0.377338 -0.899051 -0.144334 -0.413369 -0.972897 -0.132878 -0.189248 -0.972897 -0.132878 -0.189248 -0.7426 -0.653722 -0.145576 -0.647608 -0.661982 -0.377338 -0.490549 -0.579547 -0.650759 -0.527651 -0.216468 -0.821417 -0.899051 -0.144334 -0.413369 -0.899051 -0.144334 -0.413369 -0.647608 -0.661982 -0.377338 -0.490549 -0.579547 -0.650759 -0.527651 -0.216468 -0.821417 -0.553206 0.0 -0.833044 -0.912393 0.0 -0.409316 -0.912393 0.0 -0.409316 -0.899051 -0.144334 -0.413369 -0.527651 -0.216468 -0.821417 -0.899051 -0.144334 -0.413369 -0.912393 0.0 -0.409316 -0.981929 0.0 -0.189252 -0.981929 0.0 -0.189252 -0.972897 -0.132878 -0.189248 -0.899051 -0.144334 -0.413369 -0.89956 0.0114245 -0.436647 -0.900949 0.00328842 -0.433912 -0.958221 0.0 -0.286029 -0.958221 0.0 -0.286029 -0.958221 0.0 -0.28603 -0.89956 0.0114245 -0.436647 -0.89956 0.0114245 -0.436647 -0.458286 0.0157634 -0.888665 -0.473846 0.00383511 -0.880599 -0.473846 0.00383511 -0.880599 -0.900949 0.00328842 -0.433912 -0.89956 0.0114245 -0.436647 -0.473846 0.00383511 -0.880599 -0.475311 0.0 -0.879818 -0.900031 0.0 -0.435826 -0.900031 0.0 -0.435826 -0.900949 0.00328842 -0.433912 -0.473846 0.00383511 -0.880599 -0.900949 0.00328842 -0.433912 -0.900031 0.0 -0.435826 -0.958221 0.0 -0.286029 -0.958221 0.0 -0.286029 -0.958221 0.0 -0.286029 -0.900949 0.00328842 -0.433912 -0.978839 0.0566597 0.196631 -0.949617 0.193575 0.246489 -0.836673 0.300522 0.457892 -0.836673 0.300522 0.457892 -0.888732 0.137282 0.437389 -0.978839 0.0566597 0.196631 -0.999174 0.0118263 0.0388654 -0.988173 0.135847 0.0711358 -0.949617 0.193575 0.246489 -0.949617 0.193575 0.246489 -0.978839 0.0566597 0.196631 -0.999174 0.0118263 0.0388654 -0.988173 0.135847 0.0711358 -0.77913 0.614099 0.125852 -0.764836 0.552476 0.331353 -0.764836 0.552476 0.331353 -0.949617 0.193575 0.246489 -0.988173 0.135847 0.0711358 -0.949617 0.193575 0.246489 -0.764836 0.552476 0.331353 -0.72733 0.487074 0.483476 -0.72733 0.487074 0.483476 -0.836673 0.300522 0.457892 -0.949617 0.193575 0.246489 -0.99825 0.000924624 -0.0591243 -0.990539 0.124715 -0.0572634 -0.988173 0.135847 0.0711358 -0.988173 0.135847 0.0711358 -0.999174 0.0118263 0.0388654 -0.99825 0.000924624 -0.0591243 -0.981929 0.0 -0.189252 -0.972897 0.132878 -0.189248 -0.990539 0.124715 -0.0572634 -0.990539 0.124715 -0.0572634 -0.99825 0.000924624 -0.0591243 -0.981929 0.0 -0.189252 -0.990539 0.124715 -0.0572634 -0.972897 0.132878 -0.189248 -0.742599 0.653724 -0.145576 -0.742599 0.653724 -0.145576 -0.766223 0.641668 -0.0341242 -0.990539 0.124715 -0.0572634 -0.988173 0.135847 0.0711358 -0.990539 0.124715 -0.0572634 -0.766223 0.641668 -0.0341242 -0.766223 0.641668 -0.0341242 -0.77913 0.614099 0.125852 -0.988173 0.135847 0.0711358 -0.912393 0.0 -0.409316 -0.899051 0.144334 -0.413369 -0.972897 0.132878 -0.189248 -0.972897 0.132878 -0.189248 -0.981929 0.0 -0.189252 -0.912393 0.0 -0.409316 -0.553206 0.0 -0.833044 -0.527652 0.216468 -0.821417 -0.899051 0.144334 -0.413369 -0.899051 0.144334 -0.413369 -0.912393 0.0 -0.409316 -0.553206 0.0 -0.833044 -0.899051 0.144334 -0.413369 -0.527652 0.216468 -0.821417 -0.490549 0.579548 -0.650758 -0.490549 0.579548 -0.650758 -0.647608 0.661982 -0.377337 -0.899051 0.144334 -0.413369 -0.972897 0.132878 -0.189248 -0.899051 0.144334 -0.413369 -0.647608 0.661982 -0.377337 -0.647608 0.661982 -0.377337 -0.742599 0.653724 -0.145576 -0.972897 0.132878 -0.189248 -0.900031 0.0 -0.435826 -0.900031 0.0 -0.435826 -0.958221 0.0 -0.286029 -0.958221 0.0 -0.286029 -0.958221 0.0 -0.286029 -0.900031 0.0 -0.435826 -0.475311 0.0 -0.879818 -0.475311 0.0 -0.879818 -0.900031 0.0 -0.435826 -0.900031 0.0 -0.435826 -0.900031 0.0 -0.435826 -0.475311 0.0 -0.879818 -0.475311 0.0 -0.879818 -0.475311 0.0 -0.879818 -0.900031 0.0 -0.435826 -0.900031 0.0 -0.435826 -0.900031 0.0 -0.435826 -0.475311 0.0 -0.879818 -0.958221 0.0 -0.286029 -0.900031 0.0 -0.435826 -0.900031 0.0 -0.435826 -0.900031 0.0 -0.435826 -0.958221 0.0 -0.28603 -0.958221 0.0 -0.286029 -0.994143 -0.016334 -0.10683 -0.992375 0.109563 -0.0564647 -0.966578 0.218051 0.134833 -0.966578 0.218051 0.134833 -0.992838 0.117928 0.019111 -0.994143 -0.016334 -0.10683 -0.983173 -0.00587025 -0.182584 -0.974246 0.146346 -0.171547 -0.992375 0.109563 -0.0564647 -0.992375 0.109563 -0.0564647 -0.994143 -0.016334 -0.10683 -0.983173 -0.00587025 -0.182584 -0.974246 0.146346 -0.171547 -0.722262 0.687331 -0.0769042 -0.771897 0.629282 0.0904367 -0.771897 0.629282 0.0904367 -0.992375 0.109563 -0.0564647 -0.974246 0.146346 -0.171547 -0.992375 0.109563 -0.0564647 -0.771897 0.629282 0.0904367 -0.814698 0.547726 0.19043 -0.814698 0.547726 0.19043 -0.966578 0.218051 0.134833 -0.992375 0.109563 -0.0564647 -0.970823 -0.000220086 -0.239797 -0.959113 0.1576 -0.235086 -0.974246 0.146346 -0.171547 -0.974246 0.146346 -0.171547 -0.983173 -0.00587025 -0.182584 -0.970823 -0.000220086 -0.239797 -0.963141 0.0 -0.268996 -0.950878 0.159036 -0.26559 -0.959113 0.1576 -0.235086 -0.959113 0.1576 -0.235086 -0.970823 -0.000220086 -0.239797 -0.963141 0.0 -0.268996 -0.959113 0.1576 -0.235086 -0.950878 0.159036 -0.26559 -0.683266 0.704517 -0.191843 -0.683266 0.704517 -0.191843 -0.694704 0.701652 -0.158335 -0.959113 0.1576 -0.235086 -0.959113 0.1576 -0.235086 -0.694704 0.701652 -0.158335 -0.722262 0.687331 -0.0769042 -0.722262 0.687331 -0.0769042 -0.974246 0.146346 -0.171547 -0.959113 0.1576 -0.235086 -0.959542 0.0 -0.281565 -0.947135 0.159947 -0.278123 -0.950878 0.159036 -0.26559 -0.950878 0.159036 -0.26559 -0.963141 0.0 -0.268996 -0.959542 0.0 -0.281565 -0.959542 0.0 -0.281565 -0.958221 0.0 -0.28603 -0.945848 0.160182 -0.282336 -0.945848 0.160182 -0.282336 -0.947135 0.159947 -0.278123 -0.959542 0.0 -0.281565 -0.945848 0.160182 -0.282336 -0.677563 0.707108 -0.202253 -0.678939 0.706526 -0.199657 -0.678939 0.706526 -0.199657 -0.947135 0.159947 -0.278123 -0.945848 0.160182 -0.282336 -0.947135 0.159947 -0.278123 -0.678939 0.706526 -0.199657 -0.683266 0.704517 -0.191843 -0.683266 0.704517 -0.191843 -0.950878 0.159036 -0.26559 -0.947135 0.159947 -0.278123 -0.958221 0.0 -0.28603 -0.900031 0.0 -0.435826 -0.882687 0.16807 -0.438881 -0.882687 0.16807 -0.438881 -0.945848 0.160182 -0.282336 -0.958221 0.0 -0.28603 -0.475311 0.0 -0.879818 -0.464238 0.214587 -0.859323 -0.882687 0.16807 -0.438881 -0.882687 0.16807 -0.438881 -0.900031 0.0 -0.435826 -0.475311 0.0 -0.879818 -0.882687 0.16807 -0.438881 -0.464238 0.214587 -0.859323 -0.388089 0.57735 -0.718368 -0.388089 0.57735 -0.718368 -0.600402 0.690635 -0.403164 -0.882687 0.16807 -0.438881 -0.882687 0.16807 -0.438881 -0.600402 0.690635 -0.403164 -0.677563 0.707108 -0.202253 -0.677563 0.707108 -0.202253 -0.945848 0.160182 -0.282336 -0.882687 0.16807 -0.438881 -0.99233 -0.0146877 -0.122739 -0.988881 0.0 -0.148709 -0.988094 -0.150057 -0.0339444 -0.988094 -0.150057 -0.0339444 -0.986734 -0.150116 0.0618125 -0.99233 -0.0146877 -0.122739 -0.99233 -0.0146877 -0.122739 -0.9803 0.00427244 -0.19747 -0.980287 0.0042065 -0.197534 -0.980287 0.0042065 -0.197534 -0.988881 0.0 -0.148709 -0.99233 -0.0146877 -0.122739 1.0 0.0 0.0 1.0 0.0 0.0 -0.988881 0.0 -0.148709 -0.988881 0.0 -0.148709 -0.980287 0.0042065 -0.197534 1.0 0.0 0.0 1.0 0.0 0.0 -0.991047 0.0 -0.133512 -0.988094 -0.150057 -0.0339444 -0.988094 -0.150057 -0.0339444 -0.988881 0.0 -0.148709 1.0 0.0 0.0 1.0 0.0 0.0 0.991047 0.0 0.133512 -0.991047 0.0 -0.133512 -0.991047 0.0 -0.133512 1.0 0.0 0.0 1.0 0.0 0.0 1.0 0.0 0.0 1.0 0.0 0.0 1.0 0.0 0.0 1.0 0.0 0.0 1.0 0.0 0.0 1.0 0.0 0.0 1.0 0.0 0.0 1.0 0.0 0.0 1.0 0.0 0.0 1.0 0.0 0.0 1.0 0.0 0.0 1.0 0.0 0.0 1.0 0.0 0.0 -0.991047 0.0 -0.133512 0.991047 0.0 0.133512 0.991047 0.0 0.133512 1.0 0.0 0.0 1.0 0.0 0.0 -0.108466 -0.978273 0.176684 -0.43558 -0.70719 0.556913 -0.991047 0.0 -0.133512 -0.991047 0.0 -0.133512 1.0 0.0 0.0 -0.108466 -0.978273 0.176684 -0.0427618 -0.995045 0.0897591 -0.108466 -0.978273 0.176684 1.0 0.0 0.0 1.0 0.0 0.0 1.0 0.0 0.0 -0.0427618 -0.995045 0.0897591 -0.0427618 -0.995045 0.0897591 -0.0433828 -0.994932 0.0907119 -0.100722 -0.98156 0.162463 -0.100722 -0.98156 0.162463 -0.108466 -0.978273 0.176684 -0.0427618 -0.995045 0.0897591 -0.108466 -0.978273 0.176684 -0.100722 -0.98156 0.162463 -0.388743 -0.7768 0.49544 -0.388743 -0.7768 0.49544 -0.43558 -0.70719 0.556913 -0.108466 -0.978273 0.176684 -0.100722 -0.98156 0.162463 -0.107774 -0.979337 0.171125 -0.398005 -0.764461 0.50714 -0.398005 -0.764461 0.50714 -0.388743 -0.7768 0.49544 -0.100722 -0.98156 0.162463 -0.0433828 -0.994932 0.0907119 -0.0472765 -0.994625 0.0921174 -0.107774 -0.979337 0.171125 -0.107774 -0.979337 0.171125 -0.100722 -0.98156 0.162463 -0.0433828 -0.994932 0.0907119 -0.0472765 -0.994625 0.0921174 -0.0566606 -0.994362 0.089635 -0.118498 -0.975961 0.182916 -0.118498 -0.975961 0.182916 -0.107774 -0.979337 0.171125 -0.0472765 -0.994625 0.0921174 -0.107774 -0.979337 0.171125 -0.118498 -0.975961 0.182916 -0.412188 -0.745272 0.524091 -0.412188 -0.745272 0.524091 -0.398005 -0.764461 0.50714 -0.107774 -0.979337 0.171125 -0.997155 0.0661914 0.0360546 -0.996859 -0.0452887 0.0649746 -0.999456 -0.0231362 -0.0235009 -0.999456 -0.0231362 -0.0235009 -0.99219 0.0432171 -0.117011 -0.997155 0.0661914 0.0360546 -0.986734 -0.150116 0.0618125 -0.988094 -0.150057 -0.0339444 -0.999456 -0.0231362 -0.0235009 -0.999456 -0.0231362 -0.0235009 -0.996859 -0.0452887 0.0649746 -0.986734 -0.150116 0.0618125 -0.991047 0.0 -0.133512 -0.991083 0.0 -0.133246 -0.999456 -0.0231362 -0.0235009 -0.999456 -0.0231362 -0.0235009 -0.988094 -0.150057 -0.0339444 -0.991047 0.0 -0.133512 -0.991083 0.0 -0.133246 0.8 0.0 0.6 -0.99219 0.0432171 -0.117011 -0.99219 0.0432171 -0.117011 -0.999456 -0.0231362 -0.0235009 -0.991083 0.0 -0.133246 0.991083 0.0 0.133243 1.0 0.0 0.0 0.8 0.0 0.6 0.8 0.0 0.6 -0.991083 0.0 -0.133246 0.991083 0.0 0.133243 0.991047 0.0 0.133512 0.991083 0.0 0.133243 -0.991083 0.0 -0.133246 -0.991083 0.0 -0.133246 -0.991047 0.0 -0.133512 0.991047 0.0 0.133512 -0.991047 0.0 -0.133512 -0.991083 0.0 -0.133246 0.991083 0.0 0.133243 0.991083 0.0 0.133243 0.991047 0.0 0.133512 -0.991047 0.0 -0.133512 -0.991083 0.0 -0.133246 0.8 0.0 0.6 1.0 0.0 0.0 1.0 0.0 0.0 0.991083 0.0 0.133243 -0.991083 0.0 -0.133246 0.296667 -0.186239 0.936645 0.26408 0.19065 0.94547 0.8 0.0 0.6 0.8 0.0 0.6 -0.991083 0.0 -0.133246 0.296667 -0.186239 0.936645 -0.43558 -0.70719 0.556913 0.296667 -0.186239 0.936645 -0.991083 0.0 -0.133246 -0.991083 0.0 -0.133246 -0.991047 0.0 -0.133512 -0.43558 -0.70719 0.556913 -0.43558 -0.70719 0.556913 -0.388743 -0.7768 0.49544 -0.631258 -0.19892 0.749629 -0.631258 -0.19892 0.749629 0.296667 -0.186239 0.936645 -0.43558 -0.70719 0.556913 0.26408 0.19065 0.94547 0.296667 -0.186239 0.936645 -0.631258 -0.19892 0.749629 -0.631258 -0.19892 0.749629 -0.630478 0.212701 0.746496 0.26408 0.19065 0.94547 -0.630478 0.212701 0.746496 -0.631258 -0.19892 0.749629 -0.630268 -0.189246 0.75296 -0.630268 -0.189246 0.75296 -0.630479 0.212701 0.746495 -0.630478 0.212701 0.746496 -0.388743 -0.7768 0.49544 -0.398005 -0.764461 0.50714 -0.630268 -0.189246 0.75296 -0.630268 -0.189246 0.75296 -0.631258 -0.19892 0.749629 -0.388743 -0.7768 0.49544 -0.398005 -0.764461 0.50714 -0.412188 -0.745272 0.524091 -0.631392 -0.172173 0.756109 -0.631392 -0.172173 0.756109 -0.630268 -0.189246 0.75296 -0.398005 -0.764461 0.50714 -0.630479 0.212701 0.746495 -0.630268 -0.189246 0.75296 -0.631392 -0.172173 0.756109 -0.631392 -0.172173 0.756109 -0.630478 0.2127 0.746496 -0.630479 0.212701 0.746495 -0.968962 0.00760825 -0.247093 -0.817705 -0.555349 -0.151477 -0.980287 0.0042065 -0.197534 -0.980287 0.0042065 -0.197534 -0.9803 0.00427244 -0.19747 -0.968962 0.00760825 -0.247093 -0.962798 0.00379606 -0.270196 -0.962603 0.00370114 -0.270892 -0.817705 -0.555349 -0.151477 -0.817705 -0.555349 -0.151477 -0.968962 0.00760825 -0.247093 -0.962798 0.00379606 -0.270196 -0.208723 -0.977975 0.0 -0.208845 -0.977949 0.0 -0.817705 -0.555349 -0.151477 -0.817705 -0.555349 -0.151477 -0.962603 0.00370114 -0.270892 -0.208723 -0.977975 0.0 -0.208845 -0.977949 0.0 1.0 0.0 0.0 -0.980287 0.0042065 -0.197534 -0.980287 0.0042065 -0.197534 -0.817705 -0.555349 -0.151477 -0.208845 -0.977949 0.0 0.208863 0.977945 0.0 1.0 0.0 0.0 1.0 0.0 0.0 1.0 0.0 0.0 -0.208845 -0.977949 0.0 0.208863 0.977945 0.0 0.208723 0.977975 0.0 0.208863 0.977945 0.0 -0.208845 -0.977949 0.0 -0.208845 -0.977949 0.0 -0.208723 -0.977975 0.0 0.208723 0.977975 0.0 -0.208723 -0.977975 0.0 -0.208845 -0.977949 0.0 0.208863 0.977945 0.0 0.208863 0.977945 0.0 0.208723 0.977975 0.0 -0.208723 -0.977975 0.0 -0.208845 -0.977949 0.0 1.0 0.0 0.0 1.0 0.0 0.0 1.0 0.0 0.0 0.208863 0.977945 0.0 -0.208845 -0.977949 0.0 0.955908 -0.209924 0.205356 -0.0427618 -0.995045 0.0897591 1.0 0.0 0.0 1.0 0.0 0.0 -0.208845 -0.977949 0.0 0.955908 -0.209924 0.205356 0.00181739 -0.999989 -0.0042615 0.955908 -0.209924 0.205356 -0.208845 -0.977949 0.0 -0.208845 -0.977949 0.0 -0.208723 -0.977975 0.0 0.00181739 -0.999989 -0.0042615 0.00181739 -0.999989 -0.0042615 0.00384225 -0.999951 -0.00913605 -0.0310134 -0.996921 0.0720129 -0.0310134 -0.996921 0.0720129 0.955908 -0.209924 0.205356 0.00181739 -0.999989 -0.0042615 0.955908 -0.209924 0.205356 -0.0310134 -0.996921 0.0720129 -0.0433828 -0.994932 0.0907119 -0.0433828 -0.994932 0.0907119 -0.0427618 -0.995045 0.0897591 0.955908 -0.209924 0.205356 -0.0310134 -0.996921 0.0720129 -0.0407358 -0.996808 0.0686626 -0.0472765 -0.994625 0.0921174 -0.0472765 -0.994625 0.0921174 -0.0433828 -0.994932 0.0907119 -0.0310134 -0.996921 0.0720129 0.00384225 -0.999951 -0.00913605 -0.0130564 -0.999782 -0.0163055 -0.0407358 -0.996808 0.0686626 -0.0407358 -0.996808 0.0686626 -0.0310134 -0.996921 0.0720129 0.00384225 -0.999951 -0.00913605 -0.0130564 -0.999782 -0.0163055 -0.058607 -0.997949 -0.0257316 -0.0686781 -0.996148 0.0545231 -0.0686781 -0.996148 0.0545231 -0.0407358 -0.996808 0.0686626 -0.0130564 -0.999782 -0.0163055 -0.0407358 -0.996808 0.0686626 -0.0686781 -0.996148 0.0545231 -0.0566606 -0.994362 0.089635 -0.0566606 -0.994362 0.089635 -0.0472765 -0.994625 0.0921174 -0.0407358 -0.996808 0.0686626 -0.959691 0.0 -0.281056 -0.959493 0.0 -0.281734 -0.962603 0.00370114 -0.270892 -0.962603 0.00370114 -0.270892 -0.962798 0.00379606 -0.270196 -0.959691 0.0 -0.281056 -0.959691 0.0 -0.281056 -0.958221 0.0 -0.28603 -0.958221 0.0 -0.286028 -0.958221 0.0 -0.286028 -0.959493 0.0 -0.281734 -0.959691 0.0 -0.281056 -0.95822 0.0 -0.286031 1.0 0.0 0.0 -0.959493 0.0 -0.281734 -0.959493 0.0 -0.281734 -0.958221 0.0 -0.286028 -0.95822 0.0 -0.286031 1.0 0.0 0.0 -0.208723 -0.977975 0.0 -0.962603 0.00370114 -0.270892 -0.962603 0.00370114 -0.270892 -0.959493 0.0 -0.281734 1.0 0.0 0.0 1.0 0.0 0.0 0.208723 0.977975 0.0 -0.208723 -0.977975 0.0 -0.208723 -0.977975 0.0 1.0 0.0 0.0 1.0 0.0 0.0 0.95822 0.0 0.286031 1.0 0.0 0.0 1.0 0.0 0.0 1.0 0.0 0.0 -0.95822 0.0 -0.286031 0.95822 0.0 0.286031 -0.95822 0.0 -0.286031 1.0 0.0 0.0 1.0 0.0 0.0 1.0 0.0 0.0 0.95822 0.0 0.286031 -0.95822 0.0 -0.286031 1.0 0.0 0.0 -0.208723 -0.977975 0.0 0.208723 0.977975 0.0 0.208723 0.977975 0.0 1.0 0.0 0.0 1.0 0.0 0.0 0.101163 -0.966017 -0.237859 0.00181739 -0.999989 -0.0042615 -0.208723 -0.977975 0.0 -0.208723 -0.977975 0.0 1.0 0.0 0.0 0.101163 -0.966017 -0.237859 0.297524 -0.66 -0.68984 0.101163 -0.966017 -0.237859 1.0 0.0 0.0 1.0 0.0 0.0 -0.95822 0.0 -0.286031 0.297524 -0.66 -0.68984 0.297524 -0.66 -0.68984 0.302102 -0.646611 -0.700449 0.106522 -0.962312 -0.250218 0.106522 -0.962312 -0.250218 0.101163 -0.966017 -0.237859 0.297524 -0.66 -0.68984 0.101163 -0.966017 -0.237859 0.106522 -0.962312 -0.250218 0.00384225 -0.999951 -0.00913605 0.00384225 -0.999951 -0.00913605 0.00181739 -0.999989 -0.0042615 0.101163 -0.966017 -0.237859 0.106522 -0.962312 -0.250218 0.0877195 -0.962685 -0.256012 -0.0130564 -0.999782 -0.0163055 -0.0130564 -0.999782 -0.0163055 0.00384225 -0.999951 -0.00913605 0.106522 -0.962312 -0.250218 0.302102 -0.646611 -0.700449 0.29015 -0.65133 -0.701129 0.0877195 -0.962685 -0.256012 0.0877195 -0.962685 -0.256012 0.106522 -0.962312 -0.250218 0.302102 -0.646611 -0.700449 0.29015 -0.65133 -0.701129 0.259728 -0.675286 -0.690311 0.0398558 -0.966137 -0.254934 0.0398558 -0.966137 -0.254934 0.0877195 -0.962685 -0.256012 0.29015 -0.65133 -0.701129 0.0877195 -0.962685 -0.256012 0.0398558 -0.966137 -0.254934 -0.058607 -0.997949 -0.0257316 -0.058607 -0.997949 -0.0257316 -0.0130564 -0.999782 -0.0163055 0.0877195 -0.962685 -0.256012 -0.958221 0.0 -0.286029 0.143787 0.0 -0.989609 -0.958221 0.0 -0.286028 -0.958221 0.0 -0.286028 -0.958221 0.0 -0.28603 -0.958221 0.0 -0.286029 -0.958221 0.0 -0.286029 0.144533 0.0 -0.9895 0.143787 0.0 -0.989609 0.143787 0.0 -0.989609 -0.958221 0.0 -0.286029 -0.958221 0.0 -0.286029 1.0 0.0 0.0 -0.97898 0.0 -0.203954 0.143787 0.0 -0.989609 0.143787 0.0 -0.989609 0.144533 0.0 -0.9895 1.0 0.0 0.0 -0.97898 0.0 -0.203954 -0.95822 0.0 -0.286031 -0.958221 0.0 -0.286028 -0.958221 0.0 -0.286028 0.143787 0.0 -0.989609 -0.97898 0.0 -0.203954 1.0 0.0 0.0 0.95822 0.0 0.286031 -0.95822 0.0 -0.286031 -0.95822 0.0 -0.286031 -0.97898 0.0 -0.203954 1.0 0.0 0.0 1.0 0.0 0.0 1.0 0.0 0.0 -0.97898 0.0 -0.203954 -0.97898 0.0 -0.203954 1.0 0.0 0.0 1.0 0.0 0.0 1.0 0.0 0.0 -0.97898 0.0 -0.203954 1.0 0.0 0.0 1.0 0.0 0.0 1.0 0.0 0.0 1.0 0.0 0.0 -0.97898 0.0 -0.203954 -0.95822 0.0 -0.286031 0.95822 0.0 0.286031 0.95822 0.0 0.286031 1.0 0.0 0.0 -0.97898 0.0 -0.203954 0.300244 -0.156776 -0.94089 0.297524 -0.66 -0.68984 -0.95822 0.0 -0.286031 -0.95822 0.0 -0.286031 -0.97898 0.0 -0.203954 0.300244 -0.156776 -0.94089 -0.548558 0.0 -0.836112 0.300244 -0.156776 -0.94089 -0.97898 0.0 -0.203954 -0.97898 0.0 -0.203954 1.0 0.0 0.0 -0.548558 0.0 -0.836112 -0.548558 0.0 -0.836112 0.397951 0.0 -0.917407 0.393017 -0.154195 -0.906511 0.393017 -0.154195 -0.906511 0.300244 -0.156776 -0.94089 -0.548558 0.0 -0.836112 0.300244 -0.156776 -0.94089 0.393017 -0.154195 -0.906511 0.302102 -0.646611 -0.700449 0.302102 -0.646611 -0.700449 0.297524 -0.66 -0.68984 0.300244 -0.156776 -0.94089 0.393017 -0.154195 -0.906511 0.391184 -0.156637 -0.906885 0.29015 -0.65133 -0.701129 0.29015 -0.65133 -0.701129 0.302102 -0.646611 -0.700449 0.393017 -0.154195 -0.906511 0.397951 0.0 -0.917407 0.39795 0.0 -0.917407 0.391184 -0.156637 -0.906885 0.391184 -0.156637 -0.906885 0.393017 -0.154195 -0.906511 0.397951 0.0 -0.917407 0.39795 0.0 -0.917407 0.397949 0.0 -0.917408 0.387298 -0.167849 -0.906547 0.387298 -0.167849 -0.906547 0.391184 -0.156637 -0.906885 0.39795 0.0 -0.917407 0.391184 -0.156637 -0.906885 0.387298 -0.167849 -0.906547 0.259728 -0.675286 -0.690311 0.259728 -0.675286 -0.690311 0.29015 -0.65133 -0.701129 0.391184 -0.156637 -0.906885 -0.994143 -0.016334 -0.10683 -0.990988 -0.0268508 -0.131234 0.0431221 -0.855693 -0.515684 0.0431221 -0.855693 -0.515684 -0.983173 -0.00587025 -0.182584 -0.994143 -0.016334 -0.10683 -0.994143 -0.016334 -0.10683 -0.992838 0.117928 0.019111 -0.0387709 0.711213 0.701907 -0.0387709 0.711213 0.701907 -0.990988 -0.0268508 -0.131234 -0.994143 -0.016334 -0.10683 -0.153693 0.0 0.988119 0.9784 0.0 0.206721 -0.990988 -0.0268508 -0.131234 -0.990988 -0.0268508 -0.131234 -0.0387709 0.711213 0.701907 -0.153693 0.0 0.988119 0.9784 0.0 0.206721 0.99032 0.0 0.138806 0.0431221 -0.855693 -0.515684 0.0431221 -0.855693 -0.515684 -0.990988 -0.0268508 -0.131234 0.9784 0.0 0.206721 -0.9784 0.0 -0.206721 -0.990324 0.0 -0.138772 0.99032 0.0 0.138806 0.99032 0.0 0.138806 0.9784 0.0 0.206721 -0.9784 0.0 -0.206721 0.153596 0.0 -0.988134 -0.9784 0.0 -0.206721 0.9784 0.0 0.206721 0.9784 0.0 0.206721 -0.153693 0.0 0.988119 0.153596 0.0 -0.988134 -0.153693 0.0 0.988119 0.9784 0.0 0.206721 -0.9784 0.0 -0.206721 -0.9784 0.0 -0.206721 0.153596 0.0 -0.988134 -0.153693 0.0 0.988119 0.9784 0.0 0.206721 0.99032 0.0 0.138806 -0.990324 0.0 -0.138772 -0.990324 0.0 -0.138772 -0.9784 0.0 -0.206721 0.9784 0.0 0.206721 -0.166543 0.948111 0.27083 -0.729828 0.682562 -0.0382092 0.99032 0.0 0.138806 0.99032 0.0 0.138806 0.9784 0.0 0.206721 -0.166543 0.948111 0.27083 -0.884262 0.434372 0.17147 -0.166543 0.948111 0.27083 0.9784 0.0 0.206721 0.9784 0.0 0.206721 -0.153693 0.0 0.988119 -0.884262 0.434372 0.17147 -0.166543 0.948111 0.27083 -0.884262 0.434372 0.17147 -0.36022 0.811087 0.460846 -0.36022 0.811087 0.460846 -0.15818 0.953846 0.255259 -0.166543 0.948111 0.27083 -0.729828 0.682562 -0.0382092 -0.166543 0.948111 0.27083 -0.15818 0.953846 0.255259 -0.15818 0.953846 0.255259 -0.0557932 0.991787 0.115088 -0.729828 0.682562 -0.0382092 -0.0557932 0.991787 0.115088 -0.15818 0.953846 0.255259 -0.169292 0.947976 0.269595 -0.169292 0.947976 0.269595 -0.0594821 0.990966 0.120199 -0.0557932 0.991787 0.115088 -0.15818 0.953846 0.255259 -0.36022 0.811087 0.460846 -0.36924 0.79922 0.474247 -0.36924 0.79922 0.474247 -0.169292 0.947976 0.269595 -0.15818 0.953846 0.255259 -0.169292 0.947976 0.269595 -0.36924 0.79922 0.474247 -0.38528 0.778864 0.494905 -0.38528 0.778864 0.494905 -0.186713 0.938336 0.290971 -0.169292 0.947976 0.269595 -0.0594821 0.990966 0.120199 -0.169292 0.947976 0.269595 -0.186713 0.938336 0.290971 -0.186713 0.938336 0.290971 -0.0651157 0.989686 0.127603 -0.0594821 0.990966 0.120199 -0.992838 0.117928 0.019111 -0.989296 0.142271 0.0324331 -0.990307 0.138137 0.0145308 -0.990307 0.138137 0.0145308 -0.0387709 0.711213 0.701907 -0.992838 0.117928 0.019111 -0.989296 0.142271 0.0324331 -0.997155 0.0661914 0.0360546 -0.99219 0.0432171 -0.117011 -0.99219 0.0432171 -0.117011 -0.990307 0.138137 0.0145308 -0.989296 0.142271 0.0324331 0.8 0.0 0.6 0.984189 0.0 0.177123 -0.990307 0.138137 0.0145308 -0.990307 0.138137 0.0145308 -0.99219 0.0432171 -0.117011 0.8 0.0 0.6 0.984189 0.0 0.177123 -0.153693 0.0 0.988119 -0.0387709 0.711213 0.701907 -0.0387709 0.711213 0.701907 -0.990307 0.138137 0.0145308 0.984189 0.0 0.177123 -0.984189 0.0 -0.177123 0.153596 0.0 -0.988134 -0.153693 0.0 0.988119 -0.153693 0.0 0.988119 0.984189 0.0 0.177123 -0.984189 0.0 -0.177123 1.0 0.0 0.0 -0.984189 0.0 -0.177123 0.984189 0.0 0.177123 0.984189 0.0 0.177123 0.8 0.0 0.6 1.0 0.0 0.0 0.8 0.0 0.6 0.984189 0.0 0.177123 -0.984189 0.0 -0.177123 -0.984189 0.0 -0.177123 1.0 0.0 0.0 0.8 0.0 0.6 0.984189 0.0 0.177123 -0.153693 0.0 0.988119 0.153596 0.0 -0.988134 0.153596 0.0 -0.988134 -0.984189 0.0 -0.177123 0.984189 0.0 0.177123 -0.566694 0.478399 0.670815 -0.884262 0.434372 0.17147 -0.153693 0.0 0.988119 -0.153693 0.0 0.988119 0.984189 0.0 0.177123 -0.566694 0.478399 0.670815 0.26408 0.19065 0.94547 -0.566694 0.478399 0.670815 0.984189 0.0 0.177123 0.984189 0.0 0.177123 0.8 0.0 0.6 0.26408 0.19065 0.94547 -0.566694 0.478399 0.670815 0.26408 0.19065 0.94547 -0.630478 0.212701 0.746496 -0.630478 0.212701 0.746496 -0.554387 0.509443 0.658121 -0.566694 0.478399 0.670815 -0.884262 0.434372 0.17147 -0.566694 0.478399 0.670815 -0.554387 0.509443 0.658121 -0.554387 0.509443 0.658121 -0.36022 0.811087 0.460846 -0.884262 0.434372 0.17147 -0.36022 0.811087 0.460846 -0.554387 0.509443 0.658121 -0.555073 0.502747 0.662675 -0.555073 0.502747 0.662675 -0.36924 0.79922 0.474247 -0.36022 0.811087 0.460846 -0.554387 0.509443 0.658121 -0.630478 0.212701 0.746496 -0.630479 0.212701 0.746495 -0.630479 0.212701 0.746495 -0.555073 0.502747 0.662675 -0.554387 0.509443 0.658121 -0.555073 0.502747 0.662675 -0.630479 0.212701 0.746495 -0.630478 0.2127 0.746496 -0.630478 0.2127 0.746496 -0.558839 0.490254 0.668843 -0.555073 0.502747 0.662675 -0.36924 0.79922 0.474247 -0.555073 0.502747 0.662675 -0.558839 0.490254 0.668843 -0.558839 0.490254 0.668843 -0.38528 0.778864 0.494905 -0.36924 0.79922 0.474247 -0.970823 -0.000220086 -0.239797 -0.97099 -0.000154901 -0.239119 -0.0588577 0.997659 -0.0348277 -0.0588577 0.997659 -0.0348277 -0.963141 0.0 -0.268996 -0.970823 -0.000220086 -0.239797 -0.983173 -0.00587025 -0.182584 0.0431221 -0.855693 -0.515684 -0.97099 -0.000154901 -0.239119 -0.97099 -0.000154901 -0.239119 -0.970823 -0.000220086 -0.239797 -0.983173 -0.00587025 -0.182584 0.99032 0.0 0.138806 0.956232 0.13728 0.258409 -0.97099 -0.000154901 -0.239119 -0.97099 -0.000154901 -0.239119 0.0431221 -0.855693 -0.515684 0.99032 0.0 0.138806 0.956232 0.13728 0.258409 0.302501 -0.447175 -0.841741 -0.0588577 0.997659 -0.0348277 -0.0588577 0.997659 -0.0348277 -0.97099 -0.000154901 -0.239119 0.956232 0.13728 0.258409 -0.956232 -0.13728 -0.258409 -0.288444 0.449055 0.845665 0.302501 -0.447175 -0.841741 0.302501 -0.447175 -0.841741 0.956232 0.13728 0.258409 -0.956232 -0.13728 -0.258409 -0.990324 0.0 -0.138772 -0.956232 -0.13728 -0.258409 0.956232 0.13728 0.258409 0.956232 0.13728 0.258409 0.99032 0.0 0.138806 -0.990324 0.0 -0.138772 0.99032 0.0 0.138806 0.956232 0.13728 0.258409 -0.956232 -0.13728 -0.258409 -0.956232 -0.13728 -0.258409 -0.990324 0.0 -0.138772 0.99032 0.0 0.138806 0.956232 0.13728 0.258409 0.302501 -0.447175 -0.841741 -0.288444 0.449055 0.845665 -0.288444 0.449055 0.845665 -0.956232 -0.13728 -0.258409 0.956232 0.13728 0.258409 -0.0130393 0.999469 0.0298624 -0.725988 0.657741 -0.200792 0.302501 -0.447175 -0.841741 0.302501 -0.447175 -0.841741 0.956232 0.13728 0.258409 -0.0130393 0.999469 0.0298624 -0.729828 0.682562 -0.0382092 -0.0130393 0.999469 0.0298624 0.956232 0.13728 0.258409 0.956232 0.13728 0.258409 0.99032 0.0 0.138806 -0.729828 0.682562 -0.0382092 -0.0130393 0.999469 0.0298624 -0.729828 0.682562 -0.0382092 -0.0557932 0.991787 0.115088 -0.0557932 0.991787 0.115088 -0.0118474 0.999556 0.027322 -0.0130393 0.999469 0.0298624 -0.725988 0.657741 -0.200792 -0.0130393 0.999469 0.0298624 -0.0118474 0.999556 0.027322 -0.0118474 0.999556 0.027322 0.0 1.0 0.0 -0.725988 0.657741 -0.200792 0.0 1.0 0.0 -0.0118474 0.999556 0.027322 -0.0122254 0.999538 0.0278431 -0.0122254 0.999538 0.0278431 0.0 1.0 0.0 0.0 1.0 0.0 -0.0118474 0.999556 0.027322 -0.0557932 0.991787 0.115088 -0.0594821 0.990966 0.120199 -0.0594821 0.990966 0.120199 -0.0122254 0.999538 0.0278431 -0.0118474 0.999556 0.027322 -0.0122254 0.999538 0.0278431 -0.0594821 0.990966 0.120199 -0.0651157 0.989686 0.127603 -0.0651157 0.989686 0.127603 -0.0128077 0.999509 0.0285889 -0.0122254 0.999538 0.0278431 0.0 1.0 0.0 -0.0122254 0.999538 0.0278431 -0.0128077 0.999509 0.0285889 -0.0128077 0.999509 0.0285889 0.0 1.0 0.0 0.0 1.0 0.0 -0.958221 0.0 -0.286029 -0.958221 0.0 -0.286028 0.144533 0.0 -0.9895 0.144533 0.0 -0.9895 -0.958221 0.0 -0.286029 -0.958221 0.0 -0.286029 -0.958221 0.0 -0.286029 -0.958221 0.0 -0.28603 -0.11565 -0.185582 0.975799 -0.11565 -0.185582 0.975799 -0.958221 0.0 -0.286028 -0.958221 0.0 -0.286029 -0.958252 0.0 -0.285925 -0.95822 0.0 -0.286031 -0.958221 0.0 -0.286028 -0.958221 0.0 -0.286028 -0.11565 -0.185582 0.975799 -0.958252 0.0 -0.285925 -0.95822 0.0 -0.286031 1.0 0.0 0.0 0.144533 0.0 -0.9895 0.144533 0.0 -0.9895 -0.958221 0.0 -0.286028 -0.95822 0.0 -0.286031 0.95822 0.0 0.286031 1.0 0.0 0.0 1.0 0.0 0.0 1.0 0.0 0.0 -0.95822 0.0 -0.286031 0.95822 0.0 0.286031 0.958191 0.0 0.286129 0.95822 0.0 0.286031 -0.95822 0.0 -0.286031 -0.95822 0.0 -0.286031 -0.958252 0.0 -0.285925 0.958191 0.0 0.286129 -0.958252 0.0 -0.285925 -0.95822 0.0 -0.286031 0.95822 0.0 0.286031 0.95822 0.0 0.286031 0.958191 0.0 0.286129 -0.958252 0.0 -0.285925 -0.95822 0.0 -0.286031 1.0 0.0 0.0 1.0 0.0 0.0 1.0 0.0 0.0 0.95822 0.0 0.286031 -0.95822 0.0 -0.286031 0.388544 0.214686 -0.896071 -0.548558 0.0 -0.836112 1.0 0.0 0.0 1.0 0.0 0.0 -0.95822 0.0 -0.286031 0.388544 0.214686 -0.896071 -0.66068 0.472374 -0.583408 0.388544 0.214686 -0.896071 -0.95822 0.0 -0.286031 -0.95822 0.0 -0.286031 -0.958252 0.0 -0.285925 -0.66068 0.472374 -0.583408 0.388544 0.214686 -0.896071 -0.66068 0.472374 -0.583408 0.252894 0.769804 -0.586042 0.252894 0.769804 -0.586042 0.388764 0.211641 -0.8967 0.388544 0.214686 -0.896071 0.388544 0.214686 -0.896071 0.388764 0.211641 -0.8967 0.397951 0.0 -0.917407 0.397951 0.0 -0.917407 -0.548558 0.0 -0.836112 0.388544 0.214686 -0.896071 0.388764 0.211641 -0.8967 0.388663 0.212315 -0.896584 0.39795 0.0 -0.917407 0.39795 0.0 -0.917407 0.397951 0.0 -0.917407 0.388764 0.211641 -0.8967 0.388764 0.211641 -0.8967 0.252894 0.769804 -0.586042 0.252674 0.770431 -0.585314 0.252674 0.770431 -0.585314 0.388663 0.212315 -0.896584 0.388764 0.211641 -0.8967 0.388663 0.212315 -0.896584 0.252674 0.770431 -0.585314 0.252268 0.771357 -0.584268 0.252268 0.771357 -0.584268 0.388576 0.213221 -0.896407 0.388663 0.212315 -0.896584 0.388663 0.212315 -0.896584 0.388576 0.213221 -0.896407 0.397949 0.0 -0.917408 0.397949 0.0 -0.917408 0.39795 0.0 -0.917407 0.388663 0.212315 -0.896584 -0.959542 0.0 -0.281565 -0.959449 0.0 -0.281881 -0.11565 -0.185582 0.975799 -0.11565 -0.185582 0.975799 -0.958221 0.0 -0.28603 -0.959542 0.0 -0.281565 -0.963141 0.0 -0.268996 -0.0588577 0.997659 -0.0348277 -0.959449 0.0 -0.281881 -0.959449 0.0 -0.281881 -0.959542 0.0 -0.281565 -0.963141 0.0 -0.268996 0.302501 -0.447175 -0.841741 -0.950599 -0.145637 -0.274139 -0.959449 0.0 -0.281881 -0.959449 0.0 -0.281881 -0.0588577 0.997659 -0.0348277 0.302501 -0.447175 -0.841741 -0.950599 -0.145637 -0.274139 -0.958252 0.0 -0.285925 -0.11565 -0.185582 0.975799 -0.11565 -0.185582 0.975799 -0.959449 0.0 -0.281881 -0.950599 -0.145637 -0.274139 0.950599 0.145637 0.274139 0.958191 0.0 0.286129 -0.958252 0.0 -0.285925 -0.958252 0.0 -0.285925 -0.950599 -0.145637 -0.274139 0.950599 0.145637 0.274139 -0.288444 0.449055 0.845665 0.950599 0.145637 0.274139 -0.950599 -0.145637 -0.274139 -0.950599 -0.145637 -0.274139 0.302501 -0.447175 -0.841741 -0.288444 0.449055 0.845665 0.302501 -0.447175 -0.841741 -0.950599 -0.145637 -0.274139 0.950599 0.145637 0.274139 0.950599 0.145637 0.274139 -0.288444 0.449055 0.845665 0.302501 -0.447175 -0.841741 -0.950599 -0.145637 -0.274139 -0.958252 0.0 -0.285925 0.958191 0.0 0.286129 0.958191 0.0 0.286129 0.950599 0.145637 0.274139 -0.950599 -0.145637 -0.274139 0.043462 0.993816 -0.102175 -0.66068 0.472374 -0.583408 -0.958252 0.0 -0.285925 -0.958252 0.0 -0.285925 -0.950599 -0.145637 -0.274139 0.043462 0.993816 -0.102175 -0.725988 0.657741 -0.200792 0.043462 0.993816 -0.102175 -0.950599 -0.145637 -0.274139 -0.950599 -0.145637 -0.274139 0.302501 -0.447175 -0.841741 -0.725988 0.657741 -0.200792 0.043462 0.993816 -0.102175 -0.725988 0.657741 -0.200792 0.0 1.0 0.0 0.0 1.0 0.0 0.0468996 0.992808 -0.110151 0.043462 0.993816 -0.102175 -0.66068 0.472374 -0.583408 0.043462 0.993816 -0.102175 0.0468996 0.992808 -0.110151 0.0468996 0.992808 -0.110151 0.252894 0.769804 -0.586042 -0.66068 0.472374 -0.583408 0.252894 0.769804 -0.586042 0.0468996 0.992808 -0.110151 0.0468468 0.992846 -0.109832 0.0468468 0.992846 -0.109832 0.252674 0.770431 -0.585314 0.252894 0.769804 -0.586042 0.0468996 0.992808 -0.110151 0.0 1.0 0.0 0.0 1.0 0.0 0.0 1.0 0.0 0.0468468 0.992846 -0.109832 0.0468996 0.992808 -0.110151 0.0468468 0.992846 -0.109832 0.0 1.0 0.0 0.0 1.0 0.0 0.0 1.0 0.0 0.0466718 0.992908 -0.109337 0.0468468 0.992846 -0.109832 0.252674 0.770431 -0.585314 0.0468468 0.992846 -0.109832 0.0466718 0.992908 -0.109337 0.0466718 0.992908 -0.109337 0.252268 0.771357 -0.584268 0.252674 0.770431 -0.585314 0.0 1.0 0.0 -0.0128077 0.999509 0.0285889 -0.0132946 0.999479 0.0294063 -0.0132946 0.999479 0.0294063 0.0 1.0 0.0 0.0 1.0 0.0 -0.0128077 0.999509 0.0285889 -0.0651157 0.989686 0.127603 -0.0701649 0.988258 0.135732 -0.0701649 0.988258 0.135732 -0.0132946 0.999479 0.0294063 -0.0128077 0.999509 0.0285889 -0.0132946 0.999479 0.0294063 -0.0701649 0.988258 0.135732 -0.0716461 0.987419 0.140962 -0.0716461 0.987419 0.140962 -0.0133928 0.999462 0.0299423 -0.0132946 0.999479 0.0294063 0.0 1.0 0.0 -0.0132946 0.999479 0.0294063 -0.0133928 0.999462 0.0299423 -0.0133928 0.999462 0.0299423 0.0 1.0 0.0 0.0 1.0 0.0 0.252268 0.771357 -0.584268 0.0466718 0.992908 -0.109337 0.0464484 0.992978 -0.108795 0.0464484 0.992978 -0.108795 0.251826 0.772356 -0.583138 0.252268 0.771357 -0.584268 0.0466718 0.992908 -0.109337 0.0 1.0 0.0 0.0 1.0 0.0 0.0 1.0 0.0 0.0464484 0.992978 -0.108795 0.0466718 0.992908 -0.109337 0.0464484 0.992978 -0.108795 0.0 1.0 0.0 0.0 1.0 0.0 0.0 1.0 0.0 0.0462367 0.993035 -0.10837 0.0464484 0.992978 -0.108795 0.251826 0.772356 -0.583138 0.0464484 0.992978 -0.108795 0.0462367 0.993035 -0.10837 0.0462367 0.993035 -0.10837 0.251516 0.773104 -0.582279 0.251826 0.772356 -0.583138 0.388576 0.213221 -0.896407 0.388524 0.21418 -0.896201 0.397949 0.0 -0.917408 0.397949 0.0 -0.917408 0.397949 0.0 -0.917408 0.388576 0.213221 -0.896407 0.388576 0.213221 -0.896407 0.252268 0.771357 -0.584268 0.251826 0.772356 -0.583138 0.251826 0.772356 -0.583138 0.388524 0.21418 -0.896201 0.388576 0.213221 -0.896407 0.388524 0.21418 -0.896201 0.251826 0.772356 -0.583138 0.251516 0.773104 -0.582279 0.251516 0.773104 -0.582279 0.388581 0.214841 -0.896018 0.388524 0.21418 -0.896201 0.388524 0.21418 -0.896201 0.388581 0.214841 -0.896018 0.397949 0.0 -0.917408 0.397949 0.0 -0.917408 0.397949 0.0 -0.917408 0.388524 0.21418 -0.896201 0.387298 -0.167849 -0.906547 0.385087 -0.191166 -0.902864 0.245486 -0.715035 -0.65457 0.245486 -0.715035 -0.65457 0.259728 -0.675286 -0.690311 0.387298 -0.167849 -0.906547 0.397949 0.0 -0.917408 0.397949 0.0 -0.917408 0.385087 -0.191166 -0.902864 0.385087 -0.191166 -0.902864 0.387298 -0.167849 -0.906547 0.397949 0.0 -0.917408 0.397949 0.0 -0.917408 0.397949 0.0 -0.917408 0.386794 -0.210632 -0.897789 0.386794 -0.210632 -0.897789 0.385087 -0.191166 -0.902864 0.397949 0.0 -0.917408 0.385087 -0.191166 -0.902864 0.386794 -0.210632 -0.897789 0.21626 -0.749743 -0.625394 0.21626 -0.749743 -0.625394 0.245486 -0.715035 -0.65457 0.385087 -0.191166 -0.902864 -0.058607 -0.997949 -0.0257316 0.0398558 -0.966137 -0.254934 -0.00830958 -0.979287 -0.202308 -0.00830958 -0.979287 -0.202308 -0.108917 -0.993631 -0.0288954 -0.058607 -0.997949 -0.0257316 0.259728 -0.675286 -0.690311 0.245486 -0.715035 -0.65457 -0.00830958 -0.979287 -0.202308 -0.00830958 -0.979287 -0.202308 0.0398558 -0.966137 -0.254934 0.259728 -0.675286 -0.690311 -0.00830958 -0.979287 -0.202308 0.245486 -0.715035 -0.65457 0.21626 -0.749743 -0.625394 0.21626 -0.749743 -0.625394 -0.0528445 -0.986253 -0.156566 -0.00830958 -0.979287 -0.202308 -0.108917 -0.993631 -0.0288954 -0.00830958 -0.979287 -0.202308 -0.0528445 -0.986253 -0.156566 -0.0528445 -0.986253 -0.156566 -0.1276 -0.9914 -0.029061 -0.108917 -0.993631 -0.0288954 -0.0686781 -0.996148 0.0545231 -0.0951432 -0.994985 0.0308551 -0.0643128 -0.994774 0.0793037 -0.0643128 -0.994774 0.0793037 -0.0566606 -0.994362 0.089635 -0.0686781 -0.996148 0.0545231 -0.058607 -0.997949 -0.0257316 -0.108917 -0.993631 -0.0288954 -0.0951432 -0.994985 0.0308551 -0.0951432 -0.994985 0.0308551 -0.0686781 -0.996148 0.0545231 -0.058607 -0.997949 -0.0257316 -0.108917 -0.993631 -0.0288954 -0.1276 -0.9914 -0.029061 -0.102902 -0.994624 0.0115697 -0.102902 -0.994624 0.0115697 -0.0951432 -0.994985 0.0308551 -0.108917 -0.993631 -0.0288954 -0.0951432 -0.994985 0.0308551 -0.102902 -0.994624 0.0115697 -0.0627782 -0.995824 0.0662797 -0.0627782 -0.995824 0.0662797 -0.0643128 -0.994774 0.0793037 -0.0951432 -0.994985 0.0308551 -0.118498 -0.975961 0.182916 -0.127941 -0.97268 0.193714 -0.427006 -0.723702 0.542145 -0.427006 -0.723702 0.542145 -0.412188 -0.745272 0.524091 -0.118498 -0.975961 0.182916 -0.0566606 -0.994362 0.089635 -0.0643128 -0.994774 0.0793037 -0.127941 -0.97268 0.193714 -0.127941 -0.97268 0.193714 -0.118498 -0.975961 0.182916 -0.0566606 -0.994362 0.089635 -0.0643128 -0.994774 0.0793037 -0.0627782 -0.995824 0.0662797 -0.129534 -0.971456 0.198733 -0.129534 -0.971456 0.198733 -0.127941 -0.97268 0.193714 -0.0643128 -0.994774 0.0793037 -0.127941 -0.97268 0.193714 -0.129534 -0.971456 0.198733 -0.436826 -0.706587 0.556702 -0.436826 -0.706587 0.556702 -0.427006 -0.723702 0.542145 -0.127941 -0.97268 0.193714 -0.630478 0.2127 0.746496 -0.631392 -0.172173 0.756109 -0.633495 -0.153824 0.758302 -0.633495 -0.153824 0.758302 -0.630478 0.2127 0.746496 -0.630478 0.2127 0.746496 -0.412188 -0.745272 0.524091 -0.427006 -0.723702 0.542145 -0.633495 -0.153824 0.758302 -0.633495 -0.153824 0.758302 -0.631392 -0.172173 0.756109 -0.412188 -0.745272 0.524091 -0.427006 -0.723702 0.542145 -0.436826 -0.706587 0.556702 -0.635723 -0.139337 0.759238 -0.635723 -0.139337 0.759238 -0.633495 -0.153824 0.758302 -0.427006 -0.723702 0.542145 -0.630478 0.2127 0.746496 -0.633495 -0.153824 0.758302 -0.635723 -0.139337 0.759238 -0.635723 -0.139337 0.759238 -0.630478 0.212701 0.746496 -0.630478 0.2127 0.746496 -0.38528 0.778864 0.494905 -0.558839 0.490254 0.668843 -0.563837 0.47636 0.674662 -0.563837 0.47636 0.674662 -0.403646 0.754315 0.517763 -0.38528 0.778864 0.494905 -0.558839 0.490254 0.668843 -0.630478 0.2127 0.746496 -0.630478 0.2127 0.746496 -0.630478 0.2127 0.746496 -0.563837 0.47636 0.674662 -0.558839 0.490254 0.668843 -0.563837 0.47636 0.674662 -0.630478 0.2127 0.746496 -0.630478 0.212701 0.746496 -0.630478 0.212701 0.746496 -0.568445 0.465065 0.678664 -0.563837 0.47636 0.674662 -0.403646 0.754315 0.517763 -0.563837 0.47636 0.674662 -0.568445 0.465065 0.678664 -0.568445 0.465065 0.678664 -0.417835 0.73333 0.536321 -0.403646 0.754315 0.517763 -0.0651157 0.989686 0.127603 -0.186713 0.938336 0.290971 -0.203967 0.926902 0.315039 -0.203967 0.926902 0.315039 -0.0701649 0.988258 0.135732 -0.0651157 0.989686 0.127603 -0.186713 0.938336 0.290971 -0.38528 0.778864 0.494905 -0.403646 0.754315 0.517763 -0.403646 0.754315 0.517763 -0.203967 0.926902 0.315039 -0.186713 0.938336 0.290971 -0.203967 0.926902 0.315039 -0.403646 0.754315 0.517763 -0.417835 0.73333 0.536321 -0.417835 0.73333 0.536321 -0.212292 0.919003 0.332214 -0.203967 0.926902 0.315039 -0.0701649 0.988258 0.135732 -0.203967 0.926902 0.315039 -0.212292 0.919003 0.332214 -0.212292 0.919003 0.332214 -0.0716461 0.987419 0.140962 -0.0701649 0.988258 0.135732 -0.129534 -0.971456 0.198733 -0.0987938 -0.983264 0.153075 -0.381746 -0.785865 0.486504 -0.381746 -0.785865 0.486504 -0.436826 -0.706587 0.556702 -0.129534 -0.971456 0.198733 -0.0627782 -0.995824 0.0662797 -0.055449 -0.997084 0.0524324 -0.0987938 -0.983264 0.153075 -0.0987938 -0.983264 0.153075 -0.129534 -0.971456 0.198733 -0.0627782 -0.995824 0.0662797 -0.998898 0.0 -0.046933 1.0 0.0 0.0 -0.0987938 -0.983264 0.153075 -0.0987938 -0.983264 0.153075 -0.055449 -0.997084 0.0524324 -0.998898 0.0 -0.046933 1.0 0.0 0.0 -0.446722 0.446722 -0.775164 -0.381746 -0.785865 0.486504 -0.381746 -0.785865 0.486504 -0.0987938 -0.983264 0.153075 1.0 0.0 0.0 1.0 0.0 0.0 0.446722 -0.446722 0.775164 -0.446722 0.446722 -0.775164 -0.446722 0.446722 -0.775164 1.0 0.0 0.0 1.0 0.0 0.0 0.998898 0.0 0.046933 1.0 0.0 0.0 1.0 0.0 0.0 1.0 0.0 0.0 -0.998898 0.0 -0.046933 0.998898 0.0 0.046933 -0.998898 0.0 -0.046933 1.0 0.0 0.0 1.0 0.0 0.0 1.0 0.0 0.0 0.998898 0.0 0.046933 -0.998898 0.0 -0.046933 1.0 0.0 0.0 -0.446722 0.446722 -0.775164 0.446722 -0.446722 0.775164 0.446722 -0.446722 0.775164 1.0 0.0 0.0 1.0 0.0 0.0 -0.222216 -0.93959 0.260366 -0.629873 -0.490831 0.601951 -0.446722 0.446722 -0.775164 -0.446722 0.446722 -0.775164 1.0 0.0 0.0 -0.222216 -0.93959 0.260366 -0.0423221 -0.996826 0.0674265 -0.222216 -0.93959 0.260366 1.0 0.0 0.0 1.0 0.0 0.0 -0.998898 0.0 -0.046933 -0.0423221 -0.996826 0.0674265 -0.0423221 -0.996826 0.0674265 -0.0379907 -0.997521 0.0592408 -0.187544 -0.95862 0.214184 -0.187544 -0.95862 0.214184 -0.222216 -0.93959 0.260366 -0.0423221 -0.996826 0.0674265 -0.222216 -0.93959 0.260366 -0.187544 -0.95862 0.214184 -0.552533 -0.645232 0.52762 -0.552533 -0.645232 0.52762 -0.629873 -0.490831 0.601951 -0.222216 -0.93959 0.260366 -0.187544 -0.95862 0.214184 -0.376216 -0.896678 0.233303 -0.63021 -0.596551 0.496953 -0.63021 -0.596551 0.496953 -0.552533 -0.645232 0.52762 -0.187544 -0.95862 0.214184 -0.0379907 -0.997521 0.0592408 -0.253443 -0.965216 0.0642262 -0.376216 -0.896678 0.233303 -0.376216 -0.896678 0.233303 -0.187544 -0.95862 0.214184 -0.0379907 -0.997521 0.0592408 -0.253443 -0.965216 0.0642262 -0.78076 -0.623141 0.04593 -0.795379 -0.566723 0.214936 -0.795379 -0.566723 0.214936 -0.376216 -0.896678 0.233303 -0.253443 -0.965216 0.0642262 -0.376216 -0.896678 0.233303 -0.795379 -0.566723 0.214936 -0.81438 -0.429858 0.389882 -0.81438 -0.429858 0.389882 -0.63021 -0.596551 0.496953 -0.376216 -0.896678 0.233303 -0.630478 0.212701 0.746496 -0.635723 -0.139337 0.759238 -0.991169 0.130184 0.0252353 -0.991169 0.130184 0.0252353 -0.711311 0.218188 0.668155 -0.630478 0.212701 0.746496 -0.436826 -0.706587 0.556702 -0.381746 -0.785865 0.486504 -0.991169 0.130184 0.0252353 -0.991169 0.130184 0.0252353 -0.635723 -0.139337 0.759238 -0.436826 -0.706587 0.556702 -0.446722 0.446722 -0.775164 -0.448181 0.448181 -0.773477 -0.991169 0.130184 0.0252353 -0.991169 0.130184 0.0252353 -0.381746 -0.785865 0.486504 -0.446722 0.446722 -0.775164 -0.448181 0.448181 -0.773477 0.956032 -0.184059 -0.228309 -0.711311 0.218188 0.668155 -0.711311 0.218188 0.668155 -0.991169 0.130184 0.0252353 -0.448181 0.448181 -0.773477 0.442376 -0.442376 0.780133 -0.802942 0.27388 0.529409 0.956032 -0.184059 -0.228309 0.956032 -0.184059 -0.228309 -0.448181 0.448181 -0.773477 0.442376 -0.442376 0.780133 0.446722 -0.446722 0.775164 0.442376 -0.442376 0.780133 -0.448181 0.448181 -0.773477 -0.448181 0.448181 -0.773477 -0.446722 0.446722 -0.775164 0.446722 -0.446722 0.775164 -0.446722 0.446722 -0.775164 -0.448181 0.448181 -0.773477 0.442376 -0.442376 0.780133 0.442376 -0.442376 0.780133 0.446722 -0.446722 0.775164 -0.446722 0.446722 -0.775164 -0.448181 0.448181 -0.773477 0.956032 -0.184059 -0.228309 -0.802942 0.27388 0.529409 -0.802942 0.27388 0.529409 0.442376 -0.442376 0.780133 -0.448181 0.448181 -0.773477 -0.219682 -0.253849 0.941966 0.53844 -0.200398 0.818488 0.956032 -0.184059 -0.228309 0.956032 -0.184059 -0.228309 -0.448181 0.448181 -0.773477 -0.219682 -0.253849 0.941966 -0.629873 -0.490831 0.601951 -0.219682 -0.253849 0.941966 -0.448181 0.448181 -0.773477 -0.448181 0.448181 -0.773477 -0.446722 0.446722 -0.775164 -0.629873 -0.490831 0.601951 -0.629873 -0.490831 0.601951 -0.552533 -0.645232 0.52762 -0.734921 -0.105312 0.669925 -0.734921 -0.105312 0.669925 -0.219682 -0.253849 0.941966 -0.629873 -0.490831 0.601951 0.53844 -0.200398 0.818488 -0.219682 -0.253849 0.941966 -0.734921 -0.105312 0.669925 -0.734921 -0.105312 0.669925 -0.725249 0.199547 0.658935 0.53844 -0.200398 0.818488 -0.725249 0.199547 0.658935 -0.734921 -0.105312 0.669925 -0.775125 -0.0831529 0.626313 -0.775125 -0.0831529 0.626313 -0.769197 0.189637 0.610224 -0.725249 0.199547 0.658935 -0.552533 -0.645232 0.52762 -0.63021 -0.596551 0.496953 -0.775125 -0.0831529 0.626313 -0.775125 -0.0831529 0.626313 -0.734921 -0.105312 0.669925 -0.552533 -0.645232 0.52762 -0.63021 -0.596551 0.496953 -0.81438 -0.429858 0.389882 -0.902022 -0.0875778 0.422714 -0.902022 -0.0875778 0.422714 -0.775125 -0.0831529 0.626313 -0.63021 -0.596551 0.496953 -0.769197 0.189637 0.610224 -0.775125 -0.0831529 0.626313 -0.902022 -0.0875778 0.422714 -0.902022 -0.0875778 0.422714 -0.888732 0.137282 0.437389 -0.769197 0.189637 0.610224 -0.102902 -0.994624 0.0115697 0.68254 -0.726492 0.0796751 -0.055449 -0.997084 0.0524324 -0.055449 -0.997084 0.0524324 -0.0627782 -0.995824 0.0662797 -0.102902 -0.994624 0.0115697 -0.1276 -0.9914 -0.029061 -0.129864 -0.991118 -0.028652 0.68254 -0.726492 0.0796751 0.68254 -0.726492 0.0796751 -0.102902 -0.994624 0.0115697 -0.1276 -0.9914 -0.029061 0.999867 0.0 -0.0163126 0.955308 0.0 0.295613 0.68254 -0.726492 0.0796751 0.68254 -0.726492 0.0796751 -0.129864 -0.991118 -0.028652 0.999867 0.0 -0.0163126 0.955308 0.0 0.295613 -0.998898 0.0 -0.046933 -0.055449 -0.997084 0.0524324 -0.055449 -0.997084 0.0524324 0.68254 -0.726492 0.0796751 0.955308 0.0 0.295613 -0.955299 0.0 -0.29564 0.998898 0.0 0.046933 -0.998898 0.0 -0.046933 -0.998898 0.0 -0.046933 0.955308 0.0 0.295613 -0.955299 0.0 -0.29564 -0.999867 0.0 0.0163126 -0.955299 0.0 -0.29564 0.955308 0.0 0.295613 0.955308 0.0 0.295613 0.999867 0.0 -0.0163126 -0.999867 0.0 0.0163126 0.999867 0.0 -0.0163126 0.955308 0.0 0.295613 -0.955299 0.0 -0.29564 -0.955299 0.0 -0.29564 -0.999867 0.0 0.0163126 0.999867 0.0 -0.0163126 0.955308 0.0 0.295613 -0.998898 0.0 -0.046933 0.998898 0.0 0.046933 0.998898 0.0 0.046933 -0.955299 0.0 -0.29564 0.955308 0.0 0.295613 -0.697581 -0.714125 -0.0583708 -0.0423221 -0.996826 0.0674265 -0.998898 0.0 -0.046933 -0.998898 0.0 -0.046933 0.955308 0.0 0.295613 -0.697581 -0.714125 -0.0583708 -0.000180256 -1.0 0.0 -0.697581 -0.714125 -0.0583708 0.955308 0.0 0.295613 0.955308 0.0 0.295613 0.999867 0.0 -0.0163126 -0.000180256 -1.0 0.0 -0.000180256 -1.0 0.0 0.0 -1.0 0.0 -0.00691128 -0.999886 0.0134542 -0.00691128 -0.999886 0.0134542 -0.697581 -0.714125 -0.0583708 -0.000180256 -1.0 0.0 -0.697581 -0.714125 -0.0583708 -0.00691128 -0.999886 0.0134542 -0.0379907 -0.997521 0.0592408 -0.0379907 -0.997521 0.0592408 -0.0423221 -0.996826 0.0674265 -0.697581 -0.714125 -0.0583708 -0.00691128 -0.999886 0.0134542 -0.217688 -0.976018 -0.000879066 -0.253443 -0.965216 0.0642262 -0.253443 -0.965216 0.0642262 -0.0379907 -0.997521 0.0592408 -0.00691128 -0.999886 0.0134542 0.0 -1.0 0.0 -0.197265 -0.979626 -0.037672 -0.217688 -0.976018 -0.000879066 -0.217688 -0.976018 -0.000879066 -0.00691128 -0.999886 0.0134542 0.0 -1.0 0.0 -0.197265 -0.979626 -0.037672 -0.7426 -0.653722 -0.145576 -0.765849 -0.641352 -0.0462953 -0.765849 -0.641352 -0.0462953 -0.217688 -0.976018 -0.000879066 -0.197265 -0.979626 -0.037672 -0.217688 -0.976018 -0.000879066 -0.765849 -0.641352 -0.0462953 -0.78076 -0.623141 0.04593 -0.78076 -0.623141 0.04593 -0.253443 -0.965216 0.0642262 -0.217688 -0.976018 -0.000879066 -0.1276 -0.9914 -0.029061 -0.0528445 -0.986253 -0.156566 0.697328 -0.701818 0.145552 0.697328 -0.701818 0.145552 -0.129864 -0.991118 -0.028652 -0.1276 -0.9914 -0.029061 -0.0528445 -0.986253 -0.156566 0.21626 -0.749743 -0.625394 0.214381 -0.758896 -0.614912 0.214381 -0.758896 -0.614912 0.697328 -0.701818 0.145552 -0.0528445 -0.986253 -0.156566 0.888337 -0.295361 -0.351595 0.868784 0.0 0.495191 0.697328 -0.701818 0.145552 0.697328 -0.701818 0.145552 0.214381 -0.758896 -0.614912 0.888337 -0.295361 -0.351595 0.868784 0.0 0.495191 0.999867 0.0 -0.0163126 -0.129864 -0.991118 -0.028652 -0.129864 -0.991118 -0.028652 0.697328 -0.701818 0.145552 0.868784 0.0 0.495191 -0.868583 0.0 -0.495543 -0.999867 0.0 0.0163126 0.999867 0.0 -0.0163126 0.999867 0.0 -0.0163126 0.868784 0.0 0.495191 -0.868583 0.0 -0.495543 -0.888337 0.295361 0.351595 -0.868583 0.0 -0.495543 0.868784 0.0 0.495191 0.868784 0.0 0.495191 0.888337 -0.295361 -0.351595 -0.888337 0.295361 0.351595 0.888337 -0.295361 -0.351595 0.868784 0.0 0.495191 -0.868583 0.0 -0.495543 -0.868583 0.0 -0.495543 -0.888337 0.295361 0.351595 0.888337 -0.295361 -0.351595 0.868784 0.0 0.495191 0.999867 0.0 -0.0163126 -0.999867 0.0 0.0163126 -0.999867 0.0 0.0163126 -0.868583 0.0 -0.495543 0.868784 0.0 0.495191 -0.663891 -0.682629 -0.305396 -0.000180256 -1.0 0.0 0.999867 0.0 -0.0163126 0.999867 0.0 -0.0163126 0.868784 0.0 0.495191 -0.663891 -0.682629 -0.305396 0.181698 -0.762924 -0.620429 -0.663891 -0.682629 -0.305396 0.868784 0.0 0.495191 0.868784 0.0 0.495191 0.888337 -0.295361 -0.351595 0.181698 -0.762924 -0.620429 -0.663891 -0.682629 -0.305396 0.181698 -0.762924 -0.620429 0.17935 -0.770305 -0.611934 0.17935 -0.770305 -0.611934 0.0391653 -0.992778 -0.113392 -0.663891 -0.682629 -0.305396 -0.663891 -0.682629 -0.305396 0.0391653 -0.992778 -0.113392 0.0 -1.0 0.0 0.0 -1.0 0.0 -0.000180256 -1.0 0.0 -0.663891 -0.682629 -0.305396 0.0391653 -0.992778 -0.113392 -0.145091 -0.97178 -0.185991 -0.197265 -0.979626 -0.037672 -0.197265 -0.979626 -0.037672 0.0 -1.0 0.0 0.0391653 -0.992778 -0.113392 0.0391653 -0.992778 -0.113392 0.17935 -0.770305 -0.611934 -0.0660058 -0.727347 -0.683088 -0.0660058 -0.727347 -0.683088 -0.145091 -0.97178 -0.185991 0.0391653 -0.992778 -0.113392 -0.145091 -0.97178 -0.185991 -0.0660058 -0.727347 -0.683088 -0.490549 -0.579547 -0.650759 -0.490549 -0.579547 -0.650759 -0.647608 -0.661982 -0.377338 -0.145091 -0.97178 -0.185991 -0.145091 -0.97178 -0.185991 -0.647608 -0.661982 -0.377338 -0.7426 -0.653722 -0.145576 -0.7426 -0.653722 -0.145576 -0.197265 -0.979626 -0.037672 -0.145091 -0.97178 -0.185991 0.386794 -0.210632 -0.897789 0.92925 -0.194995 0.313803 0.214381 -0.758896 -0.614912 0.214381 -0.758896 -0.614912 0.21626 -0.749743 -0.625394 0.386794 -0.210632 -0.897789 0.397949 0.0 -0.917408 0.397949 0.0 -0.917408 0.92925 -0.194995 0.313803 0.92925 -0.194995 0.313803 0.386794 -0.210632 -0.897789 0.397949 0.0 -0.917408 0.0 0.0 1.0 -0.685587 -0.685587 0.244827 0.92925 -0.194995 0.313803 0.92925 -0.194995 0.313803 0.397949 0.0 -0.917408 0.0 0.0 1.0 -0.685587 -0.685587 0.244827 0.888337 -0.295361 -0.351595 0.214381 -0.758896 -0.614912 0.214381 -0.758896 -0.614912 0.92925 -0.194995 0.313803 -0.685587 -0.685587 0.244827 0.685587 0.685587 -0.244827 -0.888337 0.295361 0.351595 0.888337 -0.295361 -0.351595 0.888337 -0.295361 -0.351595 -0.685587 -0.685587 0.244827 0.685587 0.685587 -0.244827 0.0 0.0 -1.0 0.685587 0.685587 -0.244827 -0.685587 -0.685587 0.244827 -0.685587 -0.685587 0.244827 0.0 0.0 1.0 0.0 0.0 -1.0 0.0 0.0 1.0 -0.685587 -0.685587 0.244827 0.685587 0.685587 -0.244827 0.685587 0.685587 -0.244827 0.0 0.0 -1.0 0.0 0.0 1.0 -0.685587 -0.685587 0.244827 0.888337 -0.295361 -0.351595 -0.888337 0.295361 0.351595 -0.888337 0.295361 0.351595 0.685587 0.685587 -0.244827 -0.685587 -0.685587 0.244827 0.0737952 -0.157469 -0.984763 0.181698 -0.762924 -0.620429 0.888337 -0.295361 -0.351595 0.888337 -0.295361 -0.351595 -0.685587 -0.685587 0.244827 0.0737952 -0.157469 -0.984763 0.265978 0.0 -0.963979 0.0737952 -0.157469 -0.984763 -0.685587 -0.685587 0.244827 -0.685587 -0.685587 0.244827 0.0 0.0 1.0 0.265978 0.0 -0.963979 0.265978 0.0 -0.963979 0.266007 0.0 -0.963971 0.260533 -0.213462 -0.941571 0.260533 -0.213462 -0.941571 0.0737952 -0.157469 -0.984763 0.265978 0.0 -0.963979 0.181698 -0.762924 -0.620429 0.0737952 -0.157469 -0.984763 0.260533 -0.213462 -0.941571 0.260533 -0.213462 -0.941571 0.17935 -0.770305 -0.611934 0.181698 -0.762924 -0.620429 0.17935 -0.770305 -0.611934 0.260533 -0.213462 -0.941571 0.0428009 -0.207436 -0.977312 0.0428009 -0.207436 -0.977312 -0.0660058 -0.727347 -0.683088 0.17935 -0.770305 -0.611934 0.266007 0.0 -0.963971 0.0470724 0.0 -0.998891 0.0428009 -0.207436 -0.977312 0.0428009 -0.207436 -0.977312 0.260533 -0.213462 -0.941571 0.266007 0.0 -0.963971 0.0470724 0.0 -0.998891 -0.553206 0.0 -0.833044 -0.527651 -0.216468 -0.821417 -0.527651 -0.216468 -0.821417 0.0428009 -0.207436 -0.977312 0.0470724 0.0 -0.998891 0.0428009 -0.207436 -0.977312 -0.527651 -0.216468 -0.821417 -0.490549 -0.579547 -0.650759 -0.490549 -0.579547 -0.650759 -0.0660058 -0.727347 -0.683088 0.0428009 -0.207436 -0.977312 -0.0716461 0.987419 0.140962 -0.212292 0.919003 0.332214 -0.183247 0.939868 0.288217 -0.183247 0.939868 0.288217 0.379929 0.920101 0.0952268 -0.0716461 0.987419 0.140962 -0.212292 0.919003 0.332214 -0.417835 0.73333 0.536321 0.577267 0.699668 0.420984 0.577267 0.699668 0.420984 -0.183247 0.939868 0.288217 -0.212292 0.919003 0.332214 -0.982867 0.0 0.184315 -0.982852 0.0 0.184394 -0.183247 0.939868 0.288217 -0.183247 0.939868 0.288217 0.577267 0.699668 0.420984 -0.982867 0.0 0.184315 -0.982852 0.0 0.184394 1.0 0.0 0.0 0.379929 0.920101 0.0952268 0.379929 0.920101 0.0952268 -0.183247 0.939868 0.288217 -0.982852 0.0 0.184394 0.982852 0.0 -0.184394 0.707107 0.707107 0.0 1.0 0.0 0.0 1.0 0.0 0.0 -0.982852 0.0 0.184394 0.982852 0.0 -0.184394 -0.0997752 0.0 -0.99501 0.982852 0.0 -0.184394 -0.982852 0.0 0.184394 -0.982852 0.0 0.184394 -0.982867 0.0 0.184315 -0.0997752 0.0 -0.99501 -0.982867 0.0 0.184315 -0.982852 0.0 0.184394 0.982852 0.0 -0.184394 0.982852 0.0 -0.184394 -0.0997752 0.0 -0.99501 -0.982867 0.0 0.184315 -0.982852 0.0 0.184394 1.0 0.0 0.0 0.707107 0.707107 0.0 0.707107 0.707107 0.0 0.982852 0.0 -0.184394 -0.982852 0.0 0.184394 -0.348048 0.84428 0.407496 -0.949426 0.28607 0.129441 1.0 0.0 0.0 1.0 0.0 0.0 -0.982852 0.0 0.184394 -0.348048 0.84428 0.407496 -0.907482 0.293256 0.300794 -0.348048 0.84428 0.407496 -0.982852 0.0 0.184394 -0.982852 0.0 0.184394 -0.982867 0.0 0.184315 -0.907482 0.293256 0.300794 -0.348048 0.84428 0.407496 -0.907482 0.293256 0.300794 -0.545836 0.654609 0.52302 -0.545836 0.654609 0.52302 -0.317568 0.875705 0.36372 -0.348048 0.84428 0.407496 -0.949426 0.28607 0.129441 -0.348048 0.84428 0.407496 -0.317568 0.875705 0.36372 -0.317568 0.875705 0.36372 -0.100677 0.98271 0.155385 -0.949426 0.28607 0.129441 -0.100677 0.98271 0.155385 -0.317568 0.875705 0.36372 -0.426915 0.821239 0.378563 -0.426915 0.821239 0.378563 -0.296726 0.940751 0.164137 -0.100677 0.98271 0.155385 -0.317568 0.875705 0.36372 -0.545836 0.654609 0.52302 -0.593558 0.608295 0.526941 -0.593558 0.608295 0.526941 -0.426915 0.821239 0.378563 -0.317568 0.875705 0.36372 -0.426915 0.821239 0.378563 -0.593558 0.608295 0.526941 -0.72733 0.487074 0.483476 -0.72733 0.487074 0.483476 -0.764836 0.552476 0.331353 -0.426915 0.821239 0.378563 -0.296726 0.940751 0.164137 -0.426915 0.821239 0.378563 -0.764836 0.552476 0.331353 -0.764836 0.552476 0.331353 -0.77913 0.614099 0.125852 -0.296726 0.940751 0.164137 -0.417835 0.73333 0.536321 -0.568445 0.465065 0.678664 0.510283 0.467457 0.72187 0.510283 0.467457 0.72187 0.577267 0.699668 0.420984 -0.417835 0.73333 0.536321 -0.568445 0.465065 0.678664 -0.630478 0.212701 0.746496 -0.711311 0.218188 0.668155 -0.711311 0.218188 0.668155 0.510283 0.467457 0.72187 -0.568445 0.465065 0.678664 0.956032 -0.184059 -0.228309 0.950473 -0.149759 -0.272349 0.510283 0.467457 0.72187 0.510283 0.467457 0.72187 -0.711311 0.218188 0.668155 0.956032 -0.184059 -0.228309 0.950473 -0.149759 -0.272349 -0.982867 0.0 0.184315 0.577267 0.699668 0.420984 0.577267 0.699668 0.420984 0.510283 0.467457 0.72187 0.950473 -0.149759 -0.272349 -0.956165 0.181228 0.230012 -0.0997752 0.0 -0.99501 -0.982867 0.0 0.184315 -0.982867 0.0 0.184315 0.950473 -0.149759 -0.272349 -0.956165 0.181228 0.230012 -0.802942 0.27388 0.529409 -0.956165 0.181228 0.230012 0.950473 -0.149759 -0.272349 0.950473 -0.149759 -0.272349 0.956032 -0.184059 -0.228309 -0.802942 0.27388 0.529409 0.956032 -0.184059 -0.228309 0.950473 -0.149759 -0.272349 -0.956165 0.181228 0.230012 -0.956165 0.181228 0.230012 -0.802942 0.27388 0.529409 0.956032 -0.184059 -0.228309 0.950473 -0.149759 -0.272349 -0.982867 0.0 0.184315 -0.0997752 0.0 -0.99501 -0.0997752 0.0 -0.99501 -0.956165 0.181228 0.230012 0.950473 -0.149759 -0.272349 -0.93084 0.215354 0.295228 -0.907482 0.293256 0.300794 -0.982867 0.0 0.184315 -0.982867 0.0 0.184315 0.950473 -0.149759 -0.272349 -0.93084 0.215354 0.295228 0.53844 -0.200398 0.818488 -0.93084 0.215354 0.295228 0.950473 -0.149759 -0.272349 0.950473 -0.149759 -0.272349 0.956032 -0.184059 -0.228309 0.53844 -0.200398 0.818488 -0.93084 0.215354 0.295228 0.53844 -0.200398 0.818488 -0.725249 0.199547 0.658935 -0.725249 0.199547 0.658935 -0.670783 0.419922 0.611322 -0.93084 0.215354 0.295228 -0.907482 0.293256 0.300794 -0.93084 0.215354 0.295228 -0.670783 0.419922 0.611322 -0.670783 0.419922 0.611322 -0.545836 0.654609 0.52302 -0.907482 0.293256 0.300794 -0.545836 0.654609 0.52302 -0.670783 0.419922 0.611322 -0.709734 0.389793 0.586804 -0.709734 0.389793 0.586804 -0.593558 0.608295 0.526941 -0.545836 0.654609 0.52302 -0.670783 0.419922 0.611322 -0.725249 0.199547 0.658935 -0.769197 0.189637 0.610224 -0.769197 0.189637 0.610224 -0.709734 0.389793 0.586804 -0.670783 0.419922 0.611322 -0.709734 0.389793 0.586804 -0.769197 0.189637 0.610224 -0.888732 0.137282 0.437389 -0.888732 0.137282 0.437389 -0.836673 0.300522 0.457892 -0.709734 0.389793 0.586804 -0.593558 0.608295 0.526941 -0.709734 0.389793 0.586804 -0.836673 0.300522 0.457892 -0.836673 0.300522 0.457892 -0.72733 0.487074 0.483476 -0.593558 0.608295 0.526941 0.0 1.0 0.0 -0.0133928 0.999462 0.0299423 -0.0104909 0.999666 0.0236084 -0.0104909 0.999666 0.0236084 0.703632 0.692994 0.15704 0.0 1.0 0.0 -0.0133928 0.999462 0.0299423 -0.0716461 0.987419 0.140962 0.379929 0.920101 0.0952268 0.379929 0.920101 0.0952268 -0.0104909 0.999666 0.0236084 -0.0133928 0.999462 0.0299423 1.0 0.0 0.0 0.987972 0.0 0.154636 -0.0104909 0.999666 0.0236084 -0.0104909 0.999666 0.0236084 0.379929 0.920101 0.0952268 1.0 0.0 0.0 0.987972 0.0 0.154636 0.999883 0.0 -0.0152645 0.703632 0.692994 0.15704 0.703632 0.692994 0.15704 -0.0104909 0.999666 0.0236084 0.987972 0.0 0.154636 -0.987972 0.0 -0.154636 -0.999883 0.0 0.0152715 0.999883 0.0 -0.0152645 0.999883 0.0 -0.0152645 0.987972 0.0 0.154636 -0.987972 0.0 -0.154636 0.707107 0.707107 0.0 -0.987972 0.0 -0.154636 0.987972 0.0 0.154636 0.987972 0.0 0.154636 1.0 0.0 0.0 0.707107 0.707107 0.0 1.0 0.0 0.0 0.987972 0.0 0.154636 -0.987972 0.0 -0.154636 -0.987972 0.0 -0.154636 0.707107 0.707107 0.0 1.0 0.0 0.0 0.987972 0.0 0.154636 0.999883 0.0 -0.0152645 -0.999883 0.0 0.0152715 -0.999883 0.0 0.0152715 -0.987972 0.0 -0.154636 0.987972 0.0 0.154636 -0.0190312 0.999126 0.0372218 -0.675378 0.721906 -0.150721 0.999883 0.0 -0.0152645 0.999883 0.0 -0.0152645 0.987972 0.0 0.154636 -0.0190312 0.999126 0.0372218 -0.949426 0.28607 0.129441 -0.0190312 0.999126 0.0372218 0.987972 0.0 0.154636 0.987972 0.0 0.154636 1.0 0.0 0.0 -0.949426 0.28607 0.129441 -0.0190312 0.999126 0.0372218 -0.949426 0.28607 0.129441 -0.100677 0.98271 0.155385 -0.100677 0.98271 0.155385 -0.016011 0.999388 0.0311003 -0.0190312 0.999126 0.0372218 -0.675378 0.721906 -0.150721 -0.0190312 0.999126 0.0372218 -0.016011 0.999388 0.0311003 -0.016011 0.999388 0.0311003 0.0 1.0 0.0 -0.675378 0.721906 -0.150721 0.0 1.0 0.0 -0.016011 0.999388 0.0311003 -0.22572 0.974037 0.0173806 -0.22572 0.974037 0.0173806 -0.197264 0.979626 -0.0376719 0.0 1.0 0.0 -0.016011 0.999388 0.0311003 -0.100677 0.98271 0.155385 -0.296726 0.940751 0.164137 -0.296726 0.940751 0.164137 -0.22572 0.974037 0.0173806 -0.016011 0.999388 0.0311003 -0.22572 0.974037 0.0173806 -0.296726 0.940751 0.164137 -0.77913 0.614099 0.125852 -0.77913 0.614099 0.125852 -0.766223 0.641668 -0.0341242 -0.22572 0.974037 0.0173806 -0.197264 0.979626 -0.0376719 -0.22572 0.974037 0.0173806 -0.766223 0.641668 -0.0341242 -0.766223 0.641668 -0.0341242 -0.742599 0.653724 -0.145576 -0.197264 0.979626 -0.0376719 0.388581 0.214841 -0.896018 0.943116 -0.027702 0.331308 0.397949 0.0 -0.917408 0.397949 0.0 -0.917408 0.397949 0.0 -0.917408 0.388581 0.214841 -0.896018 0.388581 0.214841 -0.896018 0.251516 0.773104 -0.582279 -0.0525029 0.655118 -0.7537 -0.0525029 0.655118 -0.7537 0.943116 -0.027702 0.331308 0.388581 0.214841 -0.896018 -0.526431 0.263216 -0.808448 0.0 0.058722 -0.998274 0.943116 -0.027702 0.331308 0.943116 -0.027702 0.331308 -0.0525029 0.655118 -0.7537 -0.526431 0.263216 -0.808448 0.0 0.058722 -0.998274 0.0 0.0 1.0 0.397949 0.0 -0.917408 0.397949 0.0 -0.917408 0.943116 -0.027702 0.331308 0.0 0.058722 -0.998274 0.0 -0.970142 0.242536 0.0 0.0 -1.0 0.0 0.0 1.0 0.0 0.0 1.0 0.0 0.058722 -0.998274 0.0 -0.970142 0.242536 0.812549 0.497686 0.303436 0.0 -0.970142 0.242536 0.0 0.058722 -0.998274 0.0 0.058722 -0.998274 -0.526431 0.263216 -0.808448 0.812549 0.497686 0.303436 -0.526431 0.263216 -0.808448 0.0 0.058722 -0.998274 0.0 -0.970142 0.242536 0.0 -0.970142 0.242536 0.812549 0.497686 0.303436 -0.526431 0.263216 -0.808448 0.0 0.058722 -0.998274 0.0 0.0 1.0 0.0 0.0 -1.0 0.0 0.0 -1.0 0.0 -0.970142 0.242536 0.0 0.058722 -0.998274 0.127227 0.214273 -0.968453 0.265978 0.0 -0.963979 0.0 0.0 1.0 0.0 0.0 1.0 0.0 0.058722 -0.998274 0.127227 0.214273 -0.968453 0.791308 0.595999 0.136441 0.127227 0.214273 -0.968453 0.0 0.058722 -0.998274 0.0 0.058722 -0.998274 -0.526431 0.263216 -0.808448 0.791308 0.595999 0.136441 0.791308 0.595999 0.136441 0.179349 0.770307 -0.611932 0.260533 0.213462 -0.941571 0.260533 0.213462 -0.941571 0.127227 0.214273 -0.968453 0.791308 0.595999 0.136441 0.127227 0.214273 -0.968453 0.260533 0.213462 -0.941571 0.266007 0.0 -0.963971 0.266007 0.0 -0.963971 0.265978 0.0 -0.963979 0.127227 0.214273 -0.968453 0.260533 0.213462 -0.941571 0.042801 0.207437 -0.977312 0.0470724 0.0 -0.998891 0.0470724 0.0 -0.998891 0.266007 0.0 -0.963971 0.260533 0.213462 -0.941571 0.179349 0.770307 -0.611932 -0.0660057 0.727348 -0.683087 0.042801 0.207437 -0.977312 0.042801 0.207437 -0.977312 0.260533 0.213462 -0.941571 0.179349 0.770307 -0.611932 0.042801 0.207437 -0.977312 -0.0660057 0.727348 -0.683087 -0.490549 0.579548 -0.650758 -0.490549 0.579548 -0.650758 -0.527652 0.216468 -0.821417 0.042801 0.207437 -0.977312 0.042801 0.207437 -0.977312 -0.527652 0.216468 -0.821417 -0.553206 0.0 -0.833044 -0.553206 0.0 -0.833044 0.0470724 0.0 -0.998891 0.042801 0.207437 -0.977312 0.251516 0.773104 -0.582279 0.0462367 0.993035 -0.10837 0.0487351 0.992281 -0.114036 0.0487351 0.992281 -0.114036 -0.0525029 0.655118 -0.7537 0.251516 0.773104 -0.582279 0.0462367 0.993035 -0.10837 0.0 1.0 0.0 0.703632 0.692994 0.15704 0.703632 0.692994 0.15704 0.0487351 0.992281 -0.114036 0.0462367 0.993035 -0.10837 0.999883 0.0 -0.0152645 -0.959973 0.0 -0.280093 0.0487351 0.992281 -0.114036 0.0487351 0.992281 -0.114036 0.703632 0.692994 0.15704 0.999883 0.0 -0.0152645 -0.959973 0.0 -0.280093 -0.526431 0.263216 -0.808448 -0.0525029 0.655118 -0.7537 -0.0525029 0.655118 -0.7537 0.0487351 0.992281 -0.114036 -0.959973 0.0 -0.280093 0.959973 0.0 0.280093 0.812549 0.497686 0.303436 -0.526431 0.263216 -0.808448 -0.526431 0.263216 -0.808448 -0.959973 0.0 -0.280093 0.959973 0.0 0.280093 -0.999883 0.0 0.0152715 0.959973 0.0 0.280093 -0.959973 0.0 -0.280093 -0.959973 0.0 -0.280093 0.999883 0.0 -0.0152645 -0.999883 0.0 0.0152715 0.999883 0.0 -0.0152645 -0.959973 0.0 -0.280093 0.959973 0.0 0.280093 0.959973 0.0 0.280093 -0.999883 0.0 0.0152715 0.999883 0.0 -0.0152645 -0.959973 0.0 -0.280093 -0.526431 0.263216 -0.808448 0.812549 0.497686 0.303436 0.812549 0.497686 0.303436 0.959973 0.0 0.280093 -0.959973 0.0 -0.280093 0.0384328 0.993159 -0.110263 0.791308 0.595999 0.136441 -0.526431 0.263216 -0.808448 -0.526431 0.263216 -0.808448 -0.959973 0.0 -0.280093 0.0384328 0.993159 -0.110263 -0.675378 0.721906 -0.150721 0.0384328 0.993159 -0.110263 -0.959973 0.0 -0.280093 -0.959973 0.0 -0.280093 0.999883 0.0 -0.0152645 -0.675378 0.721906 -0.150721 0.0384328 0.993159 -0.110263 -0.675378 0.721906 -0.150721 0.0 1.0 0.0 0.0 1.0 0.0 0.0391624 0.992778 -0.113392 0.0384328 0.993159 -0.110263 0.0384328 0.993159 -0.110263 0.0391624 0.992778 -0.113392 0.179349 0.770307 -0.611932 0.179349 0.770307 -0.611932 0.791308 0.595999 0.136441 0.0384328 0.993159 -0.110263 0.0391624 0.992778 -0.113392 -0.145089 0.97178 -0.185989 -0.0660057 0.727348 -0.683087 -0.0660057 0.727348 -0.683087 0.179349 0.770307 -0.611932 0.0391624 0.992778 -0.113392 0.0391624 0.992778 -0.113392 0.0 1.0 0.0 -0.197264 0.979626 -0.0376719 -0.197264 0.979626 -0.0376719 -0.145089 0.97178 -0.185989 0.0391624 0.992778 -0.113392 -0.145089 0.97178 -0.185989 -0.197264 0.979626 -0.0376719 -0.742599 0.653724 -0.145576 -0.742599 0.653724 -0.145576 -0.647608 0.661982 -0.377337 -0.145089 0.97178 -0.185989 -0.145089 0.97178 -0.185989 -0.647608 0.661982 -0.377337 -0.490549 0.579548 -0.650758 -0.490549 0.579548 -0.650758 -0.0660057 0.727348 -0.683087 -0.145089 0.97178 -0.185989 0.703644 -0.421186 -0.572265 0.832023 -0.0653954 -0.550874 0.311242 0.00944909 -0.950284 0.311242 0.00944909 -0.950284 0.284453 -0.542512 -0.790422 0.703644 -0.421186 -0.572265 0.87005 0.0826953 -0.485978 0.393641 0.0694052 -0.916641 0.311242 0.00944909 -0.950284 0.311242 0.00944909 -0.950284 0.832023 -0.0653954 -0.550874 0.87005 0.0826953 -0.485978 0.393641 0.0694052 -0.916641 0.265546 0.0212461 -0.963864 0.208108 -0.0603535 -0.976242 0.208108 -0.0603535 -0.976242 0.311242 0.00944909 -0.950284 0.393641 0.0694052 -0.916641 0.311242 0.00944909 -0.950284 0.208108 -0.0603535 -0.976242 0.121277 -0.52226 -0.844119 0.121277 -0.52226 -0.844119 0.284453 -0.542512 -0.790422 0.311242 0.00944909 -0.950284 0.208108 -0.0603535 -0.976242 0.26526 -0.0979222 -0.959191 0.209453 -0.522361 -0.826601 0.209453 -0.522361 -0.826601 0.121277 -0.52226 -0.844119 0.208108 -0.0603535 -0.976242 0.265546 0.0212461 -0.963864 0.282159 0.00135027 -0.959367 0.26526 -0.0979222 -0.959191 0.26526 -0.0979222 -0.959191 0.208108 -0.0603535 -0.976242 0.265546 0.0212461 -0.963864 0.282159 0.00135027 -0.959367 0.28603 0.0 -0.958221 0.284348 -0.108279 -0.952587 0.284348 -0.108279 -0.952587 0.26526 -0.0979222 -0.959191 0.282159 0.00135027 -0.959367 0.26526 -0.0979222 -0.959191 0.284348 -0.108279 -0.952587 0.216873 -0.549074 -0.807145 0.216873 -0.549074 -0.807145 0.209453 -0.522361 -0.826601 0.26526 -0.0979222 -0.959191 0.87005 0.0826953 -0.485978 0.882845 0.0259737 -0.468946 0.428894 0.021226 -0.903105 0.428894 0.021226 -0.903105 0.393641 0.0694052 -0.916641 0.87005 0.0826953 -0.485978 0.879817 0.0 -0.475312 0.435827 0.0 -0.900031 0.428894 0.021226 -0.903105 0.428894 0.021226 -0.903105 0.882845 0.0259737 -0.468946 0.879817 0.0 -0.475312 0.435827 0.0 -0.900031 0.28603 0.0 -0.958221 0.284743 0.00402075 -0.958595 0.284743 0.00402075 -0.958595 0.428894 0.021226 -0.903105 0.435827 0.0 -0.900031 0.428894 0.021226 -0.903105 0.284743 0.00402075 -0.958595 0.265546 0.0212461 -0.963864 0.265546 0.0212461 -0.963864 0.393641 0.0694052 -0.916641 0.428894 0.021226 -0.903105 0.284743 0.00402075 -0.958595 0.28603 0.0 -0.958221 0.282159 0.00135027 -0.959367 0.282159 0.00135027 -0.959367 0.265546 0.0212461 -0.963864 0.284743 0.00402075 -0.958595 0.28603 0.0 -0.958221 0.28603 0.0 -0.958221 0.28603 0.0 -0.958221 0.28603 0.0 -0.958221 0.284743 0.00402075 -0.958595 0.28603 0.0 -0.958221 0.28603 0.0 -0.958221 0.28603 0.0 -0.958221 0.28603 0.0 -0.958221 0.28603 0.0 -0.958221 0.28603 0.0 -0.958221 0.28603 0.0 -0.958221 0.28603 0.0 -0.958221 0.28603 0.0 -0.958221 0.28603 0.0 -0.958221 0.28603 0.0 -0.958221 0.282159 0.00135027 -0.959367 0.28603 0.0 -0.958221 0.879818 0.0 -0.475311 0.435827 0.0 -0.900031 0.435827 0.0 -0.900031 0.435827 0.0 -0.900031 0.879817 0.0 -0.475312 0.879818 0.0 -0.475311 0.879817 0.0 -0.475312 0.435826 0.0 -0.900031 0.435827 0.0 -0.900031 0.435827 0.0 -0.900031 0.879818 0.0 -0.475311 0.879817 0.0 -0.475312 0.435826 0.0 -0.900031 0.28603 0.0 -0.958221 0.28603 0.0 -0.958221 0.28603 0.0 -0.958221 0.435827 0.0 -0.900031 0.435826 0.0 -0.900031 0.435827 0.0 -0.900031 0.28603 0.0 -0.958221 0.28603 0.0 -0.958221 0.28603 0.0 -0.958221 0.435827 0.0 -0.900031 0.435827 0.0 -0.900031 0.28603 0.0 -0.958221 0.28603 0.0 -0.958221 0.28603 0.0 -0.958221 0.28603 0.0 -0.958221 0.28603 0.0 -0.958221 0.28603 0.0 -0.958221 0.28603 0.0 -0.958221 0.28603 0.0 -0.958221 0.28603 0.0 -0.958221 0.28603 0.0 -0.958221 0.28603 0.0 -0.958221 0.28603 0.0 -0.958221 0.28603 0.0 -0.958221 0.28603 0.0 -0.958221 0.28603 0.0 -0.958221 0.28603 0.0 -0.958221 0.28603 0.0 -0.958221 0.28603 0.0 -0.958221 0.28603 0.0 -0.958221 0.28603 0.0 -0.958221 0.28603 0.0 -0.958221 0.28603 0.0 -0.958221 0.28603 0.0 -0.958221 0.28603 0.0 -0.958221 0.859323 0.214586 -0.464238 0.438881 0.16807 -0.882687 0.435826 0.0 -0.900031 0.435826 0.0 -0.900031 0.879817 0.0 -0.475312 0.859323 0.214586 -0.464238 0.718368 0.57735 -0.38809 0.403163 0.690635 -0.600402 0.438881 0.16807 -0.882687 0.438881 0.16807 -0.882687 0.859323 0.214586 -0.464238 0.718368 0.57735 -0.38809 0.403163 0.690635 -0.600402 0.202253 0.707108 -0.677563 0.282336 0.160183 -0.945848 0.282336 0.160183 -0.945848 0.438881 0.16807 -0.882687 0.403163 0.690635 -0.600402 0.438881 0.16807 -0.882687 0.282336 0.160183 -0.945848 0.28603 0.0 -0.958221 0.28603 0.0 -0.958221 0.435826 0.0 -0.900031 0.438881 0.16807 -0.882687 0.282336 0.160183 -0.945848 0.282336 0.160182 -0.945848 0.28603 0.0 -0.958221 0.28603 0.0 -0.958221 0.28603 0.0 -0.958221 0.282336 0.160183 -0.945848 0.202253 0.707108 -0.677563 0.202254 0.707106 -0.677565 0.282336 0.160182 -0.945848 0.282336 0.160182 -0.945848 0.282336 0.160183 -0.945848 0.202253 0.707108 -0.677563 0.202254 0.707106 -0.677565 0.202253 0.707108 -0.677564 0.282336 0.160182 -0.945848 0.282336 0.160182 -0.945848 0.282336 0.160182 -0.945848 0.202254 0.707106 -0.677565 0.282336 0.160182 -0.945848 0.282336 0.160182 -0.945848 0.28603 0.0 -0.958221 0.28603 0.0 -0.958221 0.28603 0.0 -0.958221 0.282336 0.160182 -0.945848 0.718368 0.57735 -0.38809 0.723159 0.690634 -0.00807973 0.209121 0.971342 -0.112975 0.209121 0.971342 -0.112975 0.403163 0.690635 -0.600402 0.718368 0.57735 -0.38809 0.677563 0.707108 0.202253 0.15349 0.987088 0.0458167 0.209121 0.971342 -0.112975 0.209121 0.971342 -0.112975 0.723159 0.690634 -0.00807973 0.677563 0.707108 0.202253 0.15349 0.987088 0.0458167 0.0 1.0 0.0 0.0458169 0.987087 -0.15349 0.0458169 0.987087 -0.15349 0.209121 0.971342 -0.112975 0.15349 0.987088 0.0458167 0.209121 0.971342 -0.112975 0.0458169 0.987087 -0.15349 0.202253 0.707108 -0.677563 0.202253 0.707108 -0.677563 0.403163 0.690635 -0.600402 0.209121 0.971342 -0.112975 0.0458169 0.987087 -0.15349 0.0458169 0.987087 -0.15349 0.202254 0.707106 -0.677565 0.202254 0.707106 -0.677565 0.202253 0.707108 -0.677563 0.0458169 0.987087 -0.15349 0.0 1.0 0.0 0.0 1.0 0.0 0.0458169 0.987087 -0.15349 0.0458169 0.987087 -0.15349 0.0458169 0.987087 -0.15349 0.0 1.0 0.0 0.0 1.0 0.0 0.0 1.0 0.0 0.0458165 0.987088 -0.153489 0.0458165 0.987088 -0.153489 0.0458169 0.987087 -0.15349 0.0 1.0 0.0 0.0458169 0.987087 -0.15349 0.0458165 0.987088 -0.153489 0.202253 0.707108 -0.677564 0.202253 0.707108 -0.677564 0.202254 0.707106 -0.677565 0.0458169 0.987087 -0.15349 0.677291 0.706526 0.205178 0.153702 0.987024 0.046469 0.15349 0.987088 0.0458167 0.15349 0.987088 0.0458167 0.677563 0.707108 0.202253 0.677291 0.706526 0.205178 0.676626 0.704517 0.214086 0.154706 0.986781 0.0482649 0.153702 0.987024 0.046469 0.153702 0.987024 0.046469 0.677291 0.706526 0.205178 0.676626 0.704517 0.214086 0.154706 0.986781 0.0482649 0.0 1.0 0.0 0.0 1.0 0.0 0.0 1.0 0.0 0.153702 0.987024 0.046469 0.154706 0.986781 0.0482649 0.153702 0.987024 0.046469 0.0 1.0 0.0 0.0 1.0 0.0 0.0 1.0 0.0 0.15349 0.987088 0.0458167 0.153702 0.987024 0.046469 0.0 1.0 0.0 0.0 1.0 0.0 0.0 1.0 0.0 0.0 1.0 0.0 0.0 1.0 0.0 0.0 1.0 0.0 0.0 1.0 0.0 0.0 1.0 0.0 0.0 1.0 0.0 0.0 1.0 0.0 0.0 1.0 0.0 0.0 1.0 0.0 0.0 1.0 0.0 0.0 1.0 0.0 0.0 1.0 0.0 0.0 1.0 0.0 0.0 1.0 0.0 0.0 1.0 0.0 0.0 1.0 0.0 0.0 1.0 0.0 0.0 1.0 0.0 0.0 1.0 0.0 0.0 1.0 0.0 0.0 1.0 0.0 0.667825 0.701653 0.248381 0.150925 0.985519 0.0772842 0.154706 0.986781 0.0482649 0.154706 0.986781 0.0482649 0.676626 0.704517 0.214086 0.667825 0.701653 0.248381 0.646236 0.687331 0.331594 0.136903 0.978202 0.156136 0.150925 0.985519 0.0772842 0.150925 0.985519 0.0772842 0.667825 0.701653 0.248381 0.646236 0.687331 0.331594 0.136903 0.978202 0.156136 -0.0266409 0.995239 0.0937523 -0.00694583 0.999684 0.0241773 -0.00694583 0.999684 0.0241773 0.150925 0.985519 0.0772842 0.136903 0.978202 0.156136 0.150925 0.985519 0.0772842 -0.00694583 0.999684 0.0241773 0.0 1.0 0.0 0.0 1.0 0.0 0.154706 0.986781 0.0482649 0.150925 0.985519 0.0772842 -0.00694583 0.999684 0.0241773 -0.0071018 0.999686 0.024024 0.0 1.0 0.0 0.0 1.0 0.0 0.0 1.0 0.0 -0.00694583 0.999684 0.0241773 -0.0266409 0.995239 0.0937523 -0.0275622 0.995244 0.0934328 -0.0071018 0.999686 0.024024 -0.0071018 0.999686 0.024024 -0.00694583 0.999684 0.0241773 -0.0266409 0.995239 0.0937523 -0.0275622 0.995244 0.0934328 -0.0278389 0.995252 0.0932623 -0.00715198 0.999687 0.0239597 -0.00715198 0.999687 0.0239597 -0.0071018 0.999686 0.024024 -0.0275622 0.995244 0.0934328 -0.0071018 0.999686 0.024024 -0.00715198 0.999687 0.0239597 0.0 1.0 0.0 0.0 1.0 0.0 0.0 1.0 0.0 -0.0071018 0.999686 0.024024 0.59602 0.629283 0.498761 0.113134 0.943214 0.312328 0.136903 0.978202 0.156136 0.136903 0.978202 0.156136 0.646236 0.687331 0.331594 0.59602 0.629283 0.498761 0.577006 0.547726 0.605855 0.2346 0.779577 0.580709 0.113134 0.943214 0.312328 0.113134 0.943214 0.312328 0.59602 0.629283 0.498761 0.577006 0.547726 0.605855 0.2346 0.779577 0.580709 -0.0255698 0.897508 0.440256 -0.0576144 0.974007 0.219067 -0.0576144 0.974007 0.219067 0.113134 0.943214 0.312328 0.2346 0.779577 0.580709 0.113134 0.943214 0.312328 -0.0576144 0.974007 0.219067 -0.0266409 0.995239 0.0937523 -0.0266409 0.995239 0.0937523 0.136903 0.978202 0.156136 0.113134 0.943214 0.312328 -0.0576144 0.974007 0.219067 -0.0601123 0.976189 0.208426 -0.0275622 0.995244 0.0934328 -0.0275622 0.995244 0.0934328 -0.0266409 0.995239 0.0937523 -0.0576144 0.974007 0.219067 -0.0255698 0.897508 0.440256 -0.0874737 0.925511 0.36848 -0.0601123 0.976189 0.208426 -0.0601123 0.976189 0.208426 -0.0576144 0.974007 0.219067 -0.0255698 0.897508 0.440256 -0.0874737 0.925511 0.36848 -0.105384 0.929653 0.353044 -0.0615026 0.976609 0.206038 -0.0615026 0.976609 0.206038 -0.0601123 0.976189 0.208426 -0.0874737 0.925511 0.36848 -0.0601123 0.976189 0.208426 -0.0615026 0.976609 0.206038 -0.0278389 0.995252 0.0932623 -0.0278389 0.995252 0.0932623 -0.0275622 0.995244 0.0934328 -0.0601123 0.976189 0.208426 0.734511 0.218051 0.64261 0.507901 0.518369 0.68799 0.2346 0.779577 0.580709 0.2346 0.779577 0.580709 0.577006 0.547726 0.605855 0.734511 0.218051 0.64261 0.819908 0.11793 0.560218 0.688692 0.338224 0.641333 0.507901 0.518369 0.68799 0.507901 0.518369 0.68799 0.734511 0.218051 0.64261 0.819908 0.11793 0.560218 0.688692 0.338224 0.641333 0.384418 0.608297 0.694405 0.21061 0.759235 0.615796 0.21061 0.759235 0.615796 0.507901 0.518369 0.68799 0.688692 0.338224 0.641333 0.507901 0.518369 0.68799 0.21061 0.759235 0.615796 -0.0255698 0.897508 0.440256 -0.0255698 0.897508 0.440256 0.2346 0.779577 0.580709 0.507901 0.518369 0.68799 0.21061 0.759235 0.615796 -0.065186 0.85068 0.521627 -0.0874737 0.925511 0.36848 -0.0874737 0.925511 0.36848 -0.0255698 0.897508 0.440256 0.21061 0.759235 0.615796 0.384418 0.608297 0.694405 -0.028876 0.737952 0.674235 -0.065186 0.85068 0.521627 -0.065186 0.85068 0.521627 0.21061 0.759235 0.615796 0.384418 0.608297 0.694405 -0.065186 0.85068 0.521627 -0.028876 0.737952 0.674235 -0.186912 0.756951 0.62617 -0.186912 0.756951 0.62617 -0.145286 0.861393 0.486718 -0.065186 0.85068 0.521627 -0.0874737 0.925511 0.36848 -0.065186 0.85068 0.521627 -0.145286 0.861393 0.486718 -0.145286 0.861393 0.486718 -0.105384 0.929653 0.353044 -0.0874737 0.925511 0.36848 0.809642 0.142272 0.569419 0.753244 0.19868 0.627017 0.688692 0.338224 0.641333 0.688692 0.338224 0.641333 0.819908 0.11793 0.560218 0.809642 0.142272 0.569419 0.814231 0.0661911 0.576756 0.767753 0.0455294 0.639126 0.753244 0.19868 0.627017 0.753244 0.19868 0.627017 0.809642 0.142272 0.569419 0.814231 0.0661911 0.576756 0.767753 0.0455294 0.639126 0.461792 0.017742 0.886811 0.450406 0.366646 0.814067 0.450406 0.366646 0.814067 0.753244 0.19868 0.627017 0.767753 0.0455294 0.639126 0.753244 0.19868 0.627017 0.450406 0.366646 0.814067 0.384418 0.608297 0.694405 0.384418 0.608297 0.694405 0.688692 0.338224 0.641333 0.753244 0.19868 0.627017 0.450406 0.366646 0.814067 -0.0340968 0.457089 0.888767 -0.028876 0.737952 0.674235 -0.028876 0.737952 0.674235 0.384418 0.608297 0.694405 0.450406 0.366646 0.814067 0.461792 0.017742 0.886811 -0.0485351 0.000355714 0.998821 -0.0340968 0.457089 0.888767 -0.0340968 0.457089 0.888767 0.450406 0.366646 0.814067 0.461792 0.017742 0.886811 -0.0485351 0.000355714 0.998821 -0.286029 0.0 0.958221 -0.250947 0.479857 0.840692 -0.250947 0.479857 0.840692 -0.0340968 0.457089 0.888767 -0.0485351 0.000355714 0.998821 -0.028876 0.737952 0.674235 -0.0340968 0.457089 0.888767 -0.250947 0.479857 0.840692 -0.250947 0.479857 0.840692 -0.186912 0.756951 0.62617 -0.028876 0.737952 0.674235 0.814231 0.0661911 0.576756 0.79813 -0.0452886 0.60078 0.733646 -0.135323 0.665922 0.733646 -0.135323 0.665922 0.767753 0.0455294 0.639126 0.814231 0.0661911 0.576756 0.79813 -0.0452886 0.60078 0.791396 -0.150115 0.592586 0.623136 -0.374725 0.6865 0.623136 -0.374725 0.6865 0.733646 -0.135323 0.665922 0.79813 -0.0452886 0.60078 0.733646 -0.135323 0.665922 0.623136 -0.374725 0.6865 0.317851 -0.621194 0.716302 0.317851 -0.621194 0.716302 0.418754 -0.34351 0.840623 0.733646 -0.135323 0.665922 0.767753 0.0455294 0.639126 0.733646 -0.135323 0.665922 0.418754 -0.34351 0.840623 0.418754 -0.34351 0.840623 0.461792 0.017742 0.886811 0.767753 0.0455294 0.639126 0.461792 0.017742 0.886811 0.418754 -0.34351 0.840623 -0.0470732 -0.45295 0.890292 -0.0470732 -0.45295 0.890292 -0.0485351 0.000355714 0.998821 0.461792 0.017742 0.886811 0.418754 -0.34351 0.840623 0.317851 -0.621194 0.716302 -0.0586609 -0.738626 0.671558 -0.0586609 -0.738626 0.671558 -0.0470732 -0.45295 0.890292 0.418754 -0.34351 0.840623 -0.0586609 -0.738626 0.671558 -0.186912 -0.75695 0.626171 -0.250947 -0.479856 0.840693 -0.250947 -0.479856 0.840693 -0.0470732 -0.45295 0.890292 -0.0586609 -0.738626 0.671558 -0.0470732 -0.45295 0.890292 -0.250947 -0.479856 0.840693 -0.286029 0.0 0.958221 -0.286029 0.0 0.958221 -0.0485351 0.000355714 0.998821 -0.0470732 -0.45295 0.890292 0.791396 -0.150115 0.592586 0.694892 -0.345302 0.630786 0.410156 -0.60993 0.678054 0.410156 -0.60993 0.678054 0.623136 -0.374725 0.6865 0.791396 -0.150115 0.592586 0.694892 -0.345302 0.630786 0.521496 -0.64689 0.556395 0.168414 -0.834479 0.524673 0.168414 -0.834479 0.524673 0.410156 -0.60993 0.678054 0.694892 -0.345302 0.630786 0.410156 -0.60993 0.678054 0.168414 -0.834479 0.524673 -0.0581255 -0.91085 0.408624 -0.0581255 -0.91085 0.408624 0.117546 -0.790496 0.601081 0.410156 -0.60993 0.678054 0.623136 -0.374725 0.6865 0.410156 -0.60993 0.678054 0.117546 -0.790496 0.601081 0.117546 -0.790496 0.601081 0.317851 -0.621194 0.716302 0.623136 -0.374725 0.6865 0.317851 -0.621194 0.716302 0.117546 -0.790496 0.601081 -0.0902829 -0.853431 0.513327 -0.0902829 -0.853431 0.513327 -0.0586609 -0.738626 0.671558 0.317851 -0.621194 0.716302 0.117546 -0.790496 0.601081 -0.0581255 -0.91085 0.408624 -0.094611 -0.926912 0.363158 -0.094611 -0.926912 0.363158 -0.0902829 -0.853431 0.513327 0.117546 -0.790496 0.601081 -0.094611 -0.926912 0.363158 -0.105384 -0.929653 0.353045 -0.145285 -0.861394 0.486717 -0.145285 -0.861394 0.486717 -0.0902829 -0.853431 0.513327 -0.094611 -0.926912 0.363158 -0.0902829 -0.853431 0.513327 -0.145285 -0.861394 0.486717 -0.186912 -0.75695 0.626171 -0.186912 -0.75695 0.626171 -0.0586609 -0.738626 0.671558 -0.0902829 -0.853431 0.513327 0.521496 -0.64689 0.556395 0.577391 -0.671241 0.464817 0.0924355 -0.954103 0.284856 0.0924355 -0.954103 0.284856 0.168414 -0.834479 0.524673 0.521496 -0.64689 0.556395 0.577391 -0.671241 0.464817 0.639828 -0.696756 0.32427 0.132154 -0.979198 0.153968 0.132154 -0.979198 0.153968 0.0924355 -0.954103 0.284856 0.577391 -0.671241 0.464817 0.0924355 -0.954103 0.284856 0.132154 -0.979198 0.153968 -0.0193042 -0.994531 0.102643 -0.0193042 -0.994531 0.102643 -0.0582969 -0.974752 0.215546 0.0924355 -0.954103 0.284856 0.168414 -0.834479 0.524673 0.0924355 -0.954103 0.284856 -0.0582969 -0.974752 0.215546 -0.0582969 -0.974752 0.215546 -0.0581255 -0.91085 0.408624 0.168414 -0.834479 0.524673 -0.0581255 -0.91085 0.408624 -0.0582969 -0.974752 0.215546 -0.0619669 -0.975307 0.211982 -0.0619669 -0.975307 0.211982 -0.094611 -0.926912 0.363158 -0.0581255 -0.91085 0.408624 -0.0582969 -0.974752 0.215546 -0.0193042 -0.994531 0.102643 -0.0175184 -0.99306 0.116299 -0.0175184 -0.99306 0.116299 -0.0619669 -0.975307 0.211982 -0.0582969 -0.974752 0.215546 -0.0175184 -0.99306 0.116299 -0.0259633 -0.991155 0.130148 -0.0625611 -0.975003 0.213201 -0.0625611 -0.975003 0.213201 -0.0619669 -0.975307 0.211982 -0.0175184 -0.99306 0.116299 -0.094611 -0.926912 0.363158 -0.0619669 -0.975307 0.211982 -0.0625611 -0.975003 0.213201 -0.0625611 -0.975003 0.213201 -0.105384 -0.929653 0.353045 -0.094611 -0.926912 0.363158 0.639828 -0.696756 0.32427 0.649854 -0.714736 0.25854 0.145405 -0.98507 0.0921705 0.145405 -0.98507 0.0921705 0.132154 -0.979198 0.153968 0.639828 -0.696756 0.32427 0.649854 -0.714736 0.25854 0.647254 -0.721168 0.246939 0.138167 -0.98509 0.102501 0.138167 -0.98509 0.102501 0.145405 -0.98507 0.0921705 0.649854 -0.714736 0.25854 0.138167 -0.98509 0.102501 0.0393402 -0.996384 0.0753055 0.0227394 -0.997944 0.059926 0.0227394 -0.997944 0.059926 0.145405 -0.98507 0.0921705 0.138167 -0.98509 0.102501 0.132154 -0.979198 0.153968 0.145405 -0.98507 0.0921705 0.0227394 -0.997944 0.059926 0.0227394 -0.997944 0.059926 -0.0193042 -0.994531 0.102643 0.132154 -0.979198 0.153968 0.0227394 -0.997944 0.059926 0.0379535 -0.995514 0.0866648 -0.0175184 -0.99306 0.116299 -0.0175184 -0.99306 0.116299 -0.0193042 -0.994531 0.102643 0.0227394 -0.997944 0.059926 0.0393402 -0.996384 0.0753055 0.0642066 -0.994279 0.0853618 0.0379535 -0.995514 0.0866648 0.0379535 -0.995514 0.0866648 0.0227394 -0.997944 0.059926 0.0393402 -0.996384 0.0753055 0.0642066 -0.994279 0.0853618 0.0275407 -0.998007 0.0567695 0.0140274 -0.995237 0.0964707 0.0140274 -0.995237 0.0964707 0.0379535 -0.995514 0.0866648 0.0642066 -0.994279 0.0853618 0.0379535 -0.995514 0.0866648 0.0140274 -0.995237 0.0964707 -0.0259633 -0.991155 0.130148 -0.0259633 -0.991155 0.130148 -0.0175184 -0.99306 0.116299 0.0379535 -0.995514 0.0866648 0.647254 -0.721168 0.246939 0.665677 -0.704849 0.245075 0.141481 -0.98248 0.121314 0.141481 -0.98248 0.121314 0.138167 -0.98509 0.102501 0.647254 -0.721168 0.246939 0.68103 -0.695515 0.229034 0.14723 -0.987276 0.060079 0.141481 -0.98248 0.121314 0.141481 -0.98248 0.121314 0.665677 -0.704849 0.245075 0.68103 -0.695515 0.229034 0.14723 -0.987276 0.060079 0.00750694 -0.999681 -0.0240969 0.0202011 -0.99679 0.0774724 0.0202011 -0.99679 0.0774724 0.141481 -0.98248 0.121314 0.14723 -0.987276 0.060079 0.141481 -0.98248 0.121314 0.0202011 -0.99679 0.0774724 0.0393402 -0.996384 0.0753055 0.0393402 -0.996384 0.0753055 0.138167 -0.98509 0.102501 0.141481 -0.98248 0.121314 0.0202011 -0.99679 0.0774724 0.0397654 -0.997788 0.0532764 0.0642066 -0.994279 0.0853618 0.0642066 -0.994279 0.0853618 0.0393402 -0.996384 0.0753055 0.0202011 -0.99679 0.0774724 0.00750694 -0.999681 -0.0240969 0.0215487 -0.997708 -0.0641455 0.0397654 -0.997788 0.0532764 0.0397654 -0.997788 0.0532764 0.0202011 -0.99679 0.0774724 0.00750694 -0.999681 -0.0240969 0.0215487 -0.997708 -0.0641455 -0.0353179 -0.994362 -0.0999811 -0.0139394 -0.999867 -0.00848502 -0.0139394 -0.999867 -0.00848502 0.0397654 -0.997788 0.0532764 0.0215487 -0.997708 -0.0641455 0.0397654 -0.997788 0.0532764 -0.0139394 -0.999867 -0.00848502 0.0275407 -0.998007 0.0567695 0.0275407 -0.998007 0.0567695 0.0642066 -0.994279 0.0853618 0.0397654 -0.997788 0.0532764 0.68103 -0.695515 0.229034 0.742094 -0.66128 -0.109573 0.164299 -0.953467 -0.252798 0.164299 -0.953467 -0.252798 0.14723 -0.987276 0.060079 0.68103 -0.695515 0.229034 0.703644 -0.421186 -0.572265 0.284453 -0.542512 -0.790422 0.164299 -0.953467 -0.252798 0.164299 -0.953467 -0.252798 0.742094 -0.66128 -0.109573 0.703644 -0.421186 -0.572265 0.164299 -0.953467 -0.252798 0.284453 -0.542512 -0.790422 0.121277 -0.52226 -0.844119 0.121277 -0.52226 -0.844119 0.0329231 -0.936724 -0.348517 0.164299 -0.953467 -0.252798 0.14723 -0.987276 0.060079 0.164299 -0.953467 -0.252798 0.0329231 -0.936724 -0.348517 0.0329231 -0.936724 -0.348517 0.00750694 -0.999681 -0.0240969 0.14723 -0.987276 0.060079 0.00750694 -0.999681 -0.0240969 0.0329231 -0.936724 -0.348517 0.084104 -0.923191 -0.375026 0.084104 -0.923191 -0.375026 0.0215487 -0.997708 -0.0641455 0.00750694 -0.999681 -0.0240969 0.0329231 -0.936724 -0.348517 0.121277 -0.52226 -0.844119 0.209453 -0.522361 -0.826601 0.209453 -0.522361 -0.826601 0.084104 -0.923191 -0.375026 0.0329231 -0.936724 -0.348517 0.084104 -0.923191 -0.375026 0.209453 -0.522361 -0.826601 0.216873 -0.549074 -0.807145 0.216873 -0.549074 -0.807145 0.048701 -0.930303 -0.363545 0.084104 -0.923191 -0.375026 0.0215487 -0.997708 -0.0641455 0.084104 -0.923191 -0.375026 0.048701 -0.930303 -0.363545 0.048701 -0.930303 -0.363545 -0.0353179 -0.994362 -0.0999811 0.0215487 -0.997708 -0.0641455 0.521496 -0.64689 0.556395 0.694892 -0.345302 0.630786 0.860648 -0.16032 0.483304 0.860648 -0.16032 0.483304 0.577391 -0.671241 0.464817 0.521496 -0.64689 0.556395 0.694892 -0.345302 0.630786 0.791396 -0.150115 0.592586 0.89724 -0.0146878 0.441299 0.89724 -0.0146878 0.441299 0.860648 -0.16032 0.483304 0.694892 -0.345302 0.630786 0.860648 -0.16032 0.483304 0.89724 -0.0146878 0.441299 0.928142 0.00427113 0.372201 0.928142 0.00427113 0.372201 0.911082 -0.154448 0.382198 0.860648 -0.16032 0.483304 0.577391 -0.671241 0.464817 0.860648 -0.16032 0.483304 0.911082 -0.154448 0.382198 0.911082 -0.154448 0.382198 0.639828 -0.696756 0.32427 0.577391 -0.671241 0.464817 0.911082 -0.154448 0.382198 0.929615 -0.164773 0.329644 0.649854 -0.714736 0.25854 0.649854 -0.714736 0.25854 0.639828 -0.696756 0.32427 0.911082 -0.154448 0.382198 0.928142 0.00427113 0.372201 0.945861 0.007607 0.324483 0.929615 -0.164773 0.329644 0.929615 -0.164773 0.329644 0.911082 -0.154448 0.382198 0.928142 0.00427113 0.372201 0.945861 0.007607 0.324483 0.95337 0.00379581 0.301781 0.936667 -0.171814 0.305179 0.936667 -0.171814 0.305179 0.929615 -0.164773 0.329644 0.945861 0.007607 0.324483 0.929615 -0.164773 0.329644 0.936667 -0.171814 0.305179 0.647254 -0.721168 0.246939 0.647254 -0.721168 0.246939 0.649854 -0.714736 0.25854 0.929615 -0.164773 0.329644 0.936667 -0.171814 0.305179 0.944036 -0.16075 0.288019 0.665677 -0.704849 0.245075 0.665677 -0.704849 0.245075 0.647254 -0.721168 0.246939 0.936667 -0.171814 0.305179 0.95337 0.00379581 0.301781 0.956724 0.0 0.290996 0.944036 -0.16075 0.288019 0.944036 -0.16075 0.288019 0.936667 -0.171814 0.305179 0.95337 0.00379581 0.301781 0.956724 0.0 0.290996 0.958221 0.0 0.286029 0.946791 -0.146323 0.286663 0.946791 -0.146323 0.286663 0.944036 -0.16075 0.288019 0.956724 0.0 0.290996 0.665677 -0.704849 0.245075 0.944036 -0.16075 0.288019 0.946791 -0.146323 0.286663 0.946791 -0.146323 0.286663 0.68103 -0.695515 0.229034 0.665677 -0.704849 0.245075 0.68103 -0.695515 0.229034 0.946791 -0.146323 0.286663 0.987593 -0.114772 0.107183 0.987593 -0.114772 0.107183 0.742094 -0.66128 -0.109573 0.68103 -0.695515 0.229034 0.946791 -0.146323 0.286663 0.958221 0.0 0.286029 0.990666 0.0223741 0.13446 0.990666 0.0223741 0.13446 0.987593 -0.114772 0.107183 0.946791 -0.146323 0.286663 0.987593 -0.114772 0.107183 0.990666 0.0223741 0.13446 0.87005 0.0826953 -0.485978 0.87005 0.0826953 -0.485978 0.832023 -0.0653954 -0.550874 0.987593 -0.114772 0.107183 0.987593 -0.114772 0.107183 0.832023 -0.0653954 -0.550874 0.703644 -0.421186 -0.572265 0.703644 -0.421186 -0.572265 0.742094 -0.66128 -0.109573 0.987593 -0.114772 0.107183 0.467409 -0.429857 0.772497 0.522714 -0.087578 0.847998 0.721534 -0.0957266 0.68573 0.721534 -0.0957266 0.68573 0.547416 -0.566723 0.615761 0.467409 -0.429857 0.772497 0.503554 0.137281 0.852987 0.710891 0.0566595 0.701016 0.721534 -0.0957266 0.68573 0.721534 -0.0957266 0.68573 0.522714 -0.087578 0.847998 0.503554 0.137281 0.852987 0.710891 0.0566595 0.701016 0.814379 0.0118261 0.580213 0.813923 -0.114042 0.569671 0.813923 -0.114042 0.569671 0.721534 -0.0957266 0.68573 0.710891 0.0566595 0.701016 0.721534 -0.0957266 0.68573 0.813923 -0.114042 0.569671 0.627831 -0.62314 0.466395 0.627831 -0.62314 0.466395 0.547416 -0.566723 0.615761 0.721534 -0.0957266 0.68573 0.813923 -0.114042 0.569671 0.862366 -0.124095 0.490842 0.665913 -0.641352 0.381087 0.665913 -0.641352 0.381087 0.627831 -0.62314 0.466395 0.813923 -0.114042 0.569671 0.814379 0.0118261 0.580213 0.86732 0.000924722 0.49775 0.862366 -0.124095 0.490842 0.862366 -0.124095 0.490842 0.813923 -0.114042 0.569671 0.814379 0.0118261 0.580213 0.86732 0.000924722 0.49775 0.925 0.0 0.379968 0.917444 -0.132878 0.375021 0.917444 -0.132878 0.375021 0.862366 -0.124095 0.490842 0.86732 0.000924722 0.49775 0.862366 -0.124095 0.490842 0.917444 -0.132878 0.375021 0.70089 -0.653722 0.285307 0.70089 -0.653722 0.285307 0.665913 -0.641352 0.381087 0.862366 -0.124095 0.490842 0.917444 -0.132878 0.375021 0.978536 -0.144334 0.147092 0.748484 -0.661982 0.0393958 0.748484 -0.661982 0.0393958 0.70089 -0.653722 0.285307 0.917444 -0.132878 0.375021 0.925 0.0 0.379968 0.987472 0.0 0.157795 0.978536 -0.144334 0.147092 0.978536 -0.144334 0.147092 0.917444 -0.132878 0.375021 0.925 0.0 0.379968 0.987472 0.0 0.157795 0.919329 0.0 -0.393491 0.891581 -0.216468 -0.397774 0.891581 -0.216468 -0.397774 0.978536 -0.144334 0.147092 0.987472 0.0 0.157795 0.978536 -0.144334 0.147092 0.891581 -0.216468 -0.397774 0.767001 -0.579548 -0.275379 0.767001 -0.579548 -0.275379 0.748484 -0.661982 0.0393958 0.978536 -0.144334 0.147092 0.958221 0.0 0.28603 0.991102 0.0062649 0.132954 0.990666 0.0223741 0.13446 0.990666 0.0223741 0.13446 0.958221 0.0 0.286029 0.958221 0.0 0.28603 0.958222 0.0 0.286027 0.991665 0.0 0.128846 0.991102 0.0062649 0.132954 0.991102 0.0062649 0.132954 0.958221 0.0 0.28603 0.958222 0.0 0.286027 0.991665 0.0 0.128846 0.879817 0.0 -0.475312 0.882845 0.0259737 -0.468946 0.882845 0.0259737 -0.468946 0.991102 0.0062649 0.132954 0.991665 0.0 0.128846 0.990666 0.0223741 0.13446 0.991102 0.0062649 0.132954 0.882845 0.0259737 -0.468946 0.882845 0.0259737 -0.468946 0.87005 0.0826953 -0.485978 0.990666 0.0223741 0.13446 0.448776 0.300523 0.841598 0.659121 0.193574 0.726697 0.710891 0.0566595 0.701016 0.710891 0.0566595 0.701016 0.503554 0.137281 0.852987 0.448776 0.300523 0.841598 0.3433 0.487074 0.803059 0.458056 0.552475 0.696388 0.659121 0.193574 0.726697 0.659121 0.193574 0.726697 0.448776 0.300523 0.841598 0.3433 0.487074 0.803059 0.458056 0.552475 0.696388 0.582658 0.614099 0.532346 0.787488 0.135848 0.601172 0.787488 0.135848 0.601172 0.659121 0.193574 0.726697 0.458056 0.552475 0.696388 0.659121 0.193574 0.726697 0.787488 0.135848 0.601172 0.814379 0.0118261 0.580213 0.814379 0.0118261 0.580213 0.710891 0.0566595 0.701016 0.659121 0.193574 0.726697 0.787488 0.135848 0.601172 0.85985 0.124715 0.495079 0.86732 0.000924722 0.49775 0.86732 0.000924722 0.49775 0.814379 0.0118261 0.580213 0.787488 0.135848 0.601172 0.787488 0.135848 0.601172 0.582658 0.614099 0.532346 0.659554 0.641668 0.391472 0.659554 0.641668 0.391472 0.85985 0.124715 0.495079 0.787488 0.135848 0.601172 0.85985 0.124715 0.495079 0.659554 0.641668 0.391472 0.700889 0.653724 0.285307 0.700889 0.653724 0.285307 0.917444 0.132877 0.37502 0.85985 0.124715 0.495079 0.85985 0.124715 0.495079 0.917444 0.132877 0.37502 0.925 0.0 0.379968 0.925 0.0 0.379968 0.86732 0.000924722 0.49775 0.85985 0.124715 0.495079 0.917444 0.132877 0.37502 0.978535 0.144334 0.147092 0.987472 0.0 0.157795 0.987472 0.0 0.157795 0.925 0.0 0.379968 0.917444 0.132877 0.37502 0.917444 0.132877 0.37502 0.700889 0.653724 0.285307 0.748483 0.661983 0.0393969 0.748483 0.661983 0.0393969 0.978535 0.144334 0.147092 0.917444 0.132877 0.37502 0.978535 0.144334 0.147092 0.748483 0.661983 0.0393969 0.767 0.579549 -0.275379 0.767 0.579549 -0.275379 0.891581 0.216467 -0.397775 0.978535 0.144334 0.147092 0.978535 0.144334 0.147092 0.891581 0.216467 -0.397775 0.919329 0.0 -0.393491 0.919329 0.0 -0.393491 0.987472 0.0 0.157795 0.978535 0.144334 0.147092 0.958221 0.0 0.28603 0.991665 0.0 0.128845 0.991665 0.0 0.128846 0.991665 0.0 0.128846 0.958222 0.0 0.286027 0.958221 0.0 0.28603 0.958221 0.0 0.28603 0.958221 0.0 0.28603 0.991665 0.0 0.128845 0.991665 0.0 0.128845 0.991665 0.0 0.128845 0.958221 0.0 0.28603 0.991665 0.0 0.128845 0.879817 0.0 -0.475312 0.879818 0.0 -0.475311 0.879818 0.0 -0.475311 0.991665 0.0 0.128845 0.991665 0.0 0.128845 0.991665 0.0 0.128845 0.879818 0.0 -0.475311 0.879817 0.0 -0.475312 0.879817 0.0 -0.475312 0.991665 0.0 0.128846 0.991665 0.0 0.128845 0.734511 0.218051 0.64261 0.860948 0.109564 0.496754 0.890035 -0.0163346 0.455599 0.890035 -0.0163346 0.455599 0.819908 0.11793 0.560218 0.734511 0.218051 0.64261 0.577006 0.547726 0.605855 0.59602 0.629283 0.498761 0.860948 0.109564 0.496754 0.860948 0.109564 0.496754 0.734511 0.218051 0.64261 0.577006 0.547726 0.605855 0.59602 0.629283 0.498761 0.646236 0.687331 0.331594 0.908869 0.146346 0.390564 0.908869 0.146346 0.390564 0.860948 0.109564 0.496754 0.59602 0.629283 0.498761 0.860948 0.109564 0.496754 0.908869 0.146346 0.390564 0.922385 -0.00587251 0.386227 0.922385 -0.00587251 0.386227 0.890035 -0.0163346 0.455599 0.860948 0.109564 0.496754 0.908869 0.146346 0.390564 0.931041 0.1576 0.329127 0.943418 -0.000217054 0.331606 0.943418 -0.000217054 0.331606 0.922385 -0.00587251 0.386227 0.908869 0.146346 0.390564 0.646236 0.687331 0.331594 0.667825 0.701653 0.248381 0.931041 0.1576 0.329127 0.931041 0.1576 0.329127 0.908869 0.146346 0.390564 0.646236 0.687331 0.331594 0.931041 0.1576 0.329127 0.667825 0.701653 0.248381 0.676626 0.704517 0.214086 0.676626 0.704517 0.214086 0.940876 0.159035 0.299101 0.931041 0.1576 0.329127 0.931041 0.1576 0.329127 0.940876 0.159035 0.299101 0.952999 0.0 0.302974 0.952999 0.0 0.302974 0.943418 -0.000217054 0.331606 0.931041 0.1576 0.329127 0.940876 0.159035 0.299101 0.944615 0.159947 0.286565 0.956879 0.0 0.290488 0.956879 0.0 0.290488 0.952999 0.0 0.302974 0.940876 0.159035 0.299101 0.676626 0.704517 0.214086 0.677291 0.706526 0.205178 0.944615 0.159947 0.286565 0.944615 0.159947 0.286565 0.940876 0.159035 0.299101 0.676626 0.704517 0.214086 0.677291 0.706526 0.205178 0.677563 0.707108 0.202253 0.945848 0.160182 0.282336 0.945848 0.160182 0.282336 0.944615 0.159947 0.286565 0.677291 0.706526 0.205178 0.956879 0.0 0.290488 0.944615 0.159947 0.286565 0.945848 0.160182 0.282336 0.945848 0.160182 0.282336 0.958221 0.0 0.28603 0.956879 0.0 0.290488 0.958221 0.0 0.28603 0.945848 0.160182 0.282336 0.978833 0.16807 0.116784 0.978833 0.16807 0.116784 0.991665 0.0 0.128845 0.958221 0.0 0.28603 0.677563 0.707108 0.202253 0.723159 0.690634 -0.00807973 0.978833 0.16807 0.116784 0.978833 0.16807 0.116784 0.945848 0.160182 0.282336 0.677563 0.707108 0.202253 0.978833 0.16807 0.116784 0.723159 0.690634 -0.00807973 0.718368 0.57735 -0.38809 0.718368 0.57735 -0.38809 0.859323 0.214586 -0.464238 0.978833 0.16807 0.116784 0.978833 0.16807 0.116784 0.859323 0.214586 -0.464238 0.879817 0.0 -0.475312 0.879817 0.0 -0.475312 0.991665 0.0 0.128845 0.978833 0.16807 0.116784 0.870192 -0.0929976 0.483856 0.908591 0.0 0.417688 0.89724 -0.0146878 0.441299 0.89724 -0.0146878 0.441299 0.791396 -0.150115 0.592586 0.870192 -0.0929976 0.483856 0.820195 -0.391958 0.416712 0.908591 0.0 0.417688 0.870192 -0.0929976 0.483856 0.870192 -0.0929976 0.483856 0.439572 0.0976648 -0.892882 0.820195 -0.391958 0.416712 -0.503509 -0.755263 0.419591 0.376949 0.924199 0.0613709 0.908591 0.0 0.417688 0.908591 0.0 0.417688 0.820195 -0.391958 0.416712 -0.503509 -0.755263 0.419591 0.89724 -0.0146878 0.441299 0.908591 0.0 0.417688 0.376949 0.924199 0.0613709 0.376949 0.924199 0.0613709 0.928142 0.00427113 0.372201 0.89724 -0.0146878 0.441299 -0.820195 0.391958 -0.416712 0.820195 -0.391958 0.416712 0.439572 0.0976648 -0.892882 0.439572 0.0976648 -0.892882 0.194663 -0.922674 -0.332834 -0.820195 0.391958 -0.416712 0.820195 -0.391958 0.416712 -0.820195 0.391958 -0.416712 0.194663 -0.922674 -0.332834 0.194663 -0.922674 -0.332834 0.439572 0.0976648 -0.892882 0.820195 -0.391958 0.416712 -0.503509 -0.755263 0.419591 0.267261 0.801784 0.534522 -0.820195 0.391958 -0.416712 -0.820195 0.391958 -0.416712 0.820195 -0.391958 0.416712 -0.503509 -0.755263 0.419591 0.267261 0.801784 0.534522 -0.503509 -0.755263 0.419591 0.820195 -0.391958 0.416712 0.820195 -0.391958 0.416712 -0.820195 0.391958 -0.416712 0.267261 0.801784 0.534522 -0.00613271 -0.978273 0.207231 0.820195 -0.391958 0.416712 0.439572 0.0976648 -0.892882 0.439572 0.0976648 -0.892882 -0.689036 -0.659323 0.300871 -0.00613271 -0.978273 0.207231 0.053558 -0.776799 0.627467 -0.00481493 -0.98156 0.191092 -0.00613271 -0.978273 0.207231 -0.00613271 -0.978273 0.207231 -0.689036 -0.659323 0.300871 0.053558 -0.776799 0.627467 -0.00481493 -0.98156 0.191092 -0.0134422 -0.994932 0.0996491 0.349218 -0.907759 0.232423 0.349218 -0.907759 0.232423 -0.00613271 -0.978273 0.207231 -0.00481493 -0.98156 0.191092 0.349218 -0.907759 0.232423 -0.503509 -0.755263 0.419591 0.820195 -0.391958 0.416712 0.820195 -0.391958 0.416712 -0.00613271 -0.978273 0.207231 0.349218 -0.907759 0.232423 0.0548861 -0.764462 0.642328 -0.00366405 -0.979337 0.202202 -0.00481493 -0.98156 0.191092 -0.00481493 -0.98156 0.191092 0.053558 -0.776799 0.627467 0.0548861 -0.764462 0.642328 0.0574592 -0.745271 0.664281 -0.0011586 -0.975961 0.217943 -0.00366405 -0.979337 0.202202 -0.00366405 -0.979337 0.202202 0.0548861 -0.764462 0.642328 0.0574592 -0.745271 0.664281 -0.0011586 -0.975961 0.217943 -0.00174476 -0.994362 0.106027 -0.010954 -0.994625 0.10296 -0.010954 -0.994625 0.10296 -0.00366405 -0.979337 0.202202 -0.0011586 -0.975961 0.217943 -0.00366405 -0.979337 0.202202 -0.010954 -0.994625 0.10296 -0.0134422 -0.994932 0.0996491 -0.0134422 -0.994932 0.0996491 -0.00481493 -0.98156 0.191092 -0.00366405 -0.979337 0.202202 0.814231 0.0661911 0.576756 0.936458 0.0141289 0.350496 0.940806 0.185191 -0.28388 0.940806 0.185191 -0.28388 0.79813 -0.0452886 0.60078 0.814231 0.0661911 0.576756 0.288858 0.955103 0.0658692 0.940806 0.185191 -0.28388 0.936458 0.0141289 0.350496 0.936458 0.0141289 0.350496 -0.0944305 -0.742657 0.662981 0.288858 0.955103 0.0658692 0.439572 0.0976648 -0.892882 0.870192 -0.0929976 0.483856 0.940806 0.185191 -0.28388 0.940806 0.185191 -0.28388 0.288858 0.955103 0.0658692 0.439572 0.0976648 -0.892882 0.940806 0.185191 -0.28388 0.870192 -0.0929976 0.483856 0.791396 -0.150115 0.592586 0.791396 -0.150115 0.592586 0.79813 -0.0452886 0.60078 0.940806 0.185191 -0.28388 -0.132321 0.985465 0.106537 0.288858 0.955103 0.0658692 -0.0944305 -0.742657 0.662981 -0.0944305 -0.742657 0.662981 -0.101939 -0.649825 0.753217 -0.132321 0.985465 0.106537 0.288858 0.955103 0.0658692 -0.132321 0.985465 0.106537 -0.101939 -0.649825 0.753217 -0.101939 -0.649825 0.753217 -0.0944305 -0.742657 0.662981 0.288858 0.955103 0.0658692 0.439572 0.0976648 -0.892882 0.194663 -0.922674 -0.332834 -0.132321 0.985465 0.106537 -0.132321 0.985465 0.106537 0.288858 0.955103 0.0658692 0.439572 0.0976648 -0.892882 0.194663 -0.922674 -0.332834 0.439572 0.0976648 -0.892882 0.288858 0.955103 0.0658692 0.288858 0.955103 0.0658692 -0.132321 0.985465 0.106537 0.194663 -0.922674 -0.332834 0.0539572 -0.205717 0.977123 0.288858 0.955103 0.0658692 -0.0944305 -0.742657 0.662981 -0.0944305 -0.742657 0.662981 -0.661101 0.210326 0.720214 0.0539572 -0.205717 0.977123 -0.661101 0.210326 0.720214 0.118119 0.2127 0.969952 0.117053 -0.198922 0.973 0.117053 -0.198922 0.973 0.0539572 -0.205717 0.977123 -0.661101 0.210326 0.720214 0.117053 -0.198922 0.973 0.053558 -0.776799 0.627467 -0.689036 -0.659323 0.300871 -0.689036 -0.659323 0.300871 0.0539572 -0.205717 0.977123 0.117053 -0.198922 0.973 -0.689036 -0.659323 0.300871 0.439572 0.0976648 -0.892882 0.288858 0.955103 0.0658692 0.288858 0.955103 0.0658692 0.0539572 -0.205717 0.977123 -0.689036 -0.659323 0.300871 0.118119 0.2127 0.969952 0.118117 0.212701 0.969952 0.114396 -0.189246 0.975243 0.114396 -0.189246 0.975243 0.117053 -0.198922 0.973 0.118119 0.2127 0.969952 0.118117 0.212701 0.969952 0.118117 0.212701 0.969952 0.113613 -0.172173 0.978493 0.113613 -0.172173 0.978493 0.114396 -0.189246 0.975243 0.118117 0.212701 0.969952 0.113613 -0.172173 0.978493 0.0574592 -0.745271 0.664281 0.0548861 -0.764462 0.642328 0.0548861 -0.764462 0.642328 0.114396 -0.189246 0.975243 0.113613 -0.172173 0.978493 0.114396 -0.189246 0.975243 0.0548861 -0.764462 0.642328 0.053558 -0.776799 0.627467 0.053558 -0.776799 0.627467 0.117053 -0.198922 0.973 0.114396 -0.189246 0.975243 0.376949 0.924199 0.0613709 0.770017 0.603762 0.206265 0.945861 0.007607 0.324483 0.945861 0.007607 0.324483 0.928142 0.00427113 0.372201 0.376949 0.924199 0.0613709 -0.303952 0.0 -0.952687 0.770017 0.603762 0.206265 0.376949 0.924199 0.0613709 0.376949 0.924199 0.0613709 -0.503509 -0.755263 0.419591 -0.303952 0.0 -0.952687 0.179342 0.983787 0.0 0.953588 0.0037029 0.301092 0.770017 0.603762 0.206265 0.770017 0.603762 0.206265 -0.303952 0.0 -0.952687 0.179342 0.983787 0.0 0.770017 0.603762 0.206265 0.953588 0.0037029 0.301092 0.95337 0.00379581 0.301781 0.95337 0.00379581 0.301781 0.945861 0.007607 0.324483 0.770017 0.603762 0.206265 0.966609 -0.251476 0.0492631 -0.303952 0.0 -0.952687 -0.503509 -0.755263 0.419591 -0.503509 -0.755263 0.419591 0.267261 0.801784 0.534522 0.966609 -0.251476 0.0492631 -0.303952 0.0 -0.952687 0.966609 -0.251476 0.0492631 0.267261 0.801784 0.534522 0.267261 0.801784 0.534522 -0.503509 -0.755263 0.419591 -0.303952 0.0 -0.952687 0.179342 0.983787 0.0 -0.179342 -0.983787 0.0 0.966609 -0.251476 0.0492631 0.966609 -0.251476 0.0492631 -0.303952 0.0 -0.952687 0.179342 0.983787 0.0 -0.179342 -0.983787 0.0 0.179342 0.983787 0.0 -0.303952 0.0 -0.952687 -0.303952 0.0 -0.952687 0.966609 -0.251476 0.0492631 -0.179342 -0.983787 0.0 -0.139963 -0.989336 0.0403127 -0.303952 0.0 -0.952687 -0.503509 -0.755263 0.419591 -0.503509 -0.755263 0.419591 0.349218 -0.907759 0.232423 -0.139963 -0.989336 0.0403127 -0.0134422 -0.994932 0.0996491 -0.0135355 -0.996921 0.0772299 -0.139963 -0.989336 0.0403127 -0.139963 -0.989336 0.0403127 0.349218 -0.907759 0.232423 -0.0134422 -0.994932 0.0996491 -0.0135355 -0.996921 0.0772299 0.00179444 -0.999951 -0.00974726 0.000842876 -0.999989 -0.00454186 0.000842876 -0.999989 -0.00454186 -0.139963 -0.989336 0.0403127 -0.0135355 -0.996921 0.0772299 0.000842876 -0.999989 -0.00454186 0.179342 0.983787 0.0 -0.303952 0.0 -0.952687 -0.303952 0.0 -0.952687 -0.139963 -0.989336 0.0403127 0.000842876 -0.999989 -0.00454186 -0.010954 -0.994625 0.10296 -0.00356773 -0.996808 0.0797571 -0.0135355 -0.996921 0.0772299 -0.0135355 -0.996921 0.0772299 -0.0134422 -0.994932 0.0996491 -0.010954 -0.994625 0.10296 -0.00174476 -0.994362 0.106027 0.0275529 -0.996148 0.0832479 -0.00356773 -0.996808 0.0797571 -0.00356773 -0.996808 0.0797571 -0.010954 -0.994625 0.10296 -0.00174476 -0.994362 0.106027 0.0275529 -0.996148 0.0832479 0.0631223 -0.997949 0.0106045 0.0198581 -0.999782 -0.00648051 0.0198581 -0.999782 -0.00648051 -0.00356773 -0.996808 0.0797571 0.0275529 -0.996148 0.0832479 -0.00356773 -0.996808 0.0797571 0.0198581 -0.999782 -0.00648051 0.00179444 -0.999951 -0.00974726 0.00179444 -0.999951 -0.00974726 -0.0135355 -0.996921 0.0772299 -0.00356773 -0.996808 0.0797571 0.953588 0.0037029 0.301092 0.956929 0.0 0.290321 0.956724 0.0 0.290996 0.956724 0.0 0.290996 0.95337 0.00379581 0.301781 0.953588 0.0037029 0.301092 0.0 -0.882534 -0.470248 0.956929 0.0 0.290321 0.953588 0.0037029 0.301092 0.953588 0.0037029 0.301092 0.179342 0.983787 0.0 0.0 -0.882534 -0.470248 0.0 0.0 1.0 0.71215 0.31147 0.629149 0.956929 0.0 0.290321 0.956929 0.0 0.290321 0.0 -0.882534 -0.470248 0.0 0.0 1.0 0.956724 0.0 0.290996 0.956929 0.0 0.290321 0.71215 0.31147 0.629149 0.71215 0.31147 0.629149 0.958221 0.0 0.286029 0.956724 0.0 0.290996 0.0 0.882534 0.470248 0.0 -0.882534 -0.470248 0.179342 0.983787 0.0 0.179342 0.983787 0.0 -0.179342 -0.983787 0.0 0.0 0.882534 0.470248 0.0 -0.882534 -0.470248 0.0 0.882534 0.470248 -0.179342 -0.983787 0.0 -0.179342 -0.983787 0.0 0.179342 0.983787 0.0 0.0 -0.882534 -0.470248 0.0 0.0 1.0 0.0 -0.242536 -0.970142 0.0 0.882534 0.470248 0.0 0.882534 0.470248 0.0 -0.882534 -0.470248 0.0 0.0 1.0 0.0 -0.242536 -0.970142 0.0 0.0 1.0 0.0 -0.882534 -0.470248 0.0 -0.882534 -0.470248 0.0 0.882534 0.470248 0.0 -0.242536 -0.970142 0.0457767 -0.966017 -0.254393 0.0 -0.882534 -0.470248 0.179342 0.983787 0.0 0.179342 0.983787 0.0 0.000842876 -0.999989 -0.00454186 0.0457767 -0.966017 -0.254393 0.00179444 -0.999951 -0.00974726 0.0480677 -0.962312 -0.267666 0.0457767 -0.966017 -0.254393 0.0457767 -0.966017 -0.254393 0.000842876 -0.999989 -0.00454186 0.00179444 -0.999951 -0.00974726 0.0480677 -0.962312 -0.267666 0.131288 -0.646611 -0.751437 0.067284 -0.632471 -0.771656 0.067284 -0.632471 -0.771656 0.0457767 -0.966017 -0.254393 0.0480677 -0.962312 -0.267666 0.067284 -0.632471 -0.771656 0.0 0.0 1.0 0.0 -0.882534 -0.470248 0.0 -0.882534 -0.470248 0.0457767 -0.966017 -0.254393 0.067284 -0.632471 -0.771656 0.0198581 -0.999782 -0.00648051 0.0669689 -0.962686 -0.262206 0.0480677 -0.962312 -0.267666 0.0480677 -0.962312 -0.267666 0.00179444 -0.999951 -0.00974726 0.0198581 -0.999782 -0.00648051 0.0631223 -0.997949 0.0106045 0.10641 -0.966137 -0.235068 0.0669689 -0.962686 -0.262206 0.0669689 -0.962686 -0.262206 0.0198581 -0.999782 -0.00648051 0.0631223 -0.997949 0.0106045 0.10641 -0.966137 -0.235068 0.161171 -0.675287 -0.71973 0.141658 -0.651331 -0.745454 0.141658 -0.651331 -0.745454 0.0669689 -0.962686 -0.262206 0.10641 -0.966137 -0.235068 0.0669689 -0.962686 -0.262206 0.141658 -0.651331 -0.745454 0.131288 -0.646611 -0.751437 0.131288 -0.646611 -0.751437 0.0480677 -0.962312 -0.267666 0.0669689 -0.962686 -0.262206 0.71215 0.31147 0.629149 0.83007 -0.122416 -0.544057 0.958221 0.0 0.28603 0.958221 0.0 0.28603 0.958221 0.0 0.286029 0.71215 0.31147 0.629149 0.0 0.0 1.0 0.83007 -0.122416 -0.544057 0.71215 0.31147 0.629149 0.71215 0.31147 0.629149 0.0 0.0 1.0 0.0 0.0 1.0 1.0 0.0 0.0 0.597485 0.0 0.80188 0.83007 -0.122416 -0.544057 0.83007 -0.122416 -0.544057 0.0 0.0 1.0 1.0 0.0 0.0 0.83007 -0.122416 -0.544057 0.597485 0.0 0.80188 0.958222 0.0 0.286027 0.958222 0.0 0.286027 0.958221 0.0 0.28603 0.83007 -0.122416 -0.544057 0.0 -0.124035 -0.992278 0.0 0.0 1.0 0.0 0.0 1.0 0.0 0.0 1.0 0.0 -0.242536 -0.970142 0.0 -0.124035 -0.992278 0.0 0.0 1.0 0.0 -0.124035 -0.992278 0.0 -0.242536 -0.970142 0.0 -0.242536 -0.970142 0.0 0.0 1.0 0.0 0.0 1.0 1.0 0.0 0.0 1.0 0.0 0.0 0.0 -0.124035 -0.992278 0.0 -0.124035 -0.992278 0.0 0.0 1.0 1.0 0.0 0.0 1.0 0.0 0.0 1.0 0.0 0.0 0.0 0.0 1.0 0.0 0.0 1.0 0.0 -0.124035 -0.992278 1.0 0.0 0.0 0.982774 -0.00203308 0.184803 0.0 0.0 1.0 0.0 0.0 1.0 0.0 0.0 1.0 0.067284 -0.632471 -0.771656 0.982774 -0.00203308 0.184803 0.131288 -0.646611 -0.751437 0.168206 -0.154194 -0.973618 0.982774 -0.00203308 0.184803 0.982774 -0.00203308 0.184803 0.067284 -0.632471 -0.771656 0.131288 -0.646611 -0.751437 0.168206 -0.154194 -0.973618 0.170053 0.0 -0.985435 0.0853381 0.0 -0.996352 0.0853381 0.0 -0.996352 0.982774 -0.00203308 0.184803 0.168206 -0.154194 -0.973618 0.0853381 0.0 -0.996352 1.0 0.0 0.0 0.0 0.0 1.0 0.0 0.0 1.0 0.982774 -0.00203308 0.184803 0.0853381 0.0 -0.996352 0.141658 -0.651331 -0.745454 0.169942 -0.156638 -0.972926 0.168206 -0.154194 -0.973618 0.168206 -0.154194 -0.973618 0.131288 -0.646611 -0.751437 0.141658 -0.651331 -0.745454 0.161171 -0.675287 -0.71973 0.173006 -0.167849 -0.970513 0.169942 -0.156638 -0.972926 0.169942 -0.156638 -0.972926 0.141658 -0.651331 -0.745454 0.161171 -0.675287 -0.71973 0.173006 -0.167849 -0.970513 0.170051 0.0 -0.985435 0.170051 0.0 -0.985435 0.170051 0.0 -0.985435 0.169942 -0.156638 -0.972926 0.173006 -0.167849 -0.970513 0.169942 -0.156638 -0.972926 0.170051 0.0 -0.985435 0.170053 0.0 -0.985435 0.170053 0.0 -0.985435 0.168206 -0.154194 -0.973618 0.169942 -0.156638 -0.972926 0.226304 -0.856303 -0.464254 0.900123 -0.0141809 0.435406 0.890035 -0.0163346 0.455599 0.890035 -0.0163346 0.455599 0.922385 -0.00587251 0.386227 0.226304 -0.856303 -0.464254 -0.894427 0.0 -0.447214 0.900123 -0.0141809 0.435406 0.226304 -0.856303 -0.464254 0.226304 -0.856303 -0.464254 0.21674 -0.540761 -0.812774 -0.894427 0.0 -0.447214 0.391142 0.535959 0.748169 0.852706 0.11438 0.509715 0.900123 -0.0141809 0.435406 0.900123 -0.0141809 0.435406 -0.894427 0.0 -0.447214 0.391142 0.535959 0.748169 0.890035 -0.0163346 0.455599 0.900123 -0.0141809 0.435406 0.852706 0.11438 0.509715 0.852706 0.11438 0.509715 0.819908 0.11793 0.560218 0.890035 -0.0163346 0.455599 0.894427 0.0 0.447214 -0.894427 0.0 -0.447214 0.21674 -0.540761 -0.812774 0.21674 -0.540761 -0.812774 0.334386 0.601077 -0.725873 0.894427 0.0 0.447214 -0.894427 0.0 -0.447214 0.894427 0.0 0.447214 0.334386 0.601077 -0.725873 0.334386 0.601077 -0.725873 0.21674 -0.540761 -0.812774 -0.894427 0.0 -0.447214 0.391142 0.535959 0.748169 -0.391142 -0.535959 -0.748169 0.894427 0.0 0.447214 0.894427 0.0 0.447214 -0.894427 0.0 -0.447214 0.391142 0.535959 0.748169 -0.391142 -0.535959 -0.748169 0.391142 0.535959 0.748169 -0.894427 0.0 -0.447214 -0.894427 0.0 -0.447214 0.894427 0.0 0.447214 -0.391142 -0.535959 -0.748169 -0.670044 0.738526 -0.0749683 -0.894427 0.0 -0.447214 0.21674 -0.540761 -0.812774 0.21674 -0.540761 -0.812774 0.631354 0.682562 0.368105 -0.670044 0.738526 -0.0749683 0.631354 0.682562 0.368105 -0.0164227 0.991787 0.12684 -0.00762314 0.953846 0.300201 -0.00762314 0.953846 0.300201 -0.670044 0.738526 -0.0749683 0.631354 0.682562 0.368105 -0.670044 0.738526 -0.0749683 -0.00762314 0.953846 0.300201 0.0486636 0.811086 0.582899 0.0486636 0.811086 0.582899 0.0520721 0.778595 0.625362 -0.670044 0.738526 -0.0749683 0.0520721 0.778595 0.625362 0.391142 0.535959 0.748169 -0.894427 0.0 -0.447214 -0.894427 0.0 -0.447214 -0.670044 0.738526 -0.0749683 0.0520721 0.778595 0.625362 -0.0164227 0.991787 0.12684 -0.0161387 0.990966 0.133137 -0.00618974 0.947976 0.318281 -0.00618974 0.947976 0.318281 -0.00762314 0.953846 0.300201 -0.0164227 0.991787 0.12684 -0.0161387 0.990966 0.133137 -0.0154859 0.989686 0.142417 -0.00333668 0.938336 0.345709 -0.00333668 0.938336 0.345709 -0.00618974 0.947976 0.318281 -0.0161387 0.990966 0.133137 -0.00618974 0.947976 0.318281 -0.00333668 0.938336 0.345709 0.0509522 0.778863 0.625121 0.0509522 0.778863 0.625121 0.0488597 0.79922 0.599049 -0.00618974 0.947976 0.318281 -0.00762314 0.953846 0.300201 -0.00618974 0.947976 0.318281 0.0488597 0.79922 0.599049 0.0488597 0.79922 0.599049 0.0486636 0.811086 0.582899 -0.00762314 0.953846 0.300201 0.819908 0.11793 0.560218 0.852706 0.11438 0.509715 0.89352 -0.392426 -0.218227 0.89352 -0.392426 -0.218227 0.809642 0.142272 0.569419 0.819908 0.11793 0.560218 -0.473911 0.847684 -0.238411 0.89352 -0.392426 -0.218227 0.852706 0.11438 0.509715 0.852706 0.11438 0.509715 0.391142 0.535959 0.748169 -0.473911 0.847684 -0.238411 -0.0944305 -0.742657 0.662981 0.936458 0.0141289 0.350496 0.89352 -0.392426 -0.218227 0.89352 -0.392426 -0.218227 -0.473911 0.847684 -0.238411 -0.0944305 -0.742657 0.662981 0.809642 0.142272 0.569419 0.89352 -0.392426 -0.218227 0.936458 0.0141289 0.350496 0.936458 0.0141289 0.350496 0.814231 0.0661911 0.576756 0.809642 0.142272 0.569419 0.566694 0.783991 -0.253411 -0.473911 0.847684 -0.238411 0.391142 0.535959 0.748169 0.391142 0.535959 0.748169 -0.391142 -0.535959 -0.748169 0.566694 0.783991 -0.253411 -0.473911 0.847684 -0.238411 0.566694 0.783991 -0.253411 -0.391142 -0.535959 -0.748169 -0.391142 -0.535959 -0.748169 0.391142 0.535959 0.748169 -0.473911 0.847684 -0.238411 -0.0944305 -0.742657 0.662981 -0.101939 -0.649825 0.753217 0.566694 0.783991 -0.253411 0.566694 0.783991 -0.253411 -0.473911 0.847684 -0.238411 -0.0944305 -0.742657 0.662981 -0.101939 -0.649825 0.753217 -0.0944305 -0.742657 0.662981 -0.473911 0.847684 -0.238411 -0.473911 0.847684 -0.238411 0.566694 0.783991 -0.253411 -0.101939 -0.649825 0.753217 0.0496649 0.51814 0.853852 -0.473911 0.847684 -0.238411 0.391142 0.535959 0.748169 0.391142 0.535959 0.748169 0.0520721 0.778595 0.625362 0.0496649 0.51814 0.853852 0.0520721 0.778595 0.625362 0.0486636 0.811086 0.582899 0.102921 0.509443 0.854327 0.102921 0.509443 0.854327 0.0496649 0.51814 0.853852 0.0520721 0.778595 0.625362 0.0496649 0.51814 0.853852 0.102921 0.509443 0.854327 0.118119 0.2127 0.969952 0.118119 0.2127 0.969952 -0.661101 0.210326 0.720214 0.0496649 0.51814 0.853852 -0.661101 0.210326 0.720214 -0.0944305 -0.742657 0.662981 -0.473911 0.847684 -0.238411 -0.473911 0.847684 -0.238411 0.0496649 0.51814 0.853852 -0.661101 0.210326 0.720214 0.0486636 0.811086 0.582899 0.0488597 0.79922 0.599049 0.100997 0.502748 0.858513 0.100997 0.502748 0.858513 0.102921 0.509443 0.854327 0.0486636 0.811086 0.582899 0.0488597 0.79922 0.599049 0.0509522 0.778863 0.625121 0.100767 0.490255 0.865735 0.100767 0.490255 0.865735 0.100997 0.502748 0.858513 0.0488597 0.79922 0.599049 0.100997 0.502748 0.858513 0.100767 0.490255 0.865735 0.118117 0.212701 0.969952 0.118117 0.212701 0.969952 0.118117 0.212701 0.969952 0.100997 0.502748 0.858513 0.102921 0.509443 0.854327 0.100997 0.502748 0.858513 0.118117 0.212701 0.969952 0.118117 0.212701 0.969952 0.118119 0.2127 0.969952 0.102921 0.509443 0.854327 0.939069 -0.334703 -0.0782557 0.691799 -0.688779 0.21679 0.943418 -0.000217054 0.331606 0.943418 -0.000217054 0.331606 0.952999 0.0 0.302974 0.939069 -0.334703 -0.0782557 -0.826669 0.0303713 0.561869 0.691799 -0.688779 0.21679 0.939069 -0.334703 -0.0782557 0.939069 -0.334703 -0.0782557 0.288405 0.57681 -0.764273 -0.826669 0.0303713 0.561869 0.21674 -0.540761 -0.812774 0.226304 -0.856303 -0.464254 0.691799 -0.688779 0.21679 0.691799 -0.688779 0.21679 -0.826669 0.0303713 0.561869 0.21674 -0.540761 -0.812774 0.691799 -0.688779 0.21679 0.226304 -0.856303 -0.464254 0.922385 -0.00587251 0.386227 0.922385 -0.00587251 0.386227 0.943418 -0.000217054 0.331606 0.691799 -0.688779 0.21679 -0.434469 0.0 0.900687 -0.826669 0.0303713 0.561869 0.288405 0.57681 -0.764273 0.288405 0.57681 -0.764273 0.285249 -0.570498 -0.770172 -0.434469 0.0 0.900687 -0.826669 0.0303713 0.561869 -0.434469 0.0 0.900687 0.285249 -0.570498 -0.770172 0.285249 -0.570498 -0.770172 0.288405 0.57681 -0.764273 -0.826669 0.0303713 0.561869 0.21674 -0.540761 -0.812774 0.334386 0.601077 -0.725873 -0.434469 0.0 0.900687 -0.434469 0.0 0.900687 -0.826669 0.0303713 0.561869 0.21674 -0.540761 -0.812774 0.334386 0.601077 -0.725873 0.21674 -0.540761 -0.812774 -0.826669 0.0303713 0.561869 -0.826669 0.0303713 0.561869 -0.434469 0.0 0.900687 0.334386 0.601077 -0.725873 -0.0170778 0.999389 0.0305023 -0.826669 0.0303713 0.561869 0.288405 0.57681 -0.764273 0.288405 0.57681 -0.764273 0.672051 0.709012 0.213656 -0.0170778 0.999389 0.0305023 0.672051 0.709012 0.213656 0.0 1.0 0.0 -0.00506815 0.999556 0.0293458 -0.00506815 0.999556 0.0293458 -0.0170778 0.999389 0.0305023 0.672051 0.709012 0.213656 -0.0170778 0.999389 0.0305023 -0.00506815 0.999556 0.0293458 -0.0164227 0.991787 0.12684 -0.0164227 0.991787 0.12684 0.631354 0.682562 0.368105 -0.0170778 0.999389 0.0305023 0.631354 0.682562 0.368105 0.21674 -0.540761 -0.812774 -0.826669 0.0303713 0.561869 -0.826669 0.0303713 0.561869 -0.0170778 0.999389 0.0305023 0.631354 0.682562 0.368105 0.0 1.0 0.0 0.0 1.0 0.0 -0.00503737 0.999538 0.029989 -0.00503737 0.999538 0.029989 -0.00506815 0.999556 0.0293458 0.0 1.0 0.0 0.0 1.0 0.0 0.0 1.0 0.0 -0.00495941 0.999509 0.0309318 -0.00495941 0.999509 0.0309318 -0.00503737 0.999538 0.029989 0.0 1.0 0.0 -0.00503737 0.999538 0.029989 -0.00495941 0.999509 0.0309318 -0.0154859 0.989686 0.142417 -0.0154859 0.989686 0.142417 -0.0161387 0.990966 0.133137 -0.00503737 0.999538 0.029989 -0.00506815 0.999556 0.0293458 -0.00503737 0.999538 0.029989 -0.0161387 0.990966 0.133137 -0.0161387 0.990966 0.133137 -0.0164227 0.991787 0.12684 -0.00506815 0.999556 0.0293458 0.597485 0.0 0.80188 0.840571 0.16645 -0.515495 0.958221 0.0 0.28603 0.958221 0.0 0.28603 0.958222 0.0 0.286027 0.597485 0.0 0.80188 0.580657 -0.74832 -0.320709 0.840571 0.16645 -0.515495 0.597485 0.0 0.80188 0.597485 0.0 0.80188 1.0 0.0 0.0 0.580657 -0.74832 -0.320709 0.227921 0.911685 0.341882 0.684232 0.586203 -0.43381 0.840571 0.16645 -0.515495 0.840571 0.16645 -0.515495 0.580657 -0.74832 -0.320709 0.227921 0.911685 0.341882 0.958221 0.0 0.28603 0.840571 0.16645 -0.515495 0.684232 0.586203 -0.43381 0.684232 0.586203 -0.43381 0.958221 0.0 0.28603 0.958221 0.0 0.28603 -0.507602 -0.841075 -0.186906 0.580657 -0.74832 -0.320709 1.0 0.0 0.0 1.0 0.0 0.0 1.0 0.0 0.0 -0.507602 -0.841075 -0.186906 0.580657 -0.74832 -0.320709 -0.507602 -0.841075 -0.186906 1.0 0.0 0.0 1.0 0.0 0.0 1.0 0.0 0.0 0.580657 -0.74832 -0.320709 0.227921 0.911685 0.341882 -0.713024 0.388922 0.583383 -0.507602 -0.841075 -0.186906 -0.507602 -0.841075 -0.186906 0.580657 -0.74832 -0.320709 0.227921 0.911685 0.341882 -0.713024 0.388922 0.583383 0.227921 0.911685 0.341882 0.580657 -0.74832 -0.320709 0.580657 -0.74832 -0.320709 -0.507602 -0.841075 -0.186906 -0.713024 0.388922 0.583383 0.975265 -0.0146803 0.22055 0.580657 -0.74832 -0.320709 1.0 0.0 0.0 1.0 0.0 0.0 0.0853381 0.0 -0.996352 0.975265 -0.0146803 0.22055 0.170053 0.0 -0.985435 0.166384 0.211641 -0.963081 0.975265 -0.0146803 0.22055 0.975265 -0.0146803 0.22055 0.0853381 0.0 -0.996352 0.170053 0.0 -0.985435 0.975265 -0.0146803 0.22055 0.166384 0.211641 -0.963081 0.109731 0.769804 -0.628777 0.109731 0.769804 -0.628777 0.924545 0.210215 0.317847 0.975265 -0.0146803 0.22055 0.924545 0.210215 0.317847 0.227921 0.911685 0.341882 0.580657 -0.74832 -0.320709 0.580657 -0.74832 -0.320709 0.975265 -0.0146803 0.22055 0.924545 0.210215 0.317847 0.170051 0.0 -0.985435 0.166403 0.212315 -0.962929 0.166384 0.211641 -0.963081 0.166384 0.211641 -0.963081 0.170053 0.0 -0.985435 0.170051 0.0 -0.985435 0.170051 0.0 -0.985435 0.16638 0.21322 -0.962733 0.166403 0.212315 -0.962929 0.166403 0.212315 -0.962929 0.170051 0.0 -0.985435 0.170051 0.0 -0.985435 0.166403 0.212315 -0.962929 0.16638 0.21322 -0.962733 0.109282 0.771356 -0.62695 0.109282 0.771356 -0.62695 0.109515 0.770431 -0.628046 0.166403 0.212315 -0.962929 0.166384 0.211641 -0.963081 0.166403 0.212315 -0.962929 0.109515 0.770431 -0.628046 0.109515 0.770431 -0.628046 0.109731 0.769804 -0.628777 0.166384 0.211641 -0.963081 0.684232 0.586203 -0.43381 0.956974 0.0 0.290174 0.956879 0.0 0.290488 0.956879 0.0 0.290488 0.958221 0.0 0.28603 0.684232 0.586203 -0.43381 0.78457 0.613068 0.0927256 0.956974 0.0 0.290174 0.684232 0.586203 -0.43381 0.684232 0.586203 -0.43381 0.227921 0.911685 0.341882 0.78457 0.613068 0.0927256 0.288405 0.57681 -0.764273 0.939069 -0.334703 -0.0782557 0.956974 0.0 0.290174 0.956974 0.0 0.290174 0.78457 0.613068 0.0927256 0.288405 0.57681 -0.764273 0.956974 0.0 0.290174 0.939069 -0.334703 -0.0782557 0.952999 0.0 0.302974 0.952999 0.0 0.302974 0.956879 0.0 0.290488 0.956974 0.0 0.290174 -0.78457 -0.613068 -0.0927256 0.78457 0.613068 0.0927256 0.227921 0.911685 0.341882 0.227921 0.911685 0.341882 -0.713024 0.388922 0.583383 -0.78457 -0.613068 -0.0927256 0.78457 0.613068 0.0927256 -0.78457 -0.613068 -0.0927256 -0.713024 0.388922 0.583383 -0.713024 0.388922 0.583383 0.227921 0.911685 0.341882 0.78457 0.613068 0.0927256 0.288405 0.57681 -0.764273 0.285249 -0.570498 -0.770172 -0.78457 -0.613068 -0.0927256 -0.78457 -0.613068 -0.0927256 0.78457 0.613068 0.0927256 0.288405 0.57681 -0.764273 0.285249 -0.570498 -0.770172 0.288405 0.57681 -0.764273 0.78457 0.613068 0.0927256 0.78457 0.613068 0.0927256 -0.78457 -0.613068 -0.0927256 0.285249 -0.570498 -0.770172 0.0196575 0.993816 -0.109281 0.78457 0.613068 0.0927256 0.227921 0.911685 0.341882 0.227921 0.911685 0.341882 0.924545 0.210215 0.317847 0.0196575 0.993816 -0.109281 0.924545 0.210215 0.317847 0.109731 0.769804 -0.628777 0.0211545 0.992808 -0.117836 0.0211545 0.992808 -0.117836 0.0196575 0.993816 -0.109281 0.924545 0.210215 0.317847 0.0196575 0.993816 -0.109281 0.0211545 0.992808 -0.117836 0.0 1.0 0.0 0.0 1.0 0.0 0.672051 0.709012 0.213656 0.0196575 0.993816 -0.109281 0.672051 0.709012 0.213656 0.288405 0.57681 -0.764273 0.78457 0.613068 0.0927256 0.78457 0.613068 0.0927256 0.0196575 0.993816 -0.109281 0.672051 0.709012 0.213656 0.109731 0.769804 -0.628777 0.109515 0.770431 -0.628046 0.0210238 0.992846 -0.11754 0.0210238 0.992846 -0.11754 0.0211545 0.992808 -0.117836 0.109731 0.769804 -0.628777 0.109515 0.770431 -0.628046 0.109282 0.771356 -0.62695 0.0208994 0.992908 -0.117031 0.0208994 0.992908 -0.117031 0.0210238 0.992846 -0.11754 0.109515 0.770431 -0.628046 0.0210238 0.992846 -0.11754 0.0208994 0.992908 -0.117031 0.0 1.0 0.0 0.0 1.0 0.0 0.0 1.0 0.0 0.0210238 0.992846 -0.11754 0.0211545 0.992808 -0.117836 0.0210238 0.992846 -0.11754 0.0 1.0 0.0 0.0 1.0 0.0 0.0 1.0 0.0 0.0211545 0.992808 -0.117836 0.0 1.0 0.0 0.0 1.0 0.0 -0.00499997 0.999479 0.0318825 -0.00499997 0.999479 0.0318825 -0.00495941 0.999509 0.0309318 0.0 1.0 0.0 0.0 1.0 0.0 0.0 1.0 0.0 -0.00521199 0.999462 0.0323845 -0.00521199 0.999462 0.0323845 -0.00499997 0.999479 0.0318825 0.0 1.0 0.0 -0.00499997 0.999479 0.0318825 -0.00521199 0.999462 0.0323845 -0.0173474 0.987419 0.15717 -0.0173474 0.987419 0.15717 -0.0157183 0.988258 0.151984 -0.00499997 0.999479 0.0318825 -0.00495941 0.999509 0.0309318 -0.00499997 0.999479 0.0318825 -0.0157183 0.988258 0.151984 -0.0157183 0.988258 0.151984 -0.0154859 0.989686 0.142417 -0.00495941 0.999509 0.0309318 0.109282 0.771356 -0.62695 0.109032 0.772355 -0.625763 0.0207887 0.992978 -0.116455 0.0207887 0.992978 -0.116455 0.0208994 0.992908 -0.117031 0.109282 0.771356 -0.62695 0.109032 0.772355 -0.625763 0.108821 0.773105 -0.624874 0.0207325 0.993035 -0.115982 0.0207325 0.993035 -0.115982 0.0207887 0.992978 -0.116455 0.109032 0.772355 -0.625763 0.0207887 0.992978 -0.116455 0.0207325 0.993035 -0.115982 0.0 1.0 0.0 0.0 1.0 0.0 0.0 1.0 0.0 0.0207887 0.992978 -0.116455 0.0208994 0.992908 -0.117031 0.0207887 0.992978 -0.116455 0.0 1.0 0.0 0.0 1.0 0.0 0.0 1.0 0.0 0.0208994 0.992908 -0.117031 0.170051 0.0 -0.985435 0.166309 0.214179 -0.962533 0.16638 0.21322 -0.962733 0.16638 0.21322 -0.962733 0.170051 0.0 -0.985435 0.170051 0.0 -0.985435 0.170049 0.0 -0.985436 0.166162 0.214841 -0.96241 0.166309 0.214179 -0.962533 0.166309 0.214179 -0.962533 0.170051 0.0 -0.985435 0.170049 0.0 -0.985436 0.166309 0.214179 -0.962533 0.166162 0.214841 -0.96241 0.108821 0.773105 -0.624874 0.108821 0.773105 -0.624874 0.109032 0.772355 -0.625763 0.166309 0.214179 -0.962533 0.16638 0.21322 -0.962733 0.166309 0.214179 -0.962533 0.109032 0.772355 -0.625763 0.109032 0.772355 -0.625763 0.109282 0.771356 -0.62695 0.16638 0.21322 -0.962733 0.15349 -0.715035 -0.68203 0.172836 -0.191167 -0.966221 0.173006 -0.167849 -0.970513 0.173006 -0.167849 -0.970513 0.161171 -0.675287 -0.71973 0.15349 -0.715035 -0.68203 0.16194 -0.749744 -0.641607 0.168626 -0.210632 -0.962912 0.172836 -0.191167 -0.966221 0.172836 -0.191167 -0.966221 0.15349 -0.715035 -0.68203 0.16194 -0.749744 -0.641607 0.168626 -0.210632 -0.962912 0.170049 0.0 -0.985436 0.170051 0.0 -0.985435 0.170051 0.0 -0.985435 0.172836 -0.191167 -0.966221 0.168626 -0.210632 -0.962912 0.172836 -0.191167 -0.966221 0.170051 0.0 -0.985435 0.170051 0.0 -0.985435 0.170051 0.0 -0.985435 0.173006 -0.167849 -0.970513 0.172836 -0.191167 -0.966221 0.0631223 -0.997949 0.0106045 0.106936 -0.993631 0.0355366 0.117847 -0.979287 -0.16465 0.117847 -0.979287 -0.16465 0.10641 -0.966137 -0.235068 0.0631223 -0.997949 0.0106045 0.106936 -0.993631 0.0355366 0.122649 -0.9914 0.0456383 0.130021 -0.986253 -0.10198 0.130021 -0.986253 -0.10198 0.117847 -0.979287 -0.16465 0.106936 -0.993631 0.0355366 0.117847 -0.979287 -0.16465 0.130021 -0.986253 -0.10198 0.16194 -0.749744 -0.641607 0.16194 -0.749744 -0.641607 0.15349 -0.715035 -0.68203 0.117847 -0.979287 -0.16465 0.117847 -0.979287 -0.16465 0.15349 -0.715035 -0.68203 0.161171 -0.675287 -0.71973 0.161171 -0.675287 -0.71973 0.10641 -0.966137 -0.235068 0.117847 -0.979287 -0.16465 0.0103188 -0.994774 0.101581 0.0626619 -0.994985 0.0779601 0.0275529 -0.996148 0.0832479 0.0275529 -0.996148 0.0832479 -0.00174476 -0.994362 0.106027 0.0103188 -0.994774 0.101581 0.0161742 -0.995824 0.0898473 0.0797234 -0.994624 0.066083 0.0626619 -0.994985 0.0779601 0.0626619 -0.994985 0.0779601 0.0103188 -0.994774 0.101581 0.0161742 -0.995824 0.0898473 0.0797234 -0.994624 0.066083 0.122649 -0.9914 0.0456383 0.106936 -0.993631 0.0355366 0.106936 -0.993631 0.0355366 0.0626619 -0.994985 0.0779601 0.0797234 -0.994624 0.066083 0.0626619 -0.994985 0.0779601 0.106936 -0.993631 0.0355366 0.0631223 -0.997949 0.0106045 0.0631223 -0.997949 0.0106045 0.0275529 -0.996148 0.0832479 0.0626619 -0.994985 0.0779601 0.0599552 -0.723702 0.687503 0.000820537 -0.97268 0.23215 -0.0011586 -0.975961 0.217943 -0.0011586 -0.975961 0.217943 0.0574592 -0.745271 0.664281 0.0599552 -0.723702 0.687503 0.0601889 -0.706587 0.705062 -0.00059835 -0.971456 0.23722 0.000820537 -0.97268 0.23215 0.000820537 -0.97268 0.23215 0.0599552 -0.723702 0.687503 0.0601889 -0.706587 0.705062 -0.00059835 -0.971456 0.23722 0.0161742 -0.995824 0.0898473 0.0103188 -0.994774 0.101581 0.0103188 -0.994774 0.101581 0.000820537 -0.97268 0.23215 -0.00059835 -0.971456 0.23722 0.000820537 -0.97268 0.23215 0.0103188 -0.994774 0.101581 -0.00174476 -0.994362 0.106027 -0.00174476 -0.994362 0.106027 -0.0011586 -0.975961 0.217943 0.000820537 -0.97268 0.23215 0.118117 0.212701 0.969952 0.118117 0.212701 0.969952 0.114169 -0.153824 0.98148 0.114169 -0.153824 0.98148 0.113613 -0.172173 0.978493 0.118117 0.212701 0.969952 0.118117 0.212701 0.969952 0.118118 0.2127 0.969952 0.115522 -0.139337 0.983483 0.115522 -0.139337 0.983483 0.114169 -0.153824 0.98148 0.118117 0.212701 0.969952 0.115522 -0.139337 0.983483 0.0601889 -0.706587 0.705062 0.0599552 -0.723702 0.687503 0.0599552 -0.723702 0.687503 0.114169 -0.153824 0.98148 0.115522 -0.139337 0.983483 0.114169 -0.153824 0.98148 0.0599552 -0.723702 0.687503 0.0574592 -0.745271 0.664281 0.0574592 -0.745271 0.664281 0.113613 -0.172173 0.978493 0.114169 -0.153824 0.98148 0.0509522 0.778863 0.625121 0.0537824 0.754315 0.654306 0.101756 0.476361 0.873342 0.101756 0.476361 0.873342 0.100767 0.490255 0.865735 0.0509522 0.778863 0.625121 0.0537824 0.754315 0.654306 0.055477 0.73333 0.677605 0.103418 0.465066 0.879215 0.103418 0.465066 0.879215 0.101756 0.476361 0.873342 0.0537824 0.754315 0.654306 0.101756 0.476361 0.873342 0.103418 0.465066 0.879215 0.118118 0.2127 0.969952 0.118118 0.2127 0.969952 0.118117 0.212701 0.969952 0.101756 0.476361 0.873342 0.100767 0.490255 0.865735 0.101756 0.476361 0.873342 0.118117 0.212701 0.969952 0.118117 0.212701 0.969952 0.118117 0.212701 0.969952 0.100767 0.490255 0.865735 -0.0154859 0.989686 0.142417 -0.0157183 0.988258 0.151984 -0.00209894 0.926902 0.375297 -0.00209894 0.926902 0.375297 -0.00333668 0.938336 0.345709 -0.0154859 0.989686 0.142417 -0.0157183 0.988258 0.151984 -0.0173474 0.987419 0.15717 -0.00455156 0.919002 0.394225 -0.00455156 0.919002 0.394225 -0.00209894 0.926902 0.375297 -0.0157183 0.988258 0.151984 -0.00209894 0.926902 0.375297 -0.00455156 0.919002 0.394225 0.055477 0.73333 0.677605 0.055477 0.73333 0.677605 0.0537824 0.754315 0.654306 -0.00209894 0.926902 0.375297 -0.00333668 0.938336 0.345709 -0.00209894 0.926902 0.375297 0.0537824 0.754315 0.654306 0.0537824 0.754315 0.654306 0.0509522 0.778863 0.625121 -0.00333668 0.938336 0.345709 0.414408 -0.536539 0.735113 -0.00128125 -0.983264 0.182183 -0.00059835 -0.971456 0.23722 -0.00059835 -0.971456 0.23722 0.0601889 -0.706587 0.705062 0.414408 -0.536539 0.735113 0.784572 0.0 0.620037 -0.00128125 -0.983264 0.182183 0.414408 -0.536539 0.735113 0.414408 -0.536539 0.735113 1.0 0.0 0.0 0.784572 0.0 0.620037 0.894427 0.0 0.447214 -0.607911 -0.707443 -0.360512 -0.00128125 -0.983264 0.182183 -0.00128125 -0.983264 0.182183 0.784572 0.0 0.620037 0.894427 0.0 0.447214 -0.00128125 -0.983264 0.182183 -0.607911 -0.707443 -0.360512 0.0161742 -0.995824 0.0898473 0.0161742 -0.995824 0.0898473 -0.00059835 -0.971456 0.23722 -0.00128125 -0.983264 0.182183 -0.784572 0.0 -0.620037 0.784572 0.0 0.620037 1.0 0.0 0.0 1.0 0.0 0.0 1.0 0.0 0.0 -0.784572 0.0 -0.620037 0.784572 0.0 0.620037 -0.784572 0.0 -0.620037 1.0 0.0 0.0 1.0 0.0 0.0 1.0 0.0 0.0 0.784572 0.0 0.620037 0.894427 0.0 0.447214 -0.894427 0.0 -0.447214 -0.784572 0.0 -0.620037 -0.784572 0.0 -0.620037 0.784572 0.0 0.620037 0.894427 0.0 0.447214 -0.894427 0.0 -0.447214 0.894427 0.0 0.447214 0.784572 0.0 0.620037 0.784572 0.0 0.620037 -0.784572 0.0 -0.620037 -0.894427 0.0 -0.447214 0.0431363 -0.939589 0.339575 0.784572 0.0 0.620037 1.0 0.0 0.0 1.0 0.0 0.0 -0.693618 -0.644018 0.3227 0.0431363 -0.939589 0.339575 0.172906 -0.645231 0.744164 0.0394504 -0.95862 0.281942 0.0431363 -0.939589 0.339575 0.0431363 -0.939589 0.339575 -0.693618 -0.644018 0.3227 0.172906 -0.645231 0.744164 0.0394504 -0.95862 0.281942 -0.000700784 -0.997521 0.0703714 0.570778 -0.695542 0.436388 0.570778 -0.695542 0.436388 0.0431363 -0.939589 0.339575 0.0394504 -0.95862 0.281942 0.570778 -0.695542 0.436388 0.894427 0.0 0.447214 0.784572 0.0 0.620037 0.784572 0.0 0.620037 0.0431363 -0.939589 0.339575 0.570778 -0.695542 0.436388 0.254682 -0.59655 0.761094 0.18677 -0.896678 0.401355 0.0394504 -0.95862 0.281942 0.0394504 -0.95862 0.281942 0.172906 -0.645231 0.744164 0.254682 -0.59655 0.761094 0.467409 -0.429857 0.772497 0.547416 -0.566723 0.615761 0.18677 -0.896678 0.401355 0.18677 -0.896678 0.401355 0.254682 -0.59655 0.761094 0.467409 -0.429857 0.772497 0.547416 -0.566723 0.615761 0.627831 -0.62314 0.466395 0.176769 -0.965215 0.192645 0.176769 -0.965215 0.192645 0.18677 -0.896678 0.401355 0.547416 -0.566723 0.615761 0.18677 -0.896678 0.401355 0.176769 -0.965215 0.192645 -0.000700784 -0.997521 0.0703714 -0.000700784 -0.997521 0.0703714 0.0394504 -0.95862 0.281942 0.18677 -0.896678 0.401355 0.118118 0.2127 0.969952 0.618409 0.138243 0.773602 0.116906 -0.154018 0.981128 0.116906 -0.154018 0.981128 0.115522 -0.139337 0.983483 0.118118 0.2127 0.969952 -0.118196 0.0 -0.99299 0.116906 -0.154018 0.981128 0.618409 0.138243 0.773602 0.618409 0.138243 0.773602 1.0 0.0 0.0 -0.118196 0.0 -0.99299 1.0 0.0 0.0 0.414408 -0.536539 0.735113 0.116906 -0.154018 0.981128 0.116906 -0.154018 0.981128 -0.118196 0.0 -0.99299 1.0 0.0 0.0 0.116906 -0.154018 0.981128 0.414408 -0.536539 0.735113 0.0601889 -0.706587 0.705062 0.0601889 -0.706587 0.705062 0.115522 -0.139337 0.983483 0.116906 -0.154018 0.981128 0.118196 0.0 0.99299 -0.118196 0.0 -0.99299 1.0 0.0 0.0 1.0 0.0 0.0 1.0 0.0 0.0 0.118196 0.0 0.99299 -0.118196 0.0 -0.99299 0.118196 0.0 0.99299 1.0 0.0 0.0 1.0 0.0 0.0 1.0 0.0 0.0 -0.118196 0.0 -0.99299 1.0 0.0 0.0 1.0 0.0 0.0 0.118196 0.0 0.99299 0.118196 0.0 0.99299 -0.118196 0.0 -0.99299 1.0 0.0 0.0 1.0 0.0 0.0 1.0 0.0 0.0 -0.118196 0.0 -0.99299 -0.118196 0.0 -0.99299 0.118196 0.0 0.99299 1.0 0.0 0.0 0.249579 -0.0814728 0.964921 -0.118196 0.0 -0.99299 1.0 0.0 0.0 1.0 0.0 0.0 -0.695738 0.19596 0.691049 0.249579 -0.0814728 0.964921 -0.695738 0.19596 0.691049 0.245379 0.199548 0.948667 0.247441 -0.105313 0.963163 0.247441 -0.105313 0.963163 0.249579 -0.0814728 0.964921 -0.695738 0.19596 0.691049 0.247441 -0.105313 0.963163 0.172906 -0.645231 0.744164 -0.693618 -0.644018 0.3227 -0.693618 -0.644018 0.3227 0.249579 -0.0814728 0.964921 0.247441 -0.105313 0.963163 -0.693618 -0.644018 0.3227 1.0 0.0 0.0 -0.118196 0.0 -0.99299 -0.118196 0.0 -0.99299 0.249579 -0.0814728 0.964921 -0.693618 -0.644018 0.3227 0.245379 0.199548 0.948667 0.308837 0.189637 0.932018 0.304976 -0.0831523 0.948723 0.304976 -0.0831523 0.948723 0.247441 -0.105313 0.963163 0.245379 0.199548 0.948667 0.308837 0.189637 0.932018 0.503554 0.137281 0.852987 0.522714 -0.087578 0.847998 0.522714 -0.087578 0.847998 0.304976 -0.0831523 0.948723 0.308837 0.189637 0.932018 0.522714 -0.087578 0.847998 0.467409 -0.429857 0.772497 0.254682 -0.59655 0.761094 0.254682 -0.59655 0.761094 0.304976 -0.0831523 0.948723 0.522714 -0.087578 0.847998 0.304976 -0.0831523 0.948723 0.254682 -0.59655 0.761094 0.172906 -0.645231 0.744164 0.172906 -0.645231 0.744164 0.247441 -0.105313 0.963163 0.304976 -0.0831523 0.948723 -0.607911 -0.707443 -0.360512 -0.614604 -0.726421 -0.307531 0.0797234 -0.994624 0.066083 0.0797234 -0.994624 0.066083 0.0161742 -0.995824 0.0898473 -0.607911 -0.707443 -0.360512 -0.441054 -0.661581 0.60645 -0.614604 -0.726421 -0.307531 -0.607911 -0.707443 -0.360512 -0.607911 -0.707443 -0.360512 0.894427 0.0 0.447214 -0.441054 -0.661581 0.60645 -0.698493 0.0114865 -0.715524 0.932929 0.0641292 0.354304 -0.614604 -0.726421 -0.307531 -0.614604 -0.726421 -0.307531 -0.441054 -0.661581 0.60645 -0.698493 0.0114865 -0.715524 -0.614604 -0.726421 -0.307531 0.932929 0.0641292 0.354304 0.122649 -0.9914 0.0456383 0.122649 -0.9914 0.0456383 0.0797234 -0.994624 0.066083 -0.614604 -0.726421 -0.307531 0.0 0.707107 0.707107 -0.441054 -0.661581 0.60645 0.894427 0.0 0.447214 0.894427 0.0 0.447214 -0.894427 0.0 -0.447214 0.0 0.707107 0.707107 -0.441054 -0.661581 0.60645 0.0 0.707107 0.707107 -0.894427 0.0 -0.447214 -0.894427 0.0 -0.447214 0.894427 0.0 0.447214 -0.441054 -0.661581 0.60645 -0.698493 0.0114865 -0.715524 -0.729986 0.0 -0.683462 0.0 0.707107 0.707107 0.0 0.707107 0.707107 -0.441054 -0.661581 0.60645 -0.698493 0.0114865 -0.715524 -0.729986 0.0 -0.683462 -0.698493 0.0114865 -0.715524 -0.441054 -0.661581 0.60645 -0.441054 -0.661581 0.60645 0.0 0.707107 0.707107 -0.729986 0.0 -0.683462 0.615468 -0.714087 0.333586 -0.441054 -0.661581 0.60645 0.894427 0.0 0.447214 0.894427 0.0 0.447214 0.570778 -0.695542 0.436388 0.615468 -0.714087 0.333586 -0.000700784 -0.997521 0.0703714 -0.00159447 -0.999886 0.0150411 0.615468 -0.714087 0.333586 0.615468 -0.714087 0.333586 0.570778 -0.695542 0.436388 -0.000700784 -0.997521 0.0703714 -0.00159447 -0.999886 0.0150411 0.0 -1.0 0.0 0.0 -1.0 0.0 0.0 -1.0 0.0 0.615468 -0.714087 0.333586 -0.00159447 -0.999886 0.0150411 0.0 -1.0 0.0 -0.698493 0.0114865 -0.715524 -0.441054 -0.661581 0.60645 -0.441054 -0.661581 0.60645 0.615468 -0.714087 0.333586 0.0 -1.0 0.0 0.176769 -0.965215 0.192645 0.182551 -0.976018 0.118593 -0.00159447 -0.999886 0.0150411 -0.00159447 -0.999886 0.0150411 -0.000700784 -0.997521 0.0703714 0.176769 -0.965215 0.192645 0.627831 -0.62314 0.466395 0.665913 -0.641352 0.381087 0.182551 -0.976018 0.118593 0.182551 -0.976018 0.118593 0.176769 -0.965215 0.192645 0.627831 -0.62314 0.466395 0.665913 -0.641352 0.381087 0.70089 -0.653722 0.285307 0.185638 -0.979626 0.0766249 0.185638 -0.979626 0.0766249 0.182551 -0.976018 0.118593 0.665913 -0.641352 0.381087 0.182551 -0.976018 0.118593 0.185638 -0.979626 0.0766249 0.0 -1.0 0.0 0.0 -1.0 0.0 -0.00159447 -0.999886 0.0150411 0.182551 -0.976018 0.118593 0.122649 -0.9914 0.0456383 0.932929 0.0641292 0.354304 -0.743805 -0.598224 -0.298132 -0.743805 -0.598224 -0.298132 0.130021 -0.986253 -0.10198 0.122649 -0.9914 0.0456383 -0.270004 -0.832512 0.483757 -0.743805 -0.598224 -0.298132 0.932929 0.0641292 0.354304 0.932929 0.0641292 0.354304 -0.698493 0.0114865 -0.715524 -0.270004 -0.832512 0.483757 -0.798349 0.216836 -0.561801 0.879389 -0.472734 -0.0565512 -0.743805 -0.598224 -0.298132 -0.743805 -0.598224 -0.298132 -0.270004 -0.832512 0.483757 -0.798349 0.216836 -0.561801 0.130021 -0.986253 -0.10198 -0.743805 -0.598224 -0.298132 0.879389 -0.472734 -0.0565512 0.879389 -0.472734 -0.0565512 0.16194 -0.749744 -0.641607 0.130021 -0.986253 -0.10198 -0.353657 -0.437651 0.826673 -0.270004 -0.832512 0.483757 -0.698493 0.0114865 -0.715524 -0.698493 0.0114865 -0.715524 -0.729986 0.0 -0.683462 -0.353657 -0.437651 0.826673 -0.270004 -0.832512 0.483757 -0.353657 -0.437651 0.826673 -0.729986 0.0 -0.683462 -0.729986 0.0 -0.683462 -0.698493 0.0114865 -0.715524 -0.270004 -0.832512 0.483757 -0.798349 0.216836 -0.561801 0.665724 -0.641948 -0.380414 -0.353657 -0.437651 0.826673 -0.353657 -0.437651 0.826673 -0.270004 -0.832512 0.483757 -0.798349 0.216836 -0.561801 0.665724 -0.641948 -0.380414 -0.798349 0.216836 -0.561801 -0.270004 -0.832512 0.483757 -0.270004 -0.832512 0.483757 -0.353657 -0.437651 0.826673 0.665724 -0.641948 -0.380414 0.624481 -0.775625 0.0918135 -0.270004 -0.832512 0.483757 -0.698493 0.0114865 -0.715524 -0.698493 0.0114865 -0.715524 0.0 -1.0 0.0 0.624481 -0.775625 0.0918135 0.0 -1.0 0.0 0.0293996 -0.992778 -0.116307 0.624481 -0.775625 0.0918135 0.624481 -0.775625 0.0918135 0.0 -1.0 0.0 0.0 -1.0 0.0 0.624481 -0.775625 0.0918135 0.0293996 -0.992778 -0.116307 0.185434 -0.770308 -0.610115 0.185434 -0.770308 -0.610115 -0.134312 -0.700055 -0.701344 0.624481 -0.775625 0.0918135 -0.134312 -0.700055 -0.701344 -0.798349 0.216836 -0.561801 -0.270004 -0.832512 0.483757 -0.270004 -0.832512 0.483757 0.624481 -0.775625 0.0918135 -0.134312 -0.700055 -0.701344 0.185638 -0.979626 0.0766249 0.223303 -0.97178 -0.0760248 0.0293996 -0.992778 -0.116307 0.0293996 -0.992778 -0.116307 0.0 -1.0 0.0 0.185638 -0.979626 0.0766249 0.70089 -0.653722 0.285307 0.748484 -0.661982 0.0393958 0.223303 -0.97178 -0.0760248 0.223303 -0.97178 -0.0760248 0.185638 -0.979626 0.0766249 0.70089 -0.653722 0.285307 0.223303 -0.97178 -0.0760248 0.748484 -0.661982 0.0393958 0.767001 -0.579548 -0.275379 0.767001 -0.579548 -0.275379 0.429645 -0.727348 -0.535136 0.223303 -0.97178 -0.0760248 0.0293996 -0.992778 -0.116307 0.223303 -0.97178 -0.0760248 0.429645 -0.727348 -0.535136 0.429645 -0.727348 -0.535136 0.185434 -0.770308 -0.610115 0.0293996 -0.992778 -0.116307 0.879389 -0.472734 -0.0565512 0.0817669 -0.215787 -0.973011 0.168626 -0.210632 -0.962912 0.168626 -0.210632 -0.962912 0.16194 -0.749744 -0.641607 0.879389 -0.472734 -0.0565512 0.621072 0.710224 -0.331438 0.0817669 -0.215787 -0.973011 0.879389 -0.472734 -0.0565512 0.879389 -0.472734 -0.0565512 -0.798349 0.216836 -0.561801 0.621072 0.710224 -0.331438 1.0 0.0 0.0 0.996352 0.0 0.0853351 0.0817669 -0.215787 -0.973011 0.0817669 -0.215787 -0.973011 0.621072 0.710224 -0.331438 1.0 0.0 0.0 0.0817669 -0.215787 -0.973011 0.996352 0.0 0.0853351 0.170049 0.0 -0.985436 0.170049 0.0 -0.985436 0.168626 -0.210632 -0.962912 0.0817669 -0.215787 -0.973011 -0.495513 0.803602 -0.329683 0.621072 0.710224 -0.331438 -0.798349 0.216836 -0.561801 -0.798349 0.216836 -0.561801 0.665724 -0.641948 -0.380414 -0.495513 0.803602 -0.329683 0.621072 0.710224 -0.331438 -0.495513 0.803602 -0.329683 0.665724 -0.641948 -0.380414 0.665724 -0.641948 -0.380414 -0.798349 0.216836 -0.561801 0.621072 0.710224 -0.331438 1.0 0.0 0.0 1.0 0.0 0.0 -0.495513 0.803602 -0.329683 -0.495513 0.803602 -0.329683 0.621072 0.710224 -0.331438 1.0 0.0 0.0 1.0 0.0 0.0 1.0 0.0 0.0 0.621072 0.710224 -0.331438 0.621072 0.710224 -0.331438 -0.495513 0.803602 -0.329683 1.0 0.0 0.0 0.958643 0.0440799 0.281178 0.621072 0.710224 -0.331438 -0.798349 0.216836 -0.561801 -0.798349 0.216836 -0.561801 -0.134312 -0.700055 -0.701344 0.958643 0.0440799 0.281178 -0.134312 -0.700055 -0.701344 0.185434 -0.770308 -0.610115 0.298226 -0.213462 -0.93032 0.298226 -0.213462 -0.93032 0.958643 0.0440799 0.281178 -0.134312 -0.700055 -0.701344 0.298226 -0.213462 -0.93032 0.305929 0.0 -0.952054 0.154835 0.0 -0.98794 0.154835 0.0 -0.98794 0.958643 0.0440799 0.281178 0.298226 -0.213462 -0.93032 0.154835 0.0 -0.98794 1.0 0.0 0.0 0.621072 0.710224 -0.331438 0.621072 0.710224 -0.331438 0.958643 0.0440799 0.281178 0.154835 0.0 -0.98794 0.185434 -0.770308 -0.610115 0.429645 -0.727348 -0.535136 0.499924 -0.207438 -0.84086 0.499924 -0.207438 -0.84086 0.298226 -0.213462 -0.93032 0.185434 -0.770308 -0.610115 0.767001 -0.579548 -0.275379 0.891581 -0.216468 -0.397774 0.499924 -0.207438 -0.84086 0.499924 -0.207438 -0.84086 0.429645 -0.727348 -0.535136 0.767001 -0.579548 -0.275379 0.891581 -0.216468 -0.397774 0.919329 0.0 -0.393491 0.50818 0.0 -0.861251 0.50818 0.0 -0.861251 0.499924 -0.207438 -0.84086 0.891581 -0.216468 -0.397774 0.499924 -0.207438 -0.84086 0.50818 0.0 -0.861251 0.305929 0.0 -0.952054 0.305929 0.0 -0.952054 0.298226 -0.213462 -0.93032 0.499924 -0.207438 -0.84086 -0.0173474 0.987419 0.15717 -0.625434 0.689312 -0.365624 0.456678 0.619911 0.638087 0.456678 0.619911 0.638087 -0.00455156 0.919002 0.394225 -0.0173474 0.987419 0.15717 0.603607 -0.388058 -0.696469 0.456678 0.619911 0.638087 -0.625434 0.689312 -0.365624 -0.625434 0.689312 -0.365624 -0.894427 0.0 -0.447214 0.603607 -0.388058 -0.696469 -0.477164 -0.298227 0.826665 -0.33608 0.860067 0.383843 0.456678 0.619911 0.638087 0.456678 0.619911 0.638087 0.603607 -0.388058 -0.696469 -0.477164 -0.298227 0.826665 -0.00455156 0.919002 0.394225 0.456678 0.619911 0.638087 -0.33608 0.860067 0.383843 -0.33608 0.860067 0.383843 0.055477 0.73333 0.677605 -0.00455156 0.919002 0.394225 0.540092 0.722227 -0.432074 0.603607 -0.388058 -0.696469 -0.894427 0.0 -0.447214 -0.894427 0.0 -0.447214 0.707107 0.0 0.707107 0.540092 0.722227 -0.432074 0.603607 -0.388058 -0.696469 0.540092 0.722227 -0.432074 0.707107 0.0 0.707107 0.707107 0.0 0.707107 -0.894427 0.0 -0.447214 0.603607 -0.388058 -0.696469 -0.477164 -0.298227 0.826665 -0.836278 -0.50774 -0.206974 0.540092 0.722227 -0.432074 0.540092 0.722227 -0.432074 0.603607 -0.388058 -0.696469 -0.477164 -0.298227 0.826665 -0.836278 -0.50774 -0.206974 -0.477164 -0.298227 0.826665 0.603607 -0.388058 -0.696469 0.603607 -0.388058 -0.696469 0.540092 0.722227 -0.432074 -0.836278 -0.50774 -0.206974 -0.599942 0.794294 -0.0957458 0.603607 -0.388058 -0.696469 -0.894427 0.0 -0.447214 -0.894427 0.0 -0.447214 0.535356 0.651498 0.537535 -0.599942 0.794294 -0.0957458 0.535356 0.651498 0.537535 -0.000971646 0.98271 0.185147 0.066232 0.875703 0.478286 0.066232 0.875703 0.478286 -0.599942 0.794294 -0.0957458 0.535356 0.651498 0.537535 -0.599942 0.794294 -0.0957458 0.066232 0.875703 0.478286 0.169825 0.654607 0.736647 0.169825 0.654607 0.736647 0.757999 -0.198079 0.621452 -0.599942 0.794294 -0.0957458 0.757999 -0.198079 0.621452 -0.477164 -0.298227 0.826665 0.603607 -0.388058 -0.696469 0.603607 -0.388058 -0.696469 -0.599942 0.794294 -0.0957458 0.757999 -0.198079 0.621452 -0.000971646 0.98271 0.185147 0.158201 0.940751 0.299933 0.149549 0.821238 0.550638 0.149549 0.821238 0.550638 0.066232 0.875703 0.478286 -0.000971646 0.98271 0.185147 0.158201 0.940751 0.299933 0.582658 0.614099 0.532346 0.458056 0.552475 0.696388 0.458056 0.552475 0.696388 0.149549 0.821238 0.550638 0.158201 0.940751 0.299933 0.149549 0.821238 0.550638 0.458056 0.552475 0.696388 0.3433 0.487074 0.803059 0.3433 0.487074 0.803059 0.207589 0.608295 0.766084 0.149549 0.821238 0.550638 0.066232 0.875703 0.478286 0.149549 0.821238 0.550638 0.207589 0.608295 0.766084 0.207589 0.608295 0.766084 0.169825 0.654607 0.736647 0.066232 0.875703 0.478286 0.055477 0.73333 0.677605 -0.33608 0.860067 0.383843 0.103748 0.482308 0.869836 0.103748 0.482308 0.869836 0.103418 0.465066 0.879215 0.055477 0.73333 0.677605 -0.943879 0.318228 -0.0884498 0.103748 0.482308 0.869836 -0.33608 0.860067 0.383843 -0.33608 0.860067 0.383843 -0.477164 -0.298227 0.826665 -0.943879 0.318228 -0.0884498 1.0 0.0 0.0 0.618409 0.138243 0.773602 0.103748 0.482308 0.869836 0.103748 0.482308 0.869836 -0.943879 0.318228 -0.0884498 1.0 0.0 0.0 0.103418 0.465066 0.879215 0.103748 0.482308 0.869836 0.618409 0.138243 0.773602 0.618409 0.138243 0.773602 0.118118 0.2127 0.969952 0.103418 0.465066 0.879215 0.943879 -0.318228 0.0884498 -0.943879 0.318228 -0.0884498 -0.477164 -0.298227 0.826665 -0.477164 -0.298227 0.826665 -0.836278 -0.50774 -0.206974 0.943879 -0.318228 0.0884498 -0.943879 0.318228 -0.0884498 0.943879 -0.318228 0.0884498 -0.836278 -0.50774 -0.206974 -0.836278 -0.50774 -0.206974 -0.477164 -0.298227 0.826665 -0.943879 0.318228 -0.0884498 1.0 0.0 0.0 1.0 0.0 0.0 0.943879 -0.318228 0.0884498 0.943879 -0.318228 0.0884498 -0.943879 0.318228 -0.0884498 1.0 0.0 0.0 1.0 0.0 0.0 1.0 0.0 0.0 -0.943879 0.318228 -0.0884498 -0.943879 0.318228 -0.0884498 0.943879 -0.318228 0.0884498 1.0 0.0 0.0 0.230329 0.392431 0.890475 -0.943879 0.318228 -0.0884498 -0.477164 -0.298227 0.826665 -0.477164 -0.298227 0.826665 0.757999 -0.198079 0.621452 0.230329 0.392431 0.890475 0.757999 -0.198079 0.621452 0.169825 0.654607 0.736647 0.225926 0.419923 0.87899 0.225926 0.419923 0.87899 0.230329 0.392431 0.890475 0.757999 -0.198079 0.621452 0.230329 0.392431 0.890475 0.225926 0.419923 0.87899 0.245379 0.199548 0.948667 0.245379 0.199548 0.948667 -0.695738 0.19596 0.691049 0.230329 0.392431 0.890475 -0.695738 0.19596 0.691049 1.0 0.0 0.0 -0.943879 0.318228 -0.0884498 -0.943879 0.318228 -0.0884498 0.230329 0.392431 0.890475 -0.695738 0.19596 0.691049 0.169825 0.654607 0.736647 0.207589 0.608295 0.766084 0.271941 0.389793 0.879835 0.271941 0.389793 0.879835 0.225926 0.419923 0.87899 0.169825 0.654607 0.736647 0.207589 0.608295 0.766084 0.3433 0.487074 0.803059 0.448776 0.300523 0.841598 0.448776 0.300523 0.841598 0.271941 0.389793 0.879835 0.207589 0.608295 0.766084 0.271941 0.389793 0.879835 0.448776 0.300523 0.841598 0.503554 0.137281 0.852987 0.503554 0.137281 0.852987 0.308837 0.189637 0.932018 0.271941 0.389793 0.879835 0.225926 0.419923 0.87899 0.271941 0.389793 0.879835 0.308837 0.189637 0.932018 0.308837 0.189637 0.932018 0.245379 0.199548 0.948667 0.225926 0.419923 0.87899 0.0 1.0 0.0 -0.765426 0.577121 -0.2847 -0.00416692 0.999666 0.0254965 -0.00416692 0.999666 0.0254965 -0.00521199 0.999462 0.0323845 0.0 1.0 0.0 -0.834656 -0.470017 -0.287112 -0.00416692 0.999666 0.0254965 -0.765426 0.577121 -0.2847 -0.765426 0.577121 -0.2847 1.0 0.0 0.0 -0.834656 -0.470017 -0.287112 -0.894427 0.0 -0.447214 -0.625434 0.689312 -0.365624 -0.00416692 0.999666 0.0254965 -0.00416692 0.999666 0.0254965 -0.834656 -0.470017 -0.287112 -0.894427 0.0 -0.447214 -0.00521199 0.999462 0.0323845 -0.00416692 0.999666 0.0254965 -0.625434 0.689312 -0.365624 -0.625434 0.689312 -0.365624 -0.0173474 0.987419 0.15717 -0.00521199 0.999462 0.0323845 0.834656 0.470017 0.287112 -0.834656 -0.470017 -0.287112 1.0 0.0 0.0 1.0 0.0 0.0 1.0 0.0 0.0 0.834656 0.470017 0.287112 -0.834656 -0.470017 -0.287112 0.834656 0.470017 0.287112 1.0 0.0 0.0 1.0 0.0 0.0 1.0 0.0 0.0 -0.834656 -0.470017 -0.287112 -0.894427 0.0 -0.447214 0.707107 0.0 0.707107 0.834656 0.470017 0.287112 0.834656 0.470017 0.287112 -0.834656 -0.470017 -0.287112 -0.894427 0.0 -0.447214 0.707107 0.0 0.707107 -0.894427 0.0 -0.447214 -0.834656 -0.470017 -0.287112 -0.834656 -0.470017 -0.287112 0.834656 0.470017 0.287112 0.707107 0.0 0.707107 -0.00465253 0.999128 0.0414883 -0.834656 -0.470017 -0.287112 1.0 0.0 0.0 1.0 0.0 0.0 0.540022 0.817332 0.200861 -0.00465253 0.999128 0.0414883 0.540022 0.817332 0.200861 0.0 1.0 0.0 -0.00365689 0.999388 0.0347882 -0.00365689 0.999388 0.0347882 -0.00465253 0.999128 0.0414883 0.540022 0.817332 0.200861 -0.00465253 0.999128 0.0414883 -0.00365689 0.999388 0.0347882 -0.000971646 0.98271 0.185147 -0.000971646 0.98271 0.185147 0.535356 0.651498 0.537535 -0.00465253 0.999128 0.0414883 0.535356 0.651498 0.537535 -0.894427 0.0 -0.447214 -0.834656 -0.470017 -0.287112 -0.834656 -0.470017 -0.287112 -0.00465253 0.999128 0.0414883 0.535356 0.651498 0.537535 0.0 1.0 0.0 0.185637 0.979626 0.0766245 0.179259 0.974037 0.138267 0.179259 0.974037 0.138267 -0.00365689 0.999388 0.0347882 0.0 1.0 0.0 0.185637 0.979626 0.0766245 0.700889 0.653724 0.285307 0.659554 0.641668 0.391472 0.659554 0.641668 0.391472 0.179259 0.974037 0.138267 0.185637 0.979626 0.0766245 0.179259 0.974037 0.138267 0.659554 0.641668 0.391472 0.582658 0.614099 0.532346 0.582658 0.614099 0.532346 0.158201 0.940751 0.299933 0.179259 0.974037 0.138267 -0.00365689 0.999388 0.0347882 0.179259 0.974037 0.138267 0.158201 0.940751 0.299933 0.158201 0.940751 0.299933 -0.000971646 0.98271 0.185147 -0.00365689 0.999388 0.0347882 0.996352 0.0 0.0853351 0.0817674 0.215788 -0.973011 0.166162 0.214841 -0.96241 0.166162 0.214841 -0.96241 0.170049 0.0 -0.985436 0.996352 0.0 0.0853351 -0.524803 0.721836 0.451148 0.0817674 0.215788 -0.973011 0.996352 0.0 0.0853351 0.996352 0.0 0.0853351 1.0 0.0 0.0 -0.524803 0.721836 0.451148 -0.594635 -0.668965 -0.445976 0.554872 0.63166 -0.541408 0.0817674 0.215788 -0.973011 0.0817674 0.215788 -0.973011 -0.524803 0.721836 0.451148 -0.594635 -0.668965 -0.445976 0.166162 0.214841 -0.96241 0.0817674 0.215788 -0.973011 0.554872 0.63166 -0.541408 0.554872 0.63166 -0.541408 0.108821 0.773105 -0.624874 0.166162 0.214841 -0.96241 0.625774 0.71009 0.322768 -0.524803 0.721836 0.451148 1.0 0.0 0.0 1.0 0.0 0.0 1.0 0.0 0.0 0.625774 0.71009 0.322768 -0.524803 0.721836 0.451148 0.625774 0.71009 0.322768 1.0 0.0 0.0 1.0 0.0 0.0 1.0 0.0 0.0 -0.524803 0.721836 0.451148 -0.594635 -0.668965 -0.445976 0.245638 -0.664667 0.705606 0.625774 0.71009 0.322768 0.625774 0.71009 0.322768 -0.524803 0.721836 0.451148 -0.594635 -0.668965 -0.445976 0.245638 -0.664667 0.705606 -0.594635 -0.668965 -0.445976 -0.524803 0.721836 0.451148 -0.524803 0.721836 0.451148 0.625774 0.71009 0.322768 0.245638 -0.664667 0.705606 0.958643 -0.0440821 0.281178 -0.524803 0.721836 0.451148 1.0 0.0 0.0 1.0 0.0 0.0 0.154835 0.0 -0.98794 0.958643 -0.0440821 0.281178 0.305929 0.0 -0.952054 0.298224 0.213462 -0.93032 0.958643 -0.0440821 0.281178 0.958643 -0.0440821 0.281178 0.154835 0.0 -0.98794 0.305929 0.0 -0.952054 0.298224 0.213462 -0.93032 0.185433 0.770308 -0.610114 -0.661502 0.600897 -0.448707 -0.661502 0.600897 -0.448707 0.958643 -0.0440821 0.281178 0.298224 0.213462 -0.93032 -0.661502 0.600897 -0.448707 -0.594635 -0.668965 -0.445976 -0.524803 0.721836 0.451148 -0.524803 0.721836 0.451148 0.958643 -0.0440821 0.281178 -0.661502 0.600897 -0.448707 0.50818 0.0 -0.861251 0.499924 0.207437 -0.84086 0.298224 0.213462 -0.93032 0.298224 0.213462 -0.93032 0.305929 0.0 -0.952054 0.50818 0.0 -0.861251 0.919329 0.0 -0.393491 0.891581 0.216467 -0.397775 0.499924 0.207437 -0.84086 0.499924 0.207437 -0.84086 0.50818 0.0 -0.861251 0.919329 0.0 -0.393491 0.499924 0.207437 -0.84086 0.891581 0.216467 -0.397775 0.767 0.579549 -0.275379 0.767 0.579549 -0.275379 0.429644 0.727348 -0.535136 0.499924 0.207437 -0.84086 0.499924 0.207437 -0.84086 0.429644 0.727348 -0.535136 0.185433 0.770308 -0.610114 0.185433 0.770308 -0.610114 0.298224 0.213462 -0.93032 0.499924 0.207437 -0.84086 0.108821 0.773105 -0.624874 0.554872 0.63166 -0.541408 0.0218565 0.992282 -0.122058 0.0218565 0.992282 -0.122058 0.0207325 0.993035 -0.115982 0.108821 0.773105 -0.624874 0.779235 0.580921 0.23521 0.0218565 0.992282 -0.122058 0.554872 0.63166 -0.541408 0.554872 0.63166 -0.541408 -0.594635 -0.668965 -0.445976 0.779235 0.580921 0.23521 1.0 0.0 0.0 -0.765426 0.577121 -0.2847 0.0218565 0.992282 -0.122058 0.0218565 0.992282 -0.122058 0.779235 0.580921 0.23521 1.0 0.0 0.0 0.0207325 0.993035 -0.115982 0.0218565 0.992282 -0.122058 -0.765426 0.577121 -0.2847 -0.765426 0.577121 -0.2847 0.0 1.0 0.0 0.0207325 0.993035 -0.115982 -0.779235 -0.580921 -0.23521 0.779235 0.580921 0.23521 -0.594635 -0.668965 -0.445976 -0.594635 -0.668965 -0.445976 0.245638 -0.664667 0.705606 -0.779235 -0.580921 -0.23521 0.779235 0.580921 0.23521 -0.779235 -0.580921 -0.23521 0.245638 -0.664667 0.705606 0.245638 -0.664667 0.705606 -0.594635 -0.668965 -0.445976 0.779235 0.580921 0.23521 1.0 0.0 0.0 1.0 0.0 0.0 -0.779235 -0.580921 -0.23521 -0.779235 -0.580921 -0.23521 0.779235 0.580921 0.23521 1.0 0.0 0.0 1.0 0.0 0.0 1.0 0.0 0.0 0.779235 0.580921 0.23521 0.779235 0.580921 0.23521 -0.779235 -0.580921 -0.23521 1.0 0.0 0.0 0.0282978 0.993159 -0.113289 0.779235 0.580921 0.23521 -0.594635 -0.668965 -0.445976 -0.594635 -0.668965 -0.445976 -0.661502 0.600897 -0.448707 0.0282978 0.993159 -0.113289 0.185433 0.770308 -0.610114 0.0294024 0.992778 -0.116306 0.0282978 0.993159 -0.113289 0.0282978 0.993159 -0.113289 -0.661502 0.600897 -0.448707 0.185433 0.770308 -0.610114 0.0282978 0.993159 -0.113289 0.0294024 0.992778 -0.116306 0.0 1.0 0.0 0.0 1.0 0.0 0.540022 0.817332 0.200861 0.0282978 0.993159 -0.113289 0.540022 0.817332 0.200861 1.0 0.0 0.0 0.779235 0.580921 0.23521 0.779235 0.580921 0.23521 0.0282978 0.993159 -0.113289 0.540022 0.817332 0.200861 0.429644 0.727348 -0.535136 0.2233 0.971781 -0.0760245 0.0294024 0.992778 -0.116306 0.0294024 0.992778 -0.116306 0.185433 0.770308 -0.610114 0.429644 0.727348 -0.535136 0.767 0.579549 -0.275379 0.748483 0.661983 0.0393969 0.2233 0.971781 -0.0760245 0.2233 0.971781 -0.0760245 0.429644 0.727348 -0.535136 0.767 0.579549 -0.275379 0.2233 0.971781 -0.0760245 0.748483 0.661983 0.0393969 0.700889 0.653724 0.285307 0.700889 0.653724 0.285307 0.185637 0.979626 0.0766245 0.2233 0.971781 -0.0760245 0.0294024 0.992778 -0.116306 0.2233 0.971781 -0.0760245 0.185637 0.979626 0.0766245 0.185637 0.979626 0.0766245 0.0 1.0 0.0 0.0294024 0.992778 -0.116306 </normals>
			<texCoords count='2942'>0.001992 0.329404 0.466328 0.998117 0.230214 0.611068 0.054773 0.329404 0.282995 0.608233 0.107554 0.329404 0.335776 0.605398 0.001992 0.276547 0.519185 0.998117 0.054773 0.276547 0.107554 0.276547 0.001992 0.22369 0.572041 0.998117 0.054773 0.22369 0.107554 0.22369 0.001992 0.170833 0.624898 0.998117 0.054773 0.170833 0.107554 0.170833 0.001992 0.117977 0.68432 0.986777 0.677755 0.998117 0.054773 0.117977 0.737101 0.989612 0.107554 0.117977 0.789882 0.992447 0.687155 0.933996 0.677755 0.945336 0.740067 0.934391 0.792848 0.937226 0.691039 0.861695 0.677755 0.873035 0.743943 0.863051 0.796682 0.865854 0.69826 0.779318 0.609585 0.162525 0.677755 0.790658 0.749709 0.779776 0.801166 0.782365 0.71751 0.688934 0.660589 0.700274 0.592418 0.072141 0.76172 0.691308 0.660589 0.702648 0.805942 0.693455 0.606281 0.718492 0.675803 0.227955 0.53811 0.090359 0.605397 0.611068 0.758043 0.599728 0.931296 0.095425 0.810824 0.602563 0.931296 0.148205 0.572041 0.700274 0.668729 0.267283 0.572041 0.593695 0.964652 0.096358 0.964652 0.148905 0.527768 0.700274 0.668729 0.318137 0.538685 0.611068 0.998008 0.095425 0.303937 0.998117 0.998008 0.148205 0.356718 0.995282 0.483494 0.700274 0.263404 0.908911 0.483494 0.702648 0.307614 0.906537 0.351836 0.90439 0.244155 0.818527 0.466328 0.790658 0.295496 0.816077 0.346953 0.813487 0.236933 0.73615 0.466328 0.873035 0.289164 0.72227 0.341827 0.718043 0.232071 0.645631 0.456293 0.963554 0.285671 0.658045 0.337993 0.646671 0.519185 0.790658 0.717527 0.327995 0.50915 0.891253 0.773663 0.339521 0.519185 0.945336 0.793779 0.327995 0.572041 0.945336 0.793779 0.267283 0.556728 0.162525 0.717527 0.20657 0.624898 0.790658 0.624898 0.873035 0.765051 0.20657 0.624898 0.945336 0.793779 0.20657 0.674828 0.313012 0.674828 0.313012 0.668729 0.318137 0.879113 0.595736 0.531974 0.149287 0.800586 0.566393 0.801257 0.330159 0.531974 0.07076 0.718444 0.328204 0.718444 0.328204 0.717527 0.327995 0.859864 0.505352 0.766633 0.497308 0.829537 0.340017 0.669613 0.268723 0.669613 0.268723 0.668729 0.267283 0.487701 0.149287 0.487701 0.07076 0.801257 0.279305 0.769161 0.33664 0.769161 0.33664 0.773663 0.339521 0.851664 0.404757 0.746497 0.41749 0.856228 0.340017 0.791265 0.321847 0.791265 0.321847 0.793779 0.327995 0.925161 0.201919 0.848759 0.350673 0.823613 0.201919 0.877368 0.340017 0.747212 0.344009 0.793779 0.267283 0.793779 0.267283 0.793779 0.267283 0.925161 0.149063 0.823613 0.149063 0.877368 0.279305 0.718252 0.209243 0.718252 0.209243 0.717527 0.20657 0.602218 0.42836 0.508987 0.436403 0.829537 0.218592 0.680134 0.230197 0.680134 0.230197 0.675803 0.227955 0.453461 0.148308 0.620489 0.356194 0.453461 0.069781 0.807974 0.239977 0.541961 0.385536 0.762702 0.20657 0.762702 0.20657 0.765051 0.20657 0.594997 0.510737 0.488851 0.516222 0.856228 0.218592 0.790188 0.214159 0.790188 0.214159 0.793779 0.20657 0.591113 0.583038 0.925161 0.096206 0.489566 0.589703 0.877368 0.218592 0.823613 0.096206 0.5582 0.434233 0.546381 0.512223 0.878613 0.096206 0.544566 0.586093 0.877557 0.149063 0.802212 0.347618 0.878613 0.201919 0.803385 0.409534 0.815861 0.499763 0.843118 0.582286 0.531974 0.113291 0.488955 0.112352 0.584493 0.369644 0.453461 0.112313 0.804792 0.325034 0.804792 0.325034 0.801257 0.330159 0.282585 0.565815 0.447326 0.058566 0.423948 0.153278 0.396461 0.058566 0.23172 0.538715 0.829338 0.338785 0.829338 0.338785 0.829537 0.340017 0.248632 0.49673 0.415365 0.202362 0.207232 0.489632 0.468065 0.205999 0.802097 0.280745 0.802097 0.280745 0.801257 0.279305 0.447326 0.10284 0.468222 0.153278 0.396461 0.10284 0.855534 0.340017 0.855534 0.340017 0.856228 0.340017 0.228497 0.416911 0.415365 0.278263 0.183578 0.413731 0.468222 0.277147 0.874725 0.332428 0.874725 0.332428 0.877368 0.340017 0.817478 0.202578 0.229211 0.343431 0.415365 0.345237 0.184642 0.346757 0.772909 0.202578 0.877368 0.279305 0.877368 0.279305 0.877368 0.279305 0.817478 0.149721 0.468222 0.345237 0.772909 0.149721 0.830178 0.221265 0.830178 0.221265 0.829537 0.218592 0.375176 0.191937 0.521079 0.202362 0.333775 0.199036 0.80983 0.242219 0.80983 0.242219 0.807974 0.239977 0.446348 0.137079 0.40815 0.14107 0.502461 0.171496 0.357285 0.16817 0.395483 0.137079 0.855534 0.218592 0.855534 0.218592 0.856228 0.218592 0.35504 0.271756 0.521079 0.278263 0.310121 0.274937 0.874725 0.226181 0.874725 0.226181 0.877368 0.218592 0.355754 0.345237 0.817478 0.096864 0.521079 0.345237 0.772909 0.096864 0.311185 0.341911 0.212137 0.339439 0.440359 0.58151 0.001992 0.569807 0.160335 0.329404 0.388557 0.602563 0.213115 0.276547 0.064884 0.588025 0.160319 0.276704 0.213115 0.22369 0.117741 0.588025 0.160335 0.22369 0.213115 0.170833 0.170598 0.588025 0.160335 0.170833 0.213115 0.117977 0.223455 0.588025 0.895444 0.998117 0.160335 0.117977 0.842663 0.995282 0.898279 0.945337 0.223455 0.640805 0.845629 0.940061 0.902162 0.873035 0.223455 0.713107 0.849418 0.868716 0.903807 0.790358 0.223455 0.795784 0.852605 0.785303 0.89435 0.698432 0.206289 0.88771 0.85014 0.696058 0.206289 0.890084 0.15198 0.869492 0.639971 0.333351 0.151097 0.980744 0.931296 0.200986 0.863605 0.605398 0.117741 0.88771 0.600643 0.339521 0.117741 0.998117 0.964652 0.201919 0.073467 0.88771 0.549789 0.339521 0.084385 0.980744 0.409499 0.992447 0.998008 0.200986 0.029193 0.88771 0.440244 0.899413 0.029193 0.890084 0.396034 0.901787 0.449701 0.807487 0.012027 0.795784 0.398484 0.812257 0.448056 0.72481 0.012027 0.713107 0.395098 0.725144 0.443194 0.63429 0.001992 0.622587 0.390759 0.643551 0.064884 0.795784 0.53993 0.274531 0.054849 0.694889 0.528404 0.186491 0.064884 0.640805 0.53993 0.166517 0.117741 0.640805 0.600643 0.166517 0.170598 0.795784 0.661356 0.274531 0.170598 0.713107 0.661356 0.196985 0.170598 0.640805 0.661356 0.166517 0.554913 0.331398 0.554913 0.331398 0.549789 0.339521 0.314415 0.058566 0.885249 0.595736 0.960181 0.55815 0.389348 0.058566 0.98336 0.317478 0.539722 0.27165 0.539722 0.27165 0.53993 0.274531 0.894705 0.50381 0.986538 0.485826 0.944799 0.327336 0.599202 0.33875 0.599202 0.33875 0.600643 0.339521 0.314415 0.10284 0.389348 0.10284 0.98336 0.266624 0.531286 0.194999 0.531286 0.194999 0.528404 0.186491 0.892082 0.402916 0.998008 0.404309 0.910095 0.327336 0.546079 0.169014 0.546079 0.169014 0.53993 0.166517 0.889177 0.348832 0.666524 0.162525 0.766773 0.162525 0.989427 0.331328 0.885062 0.327336 0.600643 0.166517 0.600643 0.166517 0.600643 0.166517 0.666524 0.109669 0.766773 0.109669 0.885062 0.266624 0.658683 0.27219 0.658683 0.27219 0.661356 0.274531 0.637059 0.417221 0.728892 0.435205 0.944799 0.205911 0.637728 0.32677 0.637728 0.32677 0.639971 0.333351 0.626624 0.343513 0.313437 0.137079 0.388369 0.137079 0.701557 0.381099 0.974789 0.227296 0.661356 0.20287 0.661356 0.20287 0.661356 0.196985 0.635415 0.499898 0.740362 0.516722 0.910095 0.205911 0.653767 0.170325 0.653767 0.170325 0.661356 0.166517 0.666524 0.056812 0.631531 0.572199 0.731781 0.589703 0.766773 0.056812 0.885062 0.205911 0.680195 0.427776 0.683592 0.506582 0.712477 0.056812 0.677484 0.580223 0.71352 0.109668 0.93513 0.340808 0.712477 0.162525 0.940596 0.402493 0.937856 0.49354 0.919596 0.578507 0.348763 0.058566 0.34942 0.101585 0.660972 0.360742 0.347784 0.137079 0.97854 0.312353 0.97854 0.312353 0.98336 0.317478 0.385585 0.577518 0.28872 0.577518 0.385585 0.545126 0.33639 0.545126 0.945281 0.326104 0.945281 0.326104 0.944799 0.327336 0.315078 0.505194 0.377002 0.493701 0.355479 0.493701 0.429702 0.490095 0.982289 0.268064 0.982289 0.268064 0.98336 0.266624 0.429859 0.577518 0.428761 0.540754 0.911304 0.327336 0.911304 0.327336 0.910095 0.327336 0.326547 0.423677 0.377002 0.415703 0.370867 0.415703 0.429859 0.417144 0.888191 0.319747 0.888191 0.319747 0.885062 0.327336 0.317966 0.350696 0.61572 0.162525 0.377002 0.349229 0.660389 0.162525 0.362635 0.349229 0.885062 0.266624 0.885062 0.266624 0.885062 0.266624 0.61572 0.109669 0.429859 0.349229 0.660389 0.109669 0.94421 0.208584 0.94421 0.208584 0.944799 0.205911 0.247805 0.183474 0.482716 0.493701 0.288207 0.194966 0.972112 0.229539 0.972112 0.229539 0.974789 0.227296 0.22047 0.129368 0.464098 0.5593 0.464098 0.526908 0.268139 0.16176 0.911304 0.205911 0.911304 0.205911 0.910095 0.205911 0.259275 0.26499 0.482716 0.415703 0.303594 0.272964 0.888191 0.2135 0.888191 0.2135 0.885062 0.205911 0.61572 0.056812 0.250694 0.337972 0.482716 0.349229 0.295363 0.339439 0.660389 0.056812 0.028382 0.302976 0.081163 0.302976 0.028382 0.250119 0.081163 0.250119 0.028382 0.197262 0.081163 0.197262 0.028382 0.144405 0.081163 0.144405 0.712128 0.961804 0.764909 0.964639 0.715488 0.899263 0.768268 0.902098 0.720368 0.821421 0.772477 0.823754 0.731461 0.734926 0.779284 0.737028 0.633214 0.68312 0.784129 0.64682 0.58894 0.655882 0.947974 0.122282 0.552634 0.651327 0.98133 0.122282 0.50836 0.678566 0.330023 0.951025 0.277355 0.862919 0.325178 0.860817 0.266017 0.771869 0.317881 0.764982 0.260892 0.689473 0.313429 0.682083 0.257778 0.631486 0.310559 0.628651 0.499193 0.745466 0.490247 0.836401 0.487739 0.918295 0.490247 0.976281 0.443939 0.17782 0.441793 0.240313 0.441793 0.31175 0.545613 0.971727 0.489996 0.182375 0.49465 0.240313 0.49465 0.31175 0.59847 0.971727 0.57421 0.121888 0.651327 0.831846 0.651327 0.909186 0.651327 0.971727 0.693128 0.323066 0.693128 0.323066 0.693128 0.323066 0.849007 0.546381 0.668729 0.29271 0.668729 0.29271 0.668729 0.29271 0.509838 0.131289 0.745595 0.333758 0.745595 0.333758 0.745595 0.333758 0.832117 0.453625 0.783721 0.333758 0.783721 0.333758 0.783721 0.333758 0.826411 0.376323 0.793779 0.297639 0.793779 0.297639 0.793779 0.297639 0.901887 0.175491 0.696665 0.217262 0.696665 0.217262 0.696665 0.217262 0.590871 0.39644 0.672266 0.247619 0.672266 0.247619 0.672266 0.247619 0.470581 0.1308 0.741289 0.20657 0.741289 0.20657 0.741289 0.20657 0.57496 0.470978 0.793779 0.236926 0.793779 0.236926 0.793779 0.236926 0.901887 0.122634 0.779415 0.20657 0.779415 0.20657 0.779415 0.20657 0.569254 0.54828 0.525116 0.47436 0.517331 0.551318 0.851113 0.122634 0.851113 0.175491 0.774732 0.37784 0.782517 0.454797 0.806067 0.537034 0.509838 0.092025 0.470581 0.091536 0.547932 0.405787 0.815397 0.335088 0.815397 0.335088 0.815397 0.335088 0.242542 0.522723 0.801257 0.304732 0.801257 0.304732 0.801257 0.304732 0.421894 0.080703 0.842882 0.340017 0.842882 0.340017 0.842882 0.340017 0.216985 0.454251 0.866798 0.340017 0.866798 0.340017 0.866798 0.340017 0.206482 0.380207 0.877368 0.309661 0.877368 0.309661 0.877368 0.309661 0.795193 0.17615 0.818756 0.229284 0.818756 0.229284 0.818756 0.229284 0.368597 0.175053 0.804616 0.259641 0.804616 0.259641 0.804616 0.259641 0.421405 0.119959 0.842882 0.218592 0.842882 0.218592 0.842882 0.218592 0.343528 0.234416 0.877368 0.248948 0.877368 0.248948 0.877368 0.248948 0.795193 0.123293 0.866798 0.218592 0.866798 0.218592 0.866798 0.218592 0.333025 0.30846 0.18648 0.305485 0.133944 0.302976 0.186725 0.250119 0.133944 0.250119 0.186725 0.197262 0.133944 0.197262 0.186725 0.144405 0.133944 0.144405 0.870471 0.970309 0.81769 0.967474 0.87383 0.907768 0.821049 0.904933 0.877316 0.829852 0.825257 0.826589 0.875553 0.742666 0.827779 0.739633 0.178913 0.907007 0.832625 0.649425 0.13464 0.934016 0.947974 0.175062 0.098333 0.93857 0.98133 0.175062 0.054059 0.911562 0.378519 0.94842 0.421447 0.855179 0.373673 0.858212 0.42321 0.767993 0.370907 0.766701 0.419235 0.680968 0.366209 0.679248 0.415631 0.613872 0.363095 0.621262 0.044893 0.841747 0.035947 0.749891 0.033438 0.667847 0.033438 0.605306 0.405576 0.519413 0.403431 0.454702 0.403431 0.382466 0.091312 0.614415 0.451633 0.514859 0.456288 0.454702 0.456288 0.382466 0.144169 0.614415 0.18808 0.837192 0.197026 0.754445 0.197026 0.676956 0.197026 0.614415 0.54486 0.307026 0.54486 0.307026 0.54486 0.307026 0.909895 0.54344 0.575216 0.339521 0.575216 0.339521 0.575216 0.339521 0.331589 0.080703 0.534167 0.230511 0.534167 0.230511 0.534167 0.230511 0.916752 0.449409 0.534167 0.176504 0.534167 0.176504 0.534167 0.176504 0.914144 0.37194 0.570287 0.166517 0.570287 0.166517 0.570287 0.166517 0.6895 0.136097 0.650663 0.303941 0.650663 0.303941 0.650663 0.303941 0.65176 0.386701 0.620307 0.336436 0.620307 0.336436 0.620307 0.336436 0.3311 0.119959 0.661356 0.235758 0.661356 0.235758 0.661356 0.235758 0.659595 0.462514 0.630999 0.166517 0.630999 0.166517 0.630999 0.166517 0.6895 0.08324 0.661356 0.181751 0.661356 0.181751 0.661356 0.181751 0.656988 0.539982 0.70879 0.471216 0.708287 0.548564 0.739625 0.08324 0.739625 0.136097 0.965688 0.367912 0.966191 0.445261 0.951587 0.529547 0.369055 0.080703 0.368566 0.119959 0.693452 0.400593 0.964079 0.322407 0.964079 0.322407 0.964079 0.322407 0.323917 0.530385 0.98336 0.292051 0.98336 0.292051 0.98336 0.292051 0.407722 0.561322 0.927447 0.327336 0.927447 0.327336 0.927447 0.327336 0.341993 0.459569 0.897579 0.327336 0.897579 0.327336 0.897579 0.327336 0.344504 0.384826 0.885062 0.29698 0.885062 0.29698 0.885062 0.29698 0.638054 0.136097 0.959794 0.216603 0.959794 0.216603 0.959794 0.216603 0.256155 0.167392 0.979075 0.24696 0.979075 0.24696 0.979075 0.24696 0.446979 0.552213 0.927447 0.205911 0.927447 0.205911 0.927447 0.205911 0.27472 0.229099 0.885062 0.236267 0.885062 0.236267 0.885062 0.236267 0.638054 0.08324 0.897579 0.205911 0.897579 0.205911 0.897579 0.205911 0.277231 0.303841 0.028382 0.329404 0.256605 0.60965 0.054773 0.302976 0.028382 0.276547 0.001992 0.302976 0.492756 0.998117 0.081163 0.329404 0.309386 0.606815 0.107554 0.302976 0.081163 0.276547 0.054773 0.250119 0.028382 0.22369 0.001992 0.250119 0.545613 0.998117 0.107554 0.250119 0.081163 0.22369 0.054773 0.197262 0.028382 0.170833 0.001992 0.197262 0.59847 0.998117 0.107554 0.197262 0.081163 0.170833 0.054773 0.144405 0.028382 0.117977 0.710711 0.988195 0.001992 0.144405 0.651327 0.998117 0.107554 0.144405 0.081163 0.117977 0.763492 0.99103 0.738519 0.963222 0.713677 0.932974 0.685738 0.960387 0.677755 0.971727 0.791299 0.966057 0.766458 0.935809 0.741878 0.90068 0.717679 0.861727 0.689097 0.897845 0.677755 0.909186 0.794659 0.903516 0.770291 0.864437 0.746254 0.822462 0.72461 0.778952 0.69465 0.820506 0.677755 0.831846 0.798867 0.825172 0.775312 0.780976 0.755204 0.735852 0.739615 0.690121 0.660589 0.701461 0.707885 0.734126 0.601002 0.117333 0.803532 0.738331 0.782766 0.69221 0.632993 0.656858 0.759881 0.645518 0.608458 0.667141 0.633435 0.709383 0.565264 0.08125 0.808377 0.648123 0.784434 0.601145 0.931296 0.121815 0.588719 0.602381 0.947974 0.095891 0.571414 0.650294 0.589161 0.709383 0.672266 0.247619 0.947974 0.148672 0.964652 0.122515 0.555363 0.602381 0.98133 0.095891 0.531862 0.660309 0.549904 0.700274 0.668729 0.29271 0.98133 0.148672 0.998008 0.121815 0.330328 0.9967 0.51109 0.656858 0.305776 0.952327 0.483494 0.701461 0.285509 0.907724 0.504704 0.706145 0.354271 0.949722 0.32866 0.905635 0.301098 0.861993 0.270443 0.817754 0.253779 0.863719 0.474911 0.745466 0.349426 0.859514 0.321083 0.814591 0.29172 0.767412 0.263145 0.728147 0.240544 0.777339 0.466328 0.831846 0.344333 0.764703 0.31539 0.718606 0.287222 0.686917 0.259143 0.656901 0.234502 0.690891 0.46131 0.918295 0.339697 0.678389 0.311863 0.652927 0.28429 0.632346 0.231143 0.628349 0.46131 0.980836 0.336765 0.623818 0.493738 0.790796 0.523476 0.745466 0.693128 0.323066 0.488366 0.879746 0.514167 0.840955 0.745595 0.333758 0.488366 0.950867 0.514167 0.918295 0.783721 0.333758 0.518557 0.972866 0.419656 0.17782 0.219476 0.514174 0.44233 0.205714 0.467595 0.178959 0.446085 0.153278 0.396461 0.080703 0.415365 0.240313 0.195405 0.451681 0.441793 0.277147 0.468222 0.240313 0.415365 0.31175 0.18411 0.380244 0.441793 0.345237 0.772909 0.17615 0.468222 0.31175 0.572041 0.971727 0.545613 0.945336 0.793779 0.297639 0.493487 0.206853 0.51177 0.186929 0.34553 0.183603 0.485341 0.162387 0.395972 0.119959 0.49465 0.277147 0.521079 0.240313 0.321948 0.236986 0.49465 0.345237 0.772909 0.123293 0.521079 0.31175 0.310653 0.308424 0.624898 0.971727 0.59847 0.945336 0.793779 0.236926 0.547419 0.126442 0.696665 0.217262 0.583156 0.162525 0.651327 0.790658 0.624898 0.831846 0.741289 0.20657 0.651327 0.871775 0.624898 0.909186 0.779415 0.20657 0.651327 0.942896 0.718444 0.328204 0.693128 0.323066 0.674828 0.313012 0.718444 0.328204 0.693128 0.323066 0.674828 0.313012 0.718444 0.328204 0.693128 0.323066 0.869489 0.550544 0.674828 0.313012 0.83873 0.501876 0.82803 0.541962 0.861116 0.589011 0.531974 0.131289 0.668729 0.29271 0.669613 0.268723 0.668729 0.29271 0.669613 0.268723 0.668729 0.29271 0.509838 0.149287 0.669613 0.268723 0.509838 0.112474 0.488955 0.131167 0.769161 0.33664 0.745595 0.333758 0.769161 0.33664 0.745595 0.333758 0.769161 0.33664 0.745595 0.333758 0.855764 0.455055 0.8283 0.409237 0.807894 0.453203 0.791265 0.321847 0.783721 0.333758 0.791265 0.321847 0.783721 0.333758 0.791265 0.321847 0.783721 0.333758 0.850212 0.377715 0.825485 0.349146 0.901887 0.201919 0.801591 0.376006 0.793779 0.267282 0.793779 0.297639 0.793779 0.267282 0.793779 0.297639 0.793779 0.267282 0.793779 0.297639 0.925161 0.175491 0.901887 0.149063 0.877557 0.175491 0.680134 0.230197 0.696665 0.217262 0.718252 0.209243 0.680134 0.230197 0.696665 0.217262 0.718252 0.209243 0.680134 0.230197 0.696665 0.217262 0.611354 0.392277 0.718252 0.209243 0.602491 0.362919 0.453461 0.130311 0.569895 0.400859 0.581084 0.431835 0.672266 0.247619 0.672266 0.247619 0.672266 0.247619 0.470581 0.148798 0.470581 0.111985 0.741289 0.20657 0.762702 0.20657 0.741289 0.20657 0.762702 0.20657 0.741289 0.20657 0.598608 0.469548 0.762702 0.20657 0.550676 0.472538 0.571388 0.510811 0.790188 0.214159 0.793779 0.236926 0.790188 0.214159 0.793779 0.236926 0.790188 0.214159 0.793779 0.236926 0.925161 0.122634 0.901887 0.096206 0.567839 0.584566 0.877557 0.122634 0.779415 0.20657 0.779415 0.20657 0.779415 0.20657 0.593055 0.546888 0.544373 0.549736 0.53458 0.437028 0.498919 0.476313 0.842882 0.218592 0.51941 0.513788 0.489209 0.552963 0.866798 0.218592 0.517066 0.587898 0.851113 0.096206 0.823613 0.122634 0.877368 0.248948 0.851113 0.149063 0.823613 0.175491 0.877368 0.309661 0.851113 0.201919 0.774712 0.345814 0.746854 0.380749 0.866798 0.340017 0.776689 0.413092 0.756565 0.457399 0.842882 0.340017 0.792287 0.497822 0.783609 0.531851 0.815397 0.335088 0.821852 0.57434 0.531974 0.092025 0.509838 0.07076 0.801257 0.304732 0.488955 0.091903 0.470581 0.07027 0.804616 0.259641 0.453461 0.091047 0.563227 0.37759 0.525474 0.41097 0.818756 0.229284 0.829338 0.338785 0.815397 0.335088 0.804792 0.325034 0.829338 0.338785 0.815397 0.335088 0.804792 0.325034 0.829338 0.338785 0.815397 0.335088 0.265609 0.531273 0.804792 0.325034 0.228848 0.490834 0.257153 0.552265 0.421894 0.058566 0.801257 0.304732 0.802097 0.280745 0.801257 0.304732 0.802097 0.280745 0.801257 0.304732 0.447326 0.080703 0.802097 0.280745 0.421771 0.101585 0.855534 0.340017 0.842882 0.340017 0.855534 0.340017 0.842882 0.340017 0.855534 0.340017 0.842882 0.340017 0.238564 0.456821 0.208885 0.416275 0.874725 0.332428 0.866798 0.340017 0.874725 0.332428 0.866798 0.340017 0.874725 0.332428 0.866798 0.340017 0.228854 0.380171 0.206926 0.345094 0.795193 0.202578 0.877368 0.279305 0.877368 0.309661 0.877368 0.279305 0.877368 0.309661 0.877368 0.279305 0.877368 0.309661 0.817478 0.17615 0.795193 0.149721 0.80983 0.242219 0.818756 0.229284 0.830178 0.221265 0.80983 0.242219 0.818756 0.229284 0.830178 0.221265 0.80983 0.242219 0.818756 0.229284 0.391663 0.166504 0.830178 0.221265 0.382718 0.15462 0.420915 0.137079 0.355269 0.200111 0.804616 0.259641 0.804616 0.259641 0.804616 0.259641 0.446837 0.119959 0.842882 0.218592 0.855534 0.218592 0.842882 0.218592 0.855534 0.218592 0.842882 0.218592 0.365108 0.231847 0.855534 0.218592 0.335429 0.272392 0.874725 0.226181 0.877368 0.248948 0.874725 0.226181 0.877368 0.248948 0.874725 0.226181 0.877368 0.248948 0.817478 0.123293 0.795193 0.096864 0.33347 0.343574 0.866798 0.218592 0.866798 0.218592 0.866798 0.218592 0.355397 0.308497 0.212626 0.307993 0.033438 0.578916 0.186664 0.277174 0.160273 0.303603 0.186236 0.334422 0.414458 0.592036 0.133944 0.276547 0.133944 0.329404 0.362166 0.60398 0.213115 0.250119 0.091312 0.588025 0.186725 0.22369 0.160335 0.250119 0.133944 0.22369 0.213115 0.197262 0.144169 0.588025 0.186725 0.170833 0.160335 0.197262 0.133944 0.170833 0.213115 0.144405 0.197026 0.588025 0.186725 0.117977 0.869053 0.9967 0.160335 0.144405 0.133944 0.117977 0.816272 0.993865 0.896861 0.971727 0.223455 0.614415 0.872019 0.941479 0.84408 0.968892 0.819239 0.938644 0.900221 0.909186 0.223455 0.676956 0.875672 0.870214 0.84744 0.906351 0.823072 0.867272 0.902984 0.831697 0.223455 0.754445 0.877647 0.787172 0.851467 0.828114 0.827021 0.783754 0.899078 0.744395 0.214872 0.841747 0.872245 0.697245 0.206289 0.888897 0.851847 0.741043 0.829118 0.6947 0.181316 0.87535 0.154157 0.922815 0.178693 0.935414 0.856873 0.650728 0.837215 0.60398 0.931296 0.174596 0.13486 0.878601 0.620307 0.336436 0.117114 0.939603 0.134419 0.989431 0.947974 0.201453 0.964652 0.175296 0.095604 0.88771 0.575216 0.339521 0.077561 0.929646 0.101063 0.989431 0.98133 0.201453 0.998008 0.174596 0.383109 0.993865 0.050403 0.882182 0.029193 0.888897 0.418139 0.9006 0.056789 0.935414 0.402767 0.947117 0.375013 0.903145 0.444972 0.85345 0.02061 0.841747 0.423541 0.810673 0.397741 0.856802 0.372854 0.812953 0.448879 0.766148 0.012027 0.754445 0.421444 0.725354 0.3973 0.768593 0.368477 0.721464 0.445625 0.67955 0.007009 0.667847 0.417118 0.641564 0.392783 0.681247 0.364338 0.644399 0.441777 0.6079 0.001992 0.596197 0.389424 0.618705 0.069175 0.841747 0.54486 0.307026 0.039437 0.795801 0.059866 0.745336 0.534167 0.230511 0.034065 0.706434 0.059866 0.667847 0.534167 0.176504 0.033438 0.634137 0.063629 0.612138 0.407186 0.542747 0.429232 0.518275 0.403967 0.490379 0.381294 0.519413 0.345934 0.519413 0.429859 0.454702 0.403431 0.417144 0.377002 0.454702 0.363173 0.454702 0.429859 0.382466 0.403431 0.349229 0.660389 0.136097 0.377002 0.382466 0.366751 0.382466 0.091312 0.640805 0.570287 0.166517 0.117741 0.614415 0.448142 0.534776 0.473407 0.510304 0.278173 0.178363 0.455124 0.489241 0.482716 0.454702 0.295901 0.233966 0.456288 0.417144 0.482716 0.382466 0.299479 0.306202 0.456288 0.349229 0.660389 0.08324 0.144169 0.640805 0.630999 0.166517 0.170598 0.614415 0.19479 0.795801 0.161289 0.832638 0.650663 0.303941 0.197026 0.714404 0.170598 0.754445 0.661356 0.235758 0.197026 0.643245 0.170598 0.676956 0.661356 0.181751 0.554913 0.331398 0.54486 0.307026 0.539722 0.27165 0.554913 0.331398 0.54486 0.307026 0.539722 0.27165 0.554913 0.331398 0.54486 0.307026 0.889977 0.549773 0.539722 0.27165 0.902423 0.587122 0.331589 0.058566 0.930277 0.5368 0.915346 0.498091 0.599202 0.33875 0.575216 0.339521 0.599202 0.33875 0.575216 0.339521 0.599202 0.33875 0.575216 0.339521 0.314415 0.080703 0.331467 0.101585 0.349543 0.080703 0.534167 0.230511 0.531286 0.194999 0.534167 0.230511 0.531286 0.194999 0.534167 0.230511 0.893394 0.453363 0.531286 0.194999 0.940791 0.446394 0.915792 0.404867 0.534167 0.176504 0.546079 0.169014 0.534167 0.176504 0.546079 0.169014 0.534167 0.176504 0.89063 0.375874 0.546079 0.169014 0.938788 0.368966 0.912153 0.34482 0.6895 0.162525 0.570287 0.166517 0.600643 0.166517 0.570287 0.166517 0.600643 0.166517 0.570287 0.166517 0.666524 0.136097 0.600643 0.166517 0.71352 0.136097 0.6895 0.109668 0.658683 0.27219 0.650663 0.303941 0.637728 0.32677 0.658683 0.27219 0.650663 0.303941 0.637728 0.32677 0.658683 0.27219 0.650663 0.303941 0.631842 0.380367 0.637728 0.32677 0.6577 0.42294 0.672142 0.39334 0.643798 0.352127 0.330611 0.137079 0.620307 0.336436 0.620307 0.336436 0.620307 0.336436 0.313926 0.119959 0.349053 0.119959 0.661356 0.20287 0.661356 0.235758 0.661356 0.20287 0.661356 0.235758 0.661356 0.20287 0.661356 0.235758 0.636237 0.458559 0.65888 0.502501 0.683573 0.466666 0.630999 0.166517 0.653767 0.170325 0.630999 0.166517 0.653767 0.170325 0.630999 0.166517 0.666524 0.08324 0.653767 0.170325 0.71352 0.08324 0.6895 0.056812 0.654508 0.576211 0.661356 0.181751 0.661356 0.181751 0.661356 0.181751 0.633473 0.536048 0.68157 0.544095 0.71024 0.511028 0.734627 0.475963 0.927447 0.205911 0.70338 0.433085 0.704632 0.584963 0.739625 0.056812 0.736071 0.553212 0.897579 0.205911 0.739625 0.109669 0.766773 0.08324 0.885062 0.236267 0.739625 0.162525 0.962278 0.336068 0.766773 0.136097 0.885062 0.29698 0.967519 0.403172 0.993717 0.367819 0.897579 0.327336 0.961087 0.489085 0.992273 0.445068 0.927447 0.327336 0.939889 0.568329 0.369055 0.058566 0.97336 0.521988 0.964079 0.322407 0.368933 0.101585 0.389348 0.080703 0.98336 0.292051 0.368077 0.137079 0.681264 0.37092 0.388858 0.119959 0.979075 0.24696 0.715225 0.408152 0.959794 0.216603 0.97854 0.312353 0.964079 0.322407 0.945281 0.326104 0.97854 0.312353 0.964079 0.322407 0.945281 0.326104 0.97854 0.312353 0.964079 0.322407 0.301899 0.541356 0.945281 0.326104 0.312555 0.561322 0.385585 0.561322 0.334117 0.497212 0.982289 0.268064 0.98336 0.292051 0.982289 0.268064 0.98336 0.292051 0.982289 0.268064 0.98336 0.292051 0.407722 0.577518 0.428605 0.559045 0.927447 0.327336 0.911304 0.327336 0.927447 0.327336 0.911304 0.327336 0.927447 0.327336 0.320813 0.464436 0.911304 0.327336 0.345978 0.420944 0.897579 0.327336 0.888192 0.319747 0.897579 0.327336 0.888192 0.319747 0.897579 0.327336 0.322257 0.387186 0.888192 0.319747 0.340301 0.349962 0.638054 0.162525 0.885062 0.29698 0.885062 0.266624 0.885062 0.29698 0.885062 0.266624 0.885062 0.29698 0.61572 0.136097 0.885062 0.266624 0.638054 0.109668 0.94421 0.208584 0.959794 0.216603 0.972112 0.229539 0.94421 0.208584 0.959794 0.216603 0.972112 0.229539 0.94421 0.208584 0.959794 0.216603 0.234138 0.156421 0.972112 0.229539 0.266722 0.193733 0.244304 0.145564 0.464098 0.543104 0.979075 0.24696 0.979075 0.24696 0.979075 0.24696 0.446979 0.568409 0.911304 0.205911 0.927447 0.205911 0.911304 0.205911 0.927447 0.205911 0.911304 0.205911 0.927447 0.205911 0.25354 0.224232 0.278705 0.267724 0.885062 0.236267 0.888191 0.2135 0.885062 0.236267 0.888191 0.2135 0.885062 0.236267 0.61572 0.08324 0.888191 0.2135 0.638054 0.056812 0.273028 0.338706 0.897579 0.205911 0.897579 0.205911 0.897579 0.205911 0.254984 0.301481 </texCoords>
			<colors count='3'>255 255 255 </colors>
			<tangents count='19872'>0.962308 -0.2627 0.0703653 0.962308 -0.2627 0.0703653 0.962308 -0.2627 0.0703653 0.999315 0.0304892 0.0209549 0.999315 0.0304892 0.0209549 0.999315 0.0304892 0.0209549 0.961486 0.103565 0.254597 0.961486 0.103565 0.254597 0.961486 0.103565 0.254597 0.953744 0.110899 0.279416 0.953744 0.110899 0.279416 0.953744 0.110899 0.279416 0.958221 0.000719025 0.286028 0.958221 0.000719025 0.286028 0.958221 0.000719025 0.286028 0.958221 0.000719025 0.286028 0.958221 0.000719025 0.286028 0.958221 0.000719025 0.286028 0.992356 -0.122012 -0.018528 0.992356 -0.122012 -0.018528 0.992356 -0.122012 -0.018528 0.992171 -0.123844 0.0160821 0.992171 -0.123844 0.0160821 0.992171 -0.123844 0.0160821 0.960678 0.101534 0.258435 0.960678 0.101534 0.258435 0.960678 0.101534 0.258435 0.967822 0.0941113 0.233376 0.967822 0.0941113 0.233376 0.967822 0.0941113 0.233376 0.959582 0.0974704 0.264011 0.959582 0.0974704 0.264011 0.959582 0.0974704 0.264011 0.970033 0.0879092 0.226514 0.970033 0.0879092 0.226514 0.970033 0.0879092 0.226514 0.958221 0.000719193 0.286029 0.958221 0.000719193 0.286029 0.958221 0.000719193 0.286029 0.95822 0.000719193 0.28603 0.95822 0.000719193 0.28603 0.95822 0.000719193 0.28603 0.958221 0.000739507 0.286029 0.958221 0.000739507 0.286029 0.958221 0.000739507 0.286029 0.958221 0.000739507 0.286029 0.958221 0.000739507 0.286029 0.958221 0.000739507 0.286029 0.991912 -0.122975 -0.0314227 0.991912 -0.122975 -0.0314227 0.991912 -0.122975 -0.0314227 0.992146 -0.123501 -0.0198624 0.992146 -0.123501 -0.0198624 0.992146 -0.123501 -0.0198624 0.958221 0.000699807 0.286028 0.958221 0.000699807 0.286028 0.958221 0.000699807 0.286028 0.958221 0.000699807 0.286028 0.958221 0.000699807 0.286028 0.958221 0.000699807 0.286028 0.958221 0.000719025 0.286028 0.958221 0.000719025 0.286028 0.958221 0.000719025 0.286028 0.958221 0.000719025 0.286028 0.958221 0.000719025 0.286028 0.958221 0.000719025 0.286028 0.991915 -0.122953 -0.0314228 0.991915 -0.122953 -0.0314228 0.991915 -0.122953 -0.0314228 0.991915 -0.122953 -0.0314228 0.991915 -0.122953 -0.0314228 0.991915 -0.122953 -0.0314228 0.958221 0.000719615 0.286029 0.958221 0.000719615 0.286029 0.958221 0.000719615 0.286029 0.958221 0.000719615 0.286029 0.958221 0.000719615 0.286029 0.958221 0.000719615 0.286029 0.95822 0.000700566 0.28603 0.95822 0.000700566 0.28603 0.95822 0.000700566 0.28603 0.958221 0.000700565 0.286029 0.958221 0.000700565 0.286029 0.958221 0.000700565 0.286029 0.958221 0.000719193 0.286029 0.958221 0.000719193 0.286029 0.958221 0.000719193 0.286029 0.95822 0.000719193 0.28603 0.95822 0.000719193 0.28603 0.95822 0.000719193 0.28603 0.958221 0.000738833 0.286029 0.958221 0.000738833 0.286029 0.958221 0.000738833 0.286029 0.958221 0.000738833 0.286029 0.958221 0.000738833 0.286029 0.958221 0.000738833 0.286029 0.991912 -0.122976 -0.0314227 0.991912 -0.122976 -0.0314227 0.991912 -0.122976 -0.0314227 0.991912 -0.122976 -0.0314227 0.991912 -0.122976 -0.0314227 0.991912 -0.122976 -0.0314227 0.958221 0.000698627 0.286028 0.958221 0.000698627 0.286028 0.958221 0.000698627 0.286028 0.958221 0.000698627 0.286028 0.958221 0.000698627 0.286028 0.958221 0.000698627 0.286028 0.958221 0.000719025 0.286028 0.958221 0.000719025 0.286028 0.958221 0.000719025 0.286028 0.958221 0.000719025 0.286028 0.958221 0.000719025 0.286028 0.958221 0.000719025 0.286028 0.991915 -0.122955 -0.0314228 0.991915 -0.122955 -0.0314228 0.991915 -0.122955 -0.0314228 0.991915 -0.122955 -0.0314228 0.991915 -0.122955 -0.0314228 0.991915 -0.122955 -0.0314228 0.958221 0.000718435 0.286029 0.958221 0.000718435 0.286029 0.958221 0.000718435 0.286029 0.958221 0.000718435 0.286029 0.958221 0.000718435 0.286029 0.958221 0.000718435 0.286029 0.95822 0.000699386 0.28603 0.95822 0.000699386 0.28603 0.95822 0.000699386 0.28603 0.958221 0.000699385 0.286029 0.958221 0.000699385 0.286029 0.958221 0.000699385 0.286029 0.958221 0.000719193 0.286029 0.958221 0.000719193 0.286029 0.958221 0.000719193 0.286029 0.95822 0.000719193 0.28603 0.95822 0.000719193 0.28603 0.95822 0.000719193 0.28603 0.958221 0.00073757 0.286029 0.958221 0.00073757 0.286029 0.958221 0.00073757 0.286029 0.958221 0.00073757 0.286029 0.958221 0.00073757 0.286029 0.958221 0.00073757 0.286029 0.991912 -0.122976 -0.0314227 0.991912 -0.122976 -0.0314227 0.991912 -0.122976 -0.0314227 0.991912 -0.122976 -0.0314227 0.991912 -0.122976 -0.0314227 0.991912 -0.122976 -0.0314227 0.958221 0.000700564 0.286028 0.958221 0.000700564 0.286028 0.958221 0.000700564 0.286028 0.958221 0.000700564 0.286028 0.958221 0.000700564 0.286028 0.958221 0.000700564 0.286028 0.942307 0.10508 0.317831 0.942307 0.10508 0.317831 0.942307 0.10508 0.317831 0.942306 0.10508 0.317831 0.942306 0.10508 0.317831 0.942306 0.10508 0.317831 0.989223 0.0828767 -0.120707 0.989223 0.0828767 -0.120707 0.989223 0.0828767 -0.120707 0.999526 0.0212703 -0.0222417 0.999526 0.0212703 -0.0222417 0.999526 0.0212703 -0.0222417 0.958221 0.000718435 0.286029 0.958221 0.000718435 0.286029 0.958221 0.000718435 0.286029 0.958221 0.000718435 0.286029 0.958221 0.000718435 0.286029 0.958221 0.000718435 0.286029 0.95822 0.000701323 0.28603 0.95822 0.000701323 0.28603 0.95822 0.000701323 0.28603 0.958221 0.000701322 0.286029 0.958221 0.000701322 0.286029 0.958221 0.000701322 0.286029 0.942306 0.10508 0.317832 0.942306 0.10508 0.317832 0.942306 0.10508 0.317832 0.942306 0.10508 0.317833 0.942306 0.10508 0.317833 0.942306 0.10508 0.317833 0.942303 0.105094 0.317838 0.942303 0.105094 0.317838 0.942303 0.105094 0.317838 0.942303 0.105094 0.317837 0.942303 0.105094 0.317837 0.942303 0.105094 0.317837 0.940821 0.3385 0.0165484 0.940821 0.3385 0.0165484 0.940821 0.3385 0.0165484 0.888305 0.335373 0.313751 0.888305 0.335373 0.313751 0.888305 0.335373 0.313751 0.903628 0.0497274 0.425421 0.903628 0.0497274 0.425421 0.903628 0.0497274 0.425421 0.903629 0.0497297 0.425418 0.903629 0.0497297 0.425418 0.903629 0.0497297 0.425418 0.941502 0.0 0.337007 0.941502 0.0 0.337007 0.941502 0.0 0.337007 0.941501 0.0 0.337009 0.941501 0.0 0.337009 0.941501 0.0 0.337009 0.935044 0.314296 0.164042 0.935044 0.314296 0.164042 0.935044 0.314296 0.164042 0.935044 0.314299 0.16404 0.935044 0.314299 0.16404 0.935044 0.314299 0.16404 0.903629 0.0497274 0.425421 0.903629 0.0497274 0.425421 0.903629 0.0497274 0.425421 0.903627 0.0497252 0.425423 0.903627 0.0497252 0.425423 0.903627 0.0497252 0.425423 0.903628 0.0497272 0.425421 0.903628 0.0497272 0.425421 0.903628 0.0497272 0.425421 0.903629 0.0497298 0.42542 0.903629 0.0497298 0.42542 0.903629 0.0497298 0.42542 0.941495 0.0 0.337028 0.941495 0.0 0.337028 0.941495 0.0 0.337028 0.941495 0.0 0.337028 0.941495 0.0 0.337028 0.941495 0.0 0.337028 0.941501 0.0 0.337009 0.941501 0.0 0.337009 0.941501 0.0 0.337009 0.941502 0.0 0.337008 0.941502 0.0 0.337008 0.941502 0.0 0.337008 0.923763 0.315722 0.216752 0.923763 0.315722 0.216752 0.923763 0.315722 0.216752 0.923764 0.315719 0.216752 0.923764 0.315719 0.216752 0.923764 0.315719 0.216752 0.941496 0.0 0.337023 0.941496 0.0 0.337023 0.941496 0.0 0.337023 0.941496 0.0 0.337023 0.941496 0.0 0.337023 0.941496 0.0 0.337023 0.941498 0.0 0.337019 0.941498 0.0 0.337019 0.941498 0.0 0.337019 0.941498 0.0 0.337018 0.941498 0.0 0.337018 0.941498 0.0 0.337018 0.927498 0.31731 0.19764 0.927498 0.31731 0.19764 0.927498 0.31731 0.19764 0.928089 0.3155 0.197764 0.928089 0.3155 0.197764 0.928089 0.3155 0.197764 0.941499 0.0 0.337015 0.941499 0.0 0.337015 0.941499 0.0 0.337015 0.941499 0.0 0.337017 0.941499 0.0 0.337017 0.941499 0.0 0.337017 0.941503 0.0 0.337006 0.941503 0.0 0.337006 0.941503 0.0 0.337006 0.941503 0.0 0.337004 0.941503 0.0 0.337004 0.941503 0.0 0.337004 0.941503 0.0 0.337006 0.941503 0.0 0.337006 0.941503 0.0 0.337006 0.941503 0.0 0.337006 0.941503 0.0 0.337006 0.941503 0.0 0.337006 0.941499 0.0 0.337016 0.941499 0.0 0.337016 0.941499 0.0 0.337016 0.941499 0.0 0.337016 0.941499 0.0 0.337016 0.941499 0.0 0.337016 0.918477 0.323836 0.227004 0.918477 0.323836 0.227004 0.918477 0.323836 0.227004 0.919479 0.318155 0.230945 0.919479 0.318155 0.230945 0.919479 0.318155 0.230945 0.941497 0.0 0.337022 0.941497 0.0 0.337022 0.941497 0.0 0.337022 0.941497 0.0 0.337021 0.941497 0.0 0.337021 0.941497 0.0 0.337021 0.941662 -0.00161968 0.336555 0.941662 -0.00161968 0.336555 0.941662 -0.00161968 0.336555 0.941662 -0.00199879 0.336553 0.941662 -0.00199879 0.336553 0.941662 -0.00199879 0.336553 0.915369 0.340408 0.214993 0.915369 0.340408 0.214993 0.915369 0.340408 0.214993 0.920062 0.328272 0.21383 0.920062 0.328272 0.21383 0.920062 0.328272 0.21383 0.941497 0.0 0.337023 0.941497 0.0 0.337023 0.941497 0.0 0.337023 0.941497 0.0 0.337021 0.941497 0.0 0.337021 0.941497 0.0 0.337021 0.941499 0.0 0.337015 0.941499 0.0 0.337015 0.941499 0.0 0.337015 0.941498 0.0 0.337017 0.941498 0.0 0.337017 0.941498 0.0 0.337017 0.941684 -0.00265543 0.336487 0.941684 -0.00265543 0.336487 0.941684 -0.00265543 0.336487 0.94168 -0.00265747 0.336499 0.94168 -0.00265747 0.336499 0.94168 -0.00265747 0.336499 0.94168 -0.00231872 0.336501 0.94168 -0.00231872 0.336501 0.94168 -0.00231872 0.336501 0.941677 -0.0024401 0.33651 0.941677 -0.0024401 0.33651 0.941677 -0.0024401 0.33651 0.881396 0.359861 0.306009 0.881396 0.359861 0.306009 0.881396 0.359861 0.306009 0.886519 0.332272 0.321993 0.886519 0.332272 0.321993 0.886519 0.332272 0.321993 0.942559 -0.00522023 0.333998 0.942559 -0.00522023 0.333998 0.942559 -0.00522023 0.333998 0.942424 -0.00436894 0.334393 0.942424 -0.00436894 0.334393 0.942424 -0.00436894 0.334393 0.91045 0.0283951 0.412642 0.91045 0.0283951 0.412642 0.91045 0.0283951 0.412642 0.92014 -0.0332425 0.390176 0.92014 -0.0332425 0.390176 0.92014 -0.0332425 0.390176 0.727256 0.462324 0.507301 0.727256 0.462324 0.507301 0.727256 0.462324 0.507301 0.853266 0.315788 0.414989 0.853266 0.315788 0.414989 0.853266 0.315788 0.414989 0.942803 -0.00655126 0.333286 0.942803 -0.00655126 0.333286 0.942803 -0.00655126 0.333286 0.942686 -0.00630889 0.33362 0.942686 -0.00630889 0.33362 0.942686 -0.00630889 0.33362 0.942989 -0.00717089 0.332747 0.942989 -0.00717089 0.332747 0.942989 -0.00717089 0.332747 0.942885 -0.00721455 0.33304 0.942885 -0.00721455 0.33304 0.942885 -0.00721455 0.33304 0.947035 -0.010874 0.320947 0.947035 -0.010874 0.320947 0.947035 -0.010874 0.320947 0.946772 -0.0111185 0.321713 0.946772 -0.0111185 0.321713 0.946772 -0.0111185 0.321713 0.932103 -0.00200189 0.362189 0.932103 -0.00200189 0.362189 0.932103 -0.00200189 0.362189 0.931001 -0.0239673 0.364229 0.931001 -0.0239673 0.364229 0.931001 -0.0239673 0.364229 0.511924 0.858726 0.0228609 0.511924 0.858726 0.0228609 0.511924 0.858726 0.0228609 0.368729 -0.0386149 0.928734 0.368729 -0.0386149 0.928734 0.368729 -0.0386149 0.928734 0.836125 0.42066 0.352052 0.836125 0.42066 0.352052 0.836125 0.42066 0.352052 -0.767007 0.150533 -0.623731 -0.767007 0.150533 -0.623731 -0.767007 0.150533 -0.623731 0.587078 0.80951 -0.00580138 0.587078 0.80951 -0.00580138 0.587078 0.80951 -0.00580138 0.492795 0.869849 -0.0227287 0.492795 0.869849 -0.0227287 0.492795 0.869849 -0.0227287 0.266865 0.962747 0.043601 0.266865 0.962747 0.043601 0.266865 0.962747 0.043601 -0.0446408 0.944175 -0.326407 -0.0446408 0.944175 -0.326407 -0.0446408 0.944175 -0.326407 0.921076 0.0943746 0.377772 0.921076 0.0943746 0.377772 0.921076 0.0943746 0.377772 0.94082 0.0109047 0.338731 0.94082 0.0109047 0.338731 0.94082 0.0109047 0.338731 0.942739 -0.0246856 0.332616 0.942739 -0.0246856 0.332616 0.942739 -0.0246856 0.332616 0.942735 -0.0246954 0.332628 0.942735 -0.0246954 0.332628 0.942735 -0.0246954 0.332628 0.9443 -0.0300111 0.327714 0.9443 -0.0300111 0.327714 0.9443 -0.0300111 0.327714 0.944301 -0.0300119 0.327711 0.944301 -0.0300119 0.327711 0.944301 -0.0300119 0.327711 0.838207 0.136581 0.527973 0.838207 0.136581 0.527973 0.838207 0.136581 0.527973 0.872961 0.0541459 0.484775 0.872961 0.0541459 0.484775 0.872961 0.0541459 0.484775 0.201506 0.979482 -0.00314365 0.201506 0.979482 -0.00314365 0.201506 0.979482 -0.00314365 0.156575 0.963324 -0.217923 0.156575 0.963324 -0.217923 0.156575 0.963324 -0.217923 0.344618 0.917938 -0.196538 0.344618 0.917938 -0.196538 0.344618 0.917938 -0.196538 0.291899 0.955434 -0.0440569 0.291899 0.955434 -0.0440569 0.291899 0.955434 -0.0440569 0.149246 0.976372 0.156283 0.149246 0.976372 0.156283 0.149246 0.976372 0.156283 0.14056 0.990071 -0.00182904 0.14056 0.990071 -0.00182904 0.14056 0.990071 -0.00182904 0.100572 0.99493 -0.000253724 0.100572 0.99493 -0.000253724 0.100572 0.99493 -0.000253724 0.113481 0.987743 0.107168 0.113481 0.987743 0.107168 0.113481 0.987743 0.107168 -0.235285 -0.740663 0.629333 -0.235285 -0.740663 0.629333 -0.235285 -0.740663 0.629333 -0.235399 -0.771724 0.590787 -0.235399 -0.771724 0.590787 -0.235399 -0.771724 0.590787 -0.386452 -0.718891 0.577798 -0.386452 -0.718891 0.577798 -0.386452 -0.718891 0.577798 -0.386452 -0.718892 0.577797 -0.386452 -0.718892 0.577797 -0.386452 -0.718892 0.577797 -0.0853508 -0.967543 0.237856 -0.0853508 -0.967543 0.237856 -0.0853508 -0.967543 0.237856 -0.0853503 -0.967544 0.237853 -0.0853503 -0.967544 0.237853 -0.0853503 -0.967544 0.237853 -0.0826831 -0.969273 0.231676 -0.0826831 -0.969273 0.231676 -0.0826831 -0.969273 0.231676 -0.0969122 -0.96726 0.234554 -0.0969122 -0.96726 0.234554 -0.0969122 -0.96726 0.234554 -0.0162084 0.999117 0.038753 -0.0162084 0.999117 0.038753 -0.0162084 0.999117 0.038753 0.0256811 0.999083 0.0342536 0.0256811 0.999083 0.0342536 0.0256811 0.999083 0.0342536 -0.08027 0.994316 0.0699474 -0.08027 0.994316 0.0699474 -0.08027 0.994316 0.0699474 -0.0154427 0.998415 0.0541191 -0.0154427 0.998415 0.0541191 -0.0154427 0.998415 0.0541191 -0.334967 0.90565 0.259992 -0.334967 0.90565 0.259992 -0.334967 0.90565 0.259992 -0.191975 0.953651 0.231721 -0.191975 0.953651 0.231721 -0.191975 0.953651 0.231721 -0.163352 0.980723 0.107231 -0.163352 0.980723 0.107231 -0.163352 0.980723 0.107231 -0.100626 0.99005 0.0983611 -0.100626 0.99005 0.0983611 -0.100626 0.99005 0.0983611 0.149609 -0.974731 -0.165882 0.149609 -0.974731 -0.165882 0.149609 -0.974731 -0.165882 0.119264 -0.98375 -0.134211 0.119264 -0.98375 -0.134211 0.119264 -0.98375 -0.134211 0.0855233 -0.967541 -0.237804 0.0855233 -0.967541 -0.237804 0.0855233 -0.967541 -0.237804 0.0855229 -0.967541 -0.237802 0.0855229 -0.967541 -0.237802 0.0855229 -0.967541 -0.237802 0.216672 -0.734295 -0.643323 0.216672 -0.734295 -0.643323 0.216672 -0.734295 -0.643323 0.236427 -0.733775 -0.636927 0.236427 -0.733775 -0.636927 0.236427 -0.733775 -0.636927 0.236663 -0.740053 -0.629534 0.236663 -0.740053 -0.629534 0.236663 -0.740053 -0.629534 0.195031 -0.780002 -0.594609 0.195031 -0.780002 -0.594609 0.195031 -0.780002 -0.594609 -0.358279 0.931654 -0.060477 -0.358279 0.931654 -0.060477 -0.358279 0.931654 -0.060477 -0.191311 0.977437 -0.0895342 -0.191311 0.977437 -0.0895342 -0.191311 0.977437 -0.0895342 -0.68449 0.728823 -0.0170471 -0.68449 0.728823 -0.0170471 -0.68449 0.728823 -0.0170471 -0.658458 0.751497 -0.0410449 -0.658458 0.751497 -0.0410449 -0.658458 0.751497 -0.0410449 -0.915863 0.38318 -0.119866 -0.915863 0.38318 -0.119866 -0.915863 0.38318 -0.119866 -0.12712 0.578292 0.805865 -0.12712 0.578292 0.805865 -0.12712 0.578292 0.805865 -0.645516 0.763735 0.00424079 -0.645516 0.763735 0.00424079 -0.645516 0.763735 0.00424079 -0.684783 0.645546 -0.338146 -0.684783 0.645546 -0.338146 -0.684783 0.645546 -0.338146 0.73488 0.0737701 0.674173 0.73488 0.0737701 0.674173 0.73488 0.0737701 0.674173 0.836734 0.0634942 0.543916 0.836734 0.0634942 0.543916 0.836734 0.0634942 0.543916 0.948549 0.0214481 0.315903 0.948549 0.0214481 0.315903 0.948549 0.0214481 0.315903 0.948233 0.0221021 0.316807 0.948233 0.0221021 0.316807 0.948233 0.0221021 0.316807 0.926239 0.0470161 0.373993 0.926239 0.0470161 0.373993 0.926239 0.0470161 0.373993 0.926941 0.0461261 0.372362 0.926941 0.0461261 0.372362 0.926941 0.0461261 0.372362 0.833423 0.0549814 0.549894 0.833423 0.0549814 0.549894 0.833423 0.0549814 0.549894 0.92363 0.0284786 0.382226 0.92363 0.0284786 0.382226 0.92363 0.0284786 0.382226 0.483216 -0.108164 0.868794 0.483216 -0.108164 0.868794 0.483216 -0.108164 0.868794 0.894953 -0.312684 0.318256 0.894953 -0.312684 0.318256 0.894953 -0.312684 0.318256 0.858756 0.0386927 0.510921 0.858756 0.0386927 0.510921 0.858756 0.0386927 0.510921 0.942389 0.0115646 0.33432 0.942389 0.0115646 0.33432 0.942389 0.0115646 0.33432 0.941625 0.00629801 0.336605 0.941625 0.00629801 0.336605 0.941625 0.00629801 0.336605 0.941729 -0.00833907 0.336269 0.941729 -0.00833907 0.336269 0.941729 -0.00833907 0.336269 0.891906 -0.318409 0.321122 0.891906 -0.318409 0.321122 0.891906 -0.318409 0.321122 0.894012 -0.337337 0.294868 0.894012 -0.337337 0.294868 0.894012 -0.337337 0.294868 0.922824 0.019738 0.384716 0.922824 0.019738 0.384716 0.922824 0.019738 0.384716 0.942295 0.0139453 0.334492 0.942295 0.0139453 0.334492 0.942295 0.0139453 0.334492 0.941998 0.0153794 0.335267 0.941998 0.0153794 0.335267 0.941998 0.0153794 0.335267 0.941992 0.0153829 0.335283 0.941992 0.0153829 0.335283 0.941992 0.0153829 0.335283 0.941648 0.00867872 0.336488 0.941648 0.00867872 0.336488 0.941648 0.00867872 0.336488 0.941572 0.0130366 0.33656 0.941572 0.0130366 0.33656 0.941572 0.0130366 0.33656 0.941667 0.00800002 0.336451 0.941667 0.00800002 0.336451 0.941667 0.00800002 0.336451 0.941702 0.00327205 0.336431 0.941702 0.00327205 0.336431 0.941702 0.00327205 0.336431 0.814779 -0.340583 0.46919 0.814779 -0.340583 0.46919 0.814779 -0.340583 0.46919 0.818507 -0.315484 0.480121 0.818507 -0.315484 0.480121 0.818507 -0.315484 0.480121 0.937951 -0.0522661 0.342807 0.937951 -0.0522661 0.342807 0.937951 -0.0522661 0.342807 0.940497 -0.0125698 0.339569 0.940497 -0.0125698 0.339569 0.940497 -0.0125698 0.339569 0.937533 -0.0823843 0.338002 0.937533 -0.0823843 0.338002 0.937533 -0.0823843 0.338002 0.939056 -0.0647984 0.337601 0.939056 -0.0647984 0.337601 0.939056 -0.0647984 0.337601 0.79775 -0.357625 0.485488 0.79775 -0.357625 0.485488 0.79775 -0.357625 0.485488 0.798468 -0.353632 0.48723 0.798468 -0.353632 0.48723 0.798468 -0.353632 0.48723 0.939901 -0.0122888 0.341226 0.939901 -0.0122888 0.341226 0.939901 -0.0122888 0.341226 0.940462 0.000699673 0.339897 0.940462 0.000699673 0.339897 0.940462 0.000699673 0.339897 0.941513 0.0107704 0.336804 0.941513 0.0107704 0.336804 0.941513 0.0107704 0.336804 0.941222 0.0249358 0.336867 0.941222 0.0249358 0.336867 0.941222 0.0249358 0.336867 0.941222 0.0244321 0.336904 0.941222 0.0244321 0.336904 0.941222 0.0244321 0.336904 0.941343 0.019207 0.336906 0.941343 0.019207 0.336906 0.941343 0.019207 0.336906 0.939947 -0.0378878 0.339212 0.939947 -0.0378878 0.339212 0.939947 -0.0378878 0.339212 0.94086 -0.0186282 0.338282 0.94086 -0.0186282 0.338282 0.94086 -0.0186282 0.338282 0.844094 -0.308273 0.438718 0.844094 -0.308273 0.438718 0.844094 -0.308273 0.438718 0.825391 -0.362601 0.432724 0.825391 -0.362601 0.432724 0.825391 -0.362601 0.432724 0.941287 -0.0270964 0.336518 0.941287 -0.0270964 0.336518 0.941287 -0.0270964 0.336518 0.937918 -0.0911882 0.334655 0.937918 -0.0911882 0.334655 0.937918 -0.0911882 0.334655 0.941038 -0.032585 0.336728 0.941038 -0.032585 0.336728 0.941038 -0.032585 0.336728 0.94012 0.054072 0.336529 0.94012 0.054072 0.336529 0.94012 0.054072 0.336529 0.890636 -0.316699 0.326296 0.890636 -0.316699 0.326296 0.890636 -0.316699 0.326296 0.965615 -0.249606 0.0726895 0.965615 -0.249606 0.0726895 0.965615 -0.249606 0.0726895 0.939564 -0.0739973 0.334282 0.939564 -0.0739973 0.334282 0.939564 -0.0739973 0.334282 0.940667 -0.0522657 0.335283 0.940667 -0.0522657 0.335283 0.940667 -0.0522657 0.335283 0.940442 -0.0434749 0.337162 0.940442 -0.0434749 0.337162 0.940442 -0.0434749 0.337162 0.941297 0.0174022 0.337132 0.941297 0.0174022 0.337132 0.941297 0.0174022 0.337132 0.937383 -0.108131 0.33109 0.937383 -0.108131 0.33109 0.937383 -0.108131 0.33109 0.940265 -0.0592001 0.335256 0.940265 -0.0592001 0.335256 0.940265 -0.0592001 0.335256 0.938615 -0.0929597 0.332205 0.938615 -0.0929597 0.332205 0.938615 -0.0929597 0.332205 0.938926 -0.0873462 0.332849 0.938926 -0.0873462 0.332849 0.938926 -0.0873462 0.332849 0.978426 -0.206385 -0.00934131 0.978426 -0.206385 -0.00934131 0.978426 -0.206385 -0.00934131 0.944477 -0.24599 0.217833 0.944477 -0.24599 0.217833 0.944477 -0.24599 0.217833 0.939976 0.0561236 0.336595 0.939976 0.0561236 0.336595 0.939976 0.0561236 0.336595 0.940309 0.049731 0.33667 0.940309 0.049731 0.33667 0.940309 0.049731 0.33667 0.937725 0.0581479 0.342476 0.937725 0.0581479 0.342476 0.937725 0.0581479 0.342476 0.937633 -0.010536 0.347466 0.937633 -0.010536 0.347466 0.937633 -0.010536 0.347466 0.868286 -0.387117 0.310194 0.868286 -0.387117 0.310194 0.868286 -0.387117 0.310194 0.885736 -0.261657 0.383416 0.885736 -0.261657 0.383416 0.885736 -0.261657 0.383416 0.939871 -0.0616543 0.335919 0.939871 -0.0616543 0.335919 0.939871 -0.0616543 0.335919 0.938683 -0.089454 0.332974 0.938683 -0.089454 0.332974 0.938683 -0.089454 0.332974 0.937555 -0.0967505 0.334112 0.937555 -0.0967505 0.334112 0.937555 -0.0967505 0.334112 0.935859 -0.123717 0.329942 0.935859 -0.123717 0.329942 0.935859 -0.123717 0.329942 0.962364 -0.0292211 0.270189 0.962364 -0.0292211 0.270189 0.962364 -0.0292211 0.270189 0.968968 -0.104746 0.223894 0.968968 -0.104746 0.223894 0.968968 -0.104746 0.223894 0.969572 -0.000883337 0.244804 0.969572 -0.000883337 0.244804 0.969572 -0.000883337 0.244804 0.97396 -0.0548549 0.219984 0.97396 -0.0548549 0.219984 0.97396 -0.0548549 0.219984 -0.291026 0.955483 -0.0485337 -0.291026 0.955483 -0.0485337 -0.291026 0.955483 -0.0485337 -0.428696 0.903444 -0.00292504 -0.428696 0.903444 -0.00292504 -0.428696 0.903444 -0.00292504 -0.286844 0.951079 -0.114759 -0.286844 0.951079 -0.114759 -0.286844 0.951079 -0.114759 -0.286825 0.948124 -0.137086 -0.286825 0.948124 -0.137086 -0.286825 0.948124 -0.137086 0.0252053 0.992817 -0.116954 0.0252053 0.992817 -0.116954 0.0252053 0.992817 -0.116954 0.0211014 0.991951 -0.124849 0.0211014 0.991951 -0.124849 0.0211014 0.991951 -0.124849 0.00447064 0.992083 -0.125506 0.00447064 0.992083 -0.125506 0.00447064 0.992083 -0.125506 -0.0957975 0.984241 -0.148636 -0.0957975 0.984241 -0.148636 -0.0957975 0.984241 -0.148636 -0.318851 0.947592 -0.0200916 -0.318851 0.947592 -0.0200916 -0.318851 0.947592 -0.0200916 -0.286692 0.950662 -0.118534 -0.286692 0.950662 -0.118534 -0.286692 0.950662 -0.118534 -0.351489 0.935277 0.0413803 -0.351489 0.935277 0.0413803 -0.351489 0.935277 0.0413803 -0.327546 0.944531 -0.0239865 -0.327546 0.944531 -0.0239865 -0.327546 0.944531 -0.0239865 -0.0539081 0.974375 0.218372 -0.0539081 0.974375 0.218372 -0.0539081 0.974375 0.218372 0.000975272 0.999905 0.0137395 0.000975272 0.999905 0.0137395 0.000975272 0.999905 0.0137395 0.00833077 0.999887 0.0125271 0.00833077 0.999887 0.0125271 0.00833077 0.999887 0.0125271 0.0142261 0.998701 -0.0489247 0.0142261 0.998701 -0.0489247 0.0142261 0.998701 -0.0489247 -0.303016 0.948683 -0.0904496 -0.303016 0.948683 -0.0904496 -0.303016 0.948683 -0.0904496 -0.354749 0.934085 0.0404759 -0.354749 0.934085 0.0404759 -0.354749 0.934085 0.0404759 -0.252214 0.94941 -0.187105 -0.252214 0.94941 -0.187105 -0.252214 0.94941 -0.187105 -0.265219 0.941844 -0.206372 -0.265219 0.941844 -0.206372 -0.265219 0.941844 -0.206372 0.0117719 0.999153 -0.0394363 0.0117719 0.999153 -0.0394363 0.0117719 0.999153 -0.0394363 0.0 1.0 0.0 0.0 1.0 0.0 0.0 1.0 0.0 0.0 1.0 0.0 0.0 1.0 0.0 0.0 1.0 0.0 -0.0640171 0.971215 0.229442 -0.0640171 0.971215 0.229442 -0.0640171 0.971215 0.229442 -0.130175 0.872331 -0.471267 -0.130175 0.872331 -0.471267 -0.130175 0.872331 -0.471267 -0.123568 0.868096 -0.48077 -0.123568 0.868096 -0.48077 -0.123568 0.868096 -0.48077 -0.237123 0.932848 -0.271234 -0.237123 0.932848 -0.271234 -0.237123 0.932848 -0.271234 -0.193618 0.976067 -0.0990256 -0.193618 0.976067 -0.0990256 -0.193618 0.976067 -0.0990256 -0.0657402 0.992655 0.101563 -0.0657402 0.992655 0.101563 -0.0657402 0.992655 0.101563 -0.0346628 0.992711 0.11543 -0.0346628 0.992711 0.11543 -0.0346628 0.992711 0.11543 0.000202583 1.0 -0.000678093 0.000202583 1.0 -0.000678093 0.000202583 1.0 -0.000678093 0.000209693 1.0 -0.000700944 0.000209693 1.0 -0.000700944 0.000209693 1.0 -0.000700944 -0.23375 0.9578 -0.167271 -0.23375 0.9578 -0.167271 -0.23375 0.9578 -0.167271 -0.305046 0.934926 -0.181275 -0.305046 0.934926 -0.181275 -0.305046 0.934926 -0.181275 -0.222969 0.974805 0.00631383 -0.222969 0.974805 0.00631383 -0.222969 0.974805 0.00631383 -0.244969 0.947439 -0.205789 -0.244969 0.947439 -0.205789 -0.244969 0.947439 -0.205789 0.00405532 0.999991 0.000886601 0.00405532 0.999991 0.000886601 0.00405532 0.999991 0.000886601 0.0170728 0.999847 0.00368287 0.0170728 0.999847 0.00368287 0.0170728 0.999847 0.00368287 0.0280596 0.999606 0.00102392 0.0280596 0.999606 0.00102392 0.0280596 0.999606 0.00102392 0.0263401 0.99575 -0.0882455 0.0263401 0.99575 -0.0882455 0.0263401 0.99575 -0.0882455 -0.236603 0.964427 -0.117895 -0.236603 0.964427 -0.117895 -0.236603 0.964427 -0.117895 -0.235581 0.971812 -0.00908001 -0.235581 0.971812 -0.00908001 -0.235581 0.971812 -0.00908001 -0.241661 0.958036 -0.154162 -0.241661 0.958036 -0.154162 -0.241661 0.958036 -0.154162 -0.236603 0.964427 -0.117895 -0.236603 0.964427 -0.117895 -0.236603 0.964427 -0.117895 0.0 1.0 0.0 0.0 1.0 0.0 0.0 1.0 0.0 0.0 1.0 0.0 0.0 1.0 0.0 0.0 1.0 0.0 0.0 1.0 0.0 0.0 1.0 0.0 0.0 1.0 0.0 0.00303706 0.999995 0.000683195 0.00303706 0.999995 0.000683195 0.00303706 0.999995 0.000683195 -0.255829 0.96242 -0.0911044 -0.255829 0.96242 -0.0911044 -0.255829 0.96242 -0.0911044 -0.234637 0.959984 -0.15289 -0.234637 0.959984 -0.15289 -0.234637 0.959984 -0.15289 -0.111438 0.886826 -0.448466 -0.111438 0.886826 -0.448466 -0.111438 0.886826 -0.448466 -0.255829 0.96242 -0.0911044 -0.255829 0.96242 -0.0911044 -0.255829 0.96242 -0.0911044 0.0 1.0 0.0 0.0 1.0 0.0 0.0 1.0 0.0 0.0 1.0 0.0 0.0 1.0 0.0 0.0 1.0 0.0 0.0 1.0 0.0 0.0 1.0 0.0 0.0 1.0 0.0 0.0 1.0 0.0 0.0 1.0 0.0 0.0 1.0 0.0 -0.00179863 0.99998 0.00602552 -0.00179863 0.99998 0.00602552 -0.00179863 0.99998 0.00602552 0.0585463 0.978828 -0.196132 0.0585463 0.978828 -0.196132 0.0585463 0.978828 -0.196132 -0.0644057 0.993371 0.0952137 -0.0644057 0.993371 0.0952137 -0.0644057 0.993371 0.0952137 -0.0539053 0.993538 0.0998806 -0.0539053 0.993538 0.0998806 -0.0539053 0.993538 0.0998806 0.0 1.0 0.0 0.0 1.0 0.0 0.0 1.0 0.0 0.0 1.0 0.0 0.0 1.0 0.0 0.0 1.0 0.0 0.0 1.0 0.0 0.0 1.0 0.0 0.0 1.0 0.0 0.0 1.0 0.0 0.0 1.0 0.0 0.0 1.0 0.0 0.100658 0.994914 0.00368639 0.100658 0.994914 0.00368639 0.100658 0.994914 0.00368639 0.211248 0.9695 0.124277 0.211248 0.9695 0.124277 0.211248 0.9695 0.124277 0.0135608 0.999904 0.00270491 0.0135608 0.999904 0.00270491 0.0135608 0.999904 0.00270491 0.0558522 0.998377 0.0111568 0.0558522 0.998377 0.0111568 0.0558522 0.998377 0.0111568 0.211888 0.972661 -0.0950459 0.211888 0.972661 -0.0950459 0.211888 0.972661 -0.0950459 0.347228 0.906082 0.241762 0.347228 0.906082 0.241762 0.347228 0.906082 0.241762 0.408741 0.882035 0.234403 0.408741 0.882035 0.234403 0.408741 0.882035 0.234403 0.486311 0.8571 0.169941 0.486311 0.8571 0.169941 0.486311 0.8571 0.169941 0.0 1.0 0.0 0.0 1.0 0.0 0.0 1.0 0.0 0.00929668 0.999955 0.00200964 0.00929668 0.999955 0.00200964 0.00929668 0.999955 0.00200964 0.0 1.0 0.0 0.0 1.0 0.0 0.0 1.0 0.0 0.0 1.0 0.0 0.0 1.0 0.0 0.0 1.0 0.0 0.26748 0.960966 -0.0706988 0.26748 0.960966 -0.0706988 0.26748 0.960966 -0.0706988 0.25856 0.963311 -0.0719648 0.25856 0.963311 -0.0719648 0.25856 0.963311 -0.0719648 0.235174 0.963755 -0.125976 0.235174 0.963755 -0.125976 0.235174 0.963755 -0.125976 0.246189 0.960036 -0.13312 0.246189 0.960036 -0.13312 0.246189 0.960036 -0.13312 0.0 1.0 0.0 0.0 1.0 0.0 0.0 1.0 0.0 0.0 1.0 0.0 0.0 1.0 0.0 0.0 1.0 0.0 0.0 1.0 0.0 0.0 1.0 0.0 0.0 1.0 0.0 0.0 1.0 0.0 0.0 1.0 0.0 0.0 1.0 0.0 0.312353 0.934493 0.170759 0.312353 0.934493 0.170759 0.312353 0.934493 0.170759 0.249835 0.963181 0.0993194 0.249835 0.963181 0.0993194 0.249835 0.963181 0.0993194 0.291391 0.955561 -0.0446514 0.291391 0.955561 -0.0446514 0.291391 0.955561 -0.0446514 0.288853 0.956294 -0.0454523 0.288853 0.956294 -0.0454523 0.288853 0.956294 -0.0454523 0.0 1.0 0.0 0.0 1.0 0.0 0.0 1.0 0.0 0.0 1.0 0.0 0.0 1.0 0.0 0.0 1.0 0.0 0.0 1.0 0.0 0.0 1.0 0.0 0.0 1.0 0.0 0.0 1.0 0.0 0.0 1.0 0.0 0.0 1.0 0.0 0.0 1.0 0.0 0.0 1.0 0.0 0.0 1.0 0.0 0.0 1.0 0.0 0.0 1.0 0.0 0.0 1.0 0.0 -0.0377829 0.991237 0.126577 -0.0377829 0.991237 0.126577 -0.0377829 0.991237 0.126577 -0.037783 0.991237 0.126576 -0.037783 0.991237 0.126576 -0.037783 0.991237 0.126576 -0.0436602 0.998978 -0.0116836 -0.0436602 0.998978 -0.0116836 -0.0436602 0.998978 -0.0116836 0.0562209 0.956175 -0.287346 0.0562209 0.956175 -0.287346 0.0562209 0.956175 -0.287346 -0.0122881 0.999077 0.041162 -0.0122881 0.999077 0.041162 -0.0122881 0.999077 0.041162 -0.0227865 0.999667 -0.0121438 -0.0227865 0.999667 -0.0121438 -0.0227865 0.999667 -0.0121438 0.271169 0.953374 0.132456 0.271169 0.953374 0.132456 0.271169 0.953374 0.132456 0.242439 0.967542 0.0713109 0.242439 0.967542 0.0713109 0.242439 0.967542 0.0713109 0.21092 0.974503 0.0765329 0.21092 0.974503 0.0765329 0.21092 0.974503 0.0765329 0.230682 0.73344 -0.639415 0.230682 0.73344 -0.639415 0.230682 0.73344 -0.639415 0.0 1.0 0.0 0.0 1.0 0.0 0.0 1.0 0.0 -0.0122881 0.999077 0.041162 -0.0122881 0.999077 0.041162 -0.0122881 0.999077 0.041162 0.0135519 0.99865 -0.0501463 0.0135519 0.99865 -0.0501463 0.0135519 0.99865 -0.0501463 0.0 1.0 0.0 0.0 1.0 0.0 0.0 1.0 0.0 0.326688 0.945081 -0.0098605 0.326688 0.945081 -0.0098605 0.326688 0.945081 -0.0098605 0.321506 0.946838 -0.0114539 0.321506 0.946838 -0.0114539 0.321506 0.946838 -0.0114539 0.294182 0.951151 0.0936407 0.294182 0.951151 0.0936407 0.294182 0.951151 0.0936407 0.271169 0.953374 0.132456 0.271169 0.953374 0.132456 0.271169 0.953374 0.132456 0.0 1.0 0.0 0.0 1.0 0.0 0.0 1.0 0.0 0.0146618 0.998599 -0.0508389 0.0146618 0.998599 -0.0508389 0.0146618 0.998599 -0.0508389 0.0387159 0.990797 -0.129704 0.0387159 0.990797 -0.129704 0.0387159 0.990797 -0.129704 0.0421187 0.989099 -0.141101 0.0421187 0.989099 -0.141101 0.0421187 0.989099 -0.141101 0.275046 0.944556 0.17934 0.275046 0.944556 0.17934 0.275046 0.944556 0.17934 0.303016 0.948683 0.0904514 0.303016 0.948683 0.0904514 0.303016 0.948683 0.0904514 0.303016 0.948683 0.0904514 0.303016 0.948683 0.0904514 0.303016 0.948683 0.0904514 0.286538 0.947918 0.139093 0.286538 0.947918 0.139093 0.286538 0.947918 0.139093 0.00854957 0.999553 -0.028643 0.00854957 0.999553 -0.028643 0.00854957 0.999553 -0.028643 0.0085493 0.999553 -0.0286431 0.0085493 0.999553 -0.0286431 0.0085493 0.999553 -0.0286431 0.0 1.0 0.0 0.0 1.0 0.0 0.0 1.0 0.0 0.0 1.0 0.0 0.0 1.0 0.0 0.0 1.0 0.0 0.359095 0.9133 0.192179 0.359095 0.9133 0.192179 0.359095 0.9133 0.192179 0.289007 0.951284 0.107391 0.289007 0.951284 0.107391 0.289007 0.951284 0.107391 0.303016 0.948683 0.0904514 0.303016 0.948683 0.0904514 0.303016 0.948683 0.0904514 0.273694 0.944166 0.183415 0.273694 0.944166 0.183415 0.273694 0.944166 0.183415 1.0 0.0 0.0 1.0 0.0 0.0 1.0 0.0 0.0 0.0614304 -0.0690726 -0.995718 0.0614304 -0.0690726 -0.995718 0.0614304 -0.0690726 -0.995718 -0.00543402 -0.999985 -0.000805932 -0.00543402 -0.999985 -0.000805932 -0.00543402 -0.999985 -0.000805932 1.0 0.0 0.0 1.0 0.0 0.0 1.0 0.0 0.0 1.0 0.0 0.0 1.0 0.0 0.0 1.0 0.0 0.0 1.0 0.0 0.0 1.0 0.0 0.0 1.0 0.0 0.0 1.0 0.0 0.0 1.0 0.0 0.0 1.0 0.0 0.0 1.0 0.0 0.0 1.0 0.0 0.0 1.0 0.0 0.0 1.0 0.0 0.0 1.0 0.0 0.0 1.0 0.0 0.0 1.0 0.0 0.0 1.0 0.0 0.0 1.0 0.0 0.0 1.0 0.0 0.0 1.0 0.0 0.0 1.0 0.0 0.0 1.0 0.0 0.0 1.0 0.0 0.0 1.0 0.0 0.0 1.0 0.0 0.0 1.0 0.0 0.0 1.0 0.0 0.0 1.0 0.0 0.0 1.0 0.0 0.0 1.0 0.0 0.0 1.0 0.0 0.0 1.0 0.0 0.0 1.0 0.0 0.0 1.0 0.0 0.0 1.0 0.0 0.0 1.0 0.0 0.0 1.0 0.0 0.0 1.0 0.0 0.0 1.0 0.0 0.0 1.0 0.0 0.0 1.0 0.0 0.0 1.0 0.0 0.0 1.0 0.0 0.0 1.0 0.0 0.0 1.0 0.0 0.0 1.0 0.0 0.0 1.0 0.0 0.0 1.0 0.0 0.0 -0.372421 -0.0675289 -0.925604 -0.372421 -0.0675289 -0.925604 -0.372421 -0.0675289 -0.925604 1.0 0.0 0.0 1.0 0.0 0.0 1.0 0.0 0.0 1.0 0.0 0.0 1.0 0.0 0.0 1.0 0.0 0.0 0.532815 -0.279644 -0.798691 0.532815 -0.279644 -0.798691 0.532815 -0.279644 -0.798691 0.937246 -0.056623 0.344039 0.937246 -0.056623 0.344039 0.937246 -0.056623 0.344039 0.944776 -0.0989535 0.312421 0.944776 -0.0989535 0.312421 0.944776 -0.0989535 0.312421 0.961638 -0.0168368 0.273805 0.961638 -0.0168368 0.273805 0.961638 -0.0168368 0.273805 0.942406 -0.0209022 0.333817 0.942406 -0.0209022 0.333817 0.942406 -0.0209022 0.333817 0.94119 -0.0166947 0.337465 0.94119 -0.0166947 0.337465 0.94119 -0.0166947 0.337465 0.940888 -0.0221279 0.337996 0.940888 -0.0221279 0.337996 0.940888 -0.0221279 0.337996 0.932797 -0.0599046 0.355389 0.932797 -0.0599046 0.355389 0.932797 -0.0599046 0.355389 0.937101 -0.0992494 0.33465 0.937101 -0.0992494 0.33465 0.937101 -0.0992494 0.33465 1.0 0.0 0.0 1.0 0.0 0.0 1.0 0.0 0.0 -0.0248714 0.204918 -0.978463 -0.0248714 0.204918 -0.978463 -0.0248714 0.204918 -0.978463 0.0245299 -0.272717 -0.961782 0.0245299 -0.272717 -0.961782 0.0245299 -0.272717 -0.961782 1.0 0.0 0.0 1.0 0.0 0.0 1.0 0.0 0.0 1.0 0.0 0.0 1.0 0.0 0.0 1.0 0.0 0.0 1.0 0.0 0.0 1.0 0.0 0.0 1.0 0.0 0.0 1.0 0.0 0.0 1.0 0.0 0.0 1.0 0.0 0.0 1.0 0.0 0.0 1.0 0.0 0.0 1.0 0.0 0.0 1.0 0.0 0.0 1.0 0.0 0.0 1.0 0.0 0.0 1.0 0.0 0.0 1.0 0.0 0.0 1.0 0.0 0.0 1.0 0.0 0.0 1.0 0.0 0.0 1.0 0.0 0.0 1.0 0.0 0.0 1.0 0.0 0.0 1.0 0.0 0.0 1.0 0.0 0.0 1.0 0.0 0.0 1.0 0.0 0.0 1.0 0.0 0.0 1.0 0.0 0.0 1.0 0.0 0.0 1.0 0.0 0.0 1.0 0.0 0.0 1.0 0.0 0.0 1.0 0.0 0.0 1.0 0.0 0.0 1.0 0.0 0.0 1.0 0.0 0.0 1.0 0.0 0.0 1.0 0.0 0.0 1.0 0.0 0.0 1.0 0.0 0.0 1.0 0.0 0.0 1.0 0.0 0.0 1.0 0.0 0.0 1.0 0.0 0.0 1.0 0.0 0.0 1.0 0.0 0.0 1.0 0.0 0.0 0.818527 -0.498691 0.285169 0.818527 -0.498691 0.285169 0.818527 -0.498691 0.285169 1.0 0.0 0.0 1.0 0.0 0.0 1.0 0.0 0.0 1.0 0.0 0.0 1.0 0.0 0.0 1.0 0.0 0.0 0.757964 -0.0666056 0.648887 0.757964 -0.0666056 0.648887 0.757964 -0.0666056 0.648887 -0.0310519 -0.99409 0.104026 -0.0310519 -0.99409 0.104026 -0.0310519 -0.99409 0.104026 -0.0351138 -0.994305 0.100624 -0.0351138 -0.994305 0.100624 -0.0351138 -0.994305 0.100624 0.0754416 -0.858882 -0.506587 0.0754416 -0.858882 -0.506587 0.0754416 -0.858882 -0.506587 0.0917268 -0.848252 -0.521589 0.0917268 -0.848252 -0.521589 0.0917268 -0.848252 -0.521589 0.195529 -0.900216 -0.389076 0.195529 -0.900216 -0.389076 0.195529 -0.900216 -0.389076 0.212226 -0.888127 -0.407664 0.212226 -0.888127 -0.407664 0.212226 -0.888127 -0.407664 -0.0357589 -0.994336 0.100083 -0.0357589 -0.994336 0.100083 -0.0357589 -0.994336 0.100083 -0.0357598 -0.994336 0.100082 -0.0357598 -0.994336 0.100082 -0.0357598 -0.994336 0.100082 1.0 0.0 0.0 1.0 0.0 0.0 1.0 0.0 0.0 0.145151 -0.767635 -0.624233 0.145151 -0.767635 -0.624233 0.145151 -0.767635 -0.624233 0.26126 0.159546 -0.951992 0.26126 0.159546 -0.951992 0.26126 0.159546 -0.951992 1.0 0.0 0.0 1.0 0.0 0.0 1.0 0.0 0.0 1.0 0.0 0.0 1.0 0.0 0.0 1.0 0.0 0.0 1.0 0.0 0.0 1.0 0.0 0.0 1.0 0.0 0.0 1.0 0.0 0.0 1.0 0.0 0.0 1.0 0.0 0.0 1.0 0.0 0.0 1.0 0.0 0.0 1.0 0.0 0.0 1.0 0.0 0.0 1.0 0.0 0.0 1.0 0.0 0.0 1.0 0.0 0.0 1.0 0.0 0.0 1.0 0.0 0.0 1.0 0.0 0.0 1.0 0.0 0.0 1.0 0.0 0.0 1.0 0.0 0.0 1.0 0.0 0.0 1.0 0.0 0.0 1.0 0.0 0.0 1.0 0.0 0.0 1.0 0.0 0.0 1.0 0.0 0.0 1.0 0.0 0.0 1.0 0.0 0.0 1.0 0.0 0.0 1.0 0.0 0.0 1.0 0.0 0.0 1.0 0.0 0.0 1.0 0.0 0.0 1.0 0.0 0.0 1.0 0.0 0.0 1.0 0.0 0.0 1.0 0.0 0.0 1.0 0.0 0.0 1.0 0.0 0.0 1.0 0.0 0.0 1.0 0.0 0.0 1.0 0.0 0.0 1.0 0.0 0.0 1.0 0.0 0.0 1.0 0.0 0.0 1.0 0.0 0.0 0.581426 -0.0552815 -0.811719 0.581426 -0.0552815 -0.811719 0.581426 -0.0552815 -0.811719 1.0 0.0 0.0 1.0 0.0 0.0 1.0 0.0 0.0 1.0 0.0 0.0 1.0 0.0 0.0 1.0 0.0 0.0 -0.340598 -0.0703912 -0.93757 -0.340598 -0.0703912 -0.93757 -0.340598 -0.0703912 -0.93757 0.942101 -0.00629553 0.335271 0.942101 -0.00629553 0.335271 0.942101 -0.00629553 0.335271 0.961982 -0.0165295 0.272612 0.961982 -0.0165295 0.272612 0.961982 -0.0165295 0.272612 0.823696 0.0114988 0.566915 0.823696 0.0114988 0.566915 0.823696 0.0114988 0.566915 0.94194 -0.00350271 0.335763 0.94194 -0.00350271 0.335763 0.94194 -0.00350271 0.335763 0.940856 -0.0370867 0.336771 0.940856 -0.0370867 0.336771 0.940856 -0.0370867 0.336771 0.941153 -0.0269025 0.336909 0.941153 -0.0269025 0.336909 0.941153 -0.0269025 0.336909 0.941117 -0.0275861 0.336953 0.941117 -0.0275861 0.336953 0.941117 -0.0275861 0.336953 0.941216 -0.0162733 0.337413 0.941216 -0.0162733 0.337413 0.941216 -0.0162733 0.337413 1.0 0.0 0.0 1.0 0.0 0.0 1.0 0.0 0.0 0.243672 -0.462853 -0.852286 0.243672 -0.462853 -0.852286 0.243672 -0.462853 -0.852286 0.285472 -0.0623263 -0.956358 0.285472 -0.0623263 -0.956358 0.285472 -0.0623263 -0.956358 1.0 0.0 0.0 1.0 0.0 0.0 1.0 0.0 0.0 1.0 0.0 0.0 1.0 0.0 0.0 1.0 0.0 0.0 1.0 0.0 0.0 1.0 0.0 0.0 1.0 0.0 0.0 1.0 0.0 0.0 1.0 0.0 0.0 1.0 0.0 0.0 1.0 0.0 0.0 1.0 0.0 0.0 1.0 0.0 0.0 1.0 0.0 0.0 1.0 0.0 0.0 1.0 0.0 0.0 1.0 0.0 0.0 1.0 0.0 0.0 1.0 0.0 0.0 1.0 0.0 0.0 1.0 0.0 0.0 1.0 0.0 0.0 1.0 0.0 0.0 1.0 0.0 0.0 1.0 0.0 0.0 1.0 0.0 0.0 1.0 0.0 0.0 1.0 0.0 0.0 1.0 0.0 0.0 1.0 0.0 0.0 1.0 0.0 0.0 1.0 0.0 0.0 1.0 0.0 0.0 1.0 0.0 0.0 1.0 0.0 0.0 1.0 0.0 0.0 1.0 0.0 0.0 1.0 0.0 0.0 1.0 0.0 0.0 1.0 0.0 0.0 1.0 0.0 0.0 1.0 0.0 0.0 1.0 0.0 0.0 1.0 0.0 0.0 1.0 0.0 0.0 1.0 0.0 0.0 1.0 0.0 0.0 1.0 0.0 0.0 1.0 0.0 0.0 -0.278595 0.362479 -0.889378 -0.278595 0.362479 -0.889378 -0.278595 0.362479 -0.889378 1.0 0.0 0.0 1.0 0.0 0.0 1.0 0.0 0.0 1.0 0.0 0.0 1.0 0.0 0.0 1.0 0.0 0.0 -0.307287 0.0579992 -0.949848 -0.307287 0.0579992 -0.949848 -0.307287 0.0579992 -0.949848 0.943121 0.00484656 0.332416 0.943121 0.00484656 0.332416 0.943121 0.00484656 0.332416 0.810162 -0.0172566 0.585951 0.810162 -0.0172566 0.585951 0.810162 -0.0172566 0.585951 0.94004 0.0310062 0.339653 0.94004 0.0310062 0.339653 0.94004 0.0310062 0.339653 0.939712 0.0277969 0.340834 0.939712 0.0277969 0.340834 0.939712 0.0277969 0.340834 0.941784 0.018435 0.335714 0.941784 0.018435 0.335714 0.941784 0.018435 0.335714 0.940535 -0.0199424 0.339111 0.940535 -0.0199424 0.339111 0.940535 -0.0199424 0.339111 0.941217 -0.0244405 0.336918 0.941217 -0.0244405 0.336918 0.941217 -0.0244405 0.336918 0.940796 -0.0386093 0.336767 0.940796 -0.0386093 0.336767 0.940796 -0.0386093 0.336767 1.0 0.0 0.0 1.0 0.0 0.0 1.0 0.0 0.0 0.284593 0.100047 -0.953414 0.284593 0.100047 -0.953414 0.284593 0.100047 -0.953414 1.0 0.0 0.0 1.0 0.0 0.0 1.0 0.0 0.0 1.0 0.0 0.0 1.0 0.0 0.0 1.0 0.0 0.0 1.0 0.0 0.0 1.0 0.0 0.0 1.0 0.0 0.0 1.0 0.0 0.0 1.0 0.0 0.0 1.0 0.0 0.0 1.0 0.0 0.0 1.0 0.0 0.0 1.0 0.0 0.0 1.0 0.0 0.0 1.0 0.0 0.0 1.0 0.0 0.0 1.0 0.0 0.0 1.0 0.0 0.0 1.0 0.0 0.0 1.0 0.0 0.0 1.0 0.0 0.0 1.0 0.0 0.0 1.0 0.0 0.0 1.0 0.0 0.0 1.0 0.0 0.0 1.0 0.0 0.0 1.0 0.0 0.0 1.0 0.0 0.0 1.0 0.0 0.0 1.0 0.0 0.0 1.0 0.0 0.0 1.0 0.0 0.0 1.0 0.0 0.0 1.0 0.0 0.0 1.0 0.0 0.0 1.0 0.0 0.0 1.0 0.0 0.0 1.0 0.0 0.0 1.0 0.0 0.0 1.0 0.0 0.0 1.0 0.0 0.0 1.0 0.0 0.0 1.0 0.0 0.0 1.0 0.0 0.0 1.0 0.0 0.0 1.0 0.0 0.0 1.0 0.0 0.0 1.0 0.0 0.0 1.0 0.0 0.0 1.0 0.0 0.0 1.0 0.0 0.0 1.0 0.0 0.0 1.0 0.0 0.0 1.0 0.0 0.0 1.0 0.0 0.0 1.0 0.0 0.0 1.0 0.0 0.0 1.0 0.0 0.0 1.0 0.0 0.0 1.0 0.0 0.0 1.0 0.0 0.0 -0.51577 0.715487 -0.471233 -0.51577 0.715487 -0.471233 -0.51577 0.715487 -0.471233 0.917408 0.0 0.397948 0.917408 0.0 0.397948 0.917408 0.0 0.397948 0.918124 0.0 0.396293 0.918124 0.0 0.396293 0.918124 0.0 0.396293 0.917407 0.0 0.39795 0.917407 0.0 0.39795 0.917407 0.0 0.39795 0.917408 0.0 0.397948 0.917408 0.0 0.397948 0.917408 0.0 0.397948 0.917408 0.0 0.397949 0.917408 0.0 0.397949 0.917408 0.0 0.397949 0.917407 0.0 0.39795 0.917407 0.0 0.39795 0.917407 0.0 0.39795 0.917407 0.0 0.39795 0.917407 0.0 0.39795 0.917407 0.0 0.39795 0.922625 -0.00640135 0.385644 0.922625 -0.00640135 0.385644 0.922625 -0.00640135 0.385644 1.0 0.0 0.0 1.0 0.0 0.0 1.0 0.0 0.0 0.137113 -0.328602 -0.934463 0.137113 -0.328602 -0.934463 0.137113 -0.328602 -0.934463 0.00205629 -0.258919 -0.965897 0.00205629 -0.258919 -0.965897 0.00205629 -0.258919 -0.965897 1.0 0.0 0.0 1.0 0.0 0.0 1.0 0.0 0.0 1.0 0.0 0.0 1.0 0.0 0.0 1.0 0.0 0.0 1.0 0.0 0.0 1.0 0.0 0.0 1.0 0.0 0.0 1.0 0.0 0.0 1.0 0.0 0.0 1.0 0.0 0.0 1.0 0.0 0.0 1.0 0.0 0.0 1.0 0.0 0.0 1.0 0.0 0.0 1.0 0.0 0.0 1.0 0.0 0.0 1.0 0.0 0.0 1.0 0.0 0.0 1.0 0.0 0.0 1.0 0.0 0.0 1.0 0.0 0.0 1.0 0.0 0.0 1.0 0.0 0.0 1.0 0.0 0.0 1.0 0.0 0.0 1.0 0.0 0.0 1.0 0.0 0.0 1.0 0.0 0.0 1.0 0.0 0.0 1.0 0.0 0.0 1.0 0.0 0.0 1.0 0.0 0.0 1.0 0.0 0.0 1.0 0.0 0.0 1.0 0.0 0.0 1.0 0.0 0.0 1.0 0.0 0.0 1.0 0.0 0.0 1.0 0.0 0.0 1.0 0.0 0.0 1.0 0.0 0.0 1.0 0.0 0.0 1.0 0.0 0.0 1.0 0.0 0.0 1.0 0.0 0.0 1.0 0.0 0.0 1.0 0.0 0.0 1.0 0.0 0.0 1.0 0.0 0.0 0.565937 0.401058 -0.720325 0.565937 0.401058 -0.720325 0.565937 0.401058 -0.720325 1.0 0.0 0.0 1.0 0.0 0.0 1.0 0.0 0.0 1.0 0.0 0.0 1.0 0.0 0.0 1.0 0.0 0.0 0.636503 0.184589 -0.748859 0.636503 0.184589 -0.748859 0.636503 0.184589 -0.748859 0.959872 0.0529292 0.275399 0.959872 0.0529292 0.275399 0.959872 0.0529292 0.275399 0.962994 0.0345125 0.267303 0.962994 0.0345125 0.267303 0.962994 0.0345125 0.267303 0.924268 0.126295 0.360248 0.924268 0.126295 0.360248 0.924268 0.126295 0.360248 0.927717 0.0751591 0.365641 0.927717 0.0751591 0.365641 0.927717 0.0751591 0.365641 0.877371 0.080434 0.473022 0.877371 0.080434 0.473022 0.877371 0.080434 0.473022 0.883303 0.0318147 0.467722 0.883303 0.0318147 0.467722 0.883303 0.0318147 0.467722 0.938396 0.0426943 0.342914 0.938396 0.0426943 0.342914 0.938396 0.0426943 0.342914 0.939917 0.0218788 0.340702 0.939917 0.0218788 0.340702 0.939917 0.0218788 0.340702 1.0 0.0 0.0 1.0 0.0 0.0 1.0 0.0 0.0 -0.0106697 -0.36564 -0.930695 -0.0106697 -0.36564 -0.930695 -0.0106697 -0.36564 -0.930695 -0.0262545 0.0482543 -0.99849 -0.0262545 0.0482543 -0.99849 -0.0262545 0.0482543 -0.99849 1.0 0.0 0.0 1.0 0.0 0.0 1.0 0.0 0.0 1.0 0.0 0.0 1.0 0.0 0.0 1.0 0.0 0.0 1.0 0.0 0.0 1.0 0.0 0.0 1.0 0.0 0.0 1.0 0.0 0.0 1.0 0.0 0.0 1.0 0.0 0.0 1.0 0.0 0.0 1.0 0.0 0.0 1.0 0.0 0.0 1.0 0.0 0.0 1.0 0.0 0.0 1.0 0.0 0.0 1.0 0.0 0.0 1.0 0.0 0.0 1.0 0.0 0.0 1.0 0.0 0.0 1.0 0.0 0.0 1.0 0.0 0.0 1.0 0.0 0.0 1.0 0.0 0.0 1.0 0.0 0.0 1.0 0.0 0.0 1.0 0.0 0.0 1.0 0.0 0.0 1.0 0.0 0.0 1.0 0.0 0.0 1.0 0.0 0.0 1.0 0.0 0.0 1.0 0.0 0.0 1.0 0.0 0.0 1.0 0.0 0.0 1.0 0.0 0.0 1.0 0.0 0.0 1.0 0.0 0.0 1.0 0.0 0.0 1.0 0.0 0.0 1.0 0.0 0.0 1.0 0.0 0.0 1.0 0.0 0.0 1.0 0.0 0.0 1.0 0.0 0.0 1.0 0.0 0.0 1.0 0.0 0.0 1.0 0.0 0.0 1.0 0.0 0.0 0.773367 0.0468943 0.632222 0.773367 0.0468943 0.632222 0.773367 0.0468943 0.632222 1.0 0.0 0.0 1.0 0.0 0.0 1.0 0.0 0.0 1.0 0.0 0.0 1.0 0.0 0.0 1.0 0.0 0.0 0.890005 0.395767 0.226408 0.890005 0.395767 0.226408 0.890005 0.395767 0.226408 -0.141369 -0.695735 0.70425 -0.141369 -0.695735 0.70425 -0.141369 -0.695735 0.70425 -0.11606 -0.704483 0.700167 -0.11606 -0.704483 0.700167 -0.11606 -0.704483 0.700167 -0.119543 -0.940167 0.319053 -0.119543 -0.940167 0.319053 -0.119543 -0.940167 0.319053 -0.113749 -0.93934 0.323576 -0.113749 -0.93934 0.323576 -0.113749 -0.93934 0.323576 -0.116393 -0.939724 0.321514 -0.116393 -0.939724 0.321514 -0.116393 -0.939724 0.321514 -0.116393 -0.939724 0.321514 -0.116393 -0.939724 0.321514 -0.116393 -0.939724 0.321514 -0.120555 -0.706579 0.697289 -0.120555 -0.706579 0.697289 -0.120555 -0.706579 0.697289 -0.0426593 -0.703326 0.709586 -0.0426593 -0.703326 0.709586 -0.0426593 -0.703326 0.709586 1.0 0.0 0.0 1.0 0.0 0.0 1.0 0.0 0.0 1.0 0.0 0.0 1.0 0.0 0.0 1.0 0.0 0.0 0.216829 -0.105624 -0.970479 0.216829 -0.105624 -0.970479 0.216829 -0.105624 -0.970479 1.0 0.0 0.0 1.0 0.0 0.0 1.0 0.0 0.0 1.0 0.0 0.0 1.0 0.0 0.0 1.0 0.0 0.0 1.0 0.0 0.0 1.0 0.0 0.0 1.0 0.0 0.0 1.0 0.0 0.0 1.0 0.0 0.0 1.0 0.0 0.0 1.0 0.0 0.0 1.0 0.0 0.0 1.0 0.0 0.0 1.0 0.0 0.0 1.0 0.0 0.0 1.0 0.0 0.0 1.0 0.0 0.0 1.0 0.0 0.0 1.0 0.0 0.0 1.0 0.0 0.0 1.0 0.0 0.0 1.0 0.0 0.0 1.0 0.0 0.0 1.0 0.0 0.0 1.0 0.0 0.0 1.0 0.0 0.0 1.0 0.0 0.0 1.0 0.0 0.0 1.0 0.0 0.0 1.0 0.0 0.0 1.0 0.0 0.0 1.0 0.0 0.0 1.0 0.0 0.0 1.0 0.0 0.0 1.0 0.0 0.0 1.0 0.0 0.0 1.0 0.0 0.0 1.0 0.0 0.0 1.0 0.0 0.0 1.0 0.0 0.0 1.0 0.0 0.0 1.0 0.0 0.0 1.0 0.0 0.0 1.0 0.0 0.0 1.0 0.0 0.0 1.0 0.0 0.0 1.0 0.0 0.0 1.0 0.0 0.0 1.0 0.0 0.0 0.351592 0.0590106 -0.934292 0.351592 0.0590106 -0.934292 0.351592 0.0590106 -0.934292 1.0 0.0 0.0 1.0 0.0 0.0 1.0 0.0 0.0 1.0 0.0 0.0 1.0 0.0 0.0 1.0 0.0 0.0 1.0 0.0 0.0 1.0 0.0 0.0 1.0 0.0 0.0 0.971263 0.0 0.238008 0.971263 0.0 0.238008 0.971263 0.0 0.238008 0.971113 0.0 0.238621 0.971113 0.0 0.238621 0.971113 0.0 0.238621 0.977273 0.0134772 0.211555 0.977273 0.0134772 0.211555 0.977273 0.0134772 0.211555 0.973663 0.0104298 0.227752 0.973663 0.0104298 0.227752 0.973663 0.0104298 0.227752 0.941511 0.00633748 0.336923 0.941511 0.00633748 0.336923 0.941511 0.00633748 0.336923 0.941549 0.00396362 0.336854 0.941549 0.00396362 0.336854 0.941549 0.00396362 0.336854 0.941497 0.0 0.337021 0.941497 0.0 0.337021 0.941497 0.0 0.337021 0.941497 0.0 0.337021 0.941497 0.0 0.337021 0.941497 0.0 0.337021 1.0 0.0 0.0 1.0 0.0 0.0 1.0 0.0 0.0 1.0 0.0 0.0 1.0 0.0 0.0 1.0 0.0 0.0 0.257394 0.436122 -0.862291 0.257394 0.436122 -0.862291 0.257394 0.436122 -0.862291 1.0 0.0 0.0 1.0 0.0 0.0 1.0 0.0 0.0 1.0 0.0 0.0 1.0 0.0 0.0 1.0 0.0 0.0 1.0 0.0 0.0 1.0 0.0 0.0 1.0 0.0 0.0 1.0 0.0 0.0 1.0 0.0 0.0 1.0 0.0 0.0 1.0 0.0 0.0 1.0 0.0 0.0 1.0 0.0 0.0 1.0 0.0 0.0 1.0 0.0 0.0 1.0 0.0 0.0 1.0 0.0 0.0 1.0 0.0 0.0 1.0 0.0 0.0 1.0 0.0 0.0 1.0 0.0 0.0 1.0 0.0 0.0 1.0 0.0 0.0 1.0 0.0 0.0 1.0 0.0 0.0 1.0 0.0 0.0 1.0 0.0 0.0 1.0 0.0 0.0 1.0 0.0 0.0 1.0 0.0 0.0 1.0 0.0 0.0 1.0 0.0 0.0 1.0 0.0 0.0 1.0 0.0 0.0 1.0 0.0 0.0 1.0 0.0 0.0 1.0 0.0 0.0 1.0 0.0 0.0 1.0 0.0 0.0 1.0 0.0 0.0 1.0 0.0 0.0 1.0 0.0 0.0 1.0 0.0 0.0 1.0 0.0 0.0 1.0 0.0 0.0 1.0 0.0 0.0 1.0 0.0 0.0 1.0 0.0 0.0 1.0 0.0 0.0 -0.889111 -0.118224 -0.44216 -0.889111 -0.118224 -0.44216 -0.889111 -0.118224 -0.44216 1.0 0.0 0.0 1.0 0.0 0.0 1.0 0.0 0.0 1.0 0.0 0.0 1.0 0.0 0.0 1.0 0.0 0.0 1.0 0.0 0.0 1.0 0.0 0.0 1.0 0.0 0.0 0.917408 0.0 0.397948 0.917408 0.0 0.397948 0.917408 0.0 0.397948 0.917407 0.0 0.39795 0.917407 0.0 0.39795 0.917407 0.0 0.39795 0.927529 -0.0654837 0.367971 0.927529 -0.0654837 0.367971 0.927529 -0.0654837 0.367971 0.926983 -0.0662533 0.369206 0.926983 -0.0662533 0.369206 0.926983 -0.0662533 0.369206 0.898949 0.0843268 0.42986 0.898949 0.0843268 0.42986 0.898949 0.0843268 0.42986 0.897903 0.0850106 0.431906 0.897903 0.0850106 0.431906 0.897903 0.0850106 0.431906 0.917407 0.0 0.39795 0.917407 0.0 0.39795 0.917407 0.0 0.39795 0.917408 0.0 0.397949 0.917408 0.0 0.397949 0.917408 0.0 0.397949 1.0 0.0 0.0 1.0 0.0 0.0 1.0 0.0 0.0 0.28601 -0.0116412 -0.958156 0.28601 -0.0116412 -0.958156 0.28601 -0.0116412 -0.958156 1.0 0.0 0.0 1.0 0.0 0.0 1.0 0.0 0.0 1.0 0.0 0.0 1.0 0.0 0.0 1.0 0.0 0.0 1.0 0.0 0.0 1.0 0.0 0.0 1.0 0.0 0.0 1.0 0.0 0.0 1.0 0.0 0.0 1.0 0.0 0.0 1.0 0.0 0.0 1.0 0.0 0.0 1.0 0.0 0.0 1.0 0.0 0.0 1.0 0.0 0.0 1.0 0.0 0.0 1.0 0.0 0.0 1.0 0.0 0.0 1.0 0.0 0.0 1.0 0.0 0.0 1.0 0.0 0.0 1.0 0.0 0.0 1.0 0.0 0.0 1.0 0.0 0.0 1.0 0.0 0.0 1.0 0.0 0.0 1.0 0.0 0.0 1.0 0.0 0.0 1.0 0.0 0.0 1.0 0.0 0.0 1.0 0.0 0.0 1.0 0.0 0.0 1.0 0.0 0.0 1.0 0.0 0.0 1.0 0.0 0.0 1.0 0.0 0.0 1.0 0.0 0.0 1.0 0.0 0.0 1.0 0.0 0.0 1.0 0.0 0.0 1.0 0.0 0.0 1.0 0.0 0.0 1.0 0.0 0.0 1.0 0.0 0.0 1.0 0.0 0.0 1.0 0.0 0.0 1.0 0.0 0.0 1.0 0.0 0.0 1.0 0.0 0.0 1.0 0.0 0.0 1.0 0.0 0.0 1.0 0.0 0.0 1.0 0.0 0.0 1.0 0.0 0.0 1.0 0.0 0.0 1.0 0.0 0.0 1.0 0.0 0.0 1.0 0.0 0.0 1.0 0.0 0.0 1.0 0.0 0.0 1.0 0.0 0.0 0.281356 -0.236269 -0.930062 0.281356 -0.236269 -0.930062 0.281356 -0.236269 -0.930062 0.943678 -0.0159626 0.33048 0.943678 -0.0159626 0.33048 0.943678 -0.0159626 0.33048 0.943726 -0.0172539 0.330278 0.943726 -0.0172539 0.330278 0.943726 -0.0172539 0.330278 0.978432 0.0 0.206567 0.978432 0.0 0.206567 0.978432 0.0 0.206567 0.9785 0.0 0.206248 0.9785 0.0 0.206248 0.9785 0.0 0.206248 0.941498 0.0 0.337018 0.941498 0.0 0.337018 0.941498 0.0 0.337018 0.941498 0.0 0.337019 0.941498 0.0 0.337019 0.941498 0.0 0.337019 0.894155 0.0150647 0.447503 0.894155 0.0150647 0.447503 0.894155 0.0150647 0.447503 0.893249 0.014211 0.449337 0.893249 0.014211 0.449337 0.893249 0.014211 0.449337 0.9415 0.0 0.337014 0.9415 0.0 0.337014 0.9415 0.0 0.337014 0.9415 0.0 0.337013 0.9415 0.0 0.337013 0.9415 0.0 0.337013 0.941472 0.00736165 0.33701 0.941472 0.00736165 0.33701 0.941472 0.00736165 0.33701 0.94151 0.00452914 0.336953 0.94151 0.00452914 0.336953 0.94151 0.00452914 0.336953 0.97234 0.0149541 0.233091 0.97234 0.0149541 0.233091 0.97234 0.0149541 0.233091 0.975682 0.0128192 0.218815 0.975682 0.0128192 0.218815 0.975682 0.0128192 0.218815 0.97708 0.0 0.212873 0.97708 0.0 0.212873 0.97708 0.0 0.212873 0.969193 0.0 0.246301 0.969193 0.0 0.246301 0.969193 0.0 0.246301 0.899951 0.0118369 0.43583 0.899951 0.0118369 0.43583 0.899951 0.0118369 0.43583 0.89891 0.0110829 0.437994 0.89891 0.0110829 0.437994 0.89891 0.0110829 0.437994 0.941498 0.0 0.337019 0.941498 0.0 0.337019 0.941498 0.0 0.337019 0.941498 0.0 0.337018 0.941498 0.0 0.337018 0.941498 0.0 0.337018 0.991828 0.0 0.127582 0.991828 0.0 0.127582 0.991828 0.0 0.127582 0.992005 0.0 0.1262 0.992005 0.0 0.1262 0.992005 0.0 0.1262 0.94511 -0.0168109 0.326319 0.94511 -0.0168109 0.326319 0.94511 -0.0168109 0.326319 0.945063 -0.0179978 0.326391 0.945063 -0.0179978 0.326391 0.945063 -0.0179978 0.326391 0.917408 0.0 0.397948 0.917408 0.0 0.397948 0.917408 0.0 0.397948 0.917408 0.0 0.397949 0.917408 0.0 0.397949 0.917408 0.0 0.397949 0.902311 0.0714919 0.425116 0.902311 0.0714919 0.425116 0.902311 0.0714919 0.425116 0.901675 0.0707151 0.426594 0.901675 0.0707151 0.426594 0.901675 0.0707151 0.426594 0.926458 -0.0548892 0.372375 0.926458 -0.0548892 0.372375 0.926458 -0.0548892 0.372375 0.92592 -0.0556948 0.373591 0.92592 -0.0556948 0.373591 0.92592 -0.0556948 0.373591 0.917407 0.0 0.39795 0.917407 0.0 0.39795 0.917407 0.0 0.39795 0.917408 0.0 0.397949 0.917408 0.0 0.397949 0.917408 0.0 0.397949 0.917408 0.0 0.397948 0.917408 0.0 0.397948 0.917408 0.0 0.397948 0.930181 -0.0177068 0.366674 0.930181 -0.0177068 0.366674 0.930181 -0.0177068 0.366674 0.917408 0.0 0.397949 0.917408 0.0 0.397949 0.917408 0.0 0.397949 0.917408 0.0 0.397948 0.917408 0.0 0.397948 0.917408 0.0 0.397948 0.917408 0.0 0.397949 0.917408 0.0 0.397949 0.917408 0.0 0.397949 0.917407 0.0 0.39795 0.917407 0.0 0.39795 0.917407 0.0 0.39795 0.917407 0.0 0.39795 0.917407 0.0 0.39795 0.917407 0.0 0.39795 0.933369 -0.0227181 0.358198 0.933369 -0.0227181 0.358198 0.933369 -0.0227181 0.358198 0.939868 -0.0738774 0.333452 0.939868 -0.0738774 0.333452 0.939868 -0.0738774 0.333452 0.937433 -0.108866 0.330708 0.937433 -0.108866 0.330708 0.937433 -0.108866 0.330708 0.949157 0.00181087 0.314798 0.949157 0.00181087 0.314798 0.949157 0.00181087 0.314798 0.940257 -0.0967274 0.326435 0.940257 -0.0967274 0.326435 0.940257 -0.0967274 0.326435 0.93919 -0.0169664 0.342979 0.93919 -0.0169664 0.342979 0.93919 -0.0169664 0.342979 0.943138 -0.110933 0.313344 0.943138 -0.110933 0.313344 0.943138 -0.110933 0.313344 0.871205 -0.0963816 0.481365 0.871205 -0.0963816 0.481365 0.871205 -0.0963816 0.481365 0.866374 -0.133548 0.481207 0.866374 -0.133548 0.481207 0.866374 -0.133548 0.481207 0.939328 -0.0687018 0.336069 0.939328 -0.0687018 0.336069 0.939328 -0.0687018 0.336069 0.940992 -0.0280185 0.337267 0.940992 -0.0280185 0.337267 0.940992 -0.0280185 0.337267 0.936748 -0.0993459 0.335609 0.936748 -0.0993459 0.335609 0.936748 -0.0993459 0.335609 0.939179 -0.0703589 0.336143 0.939179 -0.0703589 0.336143 0.939179 -0.0703589 0.336143 0.944582 -0.130455 0.301243 0.944582 -0.130455 0.301243 0.944582 -0.130455 0.301243 0.935749 -0.0917396 0.340527 0.935749 -0.0917396 0.340527 0.935749 -0.0917396 0.340527 0.936024 -0.0895081 0.340363 0.936024 -0.0895081 0.340363 0.936024 -0.0895081 0.340363 0.920704 -0.0277668 0.389273 0.920704 -0.0277668 0.389273 0.920704 -0.0277668 0.389273 0.93068 -0.0688366 0.3593 0.93068 -0.0688366 0.3593 0.93068 -0.0688366 0.3593 0.933276 -0.10734 0.342746 0.933276 -0.10734 0.342746 0.933276 -0.10734 0.342746 0.940942 -0.0287993 0.33734 0.940942 -0.0287993 0.33734 0.940942 -0.0287993 0.33734 0.940774 -0.0243858 0.338156 0.940774 -0.0243858 0.338156 0.940774 -0.0243858 0.338156 0.920467 -0.0283387 0.389792 0.920467 -0.0283387 0.389792 0.920467 -0.0283387 0.389792 0.942875 -0.0251589 0.332195 0.942875 -0.0251589 0.332195 0.942875 -0.0251589 0.332195 0.933414 -0.0800661 0.349753 0.933414 -0.0800661 0.349753 0.933414 -0.0800661 0.349753 0.93673 -0.124578 0.327134 0.93673 -0.124578 0.327134 0.93673 -0.124578 0.327134 -0.0357482 -0.994336 0.100092 -0.0357482 -0.994336 0.100092 -0.0357482 -0.994336 0.100092 -0.0357481 -0.994336 0.100091 -0.0357481 -0.994336 0.100091 -0.0357481 -0.994336 0.100091 0.171738 -0.915008 -0.365056 0.171738 -0.915008 -0.365056 0.171738 -0.915008 -0.365056 0.188843 -0.903754 -0.384144 0.188843 -0.903754 -0.384144 0.188843 -0.903754 -0.384144 0.0344504 -0.902467 -0.429379 0.0344504 -0.902467 -0.429379 0.0344504 -0.902467 -0.429379 0.0499729 -0.894212 -0.444845 0.0499729 -0.894212 -0.444845 0.0499729 -0.894212 -0.444845 -0.0350709 -0.994303 0.100659 -0.0350709 -0.994303 0.100659 -0.0350709 -0.994303 0.100659 -0.0310511 -0.99409 0.104027 -0.0310511 -0.99409 0.104027 -0.0310511 -0.99409 0.104027 -0.0432557 -0.702968 0.709905 -0.0432557 -0.702968 0.709905 -0.0432557 -0.702968 0.709905 -0.0619481 -0.732238 0.678225 -0.0619481 -0.732238 0.678225 -0.0619481 -0.732238 0.678225 -0.116388 -0.939724 0.321517 -0.116388 -0.939724 0.321517 -0.116388 -0.939724 0.321517 -0.116386 -0.939723 0.32152 -0.116386 -0.939723 0.32152 -0.116386 -0.939723 0.32152 -0.113747 -0.93934 0.323577 -0.113747 -0.93934 0.323577 -0.113747 -0.93934 0.323577 -0.119613 -0.940177 0.318998 -0.119613 -0.940177 0.318998 -0.119613 -0.940177 0.318998 -0.0579326 -0.731521 0.679354 -0.0579326 -0.731521 0.679354 -0.0579326 -0.731521 0.679354 -0.040271 -0.741656 0.66957 -0.040271 -0.741656 0.66957 -0.040271 -0.741656 0.66957 0.937101 0.0487001 0.345644 0.937101 0.0487001 0.345644 0.937101 0.0487001 0.345644 0.938894 0.0262682 0.343202 0.938894 0.0262682 0.343202 0.938894 0.0262682 0.343202 0.868005 0.0819467 0.489747 0.868005 0.0819467 0.489747 0.868005 0.0819467 0.489747 0.881324 0.0408842 0.47074 0.881324 0.0408842 0.47074 0.881324 0.0408842 0.47074 0.892851 0.130876 0.430916 0.892851 0.130876 0.430916 0.892851 0.130876 0.430916 0.895801 0.0694271 0.438999 0.895801 0.0694271 0.438999 0.895801 0.0694271 0.438999 0.960398 0.0744922 0.268489 0.960398 0.0744922 0.268489 0.960398 0.0744922 0.268489 0.925543 0.0202495 0.378099 0.925543 0.0202495 0.378099 0.925543 0.0202495 0.378099 1.0 0.0 0.0 1.0 0.0 0.0 1.0 0.0 0.0 -0.370367 -0.200515 -0.906985 -0.370367 -0.200515 -0.906985 -0.370367 -0.200515 -0.906985 -0.188255 -0.0721388 -0.979467 -0.188255 -0.0721388 -0.979467 -0.188255 -0.0721388 -0.979467 1.0 0.0 0.0 1.0 0.0 0.0 1.0 0.0 0.0 1.0 0.0 0.0 1.0 0.0 0.0 1.0 0.0 0.0 1.0 0.0 0.0 1.0 0.0 0.0 1.0 0.0 0.0 1.0 0.0 0.0 1.0 0.0 0.0 1.0 0.0 0.0 1.0 0.0 0.0 1.0 0.0 0.0 1.0 0.0 0.0 1.0 0.0 0.0 1.0 0.0 0.0 1.0 0.0 0.0 1.0 0.0 0.0 1.0 0.0 0.0 1.0 0.0 0.0 1.0 0.0 0.0 1.0 0.0 0.0 1.0 0.0 0.0 1.0 0.0 0.0 1.0 0.0 0.0 1.0 0.0 0.0 1.0 0.0 0.0 1.0 0.0 0.0 1.0 0.0 0.0 1.0 0.0 0.0 1.0 0.0 0.0 1.0 0.0 0.0 1.0 0.0 0.0 1.0 0.0 0.0 1.0 0.0 0.0 1.0 0.0 0.0 1.0 0.0 0.0 1.0 0.0 0.0 1.0 0.0 0.0 1.0 0.0 0.0 1.0 0.0 0.0 1.0 0.0 0.0 1.0 0.0 0.0 1.0 0.0 0.0 1.0 0.0 0.0 1.0 0.0 0.0 1.0 0.0 0.0 1.0 0.0 0.0 1.0 0.0 0.0 1.0 0.0 0.0 0.31935 -0.100518 -0.942291 0.31935 -0.100518 -0.942291 0.31935 -0.100518 -0.942291 1.0 0.0 0.0 1.0 0.0 0.0 1.0 0.0 0.0 1.0 0.0 0.0 1.0 0.0 0.0 1.0 0.0 0.0 0.418848 -0.427346 -0.801212 0.418848 -0.427346 -0.801212 0.418848 -0.427346 -0.801212 0.916731 -0.159515 0.366277 0.916731 -0.159515 0.366277 0.916731 -0.159515 0.366277 0.911608 -0.213181 0.351461 0.911608 -0.213181 0.351461 0.911608 -0.213181 0.351461 0.965645 -0.0325968 0.257812 0.965645 -0.0325968 0.257812 0.965645 -0.0325968 0.257812 0.942726 -0.0412392 0.331008 0.942726 -0.0412392 0.331008 0.942726 -0.0412392 0.331008 0.814033 -0.38353 0.436182 0.814033 -0.38353 0.436182 0.814033 -0.38353 0.436182 0.858724 -0.423638 0.288314 0.858724 -0.423638 0.288314 0.858724 -0.423638 0.288314 0.783314 -0.517528 0.34436 0.783314 -0.517528 0.34436 0.783314 -0.517528 0.34436 0.722834 -0.512868 0.463117 0.722834 -0.512868 0.463117 0.722834 -0.512868 0.463117 1.0 0.0 0.0 1.0 0.0 0.0 1.0 0.0 0.0 -0.754819 0.0915948 -0.649507 -0.754819 0.0915948 -0.649507 -0.754819 0.0915948 -0.649507 -0.47953 -0.575854 -0.662151 -0.47953 -0.575854 -0.662151 -0.47953 -0.575854 -0.662151 1.0 0.0 0.0 1.0 0.0 0.0 1.0 0.0 0.0 1.0 0.0 0.0 1.0 0.0 0.0 1.0 0.0 0.0 1.0 0.0 0.0 1.0 0.0 0.0 1.0 0.0 0.0 1.0 0.0 0.0 1.0 0.0 0.0 1.0 0.0 0.0 1.0 0.0 0.0 1.0 0.0 0.0 1.0 0.0 0.0 1.0 0.0 0.0 1.0 0.0 0.0 1.0 0.0 0.0 1.0 0.0 0.0 1.0 0.0 0.0 1.0 0.0 0.0 1.0 0.0 0.0 1.0 0.0 0.0 1.0 0.0 0.0 1.0 0.0 0.0 1.0 0.0 0.0 1.0 0.0 0.0 1.0 0.0 0.0 1.0 0.0 0.0 1.0 0.0 0.0 1.0 0.0 0.0 1.0 0.0 0.0 1.0 0.0 0.0 1.0 0.0 0.0 1.0 0.0 0.0 1.0 0.0 0.0 1.0 0.0 0.0 1.0 0.0 0.0 1.0 0.0 0.0 1.0 0.0 0.0 1.0 0.0 0.0 1.0 0.0 0.0 1.0 0.0 0.0 1.0 0.0 0.0 1.0 0.0 0.0 1.0 0.0 0.0 1.0 0.0 0.0 1.0 0.0 0.0 1.0 0.0 0.0 1.0 0.0 0.0 1.0 0.0 0.0 0.670339 -0.617826 0.411019 0.670339 -0.617826 0.411019 0.670339 -0.617826 0.411019 1.0 0.0 0.0 1.0 0.0 0.0 1.0 0.0 0.0 1.0 0.0 0.0 1.0 0.0 0.0 1.0 0.0 0.0 0.660832 -0.1093 0.742532 0.660832 -0.1093 0.742532 0.660832 -0.1093 0.742532 0.675849 0.0820464 0.732459 0.675849 0.0820464 0.732459 0.675849 0.0820464 0.732459 0.675849 0.082031 0.73246 0.675849 0.082031 0.73246 0.675849 0.082031 0.73246 0.694193 0.0 0.719789 0.694193 0.0 0.719789 0.694193 0.0 0.719789 0.672459 0.0 0.740134 0.672459 0.0 0.740134 0.672459 0.0 0.740134 0.559047 -0.183087 0.808669 0.559047 -0.183087 0.808669 0.559047 -0.183087 0.808669 0.558238 0.0195122 0.829451 0.558238 0.0195122 0.829451 0.558238 0.0195122 0.829451 0.557129 0.00214143 0.830424 0.557129 0.00214143 0.830424 0.557129 0.00214143 0.830424 0.565407 0.000865351 0.824812 0.565407 0.000865351 0.824812 0.565407 0.000865351 0.824812 1.0 0.0 0.0 1.0 0.0 0.0 1.0 0.0 0.0 0.121012 -0.0396044 -0.991861 0.121012 -0.0396044 -0.991861 0.121012 -0.0396044 -0.991861 1.0 0.0 0.0 1.0 0.0 0.0 1.0 0.0 0.0 1.0 0.0 0.0 1.0 0.0 0.0 1.0 0.0 0.0 1.0 0.0 0.0 1.0 0.0 0.0 1.0 0.0 0.0 1.0 0.0 0.0 1.0 0.0 0.0 1.0 0.0 0.0 1.0 0.0 0.0 1.0 0.0 0.0 1.0 0.0 0.0 1.0 0.0 0.0 1.0 0.0 0.0 1.0 0.0 0.0 1.0 0.0 0.0 1.0 0.0 0.0 1.0 0.0 0.0 1.0 0.0 0.0 1.0 0.0 0.0 1.0 0.0 0.0 1.0 0.0 0.0 1.0 0.0 0.0 1.0 0.0 0.0 1.0 0.0 0.0 1.0 0.0 0.0 1.0 0.0 0.0 1.0 0.0 0.0 1.0 0.0 0.0 1.0 0.0 0.0 1.0 0.0 0.0 1.0 0.0 0.0 1.0 0.0 0.0 1.0 0.0 0.0 1.0 0.0 0.0 1.0 0.0 0.0 1.0 0.0 0.0 1.0 0.0 0.0 1.0 0.0 0.0 1.0 0.0 0.0 1.0 0.0 0.0 1.0 0.0 0.0 1.0 0.0 0.0 1.0 0.0 0.0 1.0 0.0 0.0 1.0 0.0 0.0 1.0 0.0 0.0 1.0 0.0 0.0 1.0 0.0 0.0 1.0 0.0 0.0 1.0 0.0 0.0 1.0 0.0 0.0 1.0 0.0 0.0 1.0 0.0 0.0 1.0 0.0 0.0 1.0 0.0 0.0 1.0 0.0 0.0 1.0 0.0 0.0 1.0 0.0 0.0 1.0 0.0 0.0 0.173002 -0.0282407 -0.984517 0.173002 -0.0282407 -0.984517 0.173002 -0.0282407 -0.984517 0.942737 -0.00374804 0.333517 0.942737 -0.00374804 0.333517 0.942737 -0.00374804 0.333517 0.96692 -0.00895205 0.254923 0.96692 -0.00895205 0.254923 0.96692 -0.00895205 0.254923 0.930623 0.0 0.365979 0.930623 0.0 0.365979 0.930623 0.0 0.365979 0.942257 0.0 0.33489 0.942257 0.0 0.33489 0.942257 0.0 0.33489 0.885507 -0.376412 0.272381 0.885507 -0.376412 0.272381 0.885507 -0.376412 0.272381 0.871908 -0.387202 0.299752 0.871908 -0.387202 0.299752 0.871908 -0.387202 0.299752 0.867767 -0.39534 0.301143 0.867767 -0.39534 0.301143 0.867767 -0.39534 0.301143 0.816254 -0.377267 0.437491 0.816254 -0.377267 0.437491 0.816254 -0.377267 0.437491 1.0 0.0 0.0 1.0 0.0 0.0 1.0 0.0 0.0 1.0 0.0 0.0 1.0 0.0 0.0 1.0 0.0 0.0 0.332453 0.256475 -0.907577 0.332453 0.256475 -0.907577 0.332453 0.256475 -0.907577 1.0 0.0 0.0 1.0 0.0 0.0 1.0 0.0 0.0 1.0 0.0 0.0 1.0 0.0 0.0 1.0 0.0 0.0 1.0 0.0 0.0 1.0 0.0 0.0 1.0 0.0 0.0 1.0 0.0 0.0 1.0 0.0 0.0 1.0 0.0 0.0 1.0 0.0 0.0 1.0 0.0 0.0 1.0 0.0 0.0 1.0 0.0 0.0 1.0 0.0 0.0 1.0 0.0 0.0 1.0 0.0 0.0 1.0 0.0 0.0 1.0 0.0 0.0 1.0 0.0 0.0 1.0 0.0 0.0 1.0 0.0 0.0 1.0 0.0 0.0 1.0 0.0 0.0 1.0 0.0 0.0 1.0 0.0 0.0 1.0 0.0 0.0 1.0 0.0 0.0 1.0 0.0 0.0 1.0 0.0 0.0 1.0 0.0 0.0 1.0 0.0 0.0 1.0 0.0 0.0 1.0 0.0 0.0 1.0 0.0 0.0 1.0 0.0 0.0 1.0 0.0 0.0 1.0 0.0 0.0 1.0 0.0 0.0 1.0 0.0 0.0 1.0 0.0 0.0 1.0 0.0 0.0 1.0 0.0 0.0 1.0 0.0 0.0 1.0 0.0 0.0 1.0 0.0 0.0 1.0 0.0 0.0 1.0 0.0 0.0 1.0 0.0 0.0 0.146602 0.23159 -0.961704 0.146602 0.23159 -0.961704 0.146602 0.23159 -0.961704 1.0 0.0 0.0 1.0 0.0 0.0 1.0 0.0 0.0 1.0 0.0 0.0 1.0 0.0 0.0 1.0 0.0 0.0 1.0 0.0 0.0 1.0 0.0 0.0 1.0 0.0 0.0 0.941472 0.0 0.33709 0.941472 0.0 0.33709 0.941472 0.0 0.33709 0.931185 0.0 0.364547 0.931185 0.0 0.364547 0.931185 0.0 0.364547 0.937948 -0.0160976 0.346403 0.937948 -0.0160976 0.346403 0.937948 -0.0160976 0.346403 0.937019 -0.00368149 0.349258 0.937019 -0.00368149 0.349258 0.937019 -0.00368149 0.349258 0.865931 -0.463001 0.189192 0.865931 -0.463001 0.189192 0.865931 -0.463001 0.189192 0.898986 -0.349245 0.264297 0.898986 -0.349245 0.264297 0.898986 -0.349245 0.264297 0.875938 -0.366347 0.313882 0.875938 -0.366347 0.313882 0.875938 -0.366347 0.313882 0.889587 -0.370638 0.266952 0.889587 -0.370638 0.266952 0.889587 -0.370638 0.266952 1.0 0.0 0.0 1.0 0.0 0.0 1.0 0.0 0.0 0.853173 0.516599 0.0722595 0.853173 0.516599 0.0722595 0.853173 0.516599 0.0722595 1.0 0.0 0.0 1.0 0.0 0.0 1.0 0.0 0.0 1.0 0.0 0.0 1.0 0.0 0.0 1.0 0.0 0.0 1.0 0.0 0.0 1.0 0.0 0.0 1.0 0.0 0.0 1.0 0.0 0.0 1.0 0.0 0.0 1.0 0.0 0.0 1.0 0.0 0.0 1.0 0.0 0.0 1.0 0.0 0.0 1.0 0.0 0.0 1.0 0.0 0.0 1.0 0.0 0.0 1.0 0.0 0.0 1.0 0.0 0.0 1.0 0.0 0.0 1.0 0.0 0.0 1.0 0.0 0.0 1.0 0.0 0.0 1.0 0.0 0.0 1.0 0.0 0.0 1.0 0.0 0.0 1.0 0.0 0.0 1.0 0.0 0.0 1.0 0.0 0.0 1.0 0.0 0.0 1.0 0.0 0.0 1.0 0.0 0.0 1.0 0.0 0.0 1.0 0.0 0.0 1.0 0.0 0.0 1.0 0.0 0.0 1.0 0.0 0.0 1.0 0.0 0.0 1.0 0.0 0.0 1.0 0.0 0.0 1.0 0.0 0.0 1.0 0.0 0.0 1.0 0.0 0.0 1.0 0.0 0.0 1.0 0.0 0.0 1.0 0.0 0.0 1.0 0.0 0.0 1.0 0.0 0.0 1.0 0.0 0.0 1.0 0.0 0.0 1.0 0.0 0.0 1.0 0.0 0.0 1.0 0.0 0.0 1.0 0.0 0.0 1.0 0.0 0.0 1.0 0.0 0.0 1.0 0.0 0.0 1.0 0.0 0.0 1.0 0.0 0.0 1.0 0.0 0.0 1.0 0.0 0.0 1.0 0.0 0.0 -0.964963 -0.0654773 -0.254084 -0.964963 -0.0654773 -0.254084 -0.964963 -0.0654773 -0.254084 0.95421 -0.0619415 0.292655 0.95421 -0.0619415 0.292655 0.95421 -0.0619415 0.292655 0.950249 -0.0554657 0.306513 0.950249 -0.0554657 0.306513 0.950249 -0.0554657 0.306513 0.963971 0.0 0.266009 0.963971 0.0 0.266009 0.963971 0.0 0.266009 0.963971 0.0 0.266007 0.963971 0.0 0.266007 0.963971 0.0 0.266007 0.984714 0.0 -0.174178 0.984714 0.0 -0.174178 0.984714 0.0 -0.174178 0.984714 0.0 -0.174178 0.984714 0.0 -0.174178 0.984714 0.0 -0.174178 0.984714 0.0 -0.174178 0.984714 0.0 -0.174178 0.984714 0.0 -0.174178 0.926875 -0.335561 -0.168232 0.926875 -0.335561 -0.168232 0.926875 -0.335561 -0.168232 1.0 0.0 0.0 1.0 0.0 0.0 1.0 0.0 0.0 -0.664738 0.0935816 -0.741192 -0.664738 0.0935816 -0.741192 -0.664738 0.0935816 -0.741192 -0.747334 0.0385212 -0.663332 -0.747334 0.0385212 -0.663332 -0.747334 0.0385212 -0.663332 1.0 0.0 0.0 1.0 0.0 0.0 1.0 0.0 0.0 1.0 0.0 0.0 1.0 0.0 0.0 1.0 0.0 0.0 1.0 0.0 0.0 1.0 0.0 0.0 1.0 0.0 0.0 1.0 0.0 0.0 1.0 0.0 0.0 1.0 0.0 0.0 1.0 0.0 0.0 1.0 0.0 0.0 1.0 0.0 0.0 1.0 0.0 0.0 1.0 0.0 0.0 1.0 0.0 0.0 1.0 0.0 0.0 1.0 0.0 0.0 1.0 0.0 0.0 1.0 0.0 0.0 1.0 0.0 0.0 1.0 0.0 0.0 1.0 0.0 0.0 1.0 0.0 0.0 1.0 0.0 0.0 1.0 0.0 0.0 1.0 0.0 0.0 1.0 0.0 0.0 1.0 0.0 0.0 1.0 0.0 0.0 1.0 0.0 0.0 1.0 0.0 0.0 1.0 0.0 0.0 1.0 0.0 0.0 1.0 0.0 0.0 1.0 0.0 0.0 1.0 0.0 0.0 1.0 0.0 0.0 1.0 0.0 0.0 1.0 0.0 0.0 1.0 0.0 0.0 1.0 0.0 0.0 1.0 0.0 0.0 1.0 0.0 0.0 1.0 0.0 0.0 1.0 0.0 0.0 1.0 0.0 0.0 1.0 0.0 0.0 1.0 0.0 0.0 0.654649 0.630329 -0.417277 0.654649 0.630329 -0.417277 0.654649 0.630329 -0.417277 1.0 0.0 0.0 1.0 0.0 0.0 1.0 0.0 0.0 1.0 0.0 0.0 1.0 0.0 0.0 1.0 0.0 0.0 0.538222 0.274422 -0.796875 0.538222 0.274422 -0.796875 0.538222 0.274422 -0.796875 0.925832 0.10418 0.363292 0.925832 0.10418 0.363292 0.925832 0.10418 0.363292 0.957992 0.0866396 0.273396 0.957992 0.0866396 0.273396 0.957992 0.0866396 0.273396 0.861634 0.286364 0.419026 0.861634 0.286364 0.419026 0.861634 0.286364 0.419026 0.883462 0.222565 0.412262 0.883462 0.222565 0.412262 0.883462 0.222565 0.412262 0.758411 0.623739 0.18911 0.758411 0.623739 0.18911 0.758411 0.623739 0.18911 0.77417 0.603398 0.191237 0.77417 0.603398 0.191237 0.77417 0.603398 0.191237 0.848893 0.431227 0.305652 0.848893 0.431227 0.305652 0.848893 0.431227 0.305652 0.816643 0.382851 0.431879 0.816643 0.382851 0.431879 0.816643 0.382851 0.431879 1.0 0.0 0.0 1.0 0.0 0.0 1.0 0.0 0.0 -0.83823 -0.146951 -0.525143 -0.83823 -0.146951 -0.525143 -0.83823 -0.146951 -0.525143 -0.757344 0.0285519 -0.652392 -0.757344 0.0285519 -0.652392 -0.757344 0.0285519 -0.652392 1.0 0.0 0.0 1.0 0.0 0.0 1.0 0.0 0.0 1.0 0.0 0.0 1.0 0.0 0.0 1.0 0.0 0.0 1.0 0.0 0.0 1.0 0.0 0.0 1.0 0.0 0.0 1.0 0.0 0.0 1.0 0.0 0.0 1.0 0.0 0.0 1.0 0.0 0.0 1.0 0.0 0.0 1.0 0.0 0.0 1.0 0.0 0.0 1.0 0.0 0.0 1.0 0.0 0.0 1.0 0.0 0.0 1.0 0.0 0.0 1.0 0.0 0.0 1.0 0.0 0.0 1.0 0.0 0.0 1.0 0.0 0.0 1.0 0.0 0.0 1.0 0.0 0.0 1.0 0.0 0.0 1.0 0.0 0.0 1.0 0.0 0.0 1.0 0.0 0.0 1.0 0.0 0.0 1.0 0.0 0.0 1.0 0.0 0.0 1.0 0.0 0.0 1.0 0.0 0.0 1.0 0.0 0.0 1.0 0.0 0.0 1.0 0.0 0.0 1.0 0.0 0.0 1.0 0.0 0.0 1.0 0.0 0.0 1.0 0.0 0.0 1.0 0.0 0.0 1.0 0.0 0.0 1.0 0.0 0.0 1.0 0.0 0.0 1.0 0.0 0.0 1.0 0.0 0.0 1.0 0.0 0.0 1.0 0.0 0.0 1.0 0.0 0.0 0.676025 0.0154917 0.736716 0.676025 0.0154917 0.736716 0.676025 0.0154917 0.736716 1.0 0.0 0.0 1.0 0.0 0.0 1.0 0.0 0.0 1.0 0.0 0.0 1.0 0.0 0.0 1.0 0.0 0.0 0.789595 0.330115 0.517266 0.789595 0.330115 0.517266 0.789595 0.330115 0.517266 0.76945 0.324796 0.549958 0.76945 0.324796 0.549958 0.76945 0.324796 0.549958 0.780072 0.314378 0.540976 0.780072 0.314378 0.540976 0.780072 0.314378 0.540976 0.702322 0.175154 0.689975 0.702322 0.175154 0.689975 0.702322 0.175154 0.689975 0.702336 0.175298 0.689924 0.702336 0.175298 0.689924 0.702336 0.175298 0.689924 0.585294 0.0894508 0.805872 0.585294 0.0894508 0.805872 0.585294 0.0894508 0.805872 0.607781 0.0794766 0.790118 0.607781 0.0794766 0.790118 0.607781 0.0794766 0.790118 0.66057 0.163153 0.732822 0.66057 0.163153 0.732822 0.66057 0.163153 0.732822 0.669328 0.119591 0.733279 0.669328 0.119591 0.733279 0.669328 0.119591 0.733279 1.0 0.0 0.0 1.0 0.0 0.0 1.0 0.0 0.0 1.0 0.0 0.0 1.0 0.0 0.0 1.0 0.0 0.0 0.0482877 0.0608006 -0.996981 0.0482877 0.0608006 -0.996981 0.0482877 0.0608006 -0.996981 1.0 0.0 0.0 1.0 0.0 0.0 1.0 0.0 0.0 1.0 0.0 0.0 1.0 0.0 0.0 1.0 0.0 0.0 1.0 0.0 0.0 1.0 0.0 0.0 1.0 0.0 0.0 1.0 0.0 0.0 1.0 0.0 0.0 1.0 0.0 0.0 1.0 0.0 0.0 1.0 0.0 0.0 1.0 0.0 0.0 1.0 0.0 0.0 1.0 0.0 0.0 1.0 0.0 0.0 1.0 0.0 0.0 1.0 0.0 0.0 1.0 0.0 0.0 1.0 0.0 0.0 1.0 0.0 0.0 1.0 0.0 0.0 1.0 0.0 0.0 1.0 0.0 0.0 1.0 0.0 0.0 1.0 0.0 0.0 1.0 0.0 0.0 1.0 0.0 0.0 1.0 0.0 0.0 1.0 0.0 0.0 1.0 0.0 0.0 1.0 0.0 0.0 1.0 0.0 0.0 1.0 0.0 0.0 1.0 0.0 0.0 1.0 0.0 0.0 1.0 0.0 0.0 1.0 0.0 0.0 1.0 0.0 0.0 1.0 0.0 0.0 1.0 0.0 0.0 1.0 0.0 0.0 1.0 0.0 0.0 1.0 0.0 0.0 1.0 0.0 0.0 1.0 0.0 0.0 1.0 0.0 0.0 1.0 0.0 0.0 1.0 0.0 0.0 0.165428 0.0650285 -0.984076 0.165428 0.0650285 -0.984076 0.165428 0.0650285 -0.984076 1.0 0.0 0.0 1.0 0.0 0.0 1.0 0.0 0.0 1.0 0.0 0.0 1.0 0.0 0.0 1.0 0.0 0.0 1.0 0.0 0.0 1.0 0.0 0.0 1.0 0.0 0.0 0.947047 0.0 0.321095 0.947047 0.0 0.321095 0.947047 0.0 0.321095 0.955123 0.0 0.29621 0.955123 0.0 0.29621 0.955123 0.0 0.29621 0.975027 0.023104 0.220881 0.975027 0.023104 0.220881 0.975027 0.023104 0.220881 0.964193 0.0137429 0.264845 0.964193 0.0137429 0.264845 0.964193 0.0137429 0.264845 0.859905 0.395428 0.322801 0.859905 0.395428 0.322801 0.859905 0.395428 0.322801 0.866399 0.400015 0.298898 0.866399 0.400015 0.298898 0.866399 0.400015 0.298898 0.884617 0.390072 0.255531 0.884617 0.390072 0.255531 0.884617 0.390072 0.255531 0.877737 0.374492 0.298886 0.877737 0.374492 0.298886 0.877737 0.374492 0.298886 1.0 0.0 0.0 1.0 0.0 0.0 1.0 0.0 0.0 1.0 0.0 0.0 1.0 0.0 0.0 1.0 0.0 0.0 0.894659 0.098512 0.435752 0.894659 0.098512 0.435752 0.894659 0.098512 0.435752 1.0 0.0 0.0 1.0 0.0 0.0 1.0 0.0 0.0 1.0 0.0 0.0 1.0 0.0 0.0 1.0 0.0 0.0 1.0 0.0 0.0 1.0 0.0 0.0 1.0 0.0 0.0 1.0 0.0 0.0 1.0 0.0 0.0 1.0 0.0 0.0 1.0 0.0 0.0 1.0 0.0 0.0 1.0 0.0 0.0 1.0 0.0 0.0 1.0 0.0 0.0 1.0 0.0 0.0 1.0 0.0 0.0 1.0 0.0 0.0 1.0 0.0 0.0 1.0 0.0 0.0 1.0 0.0 0.0 1.0 0.0 0.0 1.0 0.0 0.0 1.0 0.0 0.0 1.0 0.0 0.0 1.0 0.0 0.0 1.0 0.0 0.0 1.0 0.0 0.0 1.0 0.0 0.0 1.0 0.0 0.0 1.0 0.0 0.0 1.0 0.0 0.0 1.0 0.0 0.0 1.0 0.0 0.0 1.0 0.0 0.0 1.0 0.0 0.0 1.0 0.0 0.0 1.0 0.0 0.0 1.0 0.0 0.0 1.0 0.0 0.0 1.0 0.0 0.0 1.0 0.0 0.0 1.0 0.0 0.0 1.0 0.0 0.0 1.0 0.0 0.0 1.0 0.0 0.0 1.0 0.0 0.0 1.0 0.0 0.0 1.0 0.0 0.0 -0.690077 -0.552498 -0.467482 -0.690077 -0.552498 -0.467482 -0.690077 -0.552498 -0.467482 1.0 0.0 0.0 1.0 0.0 0.0 1.0 0.0 0.0 1.0 0.0 0.0 1.0 0.0 0.0 1.0 0.0 0.0 1.0 0.0 0.0 1.0 0.0 0.0 1.0 0.0 0.0 0.963971 0.0 0.266007 0.963971 0.0 0.266007 0.963971 0.0 0.266007 0.963971 0.0 0.266009 0.963971 0.0 0.266009 0.963971 0.0 0.266009 0.958962 0.0 0.283534 0.958962 0.0 0.283534 0.958962 0.0 0.283534 0.963971 0.0 0.266007 0.963971 0.0 0.266007 0.963971 0.0 0.266007 0.954612 0.18798 -0.231039 0.954612 0.18798 -0.231039 0.954612 0.18798 -0.231039 0.986602 0.118849 -0.111769 0.986602 0.118849 -0.111769 0.986602 0.118849 -0.111769 0.984714 0.0 -0.174178 0.984714 0.0 -0.174178 0.984714 0.0 -0.174178 0.984714 0.0 -0.174178 0.984714 0.0 -0.174178 0.984714 0.0 -0.174178 1.0 0.0 0.0 1.0 0.0 0.0 1.0 0.0 0.0 0.551742 -0.229279 -0.80188 0.551742 -0.229279 -0.80188 0.551742 -0.229279 -0.80188 1.0 0.0 0.0 1.0 0.0 0.0 1.0 0.0 0.0 1.0 0.0 0.0 1.0 0.0 0.0 1.0 0.0 0.0 1.0 0.0 0.0 1.0 0.0 0.0 1.0 0.0 0.0 1.0 0.0 0.0 1.0 0.0 0.0 1.0 0.0 0.0 1.0 0.0 0.0 1.0 0.0 0.0 1.0 0.0 0.0 1.0 0.0 0.0 1.0 0.0 0.0 1.0 0.0 0.0 1.0 0.0 0.0 1.0 0.0 0.0 1.0 0.0 0.0 1.0 0.0 0.0 1.0 0.0 0.0 1.0 0.0 0.0 1.0 0.0 0.0 1.0 0.0 0.0 1.0 0.0 0.0 1.0 0.0 0.0 1.0 0.0 0.0 1.0 0.0 0.0 1.0 0.0 0.0 1.0 0.0 0.0 1.0 0.0 0.0 1.0 0.0 0.0 1.0 0.0 0.0 1.0 0.0 0.0 1.0 0.0 0.0 1.0 0.0 0.0 1.0 0.0 0.0 1.0 0.0 0.0 1.0 0.0 0.0 1.0 0.0 0.0 1.0 0.0 0.0 1.0 0.0 0.0 1.0 0.0 0.0 1.0 0.0 0.0 1.0 0.0 0.0 1.0 0.0 0.0 1.0 0.0 0.0 1.0 0.0 0.0 1.0 0.0 0.0 1.0 0.0 0.0 1.0 0.0 0.0 1.0 0.0 0.0 1.0 0.0 0.0 1.0 0.0 0.0 1.0 0.0 0.0 1.0 0.0 0.0 1.0 0.0 0.0 1.0 0.0 0.0 1.0 0.0 0.0 1.0 0.0 0.0 1.0 0.0 0.0 0.146602 -0.231588 -0.961704 0.146602 -0.231588 -0.961704 0.146602 -0.231588 -0.961704 0.941503 0.000405992 0.337005 0.941503 0.000405992 0.337005 0.941503 0.000405992 0.337005 0.935895 0.0175086 0.351845 0.935895 0.0175086 0.351845 0.935895 0.0175086 0.351845 0.97732 0.0 0.211768 0.97732 0.0 0.211768 0.97732 0.0 0.211768 0.976233 0.0 0.216723 0.976233 0.0 0.216723 0.976233 0.0 0.216723 0.920325 0.367813 0.1331 0.920325 0.367813 0.1331 0.920325 0.367813 0.1331 0.921972 0.364457 0.130916 0.921972 0.364457 0.130916 0.921972 0.364457 0.130916 0.875885 0.366843 0.31345 0.875885 0.366843 0.31345 0.875885 0.366843 0.31345 0.925185 0.368829 -0.089427 0.925185 0.368829 -0.089427 0.925185 0.368829 -0.089427 0.906792 -0.00621188 0.421532 0.906792 -0.00621188 0.421532 0.906792 -0.00621188 0.421532 0.867543 0.0519482 0.494641 0.867543 0.0519482 0.494641 0.867543 0.0519482 0.494641 0.84118 -0.0490423 0.538527 0.84118 -0.0490423 0.538527 0.84118 -0.0490423 0.538527 0.891686 0.00819065 0.45258 0.891686 0.00819065 0.45258 0.891686 0.00819065 0.45258 0.966825 0.0 0.255438 0.966825 0.0 0.255438 0.966825 0.0 0.255438 0.985591 0.00107682 0.169142 0.985591 0.00107682 0.169142 0.985591 0.00107682 0.169142 0.988662 -0.00817856 0.149933 0.988662 -0.00817856 0.149933 0.988662 -0.00817856 0.149933 0.995262 0.0483469 0.0843557 0.995262 0.0483469 0.0843557 0.995262 0.0483469 0.0843557 0.97068 -0.00307988 0.240354 0.97068 -0.00307988 0.240354 0.97068 -0.00307988 0.240354 0.974078 -0.0354983 0.223408 0.974078 -0.0354983 0.223408 0.974078 -0.0354983 0.223408 0.96125 0.0 0.275679 0.96125 0.0 0.275679 0.96125 0.0 0.275679 0.969474 0.0 0.245192 0.969474 0.0 0.245192 0.969474 0.0 0.245192 0.958221 0.0 0.28603 0.958221 0.0 0.28603 0.958221 0.0 0.28603 0.958221 0.0 0.28603 0.958221 0.0 0.28603 0.958221 0.0 0.28603 0.958221 0.0 0.28603 0.958221 0.0 0.28603 0.958221 0.0 0.28603 0.961233 -0.00593184 0.275673 0.961233 -0.00593184 0.275673 0.961233 -0.00593184 0.275673 0.814355 -0.15963 0.557982 0.814355 -0.15963 0.557982 0.814355 -0.15963 0.557982 0.8328 -0.159268 0.530168 0.8328 -0.159268 0.530168 0.8328 -0.159268 0.530168 0.818598 0.0 0.574367 0.818598 0.0 0.574367 0.818598 0.0 0.574367 0.818597 0.0 0.574369 0.818597 0.0 0.574369 0.818597 0.0 0.574369 0.95822 0.0 0.286031 0.95822 0.0 0.286031 0.95822 0.0 0.286031 0.958221 0.0 0.28603 0.958221 0.0 0.28603 0.958221 0.0 0.28603 0.958221 0.0 0.28603 0.958221 0.0 0.28603 0.958221 0.0 0.28603 0.966778 0.0 0.255616 0.966778 0.0 0.255616 0.966778 0.0 0.255616 0.958221 0.0 0.28603 0.958221 0.0 0.28603 0.958221 0.0 0.28603 0.961232 0.0 0.27574 0.961232 0.0 0.27574 0.961232 0.0 0.27574 0.958221 0.0 0.28603 0.958221 0.0 0.28603 0.958221 0.0 0.28603 0.958221 0.0 0.28603 0.958221 0.0 0.28603 0.958221 0.0 0.28603 0.958221 0.0 0.28603 0.958221 0.0 0.28603 0.958221 0.0 0.28603 0.958221 0.0 0.28603 0.958221 0.0 0.28603 0.958221 0.0 0.28603 0.958221 0.0 0.28603 0.958221 0.0 0.28603 0.958221 0.0 0.28603 0.958221 0.0 0.28603 0.958221 0.0 0.28603 0.958221 0.0 0.28603 0.818597 0.0 0.574369 0.818597 0.0 0.574369 0.818597 0.0 0.574369 0.818598 0.0 0.574367 0.818598 0.0 0.574367 0.818598 0.0 0.574367 0.818598 0.0 0.574367 0.818598 0.0 0.574367 0.818598 0.0 0.574367 0.818597 0.0 0.574369 0.818597 0.0 0.574369 0.818597 0.0 0.574369 0.95822 0.0 0.286031 0.95822 0.0 0.286031 0.95822 0.0 0.286031 0.958221 0.0 0.28603 0.958221 0.0 0.28603 0.958221 0.0 0.28603 0.958221 0.0 0.28603 0.958221 0.0 0.28603 0.958221 0.0 0.28603 0.95822 0.0 0.286031 0.95822 0.0 0.286031 0.95822 0.0 0.286031 0.958221 0.0 0.28603 0.958221 0.0 0.28603 0.958221 0.0 0.28603 0.958221 0.0 0.28603 0.958221 0.0 0.28603 0.958221 0.0 0.28603 0.958221 0.0 0.28603 0.958221 0.0 0.28603 0.958221 0.0 0.28603 0.958221 0.0 0.28603 0.958221 0.0 0.28603 0.958221 0.0 0.28603 0.958221 0.0 0.28603 0.958221 0.0 0.28603 0.958221 0.0 0.28603 0.958221 0.0 0.28603 0.958221 0.0 0.28603 0.958221 0.0 0.28603 0.958221 0.0 0.28603 0.958221 0.0 0.28603 0.958221 0.0 0.28603 0.958221 0.0 0.28603 0.958221 0.0 0.28603 0.958221 0.0 0.28603 0.818597 0.0 0.574369 0.818597 0.0 0.574369 0.818597 0.0 0.574369 0.818598 0.0 0.574367 0.818598 0.0 0.574367 0.818598 0.0 0.574367 0.769058 -0.313679 0.556916 0.769058 -0.313679 0.556916 0.769058 -0.313679 0.556916 0.818597 0.0 0.574369 0.818597 0.0 0.574369 0.818597 0.0 0.574369 0.958221 0.0 0.28603 0.958221 0.0 0.28603 0.958221 0.0 0.28603 0.958221 0.0 0.28603 0.958221 0.0 0.28603 0.958221 0.0 0.28603 0.958221 0.0 0.28603 0.958221 0.0 0.28603 0.958221 0.0 0.28603 0.95822 0.0 0.286031 0.95822 0.0 0.286031 0.95822 0.0 0.286031 0.958221 0.0 0.28603 0.958221 0.0 0.28603 0.958221 0.0 0.28603 0.958221 0.0 0.28603 0.958221 0.0 0.28603 0.958221 0.0 0.28603 0.95822 0.0 0.286031 0.95822 0.0 0.286031 0.95822 0.0 0.286031 0.958221 0.0 0.28603 0.958221 0.0 0.28603 0.958221 0.0 0.28603 0.958221 0.0 0.28603 0.958221 0.0 0.28603 0.958221 0.0 0.28603 0.958221 0.0 0.28603 0.958221 0.0 0.28603 0.958221 0.0 0.28603 0.958221 0.0 0.28603 0.958221 0.0 0.28603 0.958221 0.0 0.28603 0.958221 0.0 0.28603 0.958221 0.0 0.28603 0.958221 0.0 0.28603 0.898231 -0.290869 0.329508 0.898231 -0.290869 0.329508 0.898231 -0.290869 0.329508 0.837326 -0.381443 0.391646 0.837326 -0.381443 0.391646 0.837326 -0.381443 0.391646 0.853972 -0.312431 0.416076 0.853972 -0.312431 0.416076 0.853972 -0.312431 0.416076 0.889561 -0.315619 0.330251 0.889561 -0.315619 0.330251 0.889561 -0.315619 0.330251 0.941494 0.0 0.337029 0.941494 0.0 0.337029 0.941494 0.0 0.337029 0.941507 0.0 0.336994 0.941507 0.0 0.336994 0.941507 0.0 0.336994 0.944482 0.0147886 0.328229 0.944482 0.0147886 0.328229 0.944482 0.0147886 0.328229 0.944472 0.0147965 0.328258 0.944472 0.0147965 0.328258 0.944472 0.0147965 0.328258 0.944472 0.0147991 0.328259 0.944472 0.0147991 0.328259 0.944472 0.0147991 0.328259 0.944482 0.0147912 0.328231 0.944482 0.0147912 0.328231 0.944482 0.0147912 0.328231 0.941506 0.0 0.336996 0.941506 0.0 0.336996 0.941506 0.0 0.336996 0.941494 0.0 0.33703 0.941494 0.0 0.33703 0.941494 0.0 0.33703 0.941494 0.0 0.337029 0.941494 0.0 0.337029 0.941494 0.0 0.337029 0.941507 0.0 0.336994 0.941507 0.0 0.336994 0.941507 0.0 0.336994 0.944483 0.0147886 0.328228 0.944483 0.0147886 0.328228 0.944483 0.0147886 0.328228 0.944472 0.0147965 0.328259 0.944472 0.0147965 0.328259 0.944472 0.0147965 0.328259 0.890832 -0.31569 0.326739 0.890832 -0.31569 0.326739 0.890832 -0.31569 0.326739 0.856983 -0.312774 0.409575 0.856983 -0.312774 0.409575 0.856983 -0.312774 0.409575 0.872261 -0.316417 0.372881 0.872261 -0.316417 0.372881 0.872261 -0.316417 0.372881 0.890669 -0.315827 0.327051 0.890669 -0.315827 0.327051 0.890669 -0.315827 0.327051 0.941495 0.0 0.337027 0.941495 0.0 0.337027 0.941495 0.0 0.337027 0.941507 0.0 0.336994 0.941507 0.0 0.336994 0.941507 0.0 0.336994 0.941506 0.0 0.336995 0.941506 0.0 0.336995 0.941506 0.0 0.336995 0.941494 0.0 0.337029 0.941494 0.0 0.337029 0.941494 0.0 0.337029 0.941495 0.0 0.337028 0.941495 0.0 0.337028 0.941495 0.0 0.337028 0.941506 0.0 0.336996 0.941506 0.0 0.336996 0.941506 0.0 0.336996 0.941503 0.0 0.337003 0.941503 0.0 0.337003 0.941503 0.0 0.337003 0.941494 0.0 0.337029 0.941494 0.0 0.337029 0.941494 0.0 0.337029 0.941494 0.0 0.33703 0.941494 0.0 0.33703 0.941494 0.0 0.33703 0.941506 0.0 0.336996 0.941506 0.0 0.336996 0.941506 0.0 0.336996 0.941506 0.0 0.336996 0.941506 0.0 0.336996 0.941506 0.0 0.336996 0.941495 0.0 0.337028 0.941495 0.0 0.337028 0.941495 0.0 0.337028 0.887943 -0.323655 0.326809 0.887943 -0.323655 0.326809 0.887943 -0.323655 0.326809 0.873017 -0.317099 0.370526 0.873017 -0.317099 0.370526 0.873017 -0.317099 0.370526 0.872066 -0.34148 0.350561 0.872066 -0.34148 0.350561 0.872066 -0.34148 0.350561 0.886315 -0.328324 0.326571 0.886315 -0.328324 0.326571 0.886315 -0.328324 0.326571 0.941523 -0.00373125 0.336927 0.941523 -0.00373125 0.336927 0.941523 -0.00373125 0.336927 0.941516 -0.00337543 0.336951 0.941516 -0.00337543 0.336951 0.941516 -0.00337543 0.336951 0.9415 0.0 0.337012 0.9415 0.0 0.337012 0.9415 0.0 0.337012 0.941495 0.0 0.337027 0.941495 0.0 0.337027 0.941495 0.0 0.337027 0.941492 0.0 0.337035 0.941492 0.0 0.337035 0.941492 0.0 0.337035 0.941504 0.0 0.337003 0.941504 0.0 0.337003 0.941504 0.0 0.337003 0.941514 -0.00302129 0.33696 0.941514 -0.00302129 0.33696 0.941514 -0.00302129 0.33696 0.941506 -0.00290905 0.336985 0.941506 -0.00290905 0.336985 0.941506 -0.00290905 0.336985 0.94151 -0.00268407 0.336976 0.94151 -0.00268407 0.336976 0.94151 -0.00268407 0.336976 0.941519 -0.00268142 0.336949 0.941519 -0.00268142 0.336949 0.941519 -0.00268142 0.336949 0.941507 0.0 0.336994 0.941507 0.0 0.336994 0.941507 0.0 0.336994 0.941494 0.0 0.33703 0.941494 0.0 0.33703 0.941494 0.0 0.33703 0.892561 -0.366246 0.263057 0.892561 -0.366246 0.263057 0.892561 -0.366246 0.263057 0.870092 -0.354691 0.342248 0.870092 -0.354691 0.342248 0.870092 -0.354691 0.342248 0.874021 -0.212404 -0.437004 0.874021 -0.212404 -0.437004 0.874021 -0.212404 -0.437004 0.889868 -0.382092 0.249281 0.889868 -0.382092 0.249281 0.889868 -0.382092 0.249281 0.993415 -0.0153944 0.113533 0.993415 -0.0153944 0.113533 0.993415 -0.0153944 0.113533 0.94336 -0.0214782 0.331075 0.94336 -0.0214782 0.331075 0.94336 -0.0214782 0.331075 0.941646 -0.00988489 0.336458 0.941646 -0.00988489 0.336458 0.941646 -0.00988489 0.336458 0.941663 -0.010743 0.336387 0.941663 -0.010743 0.336387 0.941663 -0.010743 0.336387 0.941617 -0.00846935 0.33658 0.941617 -0.00846935 0.33658 0.941617 -0.00846935 0.33658 0.941629 -0.00874199 0.336539 0.941629 -0.00874199 0.336539 0.941629 -0.00874199 0.336539 0.961712 -0.0181059 0.273464 0.961712 -0.0181059 0.273464 0.961712 -0.0181059 0.273464 0.942505 -0.0169366 0.333762 0.942505 -0.0169366 0.333762 0.942505 -0.0169366 0.333762 0.941966 -0.01541 0.335355 0.941966 -0.01541 0.335355 0.941966 -0.01541 0.335355 0.941972 -0.0153998 0.335337 0.941972 -0.0153998 0.335337 0.941972 -0.0153998 0.335337 0.941618 -0.00776605 0.336594 0.941618 -0.00776605 0.336594 0.941618 -0.00776605 0.336594 0.94161 -0.0077709 0.336616 0.94161 -0.0077709 0.336616 0.94161 -0.0077709 0.336616 -0.359032 0.867821 -0.343486 -0.359032 0.867821 -0.343486 -0.359032 0.867821 -0.343486 -0.341948 0.89887 -0.274052 -0.341948 0.89887 -0.274052 -0.341948 0.89887 -0.274052 -0.226408 0.964076 -0.138916 -0.226408 0.964076 -0.138916 -0.226408 0.964076 -0.138916 -0.0484484 0.998762 0.0112515 -0.0484484 0.998762 0.0112515 -0.0484484 0.998762 0.0112515 -0.394232 0.81611 -0.422548 -0.394232 0.81611 -0.422548 -0.394232 0.81611 -0.422548 -0.335529 0.882444 -0.329716 -0.335529 0.882444 -0.329716 -0.335529 0.882444 -0.329716 -0.768503 0.519367 -0.373711 -0.768503 0.519367 -0.373711 -0.768503 0.519367 -0.373711 -0.713975 0.45395 -0.533076 -0.713975 0.45395 -0.533076 -0.713975 0.45395 -0.533076 0.998042 -0.0256597 0.0570351 0.998042 -0.0256597 0.0570351 0.998042 -0.0256597 0.0570351 0.962572 -0.0323922 0.269085 0.962572 -0.0323922 0.269085 0.962572 -0.0323922 0.269085 0.991938 -0.0338556 -0.122118 0.991938 -0.0338556 -0.122118 0.991938 -0.0338556 -0.122118 0.998225 -0.0343664 0.0486357 0.998225 -0.0343664 0.0486357 0.998225 -0.0343664 0.0486357 0.940143 -0.0379871 0.338658 0.940143 -0.0379871 0.338658 0.940143 -0.0379871 0.338658 0.940424 -0.0374597 0.337933 0.940424 -0.0374597 0.337933 0.940424 -0.0374597 0.337933 0.95434 -0.00664247 0.298648 0.95434 -0.00664247 0.298648 0.95434 -0.00664247 0.298648 0.954942 -0.0056406 0.29674 0.954942 -0.0056406 0.29674 0.954942 -0.0056406 0.29674 -0.0972937 0.972693 -0.210717 -0.0972937 0.972693 -0.210717 -0.0972937 0.972693 -0.210717 -0.0706448 0.979038 -0.191032 -0.0706448 0.979038 -0.191032 -0.0706448 0.979038 -0.191032 -0.0263728 0.990279 -0.136575 -0.0263728 0.990279 -0.136575 -0.0263728 0.990279 -0.136575 -0.0374042 0.98939 -0.140385 -0.0374042 0.98939 -0.140385 -0.0374042 0.98939 -0.140385 -0.0421222 0.990169 -0.133386 -0.0421222 0.990169 -0.133386 -0.0421222 0.990169 -0.133386 -0.0564326 0.988065 -0.143327 -0.0564326 0.988065 -0.143327 -0.0564326 0.988065 -0.143327 -0.13882 0.908992 -0.393017 -0.13882 0.908992 -0.393017 -0.13882 0.908992 -0.393017 -0.0687513 0.93961 -0.33527 -0.0687513 0.93961 -0.33527 -0.0687513 0.93961 -0.33527 -0.144133 -0.741582 0.655196 -0.144133 -0.741582 0.655196 -0.144133 -0.741582 0.655196 -0.158801 -0.765387 0.623671 -0.158801 -0.765387 0.623671 -0.158801 -0.765387 0.623671 0.0109501 -0.974212 0.225368 0.0109501 -0.974212 0.225368 0.0109501 -0.974212 0.225368 0.0139504 -0.971523 0.236535 0.0139504 -0.971523 0.236535 0.0139504 -0.971523 0.236535 -0.0894328 -0.967478 0.236619 -0.0894328 -0.967478 0.236619 -0.0894328 -0.967478 0.236619 -0.0894327 -0.967478 0.236619 -0.0894327 -0.967478 0.236619 -0.0894327 -0.967478 0.236619 -0.19686 -0.734495 0.649433 -0.19686 -0.734495 0.649433 -0.19686 -0.734495 0.649433 -0.21585 -0.734307 0.643585 -0.21585 -0.734307 0.643585 -0.21585 -0.734307 0.643585 0.0203466 0.997467 -0.0681622 0.0203466 0.997467 -0.0681622 0.0203466 0.997467 -0.0681622 0.0151861 0.999846 0.00882777 0.0151861 0.999846 0.00882777 0.0151861 0.999846 0.00882777 -0.238365 0.861776 0.4478 -0.238365 0.861776 0.4478 -0.238365 0.861776 0.4478 0.138832 0.985356 0.0989874 0.138832 0.985356 0.0989874 0.138832 0.985356 0.0989874 0.188844 0.965636 0.178566 0.188844 0.965636 0.178566 0.188844 0.965636 0.178566 0.193068 0.915458 0.353074 0.193068 0.915458 0.353074 0.193068 0.915458 0.353074 0.0219103 0.99965 0.0147952 0.0219103 0.99965 0.0147952 0.0219103 0.99965 0.0147952 0.219757 0.970022 -0.103755 0.219757 0.970022 -0.103755 0.219757 0.970022 -0.103755 0.0863022 -0.97663 -0.196838 0.0863022 -0.97663 -0.196838 0.0863022 -0.97663 -0.196838 0.0867041 -0.965771 -0.244478 0.0867041 -0.965771 -0.244478 0.0867041 -0.965771 -0.244478 0.173833 -0.778051 -0.603671 0.173833 -0.778051 -0.603671 0.173833 -0.778051 -0.603671 0.201455 -0.728182 -0.655108 0.201455 -0.728182 -0.655108 0.201455 -0.728182 -0.655108 0.00471861 -0.720574 -0.693362 0.00471861 -0.720574 -0.693362 0.00471861 -0.720574 -0.693362 0.00471853 -0.720574 -0.693362 0.00471853 -0.720574 -0.693362 0.00471853 -0.720574 -0.693362 0.0624017 -0.967584 -0.244717 0.0624017 -0.967584 -0.244717 0.0624017 -0.967584 -0.244717 0.0624018 -0.967584 -0.244718 0.0624018 -0.967584 -0.244718 0.0624018 -0.967584 -0.244718 0.174161 0.982736 0.0624395 0.174161 0.982736 0.0624395 0.174161 0.982736 0.0624395 0.316757 0.933865 0.166015 0.316757 0.933865 0.166015 0.316757 0.933865 0.166015 -0.746975 0.218075 0.62807 -0.746975 0.218075 0.62807 -0.746975 0.218075 0.62807 0.457285 0.77681 0.432962 0.457285 0.77681 0.432962 0.457285 0.77681 0.432962 0.996596 -0.0805042 0.0177695 0.996596 -0.0805042 0.0177695 0.996596 -0.0805042 0.0177695 0.942338 0.274544 0.191377 0.942338 0.274544 0.191377 0.942338 0.274544 0.191377 0.481416 0.787542 0.38473 0.481416 0.787542 0.38473 0.481416 0.787542 0.38473 0.533888 0.740527 0.408146 0.533888 0.740527 0.408146 0.533888 0.740527 0.408146 0.979549 0.077944 0.185497 0.979549 0.077944 0.185497 0.979549 0.077944 0.185497 0.97868 0.144954 0.145512 0.97868 0.144954 0.145512 0.97868 0.144954 0.145512 0.943925 0.0500605 0.326342 0.943925 0.0500605 0.326342 0.943925 0.0500605 0.326342 0.9444 0.107035 0.31089 0.9444 0.107035 0.31089 0.9444 0.107035 0.31089 0.942821 0.0245693 0.332393 0.942821 0.0245693 0.332393 0.942821 0.0245693 0.332393 0.942828 0.024562 0.332375 0.942828 0.024562 0.332375 0.942828 0.024562 0.332375 0.944288 0.0300376 0.327748 0.944288 0.0300376 0.327748 0.944288 0.0300376 0.327748 0.944288 0.0300347 0.327746 0.944288 0.0300347 0.327746 0.944288 0.0300347 0.327746 0.913709 0.322382 0.247399 0.913709 0.322382 0.247399 0.913709 0.322382 0.247399 0.889097 0.42583 0.167855 0.889097 0.42583 0.167855 0.889097 0.42583 0.167855 0.867819 0.341722 0.360717 0.867819 0.341722 0.360717 0.867819 0.341722 0.360717 0.86293 0.343106 0.370986 0.86293 0.343106 0.370986 0.86293 0.343106 0.370986 0.940664 0.0157595 0.338973 0.940664 0.0157595 0.338973 0.940664 0.0157595 0.338973 0.940377 0.0106136 0.339967 0.940377 0.0106136 0.339967 0.940377 0.0106136 0.339967 0.961389 0.00108807 0.275191 0.961389 0.00108807 0.275191 0.961389 0.00108807 0.275191 0.964067 0.0296161 0.264002 0.964067 0.0296161 0.264002 0.964067 0.0296161 0.264002 0.951043 0.00870668 0.308935 0.951043 0.00870668 0.308935 0.951043 0.00870668 0.308935 0.951776 0.0177322 0.306281 0.951776 0.0177322 0.306281 0.951776 0.0177322 0.306281 0.940609 0.0226539 0.338735 0.940609 0.0226539 0.338735 0.940609 0.0226539 0.338735 0.940025 0.00978722 0.340964 0.940025 0.00978722 0.340964 0.940025 0.00978722 0.340964 0.941356 0.021477 0.336731 0.941356 0.021477 0.336731 0.941356 0.021477 0.336731 0.941641 0.00829513 0.336516 0.941641 0.00829513 0.336516 0.941641 0.00829513 0.336516 0.936029 0.0204517 0.351329 0.936029 0.0204517 0.351329 0.936029 0.0204517 0.351329 0.935769 0.0206655 0.352008 0.935769 0.0206655 0.352008 0.935769 0.0206655 0.352008 0.837903 0.308826 0.45005 0.837903 0.308826 0.45005 0.837903 0.308826 0.45005 0.830211 0.328762 0.450184 0.830211 0.328762 0.450184 0.830211 0.328762 0.450184 0.861942 0.288432 0.416969 0.861942 0.288432 0.416969 0.861942 0.288432 0.416969 0.858477 0.299335 0.416432 0.858477 0.299335 0.416432 0.858477 0.299335 0.416432 0.940907 0.0354123 0.336808 0.940907 0.0354123 0.336808 0.940907 0.0354123 0.336808 0.9412 0.0248564 0.336935 0.9412 0.0248564 0.336935 0.9412 0.0248564 0.336935 0.941362 0.0253325 0.336445 0.941362 0.0253325 0.336445 0.941362 0.0253325 0.336445 0.941324 0.0100526 0.337354 0.941324 0.0100526 0.337354 0.941324 0.0100526 0.337354 0.939547 0.0650932 0.336175 0.939547 0.0650932 0.336175 0.939547 0.0650932 0.336175 0.941306 0.0199572 0.336963 0.941306 0.0199572 0.336963 0.941306 0.0199572 0.336963 0.937154 0.0985694 0.334703 0.937154 0.0985694 0.334703 0.937154 0.0985694 0.334703 0.939335 0.0687808 0.336035 0.939335 0.0687808 0.336035 0.939335 0.0687808 0.336035 0.937766 0.0911693 0.335087 0.937766 0.0911693 0.335087 0.937766 0.0911693 0.335087 0.939454 0.0667454 0.336112 0.939454 0.0667454 0.336112 0.939454 0.0667454 0.336112 0.939657 0.06255 0.336352 0.939657 0.06255 0.336352 0.939657 0.06255 0.336352 0.941338 0.019931 0.336875 0.941338 0.019931 0.336875 0.941338 0.019931 0.336875 0.861181 0.321943 0.393345 0.861181 0.321943 0.393345 0.861181 0.321943 0.393345 0.867031 0.297353 0.399798 0.867031 0.297353 0.399798 0.867031 0.297353 0.399798 0.745761 0.337589 0.574347 0.745761 0.337589 0.574347 0.745761 0.337589 0.574347 0.890889 0.31916 0.323195 0.890889 0.31916 0.323195 0.890889 0.31916 0.323195 0.941508 -0.00748305 0.336908 0.941508 -0.00748305 0.336908 0.941508 -0.00748305 0.336908 0.94122 0.0245269 0.336903 0.94122 0.0245269 0.336903 0.94122 0.0245269 0.336903 0.941221 0.0245165 0.336902 0.941221 0.0245165 0.336902 0.941221 0.0245165 0.336902 0.940916 0.0350253 0.336823 0.940916 0.0350253 0.336823 0.940916 0.0350253 0.336823 0.939485 0.0664463 0.336085 0.939485 0.0664463 0.336085 0.939485 0.0664463 0.336085 0.937444 0.095366 0.334819 0.937444 0.095366 0.334819 0.937444 0.095366 0.334819 0.941429 0.0124245 0.336981 0.941429 0.0124245 0.336981 0.941429 0.0124245 0.336981 0.939481 0.0665358 0.336079 0.939481 0.0665358 0.336079 0.939481 0.0665358 0.336079 0.941289 -0.0207401 0.336964 0.941289 -0.0207401 0.336964 0.941289 -0.0207401 0.336964 0.940472 0.046758 0.33664 0.940472 0.046758 0.33664 0.940472 0.046758 0.33664 0.940487 0.0464443 0.336642 0.940487 0.0464443 0.336642 0.940487 0.0464443 0.336642 0.937643 0.0925974 0.33504 0.937643 0.0925974 0.33504 0.937643 0.0925974 0.33504 0.763815 0.277302 0.58283 0.763815 0.277302 0.58283 0.763815 0.277302 0.58283 0.755583 0.310676 0.576693 0.755583 0.310676 0.576693 0.755583 0.310676 0.576693 0.622661 -0.0127319 0.782389 0.622661 -0.0127319 0.782389 0.622661 -0.0127319 0.782389 0.905717 0.16283 0.39136 0.905717 0.16283 0.39136 0.905717 0.16283 0.39136 0.936042 -0.21639 0.27749 0.936042 -0.21639 0.27749 0.936042 -0.21639 0.27749 0.935631 -0.181237 0.302897 0.935631 -0.181237 0.302897 0.935631 -0.181237 0.302897 0.939487 -0.0749803 0.33428 0.939487 -0.0749803 0.33428 0.939487 -0.0749803 0.33428 0.940923 -0.0185852 0.338109 0.940923 -0.0185852 0.338109 0.940923 -0.0185852 0.338109 0.940799 -0.0322664 0.337425 0.940799 -0.0322664 0.337425 0.940799 -0.0322664 0.337425 0.939786 0.00682711 0.341695 0.939786 0.00682711 0.341695 0.939786 0.00682711 0.341695 0.95489 -0.0833307 0.285028 0.95489 -0.0833307 0.285028 0.95489 -0.0833307 0.285028 0.952494 -0.0677188 0.296933 0.952494 -0.0677188 0.296933 0.952494 -0.0677188 0.296933 0.95277 -0.0282983 0.302371 0.95277 -0.0282983 0.302371 0.95277 -0.0282983 0.302371 0.95735 -0.0532942 0.283974 0.95735 -0.0532942 0.283974 0.95735 -0.0532942 0.283974 0.940023 -0.037088 0.339089 0.940023 -0.037088 0.339089 0.940023 -0.037088 0.339089 0.939922 -0.0306033 0.340014 0.939922 -0.0306033 0.340014 0.939922 -0.0306033 0.340014 -0.168182 0.626003 0.761469 -0.168182 0.626003 0.761469 -0.168182 0.626003 0.761469 0.296873 0.951366 0.0822738 0.296873 0.951366 0.0822738 0.296873 0.951366 0.0822738 0.117399 0.993045 0.00887766 0.117399 0.993045 0.00887766 0.117399 0.993045 0.00887766 0.0 1.0 0.0 0.0 1.0 0.0 0.0 1.0 0.0 0.0 1.0 0.0 0.0 1.0 0.0 0.0 1.0 0.0 0.0126173 0.999014 -0.04257 0.0126173 0.999014 -0.04257 0.0126173 0.999014 -0.04257 0.296873 0.951366 0.0822738 0.296873 0.951366 0.0822738 0.296873 0.951366 0.0822738 0.313079 0.948926 0.0389926 0.313079 0.948926 0.0389926 0.313079 0.948926 0.0389926 0.255876 0.940844 0.222128 0.255876 0.940844 0.222128 0.255876 0.940844 0.222128 0.243209 0.945511 0.216468 0.243209 0.945511 0.216468 0.243209 0.945511 0.216468 -0.0550495 0.99126 0.119884 -0.0550495 0.99126 0.119884 -0.0550495 0.99126 0.119884 -0.0467234 0.991764 0.119248 -0.0467234 0.991764 0.119248 -0.0467234 0.991764 0.119248 -0.0511709 0.988887 0.139588 -0.0511709 0.988887 0.139588 -0.0511709 0.988887 0.139588 -0.0514017 0.988283 0.143719 -0.0514017 0.988283 0.143719 -0.0514017 0.988283 0.143719 0.28887 0.933975 0.210346 0.28887 0.933975 0.210346 0.28887 0.933975 0.210346 0.27893 0.937897 0.206269 0.27893 0.937897 0.206269 0.27893 0.937897 0.206269 0.265825 0.942614 0.20203 0.265825 0.942614 0.20203 0.265825 0.942614 0.20203 0.289993 0.932858 0.21373 0.289993 0.932858 0.21373 0.289993 0.932858 0.21373 -0.0508545 0.985105 0.164263 -0.0508545 0.985105 0.164263 -0.0508545 0.985105 0.164263 -0.0659499 0.976201 0.206598 -0.0659499 0.976201 0.206598 -0.0659499 0.976201 0.206598 -0.0400162 0.990166 0.134056 -0.0400162 0.990166 0.134056 -0.0400162 0.990166 0.134056 -0.0421113 0.989102 0.141081 -0.0421113 0.989102 0.141081 -0.0421113 0.989102 0.141081 0.303016 0.948683 0.0904514 0.303016 0.948683 0.0904514 0.303016 0.948683 0.0904514 0.313547 0.948166 -0.0516726 0.313547 0.948166 -0.0516726 0.313547 0.948166 -0.0516726 0.323048 0.939047 -0.117604 0.323048 0.939047 -0.117604 0.323048 0.939047 -0.117604 0.301615 0.952302 -0.0463593 0.301615 0.952302 -0.0463593 0.301615 0.952302 -0.0463593 0.00487096 0.999855 -0.0163189 0.00487096 0.999855 -0.0163189 0.00487096 0.999855 -0.0163189 0.0 1.0 0.0 0.0 1.0 0.0 0.0 1.0 0.0 -0.0718259 0.997316 0.014221 -0.0718259 0.997316 0.014221 -0.0718259 0.997316 0.014221 -0.068312 0.997049 -0.0350133 -0.068312 0.997049 -0.0350133 -0.068312 0.997049 -0.0350133 0.31847 0.947922 0.00441804 0.31847 0.947922 0.00441804 0.31847 0.947922 0.00441804 0.154939 0.981658 0.111089 0.154939 0.981658 0.111089 0.154939 0.981658 0.111089 0.0106574 0.950621 0.310171 0.0106574 0.950621 0.310171 0.0106574 0.950621 0.310171 0.317689 0.94744 -0.0378358 0.317689 0.94744 -0.0378358 0.317689 0.94744 -0.0378358 -0.0802066 0.996245 0.0326039 -0.0802066 0.996245 0.0326039 -0.0802066 0.996245 0.0326039 -0.0984101 0.994929 0.0207596 -0.0984101 0.994929 0.0207596 -0.0984101 0.994929 0.0207596 -0.0185292 0.999675 0.0175165 -0.0185292 0.999675 0.0175165 -0.0185292 0.999675 0.0175165 -0.029664 0.999494 0.0114574 -0.029664 0.999494 0.0114574 -0.029664 0.999494 0.0114574 0.0555261 0.956798 0.285403 0.0555261 0.956798 0.285403 0.0555261 0.956798 0.285403 0.0635533 0.955494 0.288085 0.0635533 0.955494 0.288085 0.0635533 0.955494 0.288085 0.142059 0.965419 0.2186 0.142059 0.965419 0.2186 0.142059 0.965419 0.2186 0.137937 0.965947 0.218905 0.137937 0.965947 0.218905 0.137937 0.965947 0.218905 -0.00669589 0.999923 0.0104314 -0.00669589 0.999923 0.0104314 -0.00669589 0.999923 0.0104314 -0.00940871 0.999915 0.00907626 -0.00940871 0.999915 0.00907626 -0.00940871 0.999915 0.00907626 -0.00168423 0.999993 0.00332254 -0.00168423 0.999993 0.00332254 -0.00168423 0.999993 0.00332254 -0.0016847 0.999993 0.00332224 -0.0016847 0.999993 0.00332224 -0.0016847 0.999993 0.00332224 0.191795 0.962263 0.193039 0.191795 0.962263 0.193039 0.191795 0.962263 0.193039 0.183577 0.964638 0.189139 0.183577 0.964638 0.189139 0.183577 0.964638 0.189139 0.219641 0.955702 0.195939 0.219641 0.955702 0.195939 0.219641 0.955702 0.195939 0.217076 0.956435 0.195217 0.217076 0.956435 0.195217 0.217076 0.956435 0.195217 0.0 1.0 0.000248085 0.0 1.0 0.000248085 0.0 1.0 0.000248085 0.0 1.0 0.000248675 0.0 1.0 0.000248675 0.0 1.0 0.000248675 0.00073687 0.993953 -0.109801 0.00073687 0.993953 -0.109801 0.00073687 0.993953 -0.109801 0.000735425 0.993953 -0.109801 0.000735425 0.993953 -0.109801 0.000735425 0.993953 -0.109801 0.354788 0.934393 0.0321755 0.354788 0.934393 0.0321755 0.354788 0.934393 0.0321755 0.263542 0.96298 0.0566967 0.263542 0.96298 0.0566967 0.263542 0.96298 0.0566967 0.0346634 0.992629 -0.116131 0.0346634 0.992629 -0.116131 0.0346634 0.992629 -0.116131 0.0347379 0.992598 -0.11637 0.0347379 0.992598 -0.11637 0.0347379 0.992598 -0.11637 0.0377754 0.991241 -0.126545 0.0377754 0.991241 -0.126545 0.0377754 0.991241 -0.126545 0.0377725 0.991241 -0.126546 0.0377725 0.991241 -0.126546 0.0377725 0.991241 -0.126546 -0.0034672 0.993988 -0.109435 -0.0034672 0.993988 -0.109435 -0.0034672 0.993988 -0.109435 -0.00346574 0.993988 -0.109436 -0.00346574 0.993988 -0.109436 -0.00346574 0.993988 -0.109436 -0.0258006 0.999635 0.00805959 -0.0258006 0.999635 0.00805959 -0.0258006 0.999635 0.00805959 -0.0206817 0.997383 0.0692833 -0.0206817 0.997383 0.0692833 -0.0206817 0.997383 0.0692833 -0.143622 0.989581 -0.0100833 -0.143622 0.989581 -0.0100833 -0.143622 0.989581 -0.0100833 -0.198118 0.978756 -0.0527777 -0.198118 0.978756 -0.0527777 -0.198118 0.978756 -0.0527777 -0.369099 0.924046 -0.099525 -0.369099 0.924046 -0.099525 -0.369099 0.924046 -0.099525 -0.536721 0.83883 -0.0910695 -0.536721 0.83883 -0.0910695 -0.536721 0.83883 -0.0910695 -0.237647 0.968008 -0.080521 -0.237647 0.968008 -0.080521 -0.237647 0.968008 -0.080521 -0.410771 0.911728 -0.00446035 -0.410771 0.911728 -0.00446035 -0.410771 0.911728 -0.00446035 -0.0278833 0.999527 0.0129883 -0.0278833 0.999527 0.0129883 -0.0278833 0.999527 0.0129883 -0.062555 0.998004 -0.00866278 -0.062555 0.998004 -0.00866278 -0.062555 0.998004 -0.00866278 -0.00685707 0.999921 0.0105276 -0.00685707 0.999921 0.0105276 -0.00685707 0.999921 0.0105276 -0.0148996 0.999871 0.00596529 -0.0148996 0.999871 0.00596529 -0.0148996 0.999871 0.00596529 -0.175441 0.966679 -0.186421 -0.175441 0.966679 -0.186421 -0.175441 0.966679 -0.186421 -0.262515 0.964427 -0.0310905 -0.262515 0.964427 -0.0310905 -0.262515 0.964427 -0.0310905 -0.262515 0.964427 -0.0310905 -0.262515 0.964427 -0.0310905 -0.262515 0.964427 -0.0310905 -0.292317 0.956281 0.00874086 -0.292317 0.956281 0.00874086 -0.292317 0.956281 0.00874086 -0.00169245 0.999993 0.00333628 -0.00169245 0.999993 0.00333628 -0.00169245 0.999993 0.00333628 -0.00169193 0.999993 0.00333649 -0.00169193 0.999993 0.00333649 -0.00169193 0.999993 0.00333649 0.0 1.0 0.000264315 0.0 1.0 0.000264315 0.0 1.0 0.000264315 0.0 1.0 0.000263627 0.0 1.0 0.000263627 0.0 1.0 0.000263627 -0.284022 0.958731 0.0128768 -0.284022 0.958731 0.0128768 -0.284022 0.958731 0.0128768 -0.263909 0.96242 -0.0640368 -0.263909 0.96242 -0.0640368 -0.263909 0.96242 -0.0640368 -0.263909 0.96242 -0.0640368 -0.263909 0.96242 -0.0640368 -0.263909 0.96242 -0.0640368 -0.339035 0.886826 0.313997 -0.339035 0.886826 0.313997 -0.339035 0.886826 0.313997 0.000736609 0.993955 -0.109787 0.000736609 0.993955 -0.109787 0.000736609 0.993955 -0.109787 0.000738056 0.993955 -0.109787 0.000738056 0.993955 -0.109787 0.000738056 0.993955 -0.109787 0.0377777 0.991239 -0.126564 0.0377777 0.991239 -0.126564 0.0377777 0.991239 -0.126564 0.0377805 0.991239 -0.126563 0.0377805 0.991239 -0.126563 0.0377805 0.991239 -0.126563 -0.0844883 0.95538 0.283038 -0.0844883 0.95538 0.283038 -0.0844883 0.95538 0.283038 0.0 1.0 0.0 0.0 1.0 0.0 0.0 1.0 0.0 -0.00346719 0.993988 -0.109435 -0.00346719 0.993988 -0.109435 -0.00346719 0.993988 -0.109435 -0.00346574 0.993988 -0.109436 -0.00346574 0.993988 -0.109436 -0.00346574 0.993988 -0.109436 -0.00346759 0.993986 -0.109453 -0.00346759 0.993986 -0.109453 -0.00346759 0.993986 -0.109453 -0.00346905 0.993986 -0.109453 -0.00346905 0.993986 -0.109453 -0.00346905 0.993986 -0.109453 -0.0172187 0.993621 0.111445 -0.0172187 0.993621 0.111445 -0.0172187 0.993621 0.111445 -0.0905605 0.993197 0.0732001 -0.0905605 0.993197 0.0732001 -0.0905605 0.993197 0.0732001 -0.218368 0.974501 -0.0516002 -0.218368 0.974501 -0.0516002 -0.218368 0.974501 -0.0516002 -0.281076 0.943995 -0.172831 -0.281076 0.943995 -0.172831 -0.281076 0.943995 -0.172831 -0.292536 0.954798 -0.0527585 -0.292536 0.954798 -0.0527585 -0.292536 0.954798 -0.0527585 -0.26422 0.964076 -0.0272934 -0.26422 0.964076 -0.0272934 -0.26422 0.964076 -0.0272934 -0.0257871 0.997161 0.070746 -0.0257871 0.997161 0.070746 -0.0257871 0.997161 0.070746 0.0045754 0.998839 0.0479639 0.0045754 0.998839 0.0479639 0.0045754 0.998839 0.0479639 -0.0454225 0.991603 0.121083 -0.0454225 0.991603 0.121083 -0.0454225 0.991603 0.121083 -0.0436321 0.991282 0.124324 -0.0436321 0.991282 0.124324 -0.0436321 0.991282 0.124324 -0.343941 0.937679 0.0496306 -0.343941 0.937679 0.0496306 -0.343941 0.937679 0.0496306 -0.331012 0.942212 0.0516594 -0.331012 0.942212 0.0516594 -0.331012 0.942212 0.0516594 -0.297377 0.951151 -0.0829405 -0.297377 0.951151 -0.0829405 -0.297377 0.951151 -0.0829405 -0.317553 0.947482 -0.0379122 -0.317553 0.947482 -0.0379122 -0.317553 0.947482 -0.0379122 -0.0374078 0.992739 0.114324 -0.0374078 0.992739 0.114324 -0.0374078 0.992739 0.114324 -0.0374073 0.992739 0.114324 -0.0374073 0.992739 0.114324 -0.0374073 0.992739 0.114324 -0.0418386 0.989888 0.135544 -0.0418386 0.989888 0.135544 -0.0418386 0.989888 0.135544 -0.0418386 0.989888 0.135544 -0.0418386 0.989888 0.135544 -0.0418386 0.989888 0.135544 -0.339379 0.939889 0.0378202 -0.339379 0.939889 0.0378202 -0.339379 0.939889 0.0378202 -0.337741 0.940455 0.0384101 -0.337741 0.940455 0.0384101 -0.337741 0.940455 0.0384101 -0.335027 0.941885 0.0247098 -0.335027 0.941885 0.0247098 -0.335027 0.941885 0.0247098 -0.335027 0.941885 0.0247103 -0.335027 0.941885 0.0247103 -0.335027 0.941885 0.0247103 0.0 1.0 0.0 0.0 1.0 0.0 0.0 1.0 0.0 0.0181942 0.997975 -0.0609501 0.0181942 0.997975 -0.0609501 0.0181942 0.997975 -0.0609501 0.0160893 0.998417 -0.0538987 0.0160893 0.998417 -0.0538987 0.0160893 0.998417 -0.0538987 0.0 1.0 0.0 0.0 1.0 0.0 0.0 1.0 0.0 -0.348145 0.934225 0.0775846 -0.348145 0.934225 0.0775846 -0.348145 0.934225 0.0775846 -0.348145 0.934225 0.0775839 -0.348145 0.934225 0.0775839 -0.348145 0.934225 0.0775839 -0.303016 0.948683 -0.09045 -0.303016 0.948683 -0.09045 -0.303016 0.948683 -0.09045 -0.390294 0.896222 0.21085 -0.390294 0.896222 0.21085 -0.390294 0.896222 0.21085 -0.00346755 0.993986 -0.109452 -0.00346755 0.993986 -0.109452 -0.00346755 0.993986 -0.109452 -0.003469 0.993986 -0.109452 -0.003469 0.993986 -0.109452 -0.003469 0.993986 -0.109452 1.0 0.0 0.0 1.0 0.0 0.0 1.0 0.0 0.0 0.158266 0.980064 0.120113 0.158266 0.980064 0.120113 0.158266 0.980064 0.120113 1.0 0.0 0.0 1.0 0.0 0.0 1.0 0.0 0.0 1.0 0.0 0.0 1.0 0.0 0.0 1.0 0.0 0.0 1.0 0.0 0.0 1.0 0.0 0.0 1.0 0.0 0.0 1.0 0.0 0.0 1.0 0.0 0.0 1.0 0.0 0.0 1.0 0.0 0.0 1.0 0.0 0.0 1.0 0.0 0.0 -0.286484 0.707961 0.645537 -0.286484 0.707961 0.645537 -0.286484 0.707961 0.645537 1.0 0.0 0.0 1.0 0.0 0.0 1.0 0.0 0.0 1.0 0.0 0.0 1.0 0.0 0.0 1.0 0.0 0.0 1.0 0.0 0.0 1.0 0.0 0.0 1.0 0.0 0.0 1.0 0.0 0.0 1.0 0.0 0.0 1.0 0.0 0.0 1.0 0.0 0.0 1.0 0.0 0.0 1.0 0.0 0.0 1.0 0.0 0.0 1.0 0.0 0.0 1.0 0.0 0.0 1.0 0.0 0.0 1.0 0.0 0.0 1.0 0.0 0.0 1.0 0.0 0.0 1.0 0.0 0.0 1.0 0.0 0.0 1.0 0.0 0.0 1.0 0.0 0.0 1.0 0.0 0.0 1.0 0.0 0.0 1.0 0.0 0.0 1.0 0.0 0.0 1.0 0.0 0.0 1.0 0.0 0.0 1.0 0.0 0.0 -0.99303 0.0111361 0.117338 -0.99303 0.0111361 0.117338 -0.99303 0.0111361 0.117338 -0.937509 -0.0213093 -0.347308 -0.937509 -0.0213093 -0.347308 -0.937509 -0.0213093 -0.347308 1.0 0.0 0.0 1.0 0.0 0.0 1.0 0.0 0.0 1.0 0.0 0.0 1.0 0.0 0.0 1.0 0.0 0.0 1.0 0.0 0.0 1.0 0.0 0.0 1.0 0.0 0.0 0.943704 0.0847051 0.319762 0.943704 0.0847051 0.319762 0.943704 0.0847051 0.319762 0.941417 0.116292 0.316559 0.941417 0.116292 0.316559 0.941417 0.116292 0.316559 0.976778 0.0574187 0.206418 0.976778 0.0574187 0.206418 0.976778 0.0574187 0.206418 0.977219 0.0867969 0.193673 0.977219 0.0867969 0.193673 0.977219 0.0867969 0.193673 0.941718 0.0279362 0.335241 0.941718 0.0279362 0.335241 0.941718 0.0279362 0.335241 0.941653 0.0332171 0.334942 0.941653 0.0332171 0.334942 0.941653 0.0332171 0.334942 0.908474 0.0296473 0.416888 0.908474 0.0296473 0.416888 0.908474 0.0296473 0.416888 0.906797 0.039953 0.419671 0.906797 0.039953 0.419671 0.906797 0.039953 0.419671 -0.307466 0.870253 0.384869 -0.307466 0.870253 0.384869 -0.307466 0.870253 0.384869 1.0 0.0 0.0 1.0 0.0 0.0 1.0 0.0 0.0 1.0 0.0 0.0 1.0 0.0 0.0 1.0 0.0 0.0 1.0 0.0 0.0 1.0 0.0 0.0 1.0 0.0 0.0 1.0 0.0 0.0 1.0 0.0 0.0 1.0 0.0 0.0 1.0 0.0 0.0 1.0 0.0 0.0 1.0 0.0 0.0 0.0673434 0.996227 0.0547338 0.0673434 0.996227 0.0547338 0.0673434 0.996227 0.0547338 1.0 0.0 0.0 1.0 0.0 0.0 1.0 0.0 0.0 1.0 0.0 0.0 1.0 0.0 0.0 1.0 0.0 0.0 1.0 0.0 0.0 1.0 0.0 0.0 1.0 0.0 0.0 1.0 0.0 0.0 1.0 0.0 0.0 1.0 0.0 0.0 1.0 0.0 0.0 1.0 0.0 0.0 1.0 0.0 0.0 1.0 0.0 0.0 1.0 0.0 0.0 1.0 0.0 0.0 1.0 0.0 0.0 1.0 0.0 0.0 1.0 0.0 0.0 1.0 0.0 0.0 1.0 0.0 0.0 1.0 0.0 0.0 1.0 0.0 0.0 1.0 0.0 0.0 1.0 0.0 0.0 1.0 0.0 0.0 1.0 0.0 0.0 1.0 0.0 0.0 1.0 0.0 0.0 1.0 0.0 0.0 1.0 0.0 0.0 -0.126506 0.988381 -0.0842621 -0.126506 0.988381 -0.0842621 -0.126506 0.988381 -0.0842621 1.0 0.0 0.0 1.0 0.0 0.0 1.0 0.0 0.0 -0.242246 0.839755 0.485931 -0.242246 0.839755 0.485931 -0.242246 0.839755 0.485931 1.0 0.0 0.0 1.0 0.0 0.0 1.0 0.0 0.0 1.0 0.0 0.0 1.0 0.0 0.0 1.0 0.0 0.0 1.0 0.0 0.0 1.0 0.0 0.0 1.0 0.0 0.0 0.988337 0.0815876 -0.128584 0.988337 0.0815876 -0.128584 0.988337 0.0815876 -0.128584 0.992667 0.0 -0.120882 0.992667 0.0 -0.120882 0.992667 0.0 -0.120882 0.992667 0.0 -0.120883 0.992667 0.0 -0.120883 0.992667 0.0 -0.120883 0.992667 0.0 -0.120882 0.992667 0.0 -0.120882 0.992667 0.0 -0.120882 0.995467 0.0859232 -0.0407829 0.995467 0.0859232 -0.0407829 0.995467 0.0859232 -0.0407829 0.992688 0.0973371 -0.07138 0.992688 0.0973371 -0.07138 0.992688 0.0973371 -0.07138 0.973274 0.226062 0.0404243 0.973274 0.226062 0.0404243 0.973274 0.226062 0.0404243 0.970646 0.240196 0.0123526 0.970646 0.240196 0.0123526 0.970646 0.240196 0.0123526 1.0 0.0 0.0 1.0 0.0 0.0 1.0 0.0 0.0 0.0494353 0.988392 -0.143656 0.0494353 0.988392 -0.143656 0.0494353 0.988392 -0.143656 1.0 0.0 0.0 1.0 0.0 0.0 1.0 0.0 0.0 1.0 0.0 0.0 1.0 0.0 0.0 1.0 0.0 0.0 1.0 0.0 0.0 1.0 0.0 0.0 1.0 0.0 0.0 1.0 0.0 0.0 1.0 0.0 0.0 1.0 0.0 0.0 0.02067 0.996405 -0.0821558 0.02067 0.996405 -0.0821558 0.02067 0.996405 -0.0821558 1.0 0.0 0.0 1.0 0.0 0.0 1.0 0.0 0.0 1.0 0.0 0.0 1.0 0.0 0.0 1.0 0.0 0.0 1.0 0.0 0.0 1.0 0.0 0.0 1.0 0.0 0.0 1.0 0.0 0.0 1.0 0.0 0.0 1.0 0.0 0.0 1.0 0.0 0.0 1.0 0.0 0.0 1.0 0.0 0.0 1.0 0.0 0.0 1.0 0.0 0.0 1.0 0.0 0.0 1.0 0.0 0.0 1.0 0.0 0.0 1.0 0.0 0.0 1.0 0.0 0.0 1.0 0.0 0.0 1.0 0.0 0.0 1.0 0.0 0.0 1.0 0.0 0.0 1.0 0.0 0.0 1.0 0.0 0.0 1.0 0.0 0.0 1.0 0.0 0.0 1.0 0.0 0.0 1.0 0.0 0.0 1.0 0.0 0.0 1.0 0.0 0.0 1.0 0.0 0.0 1.0 0.0 0.0 -0.95973 -0.0145065 -0.28055 -0.95973 -0.0145065 -0.28055 -0.95973 -0.0145065 -0.28055 -0.978161 -0.001613 -0.207843 -0.978161 -0.001613 -0.207843 -0.978161 -0.001613 -0.207843 1.0 0.0 0.0 1.0 0.0 0.0 1.0 0.0 0.0 1.0 0.0 0.0 1.0 0.0 0.0 1.0 0.0 0.0 1.0 0.0 0.0 1.0 0.0 0.0 1.0 0.0 0.0 0.891309 0.0292964 0.452449 0.891309 0.0292964 0.452449 0.891309 0.0292964 0.452449 0.888862 0.0331588 0.456974 0.888862 0.0331588 0.456974 0.888862 0.0331588 0.456974 0.941408 0.0378033 0.335145 0.941408 0.0378033 0.335145 0.941408 0.0378033 0.335145 0.941339 0.0271387 0.33637 0.941339 0.0271387 0.33637 0.941339 0.0271387 0.33637 0.941116 0.0425847 0.33539 0.941116 0.0425847 0.33539 0.941116 0.0425847 0.33539 0.941278 0.0329944 0.336016 0.941278 0.0329944 0.336016 0.941278 0.0329944 0.336016 0.91471 0.0132343 0.403895 0.91471 0.0132343 0.403895 0.91471 0.0132343 0.403895 0.914228 0.0135532 0.404973 0.914228 0.0135532 0.404973 0.914228 0.0135532 0.404973 1.0 0.0 0.0 1.0 0.0 0.0 1.0 0.0 0.0 0.184833 0.775762 -0.603349 0.184833 0.775762 -0.603349 0.184833 0.775762 -0.603349 1.0 0.0 0.0 1.0 0.0 0.0 1.0 0.0 0.0 1.0 0.0 0.0 1.0 0.0 0.0 1.0 0.0 0.0 1.0 0.0 0.0 1.0 0.0 0.0 1.0 0.0 0.0 1.0 0.0 0.0 1.0 0.0 0.0 1.0 0.0 0.0 1.0 0.0 0.0 1.0 0.0 0.0 1.0 0.0 0.0 -0.053615 0.982272 0.179628 -0.053615 0.982272 0.179628 -0.053615 0.982272 0.179628 1.0 0.0 0.0 1.0 0.0 0.0 1.0 0.0 0.0 1.0 0.0 0.0 1.0 0.0 0.0 1.0 0.0 0.0 1.0 0.0 0.0 1.0 0.0 0.0 1.0 0.0 0.0 1.0 0.0 0.0 1.0 0.0 0.0 1.0 0.0 0.0 1.0 0.0 0.0 1.0 0.0 0.0 1.0 0.0 0.0 1.0 0.0 0.0 1.0 0.0 0.0 1.0 0.0 0.0 1.0 0.0 0.0 1.0 0.0 0.0 1.0 0.0 0.0 1.0 0.0 0.0 1.0 0.0 0.0 1.0 0.0 0.0 1.0 0.0 0.0 1.0 0.0 0.0 1.0 0.0 0.0 1.0 0.0 0.0 1.0 0.0 0.0 1.0 0.0 0.0 1.0 0.0 0.0 1.0 0.0 0.0 1.0 0.0 0.0 -0.674294 0.0463265 -0.737008 -0.674294 0.0463265 -0.737008 -0.674294 0.0463265 -0.737008 -0.360121 0.395494 -0.844924 -0.360121 0.395494 -0.844924 -0.360121 0.395494 -0.844924 1.0 0.0 0.0 1.0 0.0 0.0 1.0 0.0 0.0 1.0 0.0 0.0 1.0 0.0 0.0 1.0 0.0 0.0 1.0 0.0 0.0 1.0 0.0 0.0 1.0 0.0 0.0 0.870913 -0.025192 0.490791 0.870913 -0.025192 0.490791 0.870913 -0.025192 0.490791 0.871853 -0.0248717 0.489136 0.871853 -0.0248717 0.489136 0.871853 -0.0248717 0.489136 0.940779 0.0173172 0.338578 0.940779 0.0173172 0.338578 0.940779 0.0173172 0.338578 0.94018 0.0302702 0.339332 0.94018 0.0302702 0.339332 0.94018 0.0302702 0.339332 0.973205 -0.0155415 0.229413 0.973205 -0.0155415 0.229413 0.973205 -0.0155415 0.229413 0.968688 0.0115468 0.248012 0.968688 0.0115468 0.248012 0.968688 0.0115468 0.248012 0.923944 -0.104145 0.368077 0.923944 -0.104145 0.368077 0.923944 -0.104145 0.368077 0.924002 -0.102131 0.368496 0.924002 -0.102131 0.368496 0.924002 -0.102131 0.368496 1.0 0.0 0.0 1.0 0.0 0.0 1.0 0.0 0.0 0.0565823 0.980239 -0.18955 0.0565823 0.980239 -0.18955 0.0565823 0.980239 -0.18955 1.0 0.0 0.0 1.0 0.0 0.0 1.0 0.0 0.0 1.0 0.0 0.0 1.0 0.0 0.0 1.0 0.0 0.0 1.0 0.0 0.0 1.0 0.0 0.0 1.0 0.0 0.0 1.0 0.0 0.0 1.0 0.0 0.0 1.0 0.0 0.0 1.0 0.0 0.0 1.0 0.0 0.0 1.0 0.0 0.0 1.0 0.0 0.0 1.0 0.0 0.0 1.0 0.0 0.0 1.0 0.0 0.0 1.0 0.0 0.0 1.0 0.0 0.0 1.0 0.0 0.0 1.0 0.0 0.0 1.0 0.0 0.0 1.0 0.0 0.0 1.0 0.0 0.0 1.0 0.0 0.0 1.0 0.0 0.0 1.0 0.0 0.0 1.0 0.0 0.0 1.0 0.0 0.0 1.0 0.0 0.0 1.0 0.0 0.0 1.0 0.0 0.0 1.0 0.0 0.0 1.0 0.0 0.0 1.0 0.0 0.0 1.0 0.0 0.0 1.0 0.0 0.0 1.0 0.0 0.0 1.0 0.0 0.0 1.0 0.0 0.0 1.0 0.0 0.0 1.0 0.0 0.0 1.0 0.0 0.0 1.0 0.0 0.0 1.0 0.0 0.0 1.0 0.0 0.0 1.0 0.0 0.0 1.0 0.0 0.0 1.0 0.0 0.0 -0.169176 0.928616 -0.33023 -0.169176 0.928616 -0.33023 -0.169176 0.928616 -0.33023 1.0 0.0 0.0 1.0 0.0 0.0 1.0 0.0 0.0 1.0 0.0 0.0 1.0 0.0 0.0 1.0 0.0 0.0 1.0 0.0 0.0 1.0 0.0 0.0 1.0 0.0 0.0 1.0 0.0 0.0 1.0 0.0 0.0 1.0 0.0 0.0 0.979783 -0.0634343 0.189738 0.979783 -0.0634343 0.189738 0.979783 -0.0634343 0.189738 0.979539 -0.0627683 0.191216 0.979539 -0.0627683 0.191216 0.979539 -0.0627683 0.191216 0.986001 0.0937182 0.137907 0.986001 0.0937182 0.137907 0.986001 0.0937182 0.137907 0.983332 0.0975112 0.153457 0.983332 0.0975112 0.153457 0.983332 0.0975112 0.153457 0.985408 0.00744398 0.170045 0.985408 0.00744398 0.170045 0.985408 0.00744398 0.170045 0.985408 0.00744396 0.170046 0.985408 0.00744396 0.170046 0.985408 0.00744396 0.170046 0.975442 -0.142051 0.168328 0.975442 -0.142051 0.168328 0.975442 -0.142051 0.168328 0.975442 -0.142051 0.168328 0.975442 -0.142051 0.168328 0.975442 -0.142051 0.168328 1.0 0.0 0.0 1.0 0.0 0.0 1.0 0.0 0.0 0.0442457 0.995812 -0.0800103 0.0442457 0.995812 -0.0800103 0.0442457 0.995812 -0.0800103 1.0 0.0 0.0 1.0 0.0 0.0 1.0 0.0 0.0 1.0 0.0 0.0 1.0 0.0 0.0 1.0 0.0 0.0 1.0 0.0 0.0 1.0 0.0 0.0 1.0 0.0 0.0 1.0 0.0 0.0 1.0 0.0 0.0 1.0 0.0 0.0 1.0 0.0 0.0 1.0 0.0 0.0 1.0 0.0 0.0 -0.0963185 0.993551 -0.0598194 -0.0963185 0.993551 -0.0598194 -0.0963185 0.993551 -0.0598194 1.0 0.0 0.0 1.0 0.0 0.0 1.0 0.0 0.0 1.0 0.0 0.0 1.0 0.0 0.0 1.0 0.0 0.0 1.0 0.0 0.0 1.0 0.0 0.0 1.0 0.0 0.0 1.0 0.0 0.0 1.0 0.0 0.0 1.0 0.0 0.0 1.0 0.0 0.0 1.0 0.0 0.0 1.0 0.0 0.0 1.0 0.0 0.0 1.0 0.0 0.0 1.0 0.0 0.0 1.0 0.0 0.0 1.0 0.0 0.0 1.0 0.0 0.0 1.0 0.0 0.0 1.0 0.0 0.0 1.0 0.0 0.0 1.0 0.0 0.0 1.0 0.0 0.0 1.0 0.0 0.0 1.0 0.0 0.0 1.0 0.0 0.0 1.0 0.0 0.0 0.918571 0.0985143 -0.382781 0.918571 0.0985143 -0.382781 0.918571 0.0985143 -0.382781 1.0 0.0 0.0 1.0 0.0 0.0 1.0 0.0 0.0 1.0 0.0 0.0 1.0 0.0 0.0 1.0 0.0 0.0 0.779477 0.22763 -0.58361 0.779477 0.22763 -0.58361 0.779477 0.22763 -0.58361 1.0 0.0 0.0 1.0 0.0 0.0 1.0 0.0 0.0 1.0 0.0 0.0 1.0 0.0 0.0 1.0 0.0 0.0 0.914993 -0.0548042 0.399729 0.914993 -0.0548042 0.399729 0.914993 -0.0548042 0.399729 0.936237 -0.0631354 0.345651 0.936237 -0.0631354 0.345651 0.936237 -0.0631354 0.345651 0.941958 -0.0449405 0.332708 0.941958 -0.0449405 0.332708 0.941958 -0.0449405 0.332708 0.941569 -0.0649092 0.330506 0.941569 -0.0649092 0.330506 0.941569 -0.0649092 0.330506 0.950689 -0.126519 0.283168 0.950689 -0.126519 0.283168 0.950689 -0.126519 0.283168 0.940743 -0.176778 0.289401 0.940743 -0.176778 0.289401 0.940743 -0.176778 0.289401 0.941048 -0.125636 0.314076 0.941048 -0.125636 0.314076 0.941048 -0.125636 0.314076 0.924564 -0.182393 0.334536 0.924564 -0.182393 0.334536 0.924564 -0.182393 0.334536 -0.0998572 0.989341 -0.105989 -0.0998572 0.989341 -0.105989 -0.0998572 0.989341 -0.105989 1.0 0.0 0.0 1.0 0.0 0.0 1.0 0.0 0.0 1.0 0.0 0.0 1.0 0.0 0.0 1.0 0.0 0.0 1.0 0.0 0.0 1.0 0.0 0.0 1.0 0.0 0.0 1.0 0.0 0.0 1.0 0.0 0.0 1.0 0.0 0.0 1.0 0.0 0.0 1.0 0.0 0.0 1.0 0.0 0.0 1.0 0.0 0.0 1.0 0.0 0.0 1.0 0.0 0.0 -0.39814 0.823441 0.404263 -0.39814 0.823441 0.404263 -0.39814 0.823441 0.404263 1.0 0.0 0.0 1.0 0.0 0.0 1.0 0.0 0.0 1.0 0.0 0.0 1.0 0.0 0.0 1.0 0.0 0.0 1.0 0.0 0.0 1.0 0.0 0.0 1.0 0.0 0.0 1.0 0.0 0.0 1.0 0.0 0.0 1.0 0.0 0.0 1.0 0.0 0.0 1.0 0.0 0.0 1.0 0.0 0.0 1.0 0.0 0.0 1.0 0.0 0.0 1.0 0.0 0.0 1.0 0.0 0.0 1.0 0.0 0.0 1.0 0.0 0.0 1.0 0.0 0.0 1.0 0.0 0.0 1.0 0.0 0.0 1.0 0.0 0.0 1.0 0.0 0.0 1.0 0.0 0.0 1.0 0.0 0.0 1.0 0.0 0.0 1.0 0.0 0.0 0.494831 0.616684 -0.612245 0.494831 0.616684 -0.612245 0.494831 0.616684 -0.612245 1.0 0.0 0.0 1.0 0.0 0.0 1.0 0.0 0.0 1.0 0.0 0.0 1.0 0.0 0.0 1.0 0.0 0.0 0.178755 0.923536 -0.339305 0.178755 0.923536 -0.339305 0.178755 0.923536 -0.339305 1.0 0.0 0.0 1.0 0.0 0.0 1.0 0.0 0.0 1.0 0.0 0.0 1.0 0.0 0.0 1.0 0.0 0.0 0.996846 0.0 -0.079359 0.996846 0.0 -0.079359 0.996846 0.0 -0.079359 0.992667 0.0 -0.120882 0.992667 0.0 -0.120882 0.992667 0.0 -0.120882 0.99665 0.0 -0.0817808 0.99665 0.0 -0.0817808 0.99665 0.0 -0.0817808 0.992667 0.0 -0.120884 0.992667 0.0 -0.120884 0.992667 0.0 -0.120884 0.992667 0.0 -0.120884 0.992667 0.0 -0.120884 0.992667 0.0 -0.120884 0.992667 0.0 -0.120883 0.992667 0.0 -0.120883 0.992667 0.0 -0.120883 0.992667 0.0 -0.120882 0.992667 0.0 -0.120882 0.992667 0.0 -0.120882 0.984945 0.086486 -0.149679 0.984945 0.086486 -0.149679 0.984945 0.086486 -0.149679 1.0 0.0 0.0 1.0 0.0 0.0 1.0 0.0 0.0 1.0 0.0 0.0 1.0 0.0 0.0 1.0 0.0 0.0 1.0 0.0 0.0 1.0 0.0 0.0 1.0 0.0 0.0 1.0 0.0 0.0 1.0 0.0 0.0 1.0 0.0 0.0 1.0 0.0 0.0 1.0 0.0 0.0 1.0 0.0 0.0 1.0 0.0 0.0 1.0 0.0 0.0 1.0 0.0 0.0 0.0170853 0.99918 -0.0367033 0.0170853 0.99918 -0.0367033 0.0170853 0.99918 -0.0367033 1.0 0.0 0.0 1.0 0.0 0.0 1.0 0.0 0.0 1.0 0.0 0.0 1.0 0.0 0.0 1.0 0.0 0.0 1.0 0.0 0.0 1.0 0.0 0.0 1.0 0.0 0.0 1.0 0.0 0.0 1.0 0.0 0.0 1.0 0.0 0.0 1.0 0.0 0.0 1.0 0.0 0.0 1.0 0.0 0.0 1.0 0.0 0.0 1.0 0.0 0.0 1.0 0.0 0.0 1.0 0.0 0.0 1.0 0.0 0.0 1.0 0.0 0.0 1.0 0.0 0.0 1.0 0.0 0.0 1.0 0.0 0.0 1.0 0.0 0.0 1.0 0.0 0.0 1.0 0.0 0.0 1.0 0.0 0.0 1.0 0.0 0.0 1.0 0.0 0.0 1.0 0.0 0.0 1.0 0.0 0.0 1.0 0.0 0.0 1.0 0.0 0.0 1.0 0.0 0.0 1.0 0.0 0.0 1.0 0.0 0.0 1.0 0.0 0.0 1.0 0.0 0.0 1.0 0.0 0.0 1.0 0.0 0.0 1.0 0.0 0.0 0.913603 0.031327 -0.4054 0.913603 0.031327 -0.4054 0.913603 0.031327 -0.4054 1.0 0.0 0.0 1.0 0.0 0.0 1.0 0.0 0.0 1.0 0.0 0.0 1.0 0.0 0.0 1.0 0.0 0.0 0.955015 0.0 0.296558 0.955015 0.0 0.296558 0.955015 0.0 0.296558 0.938025 0.0 0.346567 0.938025 0.0 0.346567 0.938025 0.0 0.346567 0.941508 0.0 0.33699 0.941508 0.0 0.33699 0.941508 0.0 0.33699 0.941509 0.0 0.336988 0.941509 0.0 0.336988 0.941509 0.0 0.336988 0.941545 -0.0105036 0.336725 0.941545 -0.0105036 0.336725 0.941545 -0.0105036 0.336725 0.941521 -0.0127522 0.336713 0.941521 -0.0127522 0.336713 0.941521 -0.0127522 0.336713 0.937565 -0.0107079 0.347645 0.937565 -0.0107079 0.347645 0.937565 -0.0107079 0.347645 0.913398 -0.0164755 0.406734 0.913398 -0.0164755 0.406734 0.913398 -0.0164755 0.406734 1.0 0.0 0.0 1.0 0.0 0.0 1.0 0.0 0.0 1.0 0.0 0.0 1.0 0.0 0.0 1.0 0.0 0.0 1.0 0.0 0.0 1.0 0.0 0.0 1.0 0.0 0.0 1.0 0.0 0.0 1.0 0.0 0.0 1.0 0.0 0.0 1.0 0.0 0.0 1.0 0.0 0.0 1.0 0.0 0.0 1.0 0.0 0.0 1.0 0.0 0.0 1.0 0.0 0.0 1.0 0.0 0.0 1.0 0.0 0.0 1.0 0.0 0.0 -0.0907833 0.948296 0.304127 -0.0907833 0.948296 0.304127 -0.0907833 0.948296 0.304127 1.0 0.0 0.0 1.0 0.0 0.0 1.0 0.0 0.0 1.0 0.0 0.0 1.0 0.0 0.0 1.0 0.0 0.0 1.0 0.0 0.0 1.0 0.0 0.0 1.0 0.0 0.0 1.0 0.0 0.0 1.0 0.0 0.0 1.0 0.0 0.0 1.0 0.0 0.0 1.0 0.0 0.0 1.0 0.0 0.0 1.0 0.0 0.0 1.0 0.0 0.0 1.0 0.0 0.0 1.0 0.0 0.0 1.0 0.0 0.0 1.0 0.0 0.0 1.0 0.0 0.0 1.0 0.0 0.0 1.0 0.0 0.0 1.0 0.0 0.0 1.0 0.0 0.0 1.0 0.0 0.0 1.0 0.0 0.0 1.0 0.0 0.0 1.0 0.0 0.0 1.0 0.0 0.0 1.0 0.0 0.0 1.0 0.0 0.0 1.0 0.0 0.0 1.0 0.0 0.0 1.0 0.0 0.0 1.0 0.0 0.0 1.0 0.0 0.0 1.0 0.0 0.0 0.143005 0.889334 0.434321 0.143005 0.889334 0.434321 0.143005 0.889334 0.434321 1.0 0.0 0.0 1.0 0.0 0.0 1.0 0.0 0.0 1.0 0.0 0.0 1.0 0.0 0.0 1.0 0.0 0.0 0.975442 -0.142051 0.168328 0.975442 -0.142051 0.168328 0.975442 -0.142051 0.168328 0.975442 -0.142051 0.168328 0.975442 -0.142051 0.168328 0.975442 -0.142051 0.168328 0.985408 0.00742339 0.170046 0.985408 0.00742339 0.170046 0.985408 0.00742339 0.170046 0.985408 0.00742341 0.170045 0.985408 0.00742341 0.170045 0.985408 0.00742341 0.170045 0.985435 0.0 0.170051 0.985435 0.0 0.170051 0.985435 0.0 0.170051 0.985127 0.0 0.171829 0.985127 0.0 0.171829 0.985127 0.0 0.171829 0.985435 0.0 0.170052 0.985435 0.0 0.170052 0.985435 0.0 0.170052 0.985127 0.0 0.17183 0.985127 0.0 0.17183 0.985127 0.0 0.17183 1.0 0.0 0.0 1.0 0.0 0.0 1.0 0.0 0.0 -0.0790126 0.961089 0.264699 -0.0790126 0.961089 0.264699 -0.0790126 0.961089 0.264699 1.0 0.0 0.0 1.0 0.0 0.0 1.0 0.0 0.0 1.0 0.0 0.0 1.0 0.0 0.0 1.0 0.0 0.0 1.0 0.0 0.0 1.0 0.0 0.0 1.0 0.0 0.0 1.0 0.0 0.0 1.0 0.0 0.0 1.0 0.0 0.0 1.0 0.0 0.0 1.0 0.0 0.0 1.0 0.0 0.0 1.0 0.0 0.0 1.0 0.0 0.0 1.0 0.0 0.0 1.0 0.0 0.0 1.0 0.0 0.0 1.0 0.0 0.0 1.0 0.0 0.0 1.0 0.0 0.0 1.0 0.0 0.0 1.0 0.0 0.0 1.0 0.0 0.0 1.0 0.0 0.0 1.0 0.0 0.0 1.0 0.0 0.0 1.0 0.0 0.0 1.0 0.0 0.0 1.0 0.0 0.0 1.0 0.0 0.0 1.0 0.0 0.0 1.0 0.0 0.0 1.0 0.0 0.0 1.0 0.0 0.0 1.0 0.0 0.0 1.0 0.0 0.0 1.0 0.0 0.0 1.0 0.0 0.0 1.0 0.0 0.0 1.0 0.0 0.0 1.0 0.0 0.0 1.0 0.0 0.0 1.0 0.0 0.0 1.0 0.0 0.0 1.0 0.0 0.0 0.802477 0.10775 0.586874 0.802477 0.10775 0.586874 0.802477 0.10775 0.586874 1.0 0.0 0.0 1.0 0.0 0.0 1.0 0.0 0.0 1.0 0.0 0.0 1.0 0.0 0.0 1.0 0.0 0.0 1.0 0.0 0.0 1.0 0.0 0.0 1.0 0.0 0.0 1.0 0.0 0.0 1.0 0.0 0.0 1.0 0.0 0.0 1.0 0.0 0.0 1.0 0.0 0.0 1.0 0.0 0.0 0.941407 0.0409778 0.334774 0.941407 0.0409778 0.334774 0.941407 0.0409778 0.334774 0.94195 0.0394733 0.333425 0.94195 0.0394733 0.333425 0.94195 0.0394733 0.333425 0.947954 0.0361051 0.316353 0.947954 0.0361051 0.316353 0.947954 0.0361051 0.316353 0.94822 0.0348157 0.3157 0.94822 0.0348157 0.3157 0.94822 0.0348157 0.3157 0.941493 0.0 0.337033 0.941493 0.0 0.337033 0.941493 0.0 0.337033 0.941508 0.0 0.33699 0.941508 0.0 0.33699 0.941508 0.0 0.33699 0.93671 0.0 0.350107 0.93671 0.0 0.350107 0.93671 0.0 0.350107 0.954074 0.0 0.299571 0.954074 0.0 0.299571 0.954074 0.0 0.299571 0.941492 0.0 0.337036 0.941492 0.0 0.337036 0.941492 0.0 0.337036 0.941491 0.0 0.337039 0.941491 0.0 0.337039 0.941491 0.0 0.337039 0.929296 0.0 0.369336 0.929296 0.0 0.369336 0.929296 0.0 0.369336 0.936224 0.0 0.351405 0.936224 0.0 0.351405 0.936224 0.0 0.351405 0.937005 -0.0126324 0.349088 0.937005 -0.0126324 0.349088 0.937005 -0.0126324 0.349088 0.979042 -0.00600874 0.203571 0.979042 -0.00600874 0.203571 0.979042 -0.00600874 0.203571 0.941529 -0.0112826 0.336744 0.941529 -0.0112826 0.336744 0.941529 -0.0112826 0.336744 0.941533 -0.0139587 0.336632 0.941533 -0.0139587 0.336632 0.941533 -0.0139587 0.336632 0.94769 0.0361121 0.317144 0.94769 0.0361121 0.317144 0.94769 0.0361121 0.317144 0.947968 0.0348399 0.316453 0.947968 0.0348399 0.316453 0.947968 0.0348399 0.316453 0.941156 0.0405916 0.335525 0.941156 0.0405916 0.335525 0.941156 0.0405916 0.335525 0.941692 0.0391426 0.334192 0.941692 0.0391426 0.334192 0.941692 0.0391426 0.334192 0.932109 0.0 0.362177 0.932109 0.0 0.362177 0.932109 0.0 0.362177 0.924291 0.0 0.381688 0.924291 0.0 0.381688 0.924291 0.0 0.381688 0.941506 0.0 0.336996 0.941506 0.0 0.336996 0.941506 0.0 0.336996 0.941492 0.0 0.337034 0.941492 0.0 0.337034 0.941492 0.0 0.337034 0.985408 0.00749658 0.170046 0.985408 0.00749658 0.170046 0.985408 0.00749658 0.170046 0.985407 0.00749655 0.170047 0.985407 0.00749655 0.170047 0.985407 0.00749655 0.170047 0.975051 -0.144791 0.168258 0.975051 -0.144791 0.168258 0.975051 -0.144791 0.168258 0.975051 -0.144792 0.16826 0.975051 -0.144792 0.16826 0.975051 -0.144792 0.16826 0.985436 0.0 0.17005 0.985436 0.0 0.17005 0.985436 0.0 0.17005 0.985127 0.0 0.17183 0.985127 0.0 0.17183 0.985127 0.0 0.17183 0.985435 0.0 0.170051 0.985435 0.0 0.170051 0.985435 0.0 0.170051 0.985127 0.0 0.17183 0.985127 0.0 0.17183 0.985127 0.0 0.17183 0.987155 0.0780473 0.139405 0.987155 0.0780473 0.139405 0.987155 0.0780473 0.139405 0.97978 0.0926151 0.17735 0.97978 0.0926151 0.17735 0.97978 0.0926151 0.17735 0.980206 -0.0498201 0.191608 0.980206 -0.0498201 0.191608 0.980206 -0.0498201 0.191608 0.97196 -0.0321614 0.232938 0.97196 -0.0321614 0.232938 0.97196 -0.0321614 0.232938 0.975048 -0.144813 0.168259 0.975048 -0.144813 0.168259 0.975048 -0.144813 0.168259 0.975048 -0.144813 0.168257 0.975048 -0.144813 0.168257 0.975048 -0.144813 0.168257 0.985407 0.00749747 0.170047 0.985407 0.00749747 0.170047 0.985407 0.00749747 0.170047 0.985408 0.0074975 0.170046 0.985408 0.0074975 0.170046 0.985408 0.0074975 0.170046 0.936282 0.105276 0.335102 0.936282 0.105276 0.335102 0.936282 0.105276 0.335102 0.939403 0.0670916 0.336186 0.939403 0.0670916 0.336186 0.939403 0.0670916 0.336186 0.920104 0.133805 0.368109 0.920104 0.133805 0.368109 0.920104 0.133805 0.368109 0.937666 0.0890018 0.335947 0.937666 0.0890018 0.335947 0.937666 0.0890018 0.335947 0.937883 0.0882782 0.335533 0.937883 0.0882782 0.335533 0.937883 0.0882782 0.335533 0.927191 -0.0367837 0.372779 0.927191 -0.0367837 0.372779 0.927191 -0.0367837 0.372779 0.96814 0.000597434 0.250409 0.96814 0.000597434 0.250409 0.96814 0.000597434 0.250409 0.957212 0.0798163 0.278163 0.957212 0.0798163 0.278163 0.957212 0.0798163 0.278163 0.940392 0.0768704 0.331292 0.940392 0.0768704 0.331292 0.940392 0.0768704 0.331292 0.941411 0.0382699 0.335084 0.941411 0.0382699 0.335084 0.941411 0.0382699 0.335084 0.880924 0.102677 0.461984 0.880924 0.102677 0.461984 0.880924 0.102677 0.461984 0.879892 0.0502492 0.47251 0.879892 0.0502492 0.47251 0.879892 0.0502492 0.47251 0.893549 0.132989 0.428818 0.893549 0.132989 0.428818 0.893549 0.132989 0.428818 0.886695 0.0993257 0.451559 0.886695 0.0993257 0.451559 0.886695 0.0993257 0.451559 0.937999 0.103285 0.330894 0.937999 0.103285 0.330894 0.937999 0.103285 0.330894 0.939964 0.0758938 0.332728 0.939964 0.0758938 0.332728 0.939964 0.0758938 0.332728 0.975579 0.0684974 0.208697 0.975579 0.0684974 0.208697 0.975579 0.0684974 0.208697 0.977435 0.0950014 0.188669 0.977435 0.0950014 0.188669 0.977435 0.0950014 0.188669 0.951279 0.106887 0.289211 0.951279 0.106887 0.289211 0.951279 0.106887 0.289211 0.94706 0.142403 0.287749 0.94706 0.142403 0.287749 0.94706 0.142403 0.287749 0.924943 0.0498397 0.376824 0.924943 0.0498397 0.376824 0.924943 0.0498397 0.376824 0.900721 0.0463626 0.431917 0.900721 0.0463626 0.431917 0.900721 0.0463626 0.431917 0.941818 0.0399273 0.333745 0.941818 0.0399273 0.333745 0.941818 0.0399273 0.333745 0.941752 0.0358167 0.334394 0.941752 0.0358167 0.334394 0.941752 0.0358167 0.334394 0.992667 0.0 -0.120883 0.992667 0.0 -0.120883 0.992667 0.0 -0.120883 0.992667 0.0 -0.120885 0.992667 0.0 -0.120885 0.992667 0.0 -0.120885 0.991374 -0.0642276 -0.11425 0.991374 -0.0642276 -0.11425 0.991374 -0.0642276 -0.11425 0.992667 0.0 -0.120883 0.992667 0.0 -0.120883 0.992667 0.0 -0.120883 0.97318 0.229977 0.00566726 0.97318 0.229977 0.00566726 0.97318 0.229977 0.00566726 0.970816 0.239152 -0.0179717 0.970816 0.239152 -0.0179717 0.970816 0.239152 -0.0179717 0.994657 0.0923542 -0.0461346 0.994657 0.0923542 -0.0461346 0.994657 0.0923542 -0.0461346 0.992075 0.101764 -0.0737006 0.992075 0.101764 -0.0737006 0.992075 0.101764 -0.0737006 0.996286 0.0 -0.0861023 0.996286 0.0 -0.0861023 0.996286 0.0 -0.0861023 0.992667 0.0 -0.120883 0.992667 0.0 -0.120883 0.992667 0.0 -0.120883 0.996117 0.0 -0.088035 0.996117 0.0 -0.088035 0.996117 0.0 -0.088035 0.992667 0.0 -0.120883 0.992667 0.0 -0.120883 0.992667 0.0 -0.120883 0.992667 0.0 -0.120883 0.992667 0.0 -0.120883 0.992667 0.0 -0.120883 0.992858 -0.0693891 -0.0970499 0.992858 -0.0693891 -0.0970499 0.992858 -0.0693891 -0.0970499 0.992667 0.0 -0.120883 0.992667 0.0 -0.120883 0.992667 0.0 -0.120883 0.992667 0.0 -0.120883 0.992667 0.0 -0.120883 0.992667 0.0 -0.120883 0.942016 -0.0516148 0.331574 0.942016 -0.0516148 0.331574 0.942016 -0.0516148 0.331574 0.941473 -0.0731203 0.329062 0.941473 -0.0731203 0.329062 0.941473 -0.0731203 0.329062 0.979647 -0.0224021 0.199475 0.979647 -0.0224021 0.199475 0.979647 -0.0224021 0.199475 0.933164 -0.0864926 0.348889 0.933164 -0.0864926 0.348889 0.933164 -0.0864926 0.348889 0.940285 -0.172605 0.293379 0.940285 -0.172605 0.293379 0.940285 -0.172605 0.293379 0.924535 -0.232561 0.301912 0.924535 -0.232561 0.301912 0.924535 -0.232561 0.301912 0.951156 -0.143272 0.273452 0.951156 -0.143272 0.273452 0.951156 -0.143272 0.273452 0.941864 -0.192264 0.275547 0.941864 -0.192264 0.275547 0.941864 -0.192264 0.275547 1.0 0.0 0.0 1.0 0.0 0.0 1.0 0.0 0.0 -0.691536 0.254605 0.675983 -0.691536 0.254605 0.675983 -0.691536 0.254605 0.675983 1.0 0.0 0.0 1.0 0.0 0.0 1.0 0.0 0.0 1.0 0.0 0.0 1.0 0.0 0.0 1.0 0.0 0.0 1.0 0.0 0.0 1.0 0.0 0.0 1.0 0.0 0.0 1.0 0.0 0.0 1.0 0.0 0.0 1.0 0.0 0.0 -0.888551 0.0420544 0.456847 -0.888551 0.0420544 0.456847 -0.888551 0.0420544 0.456847 1.0 0.0 0.0 1.0 0.0 0.0 1.0 0.0 0.0 1.0 0.0 0.0 1.0 0.0 0.0 1.0 0.0 0.0 1.0 0.0 0.0 1.0 0.0 0.0 1.0 0.0 0.0 1.0 0.0 0.0 1.0 0.0 0.0 1.0 0.0 0.0 1.0 0.0 0.0 1.0 0.0 0.0 1.0 0.0 0.0 1.0 0.0 0.0 1.0 0.0 0.0 1.0 0.0 0.0 1.0 0.0 0.0 1.0 0.0 0.0 1.0 0.0 0.0 1.0 0.0 0.0 1.0 0.0 0.0 1.0 0.0 0.0 1.0 0.0 0.0 1.0 0.0 0.0 1.0 0.0 0.0 1.0 0.0 0.0 1.0 0.0 0.0 1.0 0.0 0.0 1.0 0.0 0.0 1.0 0.0 0.0 1.0 0.0 0.0 1.0 0.0 0.0 1.0 0.0 0.0 1.0 0.0 0.0 -0.339888 0.380401 0.860099 -0.339888 0.380401 0.860099 -0.339888 0.380401 0.860099 -0.0941722 0.102873 0.990227 -0.0941722 0.102873 0.990227 -0.0941722 0.102873 0.990227 1.0 0.0 0.0 1.0 0.0 0.0 1.0 0.0 0.0 1.0 0.0 0.0 1.0 0.0 0.0 1.0 0.0 0.0 1.0 0.0 0.0 1.0 0.0 0.0 1.0 0.0 0.0 0.943 0.195492 0.269323 0.943 0.195492 0.269323 0.943 0.195492 0.269323 0.937899 0.235778 0.254467 0.937899 0.235778 0.254467 0.937899 0.235778 0.254467 0.821543 0.542117 0.176567 0.821543 0.542117 0.176567 0.821543 0.542117 0.176567 0.81191 0.574704 0.102555 0.81191 0.574704 0.102555 0.81191 0.574704 0.102555 0.831485 0.448308 0.328106 0.831485 0.448308 0.328106 0.831485 0.448308 0.328106 0.818459 0.451788 0.354982 0.818459 0.451788 0.354982 0.818459 0.451788 0.354982 0.912977 0.0431521 0.405722 0.912977 0.0431521 0.405722 0.912977 0.0431521 0.405722 0.926855 0.0558811 0.371236 0.926855 0.0558811 0.371236 0.926855 0.0558811 0.371236 -0.710833 -0.685904 0.15573 -0.710833 -0.685904 0.15573 -0.710833 -0.685904 0.15573 1.0 0.0 0.0 1.0 0.0 0.0 1.0 0.0 0.0 1.0 0.0 0.0 1.0 0.0 0.0 1.0 0.0 0.0 1.0 0.0 0.0 1.0 0.0 0.0 1.0 0.0 0.0 1.0 0.0 0.0 1.0 0.0 0.0 1.0 0.0 0.0 1.0 0.0 0.0 1.0 0.0 0.0 1.0 0.0 0.0 -0.993921 -0.0982253 0.049729 -0.993921 -0.0982253 0.049729 -0.993921 -0.0982253 0.049729 1.0 0.0 0.0 1.0 0.0 0.0 1.0 0.0 0.0 1.0 0.0 0.0 1.0 0.0 0.0 1.0 0.0 0.0 1.0 0.0 0.0 1.0 0.0 0.0 1.0 0.0 0.0 1.0 0.0 0.0 1.0 0.0 0.0 1.0 0.0 0.0 1.0 0.0 0.0 1.0 0.0 0.0 1.0 0.0 0.0 1.0 0.0 0.0 1.0 0.0 0.0 1.0 0.0 0.0 1.0 0.0 0.0 1.0 0.0 0.0 1.0 0.0 0.0 1.0 0.0 0.0 1.0 0.0 0.0 1.0 0.0 0.0 1.0 0.0 0.0 1.0 0.0 0.0 1.0 0.0 0.0 1.0 0.0 0.0 1.0 0.0 0.0 1.0 0.0 0.0 1.0 0.0 0.0 1.0 0.0 0.0 1.0 0.0 0.0 0.830897 -0.531844 -0.16356 0.830897 -0.531844 -0.16356 0.830897 -0.531844 -0.16356 1.0 0.0 0.0 1.0 0.0 0.0 1.0 0.0 0.0 0.956404 0.260533 -0.13196 0.956404 0.260533 -0.13196 0.956404 0.260533 -0.13196 1.0 0.0 0.0 1.0 0.0 0.0 1.0 0.0 0.0 1.0 0.0 0.0 1.0 0.0 0.0 1.0 0.0 0.0 1.0 0.0 0.0 1.0 0.0 0.0 1.0 0.0 0.0 -0.164792 0.984931 -0.0524846 -0.164792 0.984931 -0.0524846 -0.164792 0.984931 -0.0524846 -0.166564 0.984658 -0.0520015 -0.166564 0.984658 -0.0520015 -0.166564 0.984658 -0.0520015 -0.258914 0.965393 0.0312965 -0.258914 0.965393 0.0312965 -0.258914 0.965393 0.0312965 -0.267413 0.963259 0.0249448 -0.267413 0.963259 0.0249448 -0.267413 0.963259 0.0249448 -0.0114716 0.958762 0.283977 -0.0114716 0.958762 0.283977 -0.0114716 0.958762 0.283977 -0.270789 0.906365 0.324309 -0.270789 0.906365 0.324309 -0.270789 0.906365 0.324309 -0.270789 0.906365 0.324309 -0.270789 0.906365 0.324309 -0.270789 0.906365 0.324309 -0.297151 0.885465 0.357286 -0.297151 0.885465 0.357286 -0.297151 0.885465 0.357286 1.0 0.0 0.0 1.0 0.0 0.0 1.0 0.0 0.0 -0.490949 0.0373802 0.870386 -0.490949 0.0373802 0.870386 -0.490949 0.0373802 0.870386 1.0 0.0 0.0 1.0 0.0 0.0 1.0 0.0 0.0 1.0 0.0 0.0 1.0 0.0 0.0 1.0 0.0 0.0 1.0 0.0 0.0 1.0 0.0 0.0 1.0 0.0 0.0 1.0 0.0 0.0 1.0 0.0 0.0 1.0 0.0 0.0 1.0 0.0 0.0 1.0 0.0 0.0 1.0 0.0 0.0 1.0 0.0 0.0 1.0 0.0 0.0 1.0 0.0 0.0 1.0 0.0 0.0 1.0 0.0 0.0 1.0 0.0 0.0 1.0 0.0 0.0 1.0 0.0 0.0 1.0 0.0 0.0 1.0 0.0 0.0 1.0 0.0 0.0 1.0 0.0 0.0 1.0 0.0 0.0 1.0 0.0 0.0 1.0 0.0 0.0 1.0 0.0 0.0 1.0 0.0 0.0 1.0 0.0 0.0 1.0 0.0 0.0 1.0 0.0 0.0 1.0 0.0 0.0 1.0 0.0 0.0 1.0 0.0 0.0 1.0 0.0 0.0 1.0 0.0 0.0 1.0 0.0 0.0 1.0 0.0 0.0 1.0 0.0 0.0 1.0 0.0 0.0 1.0 0.0 0.0 1.0 0.0 0.0 1.0 0.0 0.0 1.0 0.0 0.0 1.0 0.0 0.0 1.0 0.0 0.0 1.0 0.0 0.0 -0.394976 0.0282398 0.918257 -0.394976 0.0282398 0.918257 -0.394976 0.0282398 0.918257 1.0 0.0 0.0 1.0 0.0 0.0 1.0 0.0 0.0 1.0 0.0 0.0 1.0 0.0 0.0 1.0 0.0 0.0 1.0 0.0 0.0 1.0 0.0 0.0 1.0 0.0 0.0 1.0 0.0 0.0 1.0 0.0 0.0 1.0 0.0 0.0 0.898814 0.0101234 0.438214 0.898814 0.0101234 0.438214 0.898814 0.0101234 0.438214 0.888139 0.0133994 0.45938 0.888139 0.0133994 0.45938 0.888139 0.0133994 0.45938 0.840218 0.411066 0.353637 0.840218 0.411066 0.353637 0.840218 0.411066 0.353637 0.841313 0.416665 0.344358 0.841313 0.416665 0.344358 0.841313 0.416665 0.344358 0.846112 0.381412 0.372316 0.846112 0.381412 0.372316 0.846112 0.381412 0.372316 0.830394 0.393699 0.394268 0.830394 0.393699 0.394268 0.830394 0.393699 0.394268 0.919336 0.0 0.393474 0.919336 0.0 0.393474 0.919336 0.0 0.393474 0.923771 0.0 0.382946 0.923771 0.0 0.382946 0.923771 0.0 0.382946 1.0 0.0 0.0 1.0 0.0 0.0 1.0 0.0 0.0 1.0 0.0 0.0 1.0 0.0 0.0 1.0 0.0 0.0 1.0 0.0 0.0 1.0 0.0 0.0 1.0 0.0 0.0 1.0 0.0 0.0 1.0 0.0 0.0 1.0 0.0 0.0 0.820034 0.0 -0.572315 0.820034 0.0 -0.572315 0.820034 0.0 -0.572315 1.0 0.0 0.0 1.0 0.0 0.0 1.0 0.0 0.0 1.0 0.0 0.0 1.0 0.0 0.0 1.0 0.0 0.0 0.205913 -0.225875 0.952145 0.205913 -0.225875 0.952145 0.205913 -0.225875 0.952145 1.0 0.0 0.0 1.0 0.0 0.0 1.0 0.0 0.0 1.0 0.0 0.0 1.0 0.0 0.0 1.0 0.0 0.0 1.0 0.0 0.0 1.0 0.0 0.0 1.0 0.0 0.0 1.0 0.0 0.0 1.0 0.0 0.0 1.0 0.0 0.0 0.820034 0.0 -0.572315 0.820034 0.0 -0.572315 0.820034 0.0 -0.572315 1.0 0.0 0.0 1.0 0.0 0.0 1.0 0.0 0.0 0.820034 0.0 -0.572315 0.820034 0.0 -0.572315 0.820034 0.0 -0.572315 1.0 0.0 0.0 1.0 0.0 0.0 1.0 0.0 0.0 1.0 0.0 0.0 1.0 0.0 0.0 1.0 0.0 0.0 1.0 0.0 0.0 1.0 0.0 0.0 1.0 0.0 0.0 1.0 0.0 0.0 1.0 0.0 0.0 1.0 0.0 0.0 1.0 0.0 0.0 1.0 0.0 0.0 1.0 0.0 0.0 1.0 0.0 0.0 1.0 0.0 0.0 1.0 0.0 0.0 -0.404551 -0.231591 0.884705 -0.404551 -0.231591 0.884705 -0.404551 -0.231591 0.884705 0.820034 0.0 -0.572315 0.820034 0.0 -0.572315 0.820034 0.0 -0.572315 1.0 0.0 0.0 1.0 0.0 0.0 1.0 0.0 0.0 0.880291 0.0 0.474435 0.880291 0.0 0.474435 0.880291 0.0 0.474435 0.88469 0.0 0.466179 0.88469 0.0 0.466179 0.88469 0.0 0.466179 0.786641 0.356286 0.504238 0.786641 0.356286 0.504238 0.786641 0.356286 0.504238 0.779186 0.358066 0.514448 0.779186 0.358066 0.514448 0.779186 0.358066 0.514448 0.888672 0.334527 0.313614 0.888672 0.334527 0.313614 0.888672 0.334527 0.313614 0.663702 0.32066 0.675779 0.663702 0.32066 0.675779 0.663702 0.32066 0.675779 0.942012 -0.0258442 0.334583 0.942012 -0.0258442 0.334583 0.942012 -0.0258442 0.334583 0.94778 -0.00773195 0.318831 0.94778 -0.00773195 0.318831 0.94778 -0.00773195 0.318831 1.0 0.0 0.0 1.0 0.0 0.0 1.0 0.0 0.0 0.978796 0.111003 0.172156 0.978796 0.111003 0.172156 0.978796 0.111003 0.172156 1.0 0.0 0.0 1.0 0.0 0.0 1.0 0.0 0.0 0.820034 0.0 -0.572315 0.820034 0.0 -0.572315 0.820034 0.0 -0.572315 1.0 0.0 0.0 1.0 0.0 0.0 1.0 0.0 0.0 1.0 0.0 0.0 1.0 0.0 0.0 1.0 0.0 0.0 1.0 0.0 0.0 1.0 0.0 0.0 1.0 0.0 0.0 1.0 0.0 0.0 1.0 0.0 0.0 1.0 0.0 0.0 1.0 0.0 0.0 1.0 0.0 0.0 1.0 0.0 0.0 0.820034 0.0 -0.572315 0.820034 0.0 -0.572315 0.820034 0.0 -0.572315 1.0 0.0 0.0 1.0 0.0 0.0 1.0 0.0 0.0 0.820034 0.0 -0.572315 0.820034 0.0 -0.572315 0.820034 0.0 -0.572315 1.0 0.0 0.0 1.0 0.0 0.0 1.0 0.0 0.0 1.0 0.0 0.0 1.0 0.0 0.0 1.0 0.0 0.0 1.0 0.0 0.0 1.0 0.0 0.0 1.0 0.0 0.0 1.0 0.0 0.0 1.0 0.0 0.0 1.0 0.0 0.0 1.0 0.0 0.0 1.0 0.0 0.0 1.0 0.0 0.0 0.820034 0.0 -0.572315 0.820034 0.0 -0.572315 0.820034 0.0 -0.572315 -0.837001 -0.547127 0.00906803 -0.837001 -0.547127 0.00906803 -0.837001 -0.547127 0.00906803 1.0 0.0 0.0 1.0 0.0 0.0 1.0 0.0 0.0 1.0 0.0 0.0 1.0 0.0 0.0 1.0 0.0 0.0 1.0 0.0 0.0 1.0 0.0 0.0 1.0 0.0 0.0 1.0 0.0 0.0 1.0 0.0 0.0 1.0 0.0 0.0 1.0 0.0 0.0 1.0 0.0 0.0 1.0 0.0 0.0 0.957474 0.0 0.288519 0.957474 0.0 0.288519 0.957474 0.0 0.288519 0.952055 0.0 0.305928 0.952055 0.0 0.305928 0.952055 0.0 0.305928 0.763701 0.118032 0.634689 0.763701 0.118032 0.634689 0.763701 0.118032 0.634689 0.671615 0.186859 0.71695 0.671615 0.186859 0.71695 0.671615 0.186859 0.71695 0.726253 -0.0713927 0.683711 0.726253 -0.0713927 0.683711 0.726253 -0.0713927 0.683711 0.726254 -0.0713928 0.683709 0.726254 -0.0713928 0.683709 0.726254 -0.0713928 0.683709 0.941424 -0.149033 0.302505 0.941424 -0.149033 0.302505 0.941424 -0.149033 0.302505 0.941423 -0.149033 0.302511 0.941423 -0.149033 0.302511 0.941423 -0.149033 0.302511 -0.806106 -0.169152 0.56708 -0.806106 -0.169152 0.56708 -0.806106 -0.169152 0.56708 1.0 0.0 0.0 1.0 0.0 0.0 1.0 0.0 0.0 1.0 0.0 0.0 1.0 0.0 0.0 1.0 0.0 0.0 1.0 0.0 0.0 1.0 0.0 0.0 1.0 0.0 0.0 1.0 0.0 0.0 1.0 0.0 0.0 1.0 0.0 0.0 1.0 0.0 0.0 1.0 0.0 0.0 1.0 0.0 0.0 1.0 0.0 0.0 1.0 0.0 0.0 1.0 0.0 0.0 -0.85569 -0.251303 0.452373 -0.85569 -0.251303 0.452373 -0.85569 -0.251303 0.452373 1.0 0.0 0.0 1.0 0.0 0.0 1.0 0.0 0.0 1.0 0.0 0.0 1.0 0.0 0.0 1.0 0.0 0.0 1.0 0.0 0.0 1.0 0.0 0.0 1.0 0.0 0.0 1.0 0.0 0.0 1.0 0.0 0.0 1.0 0.0 0.0 1.0 0.0 0.0 1.0 0.0 0.0 1.0 0.0 0.0 1.0 0.0 0.0 1.0 0.0 0.0 1.0 0.0 0.0 1.0 0.0 0.0 1.0 0.0 0.0 1.0 0.0 0.0 1.0 0.0 0.0 1.0 0.0 0.0 1.0 0.0 0.0 1.0 0.0 0.0 1.0 0.0 0.0 1.0 0.0 0.0 1.0 0.0 0.0 1.0 0.0 0.0 1.0 0.0 0.0 -0.0574783 -0.274513 0.959864 -0.0574783 -0.274513 0.959864 -0.0574783 -0.274513 0.959864 1.0 0.0 0.0 1.0 0.0 0.0 1.0 0.0 0.0 1.0 0.0 0.0 1.0 0.0 0.0 1.0 0.0 0.0 0.496363 -0.598825 0.628517 0.496363 -0.598825 0.628517 0.496363 -0.598825 0.628517 1.0 0.0 0.0 1.0 0.0 0.0 1.0 0.0 0.0 1.0 0.0 0.0 1.0 0.0 0.0 1.0 0.0 0.0 0.859892 -0.148981 0.488253 0.859892 -0.148981 0.488253 0.859892 -0.148981 0.488253 0.924236 -0.150295 0.350998 0.924236 -0.150295 0.350998 0.924236 -0.150295 0.350998 0.915188 -0.390238 0.10072 0.915188 -0.390238 0.10072 0.915188 -0.390238 0.10072 0.795101 -0.493357 0.352723 0.795101 -0.493357 0.352723 0.795101 -0.493357 0.352723 0.675984 -0.657524 0.332728 0.675984 -0.657524 0.332728 0.675984 -0.657524 0.332728 0.687527 -0.658986 0.30503 0.687527 -0.658986 0.30503 0.687527 -0.658986 0.30503 0.909729 -0.323021 0.260864 0.909729 -0.323021 0.260864 0.909729 -0.323021 0.260864 0.883915 -0.389593 0.258673 0.883915 -0.389593 0.258673 0.883915 -0.389593 0.258673 -0.830209 -0.412139 0.375359 -0.830209 -0.412139 0.375359 -0.830209 -0.412139 0.375359 1.0 0.0 0.0 1.0 0.0 0.0 1.0 0.0 0.0 1.0 0.0 0.0 1.0 0.0 0.0 1.0 0.0 0.0 1.0 0.0 0.0 1.0 0.0 0.0 1.0 0.0 0.0 1.0 0.0 0.0 1.0 0.0 0.0 1.0 0.0 0.0 1.0 0.0 0.0 1.0 0.0 0.0 1.0 0.0 0.0 1.0 0.0 0.0 1.0 0.0 0.0 1.0 0.0 0.0 -0.706544 -0.638324 0.305513 -0.706544 -0.638324 0.305513 -0.706544 -0.638324 0.305513 1.0 0.0 0.0 1.0 0.0 0.0 1.0 0.0 0.0 1.0 0.0 0.0 1.0 0.0 0.0 1.0 0.0 0.0 1.0 0.0 0.0 1.0 0.0 0.0 1.0 0.0 0.0 1.0 0.0 0.0 1.0 0.0 0.0 1.0 0.0 0.0 1.0 0.0 0.0 1.0 0.0 0.0 1.0 0.0 0.0 1.0 0.0 0.0 1.0 0.0 0.0 1.0 0.0 0.0 1.0 0.0 0.0 1.0 0.0 0.0 1.0 0.0 0.0 1.0 0.0 0.0 1.0 0.0 0.0 1.0 0.0 0.0 1.0 0.0 0.0 1.0 0.0 0.0 1.0 0.0 0.0 1.0 0.0 0.0 1.0 0.0 0.0 1.0 0.0 0.0 0.847609 -0.511776 0.140162 0.847609 -0.511776 0.140162 0.847609 -0.511776 0.140162 1.0 0.0 0.0 1.0 0.0 0.0 1.0 0.0 0.0 1.0 0.0 0.0 1.0 0.0 0.0 1.0 0.0 0.0 0.836922 -0.546092 -0.0366775 0.836922 -0.546092 -0.0366775 0.836922 -0.546092 -0.0366775 1.0 0.0 0.0 1.0 0.0 0.0 1.0 0.0 0.0 1.0 0.0 0.0 1.0 0.0 0.0 1.0 0.0 0.0 -0.318021 0.840933 -0.43783 -0.318021 0.840933 -0.43783 -0.318021 0.840933 -0.43783 -0.319026 0.83525 -0.447861 -0.319026 0.83525 -0.447861 -0.319026 0.83525 -0.447861 -0.519013 0.819237 -0.243877 -0.519013 0.819237 -0.243877 -0.519013 0.819237 -0.243877 -0.481293 0.829144 -0.284391 -0.481293 0.829144 -0.284391 -0.481293 0.829144 -0.284391 -0.406368 0.909371 -0.0889345 -0.406368 0.909371 -0.0889345 -0.406368 0.909371 -0.0889345 -0.423193 0.899519 -0.108507 -0.423193 0.899519 -0.108507 -0.423193 0.899519 -0.108507 -0.363397 0.908752 -0.205211 -0.363397 0.908752 -0.205211 -0.363397 0.908752 -0.205211 -0.362222 0.909125 -0.205637 -0.362222 0.909125 -0.205637 -0.362222 0.909125 -0.205637 1.0 0.0 0.0 1.0 0.0 0.0 1.0 0.0 0.0 1.0 0.0 0.0 1.0 0.0 0.0 1.0 0.0 0.0 1.0 0.0 0.0 1.0 0.0 0.0 1.0 0.0 0.0 1.0 0.0 0.0 1.0 0.0 0.0 1.0 0.0 0.0 1.0 0.0 0.0 1.0 0.0 0.0 1.0 0.0 0.0 1.0 0.0 0.0 1.0 0.0 0.0 1.0 0.0 0.0 1.0 0.0 0.0 1.0 0.0 0.0 1.0 0.0 0.0 -0.501994 -0.0609291 0.862722 -0.501994 -0.0609291 0.862722 -0.501994 -0.0609291 0.862722 1.0 0.0 0.0 1.0 0.0 0.0 1.0 0.0 0.0 1.0 0.0 0.0 1.0 0.0 0.0 1.0 0.0 0.0 1.0 0.0 0.0 1.0 0.0 0.0 1.0 0.0 0.0 1.0 0.0 0.0 1.0 0.0 0.0 1.0 0.0 0.0 1.0 0.0 0.0 1.0 0.0 0.0 1.0 0.0 0.0 1.0 0.0 0.0 1.0 0.0 0.0 1.0 0.0 0.0 1.0 0.0 0.0 1.0 0.0 0.0 1.0 0.0 0.0 1.0 0.0 0.0 1.0 0.0 0.0 1.0 0.0 0.0 1.0 0.0 0.0 1.0 0.0 0.0 1.0 0.0 0.0 1.0 0.0 0.0 1.0 0.0 0.0 1.0 0.0 0.0 1.0 0.0 0.0 1.0 0.0 0.0 1.0 0.0 0.0 1.0 0.0 0.0 1.0 0.0 0.0 1.0 0.0 0.0 1.0 0.0 0.0 1.0 0.0 0.0 1.0 0.0 0.0 -0.40107 -0.0650285 0.913736 -0.40107 -0.0650285 0.913736 -0.40107 -0.0650285 0.913736 1.0 0.0 0.0 1.0 0.0 0.0 1.0 0.0 0.0 1.0 0.0 0.0 1.0 0.0 0.0 1.0 0.0 0.0 0.950103 0.0 0.311936 0.950103 0.0 0.311936 0.950103 0.0 0.311936 0.939474 0.0 0.342621 0.939474 0.0 0.342621 0.939474 0.0 0.342621 0.851158 -0.381162 0.360896 0.851158 -0.381162 0.360896 0.851158 -0.381162 0.360896 0.857118 -0.392747 0.333314 0.857118 -0.392747 0.333314 0.857118 -0.392747 0.333314 0.850324 -0.416166 0.322111 0.850324 -0.416166 0.322111 0.850324 -0.416166 0.322111 0.922189 -0.373532 0.100204 0.922189 -0.373532 0.100204 0.922189 -0.373532 0.100204 0.937314 -0.0167665 0.348082 0.937314 -0.0167665 0.348082 0.937314 -0.0167665 0.348082 0.867131 -0.033747 0.496935 0.867131 -0.033747 0.496935 0.867131 -0.033747 0.496935 1.0 0.0 0.0 1.0 0.0 0.0 1.0 0.0 0.0 1.0 0.0 0.0 1.0 0.0 0.0 1.0 0.0 0.0 1.0 0.0 0.0 1.0 0.0 0.0 1.0 0.0 0.0 1.0 0.0 0.0 1.0 0.0 0.0 1.0 0.0 0.0 1.0 0.0 0.0 1.0 0.0 0.0 1.0 0.0 0.0 1.0 0.0 0.0 1.0 0.0 0.0 1.0 0.0 0.0 1.0 0.0 0.0 1.0 0.0 0.0 1.0 0.0 0.0 0.76173 0.525283 0.379269 0.76173 0.525283 0.379269 0.76173 0.525283 0.379269 1.0 0.0 0.0 1.0 0.0 0.0 1.0 0.0 0.0 1.0 0.0 0.0 1.0 0.0 0.0 1.0 0.0 0.0 1.0 0.0 0.0 1.0 0.0 0.0 1.0 0.0 0.0 1.0 0.0 0.0 1.0 0.0 0.0 1.0 0.0 0.0 1.0 0.0 0.0 1.0 0.0 0.0 1.0 0.0 0.0 1.0 0.0 0.0 1.0 0.0 0.0 1.0 0.0 0.0 1.0 0.0 0.0 1.0 0.0 0.0 1.0 0.0 0.0 1.0 0.0 0.0 1.0 0.0 0.0 1.0 0.0 0.0 1.0 0.0 0.0 1.0 0.0 0.0 1.0 0.0 0.0 1.0 0.0 0.0 1.0 0.0 0.0 1.0 0.0 0.0 1.0 0.0 0.0 1.0 0.0 0.0 1.0 0.0 0.0 1.0 0.0 0.0 1.0 0.0 0.0 1.0 0.0 0.0 -0.948272 -0.0559608 -0.312486 -0.948272 -0.0559608 -0.312486 -0.948272 -0.0559608 -0.312486 1.0 0.0 0.0 1.0 0.0 0.0 1.0 0.0 0.0 1.0 0.0 0.0 1.0 0.0 0.0 1.0 0.0 0.0 1.0 0.0 0.0 1.0 0.0 0.0 1.0 0.0 0.0 0.941422 -0.149033 0.302511 0.941422 -0.149033 0.302511 0.941422 -0.149033 0.302511 0.941424 -0.149033 0.302505 0.941424 -0.149033 0.302505 0.941424 -0.149033 0.302505 0.726254 -0.0713929 0.683709 0.726254 -0.0713929 0.683709 0.726254 -0.0713929 0.683709 0.726253 -0.0713928 0.683711 0.726253 -0.0713928 0.683711 0.726253 -0.0713928 0.683711 0.728112 0.0 0.685458 0.728112 0.0 0.685458 0.728112 0.0 0.685458 0.682998 -0.335557 0.64878 0.682998 -0.335557 0.64878 0.682998 -0.335557 0.64878 0.962848 -0.0564941 0.264069 0.962848 -0.0564941 0.264069 0.962848 -0.0564941 0.264069 0.958567 -0.0629651 0.27782 0.958567 -0.0629651 0.27782 0.958567 -0.0629651 0.27782 0.0219057 0.229278 0.973114 0.0219057 0.229278 0.973114 0.0219057 0.229278 0.973114 1.0 0.0 0.0 1.0 0.0 0.0 1.0 0.0 0.0 1.0 0.0 0.0 1.0 0.0 0.0 1.0 0.0 0.0 1.0 0.0 0.0 1.0 0.0 0.0 1.0 0.0 0.0 1.0 0.0 0.0 1.0 0.0 0.0 1.0 0.0 0.0 1.0 0.0 0.0 1.0 0.0 0.0 1.0 0.0 0.0 1.0 0.0 0.0 1.0 0.0 0.0 1.0 0.0 0.0 1.0 0.0 0.0 1.0 0.0 0.0 1.0 0.0 0.0 1.0 0.0 0.0 1.0 0.0 0.0 1.0 0.0 0.0 1.0 0.0 0.0 1.0 0.0 0.0 1.0 0.0 0.0 1.0 0.0 0.0 1.0 0.0 0.0 1.0 0.0 0.0 1.0 0.0 0.0 1.0 0.0 0.0 1.0 0.0 0.0 1.0 0.0 0.0 1.0 0.0 0.0 1.0 0.0 0.0 1.0 0.0 0.0 1.0 0.0 0.0 1.0 0.0 0.0 1.0 0.0 0.0 1.0 0.0 0.0 1.0 0.0 0.0 1.0 0.0 0.0 1.0 0.0 0.0 1.0 0.0 0.0 1.0 0.0 0.0 1.0 0.0 0.0 1.0 0.0 0.0 1.0 0.0 0.0 1.0 0.0 0.0 1.0 0.0 0.0 1.0 0.0 0.0 1.0 0.0 0.0 1.0 0.0 0.0 -0.404553 0.231589 0.884705 -0.404553 0.231589 0.884705 -0.404553 0.231589 0.884705 1.0 0.0 0.0 1.0 0.0 0.0 1.0 0.0 0.0 1.0 0.0 0.0 1.0 0.0 0.0 1.0 0.0 0.0 1.0 0.0 0.0 1.0 0.0 0.0 1.0 0.0 0.0 1.0 0.0 0.0 1.0 0.0 0.0 1.0 0.0 0.0 0.945791 0.023032 0.323958 0.945791 0.023032 0.323958 0.945791 0.023032 0.323958 0.945007 0.00980193 0.326903 0.945007 0.00980193 0.326903 0.945007 0.00980193 0.326903 0.880681 -0.321943 0.347496 0.880681 -0.321943 0.347496 0.880681 -0.321943 0.347496 0.799157 -0.433631 0.416307 0.799157 -0.433631 0.416307 0.799157 -0.433631 0.416307 0.868699 -0.366643 0.333068 0.868699 -0.366643 0.333068 0.868699 -0.366643 0.333068 0.850051 -0.368597 0.376231 0.850051 -0.368597 0.376231 0.850051 -0.368597 0.376231 0.93876 0.0 0.344572 0.93876 0.0 0.344572 0.93876 0.0 0.344572 0.947705 0.0 0.319148 0.947705 0.0 0.319148 0.947705 0.0 0.319148 </tangents>
			<binormals count='19872'>0.102619 0.134108 -0.902728 0.102619 0.134108 -0.902728 0.102619 0.134108 -0.902728 0.00240231 0.483392 -0.817895 0.00240231 0.483392 -0.817895 0.00240231 0.483392 -0.817895 0.236198 0.162201 -0.957983 0.236198 0.162201 -0.957983 0.236198 0.162201 -0.957983 0.12961 0.685021 -0.714283 0.12961 0.685021 -0.714283 0.12961 0.685021 -0.714283 0.283453 0.0368671 -0.949686 0.283453 0.0368671 -0.949686 0.283453 0.0368671 -0.949686 0.271484 0.216037 -0.910037 0.271484 0.216037 -0.910037 0.271484 0.216037 -0.910037 0.0183885 0.00715173 0.937788 0.0183885 0.00715173 0.937788 0.0183885 0.00715173 0.937788 0.0316312 0.129627 -0.953243 0.0316312 0.129627 -0.953243 0.0316312 0.129627 -0.953243 0.230975 0.208665 -0.940579 0.230975 0.208665 -0.940579 0.230975 0.208665 -0.940579 0.120187 0.641142 -0.756966 0.120187 0.641142 -0.756966 0.120187 0.641142 -0.756966 0.239134 0.194033 -0.940797 0.239134 0.194033 -0.940797 0.239134 0.194033 -0.940797 0.134561 0.581745 -0.802023 0.134561 0.581745 -0.802023 0.134561 0.581745 -0.802023 0.274079 0.0818129 -0.918393 0.274079 0.0818129 -0.918393 0.274079 0.0818129 -0.918393 0.27239 0.185088 -0.912993 0.27239 0.185088 -0.912993 0.27239 0.185088 -0.912993 0.274079 0.0818127 -0.918399 0.274079 0.0818127 -0.918399 0.274079 0.0818127 -0.918399 0.272235 0.200003 -0.912526 0.272235 0.200003 -0.912526 0.272235 0.200003 -0.912526 -0.0281424 0.0110854 -0.931748 -0.0281424 0.0110854 -0.931748 -0.0281424 0.0110854 -0.931748 0.0198684 0.0041447 0.966671 0.0198684 0.0041447 0.966671 0.0198684 0.0041447 0.966671 0.283644 0.0368537 -0.950324 0.283644 0.0368537 -0.950324 0.283644 0.0368537 -0.950324 0.274078 0.0818124 -0.918387 0.274078 0.0818124 -0.918387 0.274078 0.0818124 -0.918387 0.283644 0.0368537 -0.950326 0.283644 0.0368537 -0.950326 0.283644 0.0368537 -0.950326 0.274078 0.0818124 -0.918393 0.274078 0.0818124 -0.918393 0.274078 0.0818124 -0.918393 -0.0276463 0.0149356 -0.931145 -0.0276463 0.0149356 -0.931145 -0.0276463 0.0149356 -0.931145 0.0311609 0.00404871 0.967805 0.0311609 0.00404871 0.967805 0.0311609 0.00404871 0.967805 0.274079 0.0818127 -0.918393 0.274079 0.0818127 -0.918393 0.274079 0.0818127 -0.918393 0.274079 0.0818129 -0.918393 0.274079 0.0818129 -0.918393 0.274079 0.0818129 -0.918393 0.27408 0.081813 -0.918387 0.27408 0.081813 -0.918387 0.27408 0.081813 -0.918387 0.274079 0.081813 -0.918387 0.274079 0.081813 -0.918387 0.274079 0.081813 -0.918387 0.274079 0.0818129 -0.918393 0.274079 0.0818129 -0.918393 0.274079 0.0818129 -0.918393 0.27408 0.0818131 -0.918392 0.27408 0.0818131 -0.918392 0.27408 0.0818131 -0.918392 0.274079 0.0818127 -0.918398 0.274079 0.0818127 -0.918398 0.274079 0.0818127 -0.918398 0.274079 0.0818129 -0.918398 0.274079 0.0818129 -0.918398 0.274079 0.0818129 -0.918398 -0.0276462 0.0149355 -0.931154 -0.0276462 0.0149355 -0.931154 -0.0276462 0.0149355 -0.931154 0.0311608 0.0040487 0.967799 0.0311608 0.0040487 0.967799 0.0311608 0.0040487 0.967799 0.283644 0.0368537 -0.950324 0.283644 0.0368537 -0.950324 0.283644 0.0368537 -0.950324 0.274078 0.0818124 -0.918387 0.274078 0.0818124 -0.918387 0.274078 0.0818124 -0.918387 0.283644 0.0368537 -0.950326 0.283644 0.0368537 -0.950326 0.283644 0.0368537 -0.950326 0.274078 0.0818124 -0.918393 0.274078 0.0818124 -0.918393 0.274078 0.0818124 -0.918393 -0.0276463 0.0149356 -0.931146 -0.0276463 0.0149356 -0.931146 -0.0276463 0.0149356 -0.931146 0.0311608 0.00404871 0.967804 0.0311608 0.00404871 0.967804 0.0311608 0.00404871 0.967804 0.274079 0.0818127 -0.918393 0.274079 0.0818127 -0.918393 0.274079 0.0818127 -0.918393 0.274079 0.0818129 -0.918392 0.274079 0.0818129 -0.918392 0.274079 0.0818129 -0.918392 0.27408 0.081813 -0.918387 0.27408 0.081813 -0.918387 0.27408 0.081813 -0.918387 0.274079 0.081813 -0.918387 0.274079 0.081813 -0.918387 0.274079 0.081813 -0.918387 0.274079 0.0818129 -0.918393 0.274079 0.0818129 -0.918393 0.274079 0.0818129 -0.918393 0.27408 0.0818131 -0.918392 0.27408 0.0818131 -0.918392 0.27408 0.0818131 -0.918392 0.274079 0.0818127 -0.918398 0.274079 0.0818127 -0.918398 0.274079 0.0818127 -0.918398 0.274079 0.0818129 -0.918398 0.274079 0.0818129 -0.918398 0.274079 0.0818129 -0.918398 0.0533912 0.198264 0.909463 0.0533912 0.198264 0.909463 0.0533912 0.198264 0.909463 0.0311608 0.0040487 0.967799 0.0311608 0.0040487 0.967799 0.0311608 0.0040487 0.967799 -0.280092 0.127644 0.93802 -0.280092 0.127644 0.93802 -0.280092 0.127644 0.93802 0.274078 0.0818124 -0.918388 0.274078 0.0818124 -0.918388 0.274078 0.0818124 -0.918388 -0.302414 0.653358 0.680588 -0.302414 0.653358 0.680588 -0.302414 0.653358 0.680588 -0.317452 0.0612054 0.920947 -0.317452 0.0612054 0.920947 -0.317452 0.0612054 0.920947 0.0388629 0.524283 0.678463 0.0388629 0.524283 0.678463 0.0388629 0.524283 0.678463 0.018196 0.170587 0.980853 0.018196 0.170587 0.980853 0.018196 0.170587 0.980853 -0.270655 0.0727334 0.906534 -0.270655 0.0727334 0.906534 -0.270655 0.0727334 0.906534 0.274079 0.0818129 -0.918392 0.274079 0.0818129 -0.918392 0.274079 0.0818129 -0.918392 -0.270653 0.0727331 0.906529 -0.270653 0.0727331 0.906529 -0.270653 0.0727331 0.906529 0.274079 0.081813 -0.918387 0.274079 0.081813 -0.918387 0.274079 0.081813 -0.918387 -0.289655 0.602028 0.659726 -0.289655 0.602028 0.659726 -0.289655 0.602028 0.659726 -0.317453 0.061205 0.920946 -0.317453 0.061205 0.920946 -0.317453 0.061205 0.920946 -0.289668 0.602026 0.659725 -0.289668 0.602026 0.659725 -0.289668 0.602026 0.659725 -0.31746 0.061203 0.920947 -0.31746 0.061203 0.920947 -0.31746 0.061203 0.920947 -0.33226 0.915728 0.158503 -0.33226 0.915728 0.158503 -0.33226 0.915728 0.158503 -0.419017 0.634627 0.507975 -0.419017 0.634627 0.507975 -0.419017 0.634627 0.507975 -0.137267 0.925794 0.183349 -0.137267 0.925794 0.183349 -0.137267 0.925794 0.183349 -0.323412 0.552921 0.622324 -0.323412 0.552921 0.622324 -0.323412 0.552921 0.622324 -0.0154432 0.981072 0.0431361 -0.0154432 0.981072 0.0431361 -0.0154432 0.981072 0.0431361 -0.0517274 0.913904 0.144511 -0.0517274 0.913904 0.144511 -0.0517274 0.913904 0.144511 -0.255419 0.772326 -0.0238402 -0.255419 0.772326 -0.0238402 -0.255419 0.772326 -0.0238402 -0.339596 0.92678 0.160029 -0.339596 0.92678 0.160029 -0.339596 0.92678 0.160029 -0.114383 0.872469 0.140976 -0.114383 0.872469 0.140976 -0.114383 0.872469 0.140976 -0.323413 0.552918 0.622323 -0.323413 0.552918 0.622323 -0.323413 0.552918 0.622323 -0.114383 0.872469 0.140976 -0.114383 0.872469 0.140976 -0.114383 0.872469 0.140976 -0.323414 0.55292 0.622324 -0.323414 0.55292 0.622324 -0.323414 0.55292 0.622324 0.0 0.941495 0.0 0.0 0.941495 0.0 0.0 0.941495 0.0 -0.05173 0.913896 0.144509 -0.05173 0.913896 0.144509 -0.05173 0.913896 0.144509 0.0 -0.941501 0.0 0.0 -0.941501 0.0 0.0 -0.941501 0.0 -0.0517274 0.913904 0.144511 -0.0517274 0.913904 0.144511 -0.0517274 0.913904 0.144511 -0.266342 0.799824 -0.0299204 -0.266342 0.799824 -0.0299204 -0.266342 0.799824 -0.0299204 -0.321573 0.945105 -0.00613572 -0.321573 0.945105 -0.00613572 -0.321573 0.945105 -0.00613572 -0.0152966 0.981189 0.0427324 -0.0152966 0.981189 0.0427324 -0.0152966 0.981189 0.0427324 0.0 0.941496 0.0 0.0 0.941496 0.0 0.0 0.941496 0.0 -0.0149785 0.981576 0.0418361 -0.0149785 0.981576 0.0418361 -0.0149785 0.981576 0.0418361 0.0 -0.941498 0.0 0.0 -0.941498 0.0 0.0 -0.941498 0.0 -0.261466 0.788479 -0.0388731 -0.261466 0.788479 -0.0388731 -0.261466 0.788479 -0.0388731 -0.320382 0.946507 -0.00647103 -0.320382 0.946507 -0.00647103 -0.320382 0.946507 -0.00647103 0.0 -0.941499 0.0 0.0 -0.941499 0.0 0.0 -0.941499 0.0 0.0 -0.941499 0.0 0.0 -0.941499 0.0 0.0 -0.941499 0.0 0.0 -0.941503 0.0 0.0 -0.941503 0.0 0.0 -0.941503 0.0 0.0 0.941503 0.0 0.0 0.941503 0.0 0.0 0.941503 0.0 0.0 0.941503 0.0 0.0 0.941503 0.0 0.0 0.941503 0.0 0.0 -0.941503 0.0 0.0 -0.941503 0.0 0.0 -0.941503 0.0 0.0 -0.941499 0.0 0.0 -0.941499 0.0 0.0 -0.941499 0.0 0.0 0.941499 0.0 0.0 0.941499 0.0 0.0 0.941499 0.0 0.263163 -0.802152 0.0795432 0.263163 -0.802152 0.0795432 0.263163 -0.802152 0.0795432 -0.324211 0.943317 -0.00872611 -0.324211 0.943317 -0.00872611 -0.324211 0.943317 -0.00872611 -0.00609749 0.984683 0.017034 -0.00609749 0.984683 0.017034 -0.00609749 0.984683 0.017034 0.0 0.941497 0.0 0.0 0.941497 0.0 0.0 0.941497 0.0 -0.0202779 -0.988477 0.0519793 -0.0202779 -0.988477 0.0519793 -0.0202779 -0.988477 0.0519793 -0.0100851 -0.94387 0.0226121 -0.0100851 -0.94387 0.0226121 -0.0100851 -0.94387 0.0226121 0.250507 -0.784443 0.175468 0.250507 -0.784443 0.175468 0.250507 -0.784443 0.175468 0.327387 -0.94279 0.0386985 0.327387 -0.94279 0.0386985 0.327387 -0.94279 0.0386985 -0.00809822 -0.943707 0.022623 -0.00809822 -0.943707 0.022623 -0.00809822 -0.943707 0.022623 0.0 -0.941497 0.0 0.0 -0.941497 0.0 0.0 -0.941497 0.0 -0.00808375 -0.94364 0.0225828 -0.00808375 -0.94364 0.0225828 -0.00808375 -0.94364 0.0225828 0.0 0.941498 0.0 0.0 0.941498 0.0 0.0 0.941498 0.0 -0.0340213 -0.946682 0.0877403 -0.0340213 -0.946682 0.0877403 -0.0340213 -0.946682 0.0877403 -0.010719 -0.943792 0.0225434 -0.010719 -0.943792 0.0225434 -0.010719 -0.943792 0.0225434 -0.0336075 -0.946992 0.0875233 -0.0336075 -0.946992 0.0875233 -0.0336075 -0.946992 0.0875233 -0.0105109 -0.943814 0.0225694 -0.0105109 -0.943814 0.0225694 -0.0105109 -0.943814 0.0225694 0.19878 -0.790854 0.357486 0.19878 -0.790854 0.357486 0.19878 -0.790854 0.357486 0.307144 -0.931622 0.115725 0.307144 -0.931622 0.115725 0.307144 -0.931622 0.115725 -0.0714586 -0.977821 0.186377 -0.0714586 -0.977821 0.186377 -0.0714586 -0.977821 0.186377 -0.0354519 -0.947671 0.0875328 -0.0354519 -0.947671 0.0875328 -0.0354519 -0.947671 0.0875328 -0.125215 -0.922085 0.339724 -0.125215 -0.922085 0.339724 -0.125215 -0.922085 0.339724 -0.11619 -0.924276 0.195259 -0.11619 -0.924276 0.195259 -0.11619 -0.924276 0.195259 0.156622 -0.811634 0.515146 0.156622 -0.811634 0.515146 0.156622 -0.811634 0.515146 0.215187 -0.915127 0.253922 0.215187 -0.915127 0.253922 0.215187 -0.915127 0.253922 -0.0779719 -0.942259 0.202046 -0.0779719 -0.942259 0.202046 -0.0779719 -0.942259 0.202046 -0.03739 -0.947599 0.0877308 -0.03739 -0.947599 0.0877308 -0.03739 -0.947599 0.0877308 -0.0759696 -0.941823 0.194997 -0.0759696 -0.941823 0.194997 -0.0759696 -0.941823 0.194997 -0.0382403 -0.94768 0.0877348 -0.0382403 -0.94768 0.0877348 -0.0382403 -0.94768 0.0877348 -0.124365 -0.917837 0.335873 -0.124365 -0.917837 0.335873 -0.124365 -0.917837 0.335873 -0.0771436 -0.944413 0.194388 -0.0771436 -0.944413 0.194388 -0.0771436 -0.944413 0.194388 -0.140238 -0.916231 0.355842 -0.140238 -0.916231 0.355842 -0.140238 -0.916231 0.355842 -0.0988914 -0.932134 0.191438 -0.0988914 -0.932134 0.191438 -0.0988914 -0.932134 0.191438 0.184164 -0.133722 0.899051 0.184164 -0.133722 0.899051 0.184164 -0.133722 0.899051 0.361746 0.765319 -0.111801 0.361746 0.765319 -0.111801 0.361746 0.765319 -0.111801 0.113495 -0.715739 0.585672 0.113495 -0.715739 0.585672 0.113495 -0.715739 0.585672 -0.373516 -0.825581 0.260068 -0.373516 -0.825581 0.260068 -0.373516 -0.825581 0.260068 0.274717 -0.193182 0.844142 0.274717 -0.193182 0.844142 0.274717 -0.193182 0.844142 0.669502 -0.362471 0.643759 0.669502 -0.362471 0.643759 0.669502 -0.362471 0.643759 0.112702 -0.0747598 0.960952 0.112702 -0.0747598 0.960952 0.112702 -0.0747598 0.960952 0.586375 0.284894 0.743898 0.586375 0.284894 0.743898 0.586375 0.284894 0.743898 -0.0793013 -0.893376 0.416533 -0.0793013 -0.893376 0.416533 -0.0793013 -0.893376 0.416533 -0.110542 -0.914376 0.336466 -0.110542 -0.914376 0.336466 -0.110542 -0.914376 0.336466 -0.183154 -0.860393 0.455261 -0.183154 -0.860393 0.455261 -0.183154 -0.860393 0.455261 -0.141317 -0.915362 0.332561 -0.141317 -0.915362 0.332561 -0.141317 -0.915362 0.332561 -0.227922 -0.776043 0.585683 -0.227922 -0.776043 0.585683 -0.227922 -0.776043 0.585683 -0.180213 -0.879135 0.438772 -0.180213 -0.879135 0.438772 -0.180213 -0.879135 0.438772 -0.1123 -0.8806 0.406089 -0.1123 -0.8806 0.406089 -0.1123 -0.8806 0.406089 -0.182757 -0.854795 0.424575 -0.182757 -0.854795 0.424575 -0.182757 -0.854795 0.424575 0.139454 -0.0255585 0.975534 0.139454 -0.0255585 0.975534 0.139454 -0.0255585 0.975534 0.360443 0.149178 0.918415 0.360443 0.149178 0.918415 0.360443 0.149178 0.918415 0.204295 0.1229 0.932228 0.204295 0.1229 0.932228 0.204295 0.1229 0.932228 0.597491 -0.146626 0.778889 0.597491 -0.146626 0.778889 0.597491 -0.146626 0.778889 0.0266846 -0.161901 0.98599 0.0266846 -0.161901 0.98599 0.0266846 -0.161901 0.98599 0.3638 -0.0500306 0.875773 0.3638 -0.0500306 0.875773 0.3638 -0.0500306 0.875773 0.065865 -0.00640401 0.995726 0.065865 -0.00640401 0.995726 0.065865 -0.00640401 0.995726 0.184294 -0.126896 0.97442 0.184294 -0.126896 0.97442 0.184294 -0.126896 0.97442 -0.544673 -0.43164 -0.711632 -0.544673 -0.43164 -0.711632 -0.544673 -0.43164 -0.711632 -0.911999 -0.0303661 -0.403052 -0.911999 -0.0303661 -0.403052 -0.911999 -0.0303661 -0.403052 -0.830715 0.0404453 -0.50529 -0.830715 0.0404453 -0.50529 -0.830715 0.0404453 -0.50529 -0.865481 0.085591 -0.472373 -0.865481 0.085591 -0.472373 -0.865481 0.085591 -0.472373 -0.205374 -0.120543 -0.564038 -0.205374 -0.120543 -0.564038 -0.205374 -0.120543 -0.564038 -0.664244 -0.0187326 -0.314555 -0.664244 -0.0187326 -0.314555 -0.664244 -0.0187326 -0.314555 -0.130387 -0.200634 -0.885936 -0.130387 -0.200634 -0.885936 -0.130387 -0.200634 -0.885936 -0.620862 -0.0632845 -0.517501 -0.620862 -0.0632845 -0.517501 -0.620862 -0.0632845 -0.517501 -0.141202 -0.0401184 0.97526 -0.141202 -0.0401184 0.97526 -0.141202 -0.0401184 0.97526 0.0648958 -0.035856 0.997167 0.0648958 -0.035856 0.997167 0.0648958 -0.035856 0.997167 -0.37468 -0.084303 0.768409 -0.37468 -0.084303 0.768409 -0.37468 -0.084303 0.768409 0.039304 -0.0530086 0.989143 0.039304 -0.0530086 0.989143 0.039304 -0.0530086 0.989143 -0.673046 -0.379282 0.454045 -0.673046 -0.379282 0.454045 -0.673046 -0.379282 0.454045 -0.164922 -0.252748 0.903557 -0.164922 -0.252748 0.903557 -0.164922 -0.252748 0.903557 -0.392443 -0.157451 0.84219 -0.392443 -0.157451 0.84219 -0.392443 -0.157451 0.84219 -0.0512291 -0.102609 0.980402 -0.0512291 -0.102609 0.980402 -0.0512291 -0.102609 0.980402 -0.569304 -0.142189 0.322051 -0.569304 -0.142189 0.322051 -0.569304 -0.142189 0.322051 0.0481175 0.114962 -0.7999 0.0481175 0.114962 -0.7999 0.0481175 0.114962 -0.7999 -0.621457 -0.145428 0.368198 -0.621457 -0.145428 0.368198 -0.621457 -0.145428 0.368198 -0.227867 -0.0680183 0.194795 -0.227867 -0.0680183 0.194795 -0.227867 -0.0680183 0.194795 -0.924394 -0.365297 0.105616 -0.924394 -0.365297 0.105616 -0.924394 -0.365297 0.105616 -0.887566 -0.273286 -0.0146243 -0.887566 -0.273286 -0.0146243 -0.887566 -0.273286 -0.0146243 -0.920458 -0.375663 0.0955818 -0.920458 -0.375663 0.0955818 -0.920458 -0.375663 0.0955818 -0.549505 -0.54924 0.540252 -0.549505 -0.54924 0.540252 -0.549505 -0.54924 0.540252 -0.547543 -0.1753 0.543247 -0.547543 -0.1753 0.543247 -0.547543 -0.1753 0.543247 -0.141194 0.0596278 0.952646 -0.141194 0.0596278 0.952646 -0.141194 0.0596278 0.952646 0.56866 0.533793 -0.0117829 0.56866 0.533793 -0.0117829 0.56866 0.533793 -0.0117829 -0.272058 -0.209904 0.521305 -0.272058 -0.209904 0.521305 -0.272058 -0.209904 0.521305 0.304235 0.813192 0.274988 0.304235 0.813192 0.274988 0.304235 0.813192 0.274988 -0.628546 -0.653507 0.36981 -0.628546 -0.653507 0.36981 -0.628546 -0.653507 0.36981 0.63879 0.540486 -0.103557 0.63879 0.540486 -0.103557 0.63879 0.540486 -0.103557 0.173315 -0.0769907 -0.497964 0.173315 -0.0769907 -0.497964 0.173315 -0.0769907 -0.497964 0.385767 -0.488374 -0.367065 0.385767 -0.488374 -0.367065 0.385767 -0.488374 -0.367065 0.270532 -0.161612 -0.397308 0.270532 -0.161612 -0.397308 0.270532 -0.161612 -0.397308 0.169566 -0.744484 -0.458603 0.169566 -0.744484 -0.458603 0.169566 -0.744484 -0.458603 0.215105 -0.65855 -0.597887 0.215105 -0.65855 -0.597887 0.215105 -0.65855 -0.597887 0.176571 -0.813686 -0.335008 0.176571 -0.813686 -0.335008 0.176571 -0.813686 -0.335008 0.220967 -0.744362 -0.457859 0.220967 -0.744362 -0.457859 0.220967 -0.744362 -0.457859 0.246504 -0.706557 -0.302958 0.246504 -0.706557 -0.302958 0.246504 -0.706557 -0.302958 0.19004 -0.566609 -0.417006 0.19004 -0.566609 -0.417006 0.19004 -0.566609 -0.417006 0.0643323 -0.255412 -0.0675795 0.0643323 -0.255412 -0.0675795 0.0643323 -0.255412 -0.0675795 -0.145148 -0.343058 0.0711113 -0.145148 -0.343058 0.0711113 -0.145148 -0.343058 0.0711113 0.149197 -0.799848 -0.190196 0.149197 -0.799848 -0.190196 0.149197 -0.799848 -0.190196 0.125494 -0.64316 -0.331497 0.125494 -0.64316 -0.331497 0.125494 -0.64316 -0.331497 0.0472609 -0.916383 -0.115063 0.0472609 -0.916383 -0.115063 0.0472609 -0.916383 -0.115063 0.0568341 -0.817722 -0.179444 0.0568341 -0.817722 -0.179444 0.0568341 -0.817722 -0.179444 -0.288136 -0.801203 0.00585619 -0.288136 -0.801203 0.00585619 -0.288136 -0.801203 0.00585619 0.204142 0.380867 -0.183217 0.204142 0.380867 -0.183217 0.204142 0.380867 -0.183217 0.10209 -0.874048 -0.200041 0.10209 -0.874048 -0.200041 0.10209 -0.874048 -0.200041 0.137677 -0.799628 -0.35451 0.137677 -0.799628 -0.35451 0.137677 -0.799628 -0.35451 0.0864741 -0.897476 -0.201797 0.0864741 -0.897476 -0.201797 0.0864741 -0.897476 -0.201797 0.133485 -0.832931 -0.336816 0.133485 -0.832931 -0.336816 0.133485 -0.832931 -0.336816 0.052395 -0.924582 -0.122779 0.052395 -0.924582 -0.122779 0.052395 -0.924582 -0.122779 0.0851887 -0.895458 -0.203641 0.0851887 -0.895458 -0.203641 0.0851887 -0.895458 -0.203641 0.0523429 -0.91937 -0.124638 0.0523429 -0.91937 -0.124638 0.0523429 -0.91937 -0.124638 0.0766289 -0.892879 -0.205807 0.0766289 -0.892879 -0.205807 0.0766289 -0.892879 -0.205807 0.299549 0.224423 -0.357279 0.299549 0.224423 -0.357279 0.299549 0.224423 -0.357279 0.274278 0.6959 -0.0103167 0.274278 0.6959 -0.0103167 0.274278 0.6959 -0.0103167 -0.0482411 -0.83427 0.00479487 -0.0482411 -0.83427 0.00479487 -0.0482411 -0.83427 0.00479487 0.0289192 -0.915115 -0.113972 0.0289192 -0.915115 -0.113972 0.0289192 -0.915115 -0.113972 0.0893894 0.833857 -0.0447002 0.0893894 0.833857 -0.0447002 0.0893894 0.833857 -0.0447002 -0.0421272 -0.913333 -0.0581239 -0.0421272 -0.913333 -0.0581239 -0.0421272 -0.913333 -0.0581239 0.326672 0.205105 -0.385698 0.326672 0.205105 -0.385698 0.326672 0.205105 -0.385698 0.340454 0.665381 -0.0749977 0.340454 0.665381 -0.0749977 0.340454 0.665381 -0.0749977 0.0103983 -0.913941 -0.0615562 0.0103983 -0.913941 -0.0615562 0.0103983 -0.913941 -0.0615562 0.0455672 -0.918041 -0.12419 0.0455672 -0.918041 -0.12419 0.0455672 -0.918041 -0.12419 0.0432108 -0.941753 -0.0906773 0.0432108 -0.941753 -0.0906773 0.0432108 -0.941753 -0.0906773 0.069172 -0.918913 -0.125249 0.069172 -0.918913 -0.125249 0.069172 -0.918913 -0.125249 0.0435093 -0.948625 -0.0527598 0.0435093 -0.948625 -0.0527598 0.0435093 -0.948625 -0.0527598 0.0480973 -0.927906 -0.0814878 0.0480973 -0.927906 -0.0814878 0.0480973 -0.927906 -0.0814878 -0.0370554 -0.917071 0.000248389 -0.0370554 -0.917071 0.000248389 -0.0370554 -0.917071 0.000248389 0.0105359 -0.927387 -0.0803718 0.0105359 -0.927387 -0.0803718 0.0105359 -0.927387 -0.0803718 0.302106 0.300086 -0.370392 0.302106 0.300086 -0.370392 0.302106 0.300086 -0.370392 0.364529 0.702926 -0.106297 0.364529 0.702926 -0.106297 0.364529 0.702926 -0.106297 0.049017 0.874029 -0.0667306 0.049017 0.874029 -0.0667306 0.049017 0.874029 -0.0667306 0.090263 0.915329 -0.00356218 0.090263 0.915329 -0.00356218 0.090263 0.915329 -0.00356218 0.0568645 0.937483 -0.068197 0.0568645 0.937483 -0.068197 0.0568645 0.937483 -0.068197 -0.0309456 0.872877 -0.053801 -0.0309456 0.872877 -0.053801 -0.0309456 0.872877 -0.053801 0.335794 0.857318 -0.0844583 0.335794 0.857318 -0.0844583 0.335794 0.857318 -0.0844583 0.190734 0.634858 -0.353711 0.190734 0.634858 -0.353711 0.190734 0.634858 -0.353711 0.0976789 0.926559 -0.0694402 0.0976789 0.926559 -0.0694402 0.0976789 0.926559 -0.0694402 0.0472387 0.932846 0.0128845 0.0472387 0.932846 0.0128845 0.0472387 0.932846 0.0128845 0.0636036 0.923326 -0.0583517 0.0636036 0.923326 -0.0583517 0.0636036 0.923326 -0.0583517 0.0365063 -0.948706 -0.0529577 0.0365063 -0.948706 -0.0529577 0.0365063 -0.948706 -0.0529577 0.141501 0.910018 -0.103416 0.141501 0.910018 -0.103416 0.141501 0.910018 -0.103416 0.0620368 0.935467 -0.00880338 0.0620368 0.935467 -0.00880338 0.0620368 0.935467 -0.00880338 0.116753 0.935081 -0.0682159 0.116753 0.935081 -0.0682159 0.116753 0.935081 -0.0682159 0.107096 0.922 -0.0601529 0.107096 0.922 -0.0601529 0.107096 0.922 -0.0601529 0.194666 0.935943 -0.288816 0.194666 0.935943 -0.288816 0.194666 0.935943 -0.288816 0.227438 0.55167 -0.363144 0.227438 0.55167 -0.363144 0.227438 0.55167 -0.363144 0.0188188 0.936034 -0.208627 0.0188188 0.936034 -0.208627 0.0188188 0.936034 -0.208627 -0.0278465 0.905808 -0.0560266 -0.0278465 0.905808 -0.0560266 -0.0278465 0.905808 -0.0560266 0.209889 0.687895 -0.691486 0.209889 0.687895 -0.691486 0.209889 0.687895 -0.691486 0.111361 0.890686 -0.273499 0.111361 0.890686 -0.273499 0.111361 0.890686 -0.273499 0.446003 0.339197 -0.825127 0.446003 0.339197 -0.825127 0.446003 0.339197 -0.825127 0.362016 0.840422 -0.262764 0.362016 0.840422 -0.262764 0.362016 0.840422 -0.262764 0.133384 0.935891 -0.201423 0.133384 0.935891 -0.201423 0.133384 0.935891 -0.201423 0.123155 0.911192 -0.102391 0.123155 0.911192 -0.102391 0.123155 0.911192 -0.102391 0.18997 0.897057 -0.273311 0.18997 0.897057 -0.273311 0.18997 0.897057 -0.273311 0.156007 0.91893 -0.0979377 0.156007 0.91893 -0.0979377 0.156007 0.91893 -0.0979377 0.224569 0.644521 -0.73017 0.224569 0.644521 -0.73017 0.224569 0.644521 -0.73017 0.178841 0.912338 -0.347162 0.178841 0.912338 -0.347162 0.178841 0.912338 -0.347162 0.177878 0.688059 -0.702022 0.177878 0.688059 -0.702022 0.177878 0.688059 -0.702022 0.116616 0.931796 -0.283957 0.116616 0.931796 -0.283957 0.116616 0.931796 -0.283957 -0.156462 0.00113619 0.960572 -0.156462 0.00113619 0.960572 -0.156462 0.00113619 0.960572 -0.583904 -0.275152 0.592648 -0.583904 -0.275152 0.592648 -0.583904 -0.275152 0.592648 -0.166844 0.0673976 0.975594 -0.166844 0.0673976 0.975594 -0.166844 0.0673976 0.975594 -0.624863 -0.0908016 0.679395 -0.624863 -0.0908016 0.679395 -0.624863 -0.0908016 0.679395 -0.0188532 0.114542 0.968281 -0.0188532 0.114542 0.968281 -0.0188532 0.114542 0.968281 -0.167463 0.126328 0.9754 -0.167463 0.126328 0.9754 -0.167463 0.126328 0.9754 -0.0299759 0.124609 0.983925 -0.0299759 0.124609 0.983925 -0.0299759 0.124609 0.983925 -0.318061 0.104701 0.898303 -0.318061 0.104701 0.898303 -0.318061 0.104701 0.898303 -0.149334 -0.0295135 0.977945 -0.149334 -0.0295135 0.977945 -0.149334 -0.0295135 0.977945 -0.669126 -0.11219 0.718596 -0.669126 -0.11219 0.718596 -0.669126 -0.11219 0.718596 -0.140847 -0.0962451 0.978957 -0.140847 -0.0962451 0.978957 -0.140847 -0.0962451 0.978957 -0.653217 -0.208181 0.722312 -0.653217 -0.208181 0.722312 -0.653217 -0.208181 0.722312 0.0613716 -0.211184 0.957453 0.0613716 -0.211184 0.957453 0.0613716 -0.211184 0.957453 -0.163637 -0.0129051 0.950793 -0.163637 -0.0129051 0.950793 -0.163637 -0.0129051 0.950793 0.00674568 -0.0123159 0.978543 0.00674568 -0.0123159 0.978543 0.00674568 -0.0123159 0.978543 -0.172142 0.0492053 0.954375 -0.172142 0.0492053 0.954375 -0.172142 0.0492053 0.954375 -0.182116 0.0353597 0.980982 -0.182116 0.0353597 0.980982 -0.182116 0.0353597 0.980982 -0.654178 -0.278874 0.702219 -0.654178 -0.278874 0.702219 -0.654178 -0.278874 0.702219 -0.199176 0.138279 0.970145 -0.199176 0.138279 0.970145 -0.199176 0.138279 0.970145 -0.706749 -0.0477363 0.690417 -0.706749 -0.0477363 0.690417 -0.706749 -0.0477363 0.690417 -0.0110838 0.0378467 0.95557 -0.0110838 0.0378467 0.95557 -0.0110838 0.0378467 0.95557 -0.153253 0.0 0.945628 -0.153253 0.0 0.945628 -0.153253 0.0 0.945628 0.00379606 0.0 0.962798 0.00379606 0.0 0.962798 0.00379606 0.0 0.962798 -0.0932564 -0.227602 0.937404 -0.0932564 -0.227602 0.937404 -0.0932564 -0.227602 0.937404 -0.351496 0.389461 0.817997 -0.351496 0.389461 0.817997 -0.351496 0.389461 0.817997 -0.740283 0.219543 0.586683 -0.740283 0.219543 0.586683 -0.740283 0.219543 0.586683 -0.264656 0.200673 0.921541 -0.264656 0.200673 0.921541 -0.264656 0.200673 0.921541 -0.559695 -0.0673736 0.430248 -0.559695 -0.0673736 0.430248 -0.559695 -0.0673736 0.430248 0.105903 -0.0455087 0.513341 0.105903 -0.0455087 0.513341 0.105903 -0.0455087 0.513341 -0.0885265 -0.105026 0.876646 -0.0885265 -0.105026 0.876646 -0.0885265 -0.105026 0.876646 0.0111284 0.000607672 0.899472 0.0111284 0.000607672 0.899472 0.0111284 0.000607672 0.899472 -0.153454 0.000694969 0.945568 -0.153454 0.000694969 0.945568 -0.153454 0.000694969 0.945568 -0.0619117 0.141442 0.896422 -0.0619117 0.141442 0.896422 -0.0619117 0.141442 0.896422 -0.331209 0.0165001 0.642452 -0.331209 0.0165001 0.642452 -0.331209 0.0165001 0.642452 -0.0944398 -0.0275278 0.914995 -0.0944398 -0.0275278 0.914995 -0.0944398 -0.0275278 0.914995 -0.580936 0.00802155 0.728471 -0.580936 0.00802155 0.728471 -0.580936 0.00802155 0.728471 0.0564849 -0.00109761 0.979628 0.0564849 -0.00109761 0.979628 0.0564849 -0.00109761 0.979628 -0.114135 -0.00171014 0.99338 -0.114135 -0.00171014 0.99338 -0.114135 -0.00171014 0.99338 0.13678 -0.00476207 0.900654 0.13678 -0.00476207 0.900654 0.13678 -0.00476207 0.900654 -0.079612 0.0889456 0.979888 -0.079612 0.0889456 0.979888 -0.079612 0.0889456 0.979888 -0.106412 0.0900888 0.950521 -0.106412 0.0900888 0.950521 -0.106412 0.0900888 0.950521 -0.623694 -0.144137 0.755167 -0.623694 -0.144137 0.755167 -0.623694 -0.144137 0.755167 -0.128474 0.122681 0.963791 -0.128474 0.122681 0.963791 -0.128474 0.122681 0.963791 -0.64763 -0.0671239 0.750627 -0.64763 -0.0671239 0.750627 -0.64763 -0.0671239 0.750627 0.000924548 0.0 0.99825 0.000924548 0.0 0.99825 0.000924548 0.0 0.99825 -0.132878 0.0 0.972897 -0.132878 0.0 0.972897 -0.132878 0.0 0.972897 0.0118263 0.0 0.999174 0.0118263 0.0 0.999174 0.0118263 0.0 0.999174 -0.124051 -0.0002997 0.990126 -0.124051 -0.0002997 0.990126 -0.124051 -0.0002997 0.990126 -0.145126 0.054641 0.98475 -0.145126 0.054641 0.98475 -0.145126 0.054641 0.98475 -0.693184 -0.0563123 0.710231 -0.693184 -0.0563123 0.710231 -0.693184 -0.0563123 0.710231 -0.313381 0.387109 0.843367 -0.313381 0.387109 0.843367 -0.313381 0.387109 0.843367 -0.617054 -0.103574 0.638597 -0.617054 -0.103574 0.638597 -0.617054 -0.103574 0.638597 0.0 0.0 0.912393 0.0 0.0 0.912393 0.0 0.0 0.912393 -0.216468 0.0 0.527651 -0.216468 0.0 0.527651 -0.216468 0.0 0.527651 0.0 0.0 0.981929 0.0 0.0 0.981929 0.0 0.0 0.981929 -0.144335 0.0 0.899051 -0.144335 0.0 0.899051 -0.144335 0.0 0.899051 0.00172348 -0.00577378 0.958716 0.00172348 -0.00577378 0.958716 0.00172348 -0.00577378 0.958716 -0.0744579 0.175764 0.854951 -0.0744579 0.175764 0.854951 -0.0744579 0.175764 0.854951 0.0876548 -0.0448697 0.527421 0.0876548 -0.0448697 0.527421 0.0876548 -0.0448697 0.527421 0.0549632 -0.0892328 0.917285 0.0549632 -0.0892328 0.917285 0.0549632 -0.0892328 0.917285 0.0 0.0 0.900031 0.0 0.0 0.900031 0.0 0.0 0.900031 0.00383625 0.0 0.473846 0.00383625 0.0 0.473846 0.00383625 0.0 0.473846 0.0 0.0 0.958221 0.0 0.0 0.958221 0.0 0.0 0.958221 0.00328842 0.0 0.900949 0.00328842 0.0 0.900949 0.00328842 0.0 0.900949 0.297305 -0.0333341 0.878508 0.297305 -0.0333341 0.878508 0.297305 -0.0333341 0.878508 0.0304948 -0.133617 0.990522 0.0304948 -0.133617 0.990522 0.0304948 -0.133617 0.990522 0.192889 -0.00519366 0.952869 0.192889 -0.00519366 0.952869 0.192889 -0.00519366 0.952869 0.0113735 -0.0118081 0.999723 0.0113735 -0.0118081 0.999723 0.0113735 -0.0118081 0.999723 0.568866 -0.0443688 0.814137 0.568866 -0.0443688 0.814137 0.568866 -0.0443688 0.814137 0.105891 -0.286073 0.920065 0.105891 -0.286073 0.920065 0.105891 -0.286073 0.920065 0.316289 -0.369575 0.839147 0.316289 -0.369575 0.839147 0.316289 -0.369575 0.839147 0.124024 -0.255517 0.933787 0.124024 -0.255517 0.933787 0.124024 -0.255517 0.933787 0.135847 0.0 0.988173 0.135847 0.0 0.988173 0.135847 0.0 0.988173 0.0010434 -0.00201472 0.997655 0.0010434 -0.00201472 0.997655 0.0010434 -0.00201472 0.997655 0.124715 0.0 0.990539 0.124715 0.0 0.990539 0.124715 0.0 0.990539 0.0 0.0 0.981929 0.0 0.0 0.981929 0.0 0.0 0.981929 0.617915 -0.122357 0.674674 0.617915 -0.122357 0.674674 0.617915 -0.122357 0.674674 0.116018 0.0390377 0.939391 0.116018 0.0390377 0.939391 0.116018 0.0390377 0.939391 0.614112 -0.0543776 0.730426 0.614112 -0.0543776 0.730426 0.614112 -0.0543776 0.730426 0.139888 0.0981013 0.966195 0.139888 0.0981013 0.966195 0.139888 0.0981013 0.966195 0.132878 0.0 0.972897 0.132878 0.0 0.972897 0.132878 0.0 0.972897 0.0 0.0 0.912393 0.0 0.0 0.912393 0.0 0.0 0.912393 0.144335 0.0 0.899051 0.144335 0.0 0.899051 0.144335 0.0 0.899051 0.0 0.0 0.553206 0.0 0.0 0.553206 0.0 0.0 0.553206 -0.652707 0.264789 -0.255148 -0.652707 0.264789 -0.255148 -0.652707 0.264789 -0.255148 0.180076 -0.125353 0.762675 0.180076 -0.125353 0.762675 0.180076 -0.125353 0.762675 0.615716 -0.163979 0.508876 0.615716 -0.163979 0.508876 0.615716 -0.163979 0.508876 0.118469 0.00583812 0.875711 0.118469 0.00583812 0.875711 0.118469 0.00583812 0.875711 0.0 0.0 0.958221 0.0 0.0 0.958221 0.0 0.0 0.958221 0.0 0.0 0.900031 0.0 0.0 0.900031 0.0 0.0 0.900031 0.0 0.0 0.900031 0.0 0.0 0.900031 0.0 0.0 0.900031 0.0 0.0 0.475311 0.0 0.0 0.475311 0.0 0.0 0.475311 0.0 0.0 0.900031 0.0 0.0 0.900031 0.0 0.0 0.900031 0.0 0.0 0.475311 0.0 0.0 0.475311 0.0 0.0 0.475311 0.0551653 -0.113923 0.908611 0.0551653 -0.113923 0.908611 0.0551653 -0.113923 0.908611 0.0362045 -0.121288 0.960631 0.0362045 -0.121288 0.960631 0.0362045 -0.121288 0.960631 0.219404 0.0208133 0.959704 0.219404 0.0208133 0.959704 0.219404 0.0208133 0.959704 -0.0463153 0.286581 0.944569 -0.0463153 0.286581 0.944569 -0.0463153 0.286581 0.944569 0.111786 -0.0395018 0.992153 0.111786 -0.0395018 0.992153 0.111786 -0.0395018 0.992153 -0.00808555 0.0118057 0.987005 -0.00808555 0.0118057 0.987005 -0.00808555 0.0118057 0.987005 0.587963 -0.272884 0.76043 0.587963 -0.272884 0.76043 0.587963 -0.272884 0.76043 0.153829 -0.104954 0.901034 0.153829 -0.104954 0.901034 0.153829 -0.104954 0.901034 0.519186 -0.177878 0.834091 0.519186 -0.177878 0.834091 0.519186 -0.177878 0.834091 0.0442538 0.609265 0.714822 0.0442538 0.609265 0.714822 0.0442538 0.609265 0.714822 0.146346 0.0 0.974246 0.146346 0.0 0.974246 0.146346 0.0 0.974246 0.00965062 -0.0399637 0.972874 0.00965062 -0.0399637 0.972874 0.00965062 -0.0399637 0.972874 0.145599 0.0459602 0.954632 0.145599 0.0459602 0.954632 0.145599 0.0459602 0.954632 0.0 0.0 0.963141 0.0 0.0 0.963141 0.0 0.0 0.963141 0.663934 -0.22342 0.583068 0.663934 -0.22342 0.583068 0.663934 -0.22342 0.583068 0.146529 -0.0396838 0.832543 0.146529 -0.0396838 0.832543 0.146529 -0.0396838 0.832543 0.660957 -0.269833 0.664356 0.660957 -0.269833 0.664356 0.660957 -0.269833 0.664356 0.18139 -0.169776 0.850645 0.18139 -0.169776 0.850645 0.18139 -0.169776 0.850645 0.159036 0.0 0.950878 0.159036 0.0 0.950878 0.159036 0.0 0.950878 -0.0143144 0.0487821 0.95407 -0.0143144 0.0487821 0.95407 -0.0143144 0.0487821 0.95407 0.122087 0.116478 0.926212 0.122087 0.116478 0.926212 0.122087 0.116478 0.926212 -0.039729 0.135392 0.937223 -0.039729 0.135392 0.937223 -0.039729 0.135392 0.937223 0.70316 -0.316088 0.586381 0.70316 -0.316088 0.586381 0.70316 -0.316088 0.586381 0.1775 -0.134091 0.811758 0.1775 -0.134091 0.811758 0.1775 -0.134091 0.811758 0.685716 -0.275282 0.590071 0.685716 -0.275282 0.590071 0.685716 -0.275282 0.590071 0.190302 -0.177571 0.818114 0.190302 -0.177571 0.818114 0.190302 -0.177571 0.818114 0.155424 0.0238459 0.87854 0.155424 0.0238459 0.87854 0.155424 0.0238459 0.87854 -0.0081928 0.0274465 0.955347 -0.0081928 0.0274465 0.955347 -0.0081928 0.0274465 0.955347 0.16807 0.0 0.882687 0.16807 0.0 0.882687 0.16807 0.0 0.882687 0.0 0.0 0.475311 0.0 0.0 0.475311 0.0 0.0 0.475311 -0.66535 0.281907 -0.0964796 -0.66535 0.281907 -0.0964796 -0.66535 0.281907 -0.0964796 0.207014 -0.143366 0.712847 0.207014 -0.143366 0.712847 0.207014 -0.143366 0.712847 0.689116 -0.275551 0.581507 0.689116 -0.275551 0.581507 0.689116 -0.275551 0.581507 0.239183 -0.207898 0.713285 0.239183 -0.207898 0.713285 0.239183 -0.207898 0.713285 0.0 -0.150057 0.0339444 0.0 -0.150057 0.0339444 0.0 -0.150057 0.0339444 -0.121199 0.988984 -0.0760828 -0.121199 0.988984 -0.0760828 -0.121199 0.988984 -0.0760828 0.00436563 -0.000812903 0.979199 0.00436563 -0.000812903 0.979199 0.00436563 -0.000812903 0.979199 0.0 -0.0146877 0.122739 0.0 -0.0146877 0.122739 0.0 -0.0146877 0.122739 0.0 0.0 0.148709 0.0 0.0 0.148709 0.0 0.0 0.148709 0.0 0.0 0.0 0.0 0.0 0.0 0.0 0.0 0.0 0.0 -0.150057 0.0339444 0.0 -0.150057 0.0339444 0.0 -0.150057 0.0339444 0.0 0.0 0.0 0.0 0.0 0.0 0.0 0.0 0.0 0.0 0.0 0.133512 0.0 0.0 0.133512 0.0 0.0 0.133512 0.0 0.0 0.0 0.0 0.0 0.0 0.0 0.0 0.0 0.0 0.0 0.0 0.0 0.0 0.0 0.0 0.0 0.0 0.0 0.0 0.0 0.0 0.0 0.0 0.0 0.0 0.0 0.0 0.0 0.0 0.0 0.0 0.0 0.0 0.0 0.0 0.0 0.0 0.0 0.0 0.0 0.0 0.0 0.0 0.0 0.0 0.0 0.133512 0.0 0.0 0.133512 0.0 0.0 0.133512 0.0 0.0 0.0 0.0 0.0 0.0 0.0 0.0 0.0 0.0 0.0 0.133512 0.0 0.0 0.133512 0.0 0.0 0.133512 0.0 0.978273 0.176684 0.0 0.978273 0.176684 0.0 0.978273 0.176684 0.0 0.0 0.0 0.0 0.0 0.0 0.0 0.0 0.0 0.0 0.995045 0.0897591 0.0 0.995045 0.0897591 0.0 0.995045 0.0897591 -0.21666 0.272326 0.0673063 -0.21666 0.272326 0.0673063 -0.21666 0.272326 0.0673063 0.0 0.995045 0.0897591 0.0 0.995045 0.0897591 0.0 0.995045 0.0897591 0.0 0.7768 0.49544 0.0 0.7768 0.49544 0.0 0.7768 0.49544 0.414684 0.60787 0.063808 0.414684 0.60787 0.063808 0.414684 0.60787 0.063808 0.13119 -0.579559 -0.452779 0.13119 -0.579559 -0.452779 0.13119 -0.579559 -0.452779 -0.046372 -0.895887 -0.143524 -0.046372 -0.895887 -0.143524 -0.046372 -0.895887 -0.143524 0.030366 -0.912258 -0.162746 0.030366 -0.912258 -0.162746 0.030366 -0.912258 -0.162746 0.00948492 -0.923148 -0.0845807 0.00948492 -0.923148 -0.0845807 0.00948492 -0.923148 -0.0845807 0.0454344 -0.878576 -0.170181 0.0454344 -0.878576 -0.170181 0.0454344 -0.878576 -0.170181 0.00912629 -0.919851 -0.085626 0.00912629 -0.919851 -0.085626 0.00912629 -0.919851 -0.085626 0.141611 -0.5487 -0.464178 0.141611 -0.5487 -0.464178 0.141611 -0.5487 -0.464178 -0.0399317 -0.881671 -0.149665 -0.0399317 -0.881671 -0.149665 -0.0399317 -0.881671 -0.149665 0.0 -0.0231362 0.0235009 0.0 -0.0231362 0.0235009 0.0 -0.0231362 0.0235009 0.0488419 0.977326 0.203438 0.0488419 0.977326 0.203438 0.0488419 0.977326 0.203438 -0.0162931 0.961826 -0.273145 -0.0162931 0.961826 -0.273145 -0.0162931 0.961826 -0.273145 0.0 0.150116 0.0618125 0.0 0.150116 0.0618125 0.0 0.150116 0.0618125 0.0 -0.0231362 0.0235009 0.0 -0.0231362 0.0235009 0.0 -0.0231362 0.0235009 0.0 0.0 0.133512 0.0 0.0 0.133512 0.0 0.0 0.133512 0.0 0.0432171 0.117011 0.0 0.0432171 0.117011 0.0 0.0432171 0.117011 0.0 0.0 0.133246 0.0 0.0 0.133246 0.0 0.0 0.133246 0.0 0.0 0.6 0.0 0.0 0.6 0.0 0.0 0.6 0.0 0.0 0.133243 0.0 0.0 0.133243 0.0 0.0 0.133243 0.0 0.0 0.133246 0.0 0.0 0.133246 0.0 0.0 0.133246 0.0 0.0 0.133512 0.0 0.0 0.133512 0.0 0.0 0.133512 0.0 0.0 0.133243 0.0 0.0 0.133243 0.0 0.0 0.133243 0.0 0.0 0.133512 0.0 0.0 0.133512 0.0 0.0 0.133512 0.0 0.0 0.0 0.0 0.0 0.0 0.0 0.0 0.0 0.0 0.0 0.133246 0.0 0.0 0.133246 0.0 0.0 0.133246 0.0 0.0 0.6 0.0 0.0 0.6 0.0 0.0 0.6 0.0 0.186239 0.936645 0.0 0.186239 0.936645 0.0 0.186239 0.936645 0.0 0.0 0.133246 0.0 0.0 0.133246 0.0 0.0 0.133246 0.0 0.70719 0.556913 0.0 0.70719 0.556913 0.0 0.70719 0.556913 -0.114571 -0.0171939 0.298789 -0.114571 -0.0171939 0.298789 -0.114571 -0.0171939 0.298789 0.0 0.70719 0.556913 0.0 0.70719 0.556913 0.0 0.70719 0.556913 0.0 0.19892 0.749629 0.0 0.19892 0.749629 0.0 0.19892 0.749629 0.626202 -0.0268518 -0.734222 0.626202 -0.0268518 -0.734222 0.626202 -0.0268518 -0.734222 0.1098 -0.0714407 -0.649924 0.1098 -0.0714407 -0.649924 0.1098 -0.0714407 -0.649924 -0.286605 -0.0559725 -0.6531 -0.286605 -0.0559725 -0.6531 -0.286605 -0.0559725 -0.6531 -0.543979 -0.333563 0.484521 -0.543979 -0.333563 0.484521 -0.543979 -0.333563 0.484521 -0.917338 -0.274018 0.284307 -0.917338 -0.274018 0.284307 -0.917338 -0.274018 0.284307 -0.449176 -0.279325 0.420548 -0.449176 -0.279325 0.420548 -0.449176 -0.279325 0.420548 -0.885682 -0.324491 0.245851 -0.885682 -0.324491 0.245851 -0.885682 -0.324491 0.245851 0.0955236 -0.0693485 -0.654854 0.0955236 -0.0693485 -0.654854 0.0955236 -0.0693485 -0.654854 -0.286207 -0.0554934 -0.653602 -0.286207 -0.0554934 -0.653602 -0.286207 -0.0554934 -0.653602 0.0 0.0042065 0.197534 0.0 0.0042065 0.197534 0.0 0.0042065 0.197534 0.160084 -0.603754 0.779675 0.160084 -0.603754 0.779675 0.160084 -0.603754 0.779675 -0.232809 0.923539 0.0908868 -0.232809 0.923539 0.0908868 -0.232809 0.923539 0.0908868 0.0 0.00379606 0.270196 0.0 0.00379606 0.270196 0.0 0.00379606 0.270196 0.0 -0.555349 0.151477 0.0 -0.555349 0.151477 0.0 -0.555349 0.151477 0.0 0.977975 0.0 0.0 0.977975 0.0 0.0 0.977975 0.0 0.0 0.0042065 0.197534 0.0 0.0042065 0.197534 0.0 0.0042065 0.197534 0.0 0.977949 0.0 0.0 0.977949 0.0 0.0 0.977949 0.0 0.0 0.0 0.0 0.0 0.0 0.0 0.0 0.0 0.0 0.0 -0.977945 0.0 0.0 -0.977945 0.0 0.0 -0.977945 0.0 0.0 0.977949 0.0 0.0 0.977949 0.0 0.0 0.977949 0.0 0.0 -0.977975 0.0 0.0 -0.977975 0.0 0.0 -0.977975 0.0 0.0 -0.977945 0.0 0.0 -0.977945 0.0 0.0 -0.977945 0.0 0.0 0.977975 0.0 0.0 0.977975 0.0 0.0 0.977975 0.0 0.0 0.0 0.0 0.0 0.0 0.0 0.0 0.0 0.0 0.0 0.977949 0.0 0.0 0.977949 0.0 0.0 0.977949 0.0 0.0 0.0 0.0 0.0 0.0 0.0 0.0 0.0 0.0 0.0 0.209924 0.205356 0.0 0.209924 0.205356 0.0 0.209924 0.205356 0.0 0.977949 0.0 0.0 0.977949 0.0 0.0 0.977949 0.0 0.0 -0.999989 0.0042615 0.0 -0.999989 0.0042615 0.0 -0.999989 0.0042615 0.113566 0.60481 0.0401557 0.113566 0.60481 0.0401557 0.113566 0.60481 0.0401557 0.0 -0.999989 0.0042615 0.0 -0.999989 0.0042615 0.0 -0.999989 0.0042615 0.0 0.994932 0.0907119 0.0 0.994932 0.0907119 0.0 0.994932 0.0907119 -0.207312 0.967731 0.00265629 -0.207312 0.967731 0.00265629 -0.207312 0.967731 0.00265629 0.0246226 -0.921187 -0.0864862 0.0246226 -0.921187 -0.0864862 0.0246226 -0.921187 -0.0864862 0.00315297 -0.950566 -0.0687625 0.00315297 -0.950566 -0.0687625 0.00315297 -0.950566 -0.0687625 0.0503879 -0.797973 -0.0570255 0.0503879 -0.797973 -0.0570255 0.0503879 -0.797973 -0.0570255 -0.00657009 -0.943184 0.00859215 -0.00657009 -0.943184 0.00859215 -0.00657009 -0.943184 0.00859215 -0.0185821 -0.914103 -0.0487513 -0.0185821 -0.914103 -0.0487513 -0.0185821 -0.914103 -0.0487513 -0.0323901 -0.936548 0.0156972 -0.0323901 -0.936548 0.0156972 -0.0323901 -0.936548 0.0156972 0.0027722 -0.916719 -0.082794 0.0027722 -0.916719 -0.082794 0.0027722 -0.916719 -0.082794 0.00694629 -0.924467 -0.0639634 0.00694629 -0.924467 -0.0639634 0.00694629 -0.924467 -0.0639634 0.0 0.00370114 0.270892 0.0 0.00370114 0.270892 0.0 0.00370114 0.270892 -0.23954 0.817932 -0.512681 -0.23954 0.817932 -0.512681 -0.23954 0.817932 -0.512681 -0.273546 0.916403 -0.141376 -0.273546 0.916403 -0.141376 -0.273546 0.916403 -0.141376 0.0 0.0 0.281056 0.0 0.0 0.281056 0.0 0.0 0.281056 0.0 0.0 0.281734 0.0 0.0 0.281734 0.0 0.0 0.281734 0.0 0.0 0.286031 0.0 0.0 0.286031 0.0 0.0 0.286031 0.0 0.00370114 0.270892 0.0 0.00370114 0.270892 0.0 0.00370114 0.270892 0.0 0.0 0.0 0.0 0.0 0.0 0.0 0.0 0.0 0.0 0.977975 0.0 0.0 0.977975 0.0 0.0 0.977975 0.0 0.0 0.0 0.0 0.0 0.0 0.0 0.0 0.0 0.0 0.0 0.0 0.0 0.0 0.0 0.0 0.0 0.0 0.0 0.0 0.0 0.286031 0.0 0.0 0.286031 0.0 0.0 0.286031 0.0 0.0 0.0 0.0 0.0 0.0 0.0 0.0 0.0 0.0 0.0 0.286031 0.0 0.0 0.286031 0.0 0.0 0.286031 0.0 -0.977975 0.0 0.0 -0.977975 0.0 0.0 -0.977975 0.0 0.0 0.0 0.0 0.0 0.0 0.0 0.0 0.0 0.0 0.0 0.977975 0.0 0.0 0.977975 0.0 0.0 0.977975 0.0 0.0 -0.966017 0.237859 0.0 -0.966017 0.237859 0.0 -0.966017 0.237859 0.0 0.0 0.0 0.0 0.0 0.0 0.0 0.0 0.0 0.0 -0.66 0.68984 0.0 -0.66 0.68984 0.0 -0.66 0.68984 0.571356 0.362834 -0.0310975 0.571356 0.362834 -0.0310975 0.571356 0.362834 -0.0310975 0.0 -0.66 0.68984 0.0 -0.66 0.68984 0.0 -0.66 0.68984 0.0 -0.999951 0.00913605 0.0 -0.999951 0.00913605 0.0 -0.999951 0.00913605 0.281958 0.392934 -0.0672238 0.281958 0.392934 -0.0672238 0.281958 0.392934 -0.0672238 0.000574711 0.938575 -0.0153148 0.000574711 0.938575 -0.0153148 0.000574711 0.938575 -0.0153148 0.163222 0.842046 -0.200879 0.163222 0.842046 -0.200879 0.163222 0.842046 -0.200879 0.0571059 0.934757 -0.243381 0.0571059 0.934757 -0.243381 0.0571059 0.934757 -0.243381 0.220763 0.710595 -0.666618 0.220763 0.710595 -0.666618 0.220763 0.710595 -0.666618 0.0677743 0.923272 -0.240828 0.0677743 0.923272 -0.240828 0.0677743 0.923272 -0.240828 0.250749 0.710992 -0.65365 0.250749 0.710992 -0.65365 0.250749 0.710992 -0.65365 0.0330598 0.919541 -0.0256514 0.0330598 0.919541 -0.0256514 0.0330598 0.919541 -0.0256514 0.123385 0.935232 -0.237468 0.123385 0.935232 -0.237468 0.123385 0.935232 -0.237468 0.0 0.0 0.286028 0.0 0.0 0.286028 0.0 0.0 0.286028 -0.272704 0.913581 0.014465 -0.272704 0.913581 0.014465 -0.272704 0.913581 0.014465 0.0 0.0 0.989609 0.0 0.0 0.989609 0.0 0.0 0.989609 0.0 0.0 0.286029 0.0 0.0 0.286029 0.0 0.0 0.286029 0.0 0.0 0.989609 0.0 0.0 0.989609 0.0 0.0 0.989609 0.0 0.0 0.0 0.0 0.0 0.0 0.0 0.0 0.0 0.0 0.0 0.286028 0.0 0.0 0.286028 0.0 0.0 0.286028 0.0 0.0 0.203954 0.0 0.0 0.203954 0.0 0.0 0.203954 0.0 0.0 0.286031 0.0 0.0 0.286031 0.0 0.0 0.286031 0.0 0.0 0.0 0.0 0.0 0.0 0.0 0.0 0.0 0.0 0.0 0.203954 0.0 0.0 0.203954 0.0 0.0 0.203954 0.0 0.0 0.0 0.0 0.0 0.0 0.0 0.0 0.0 0.0 0.0 0.0 0.0 0.0 0.0 0.0 0.0 0.0 0.0 0.0 0.0 0.0 0.0 0.0 0.0 0.0 0.0 0.0 0.0 0.286031 0.0 0.0 0.286031 0.0 0.0 0.286031 0.0 0.0 0.203954 0.0 0.0 0.203954 0.0 0.0 0.203954 0.0 0.0 0.286031 0.0 0.0 0.286031 0.0 0.0 0.286031 0.0 -0.156776 0.94089 0.0 -0.156776 0.94089 0.0 -0.156776 0.94089 0.0 0.0 0.203954 0.0 0.0 0.203954 0.0 0.0 0.203954 0.0 0.0 0.836112 0.0 0.0 0.836112 0.0 0.0 0.836112 0.0 -0.154195 0.906511 0.0 -0.154195 0.906511 0.0 -0.154195 0.906511 0.0 0.0 0.836112 0.0 0.0 0.836112 0.0 0.0 0.836112 0.0 -0.646611 0.700449 0.0 -0.646611 0.700449 0.0 -0.646611 0.700449 0.555549 0.222345 -0.270462 0.555549 0.222345 -0.270462 0.555549 0.222345 -0.270462 0.279014 0.713 -0.643221 0.279014 0.713 -0.643221 0.279014 0.713 -0.643221 0.359244 0.29732 -0.832289 0.359244 0.29732 -0.832289 0.359244 0.29732 -0.832289 0.360895 0.299372 -0.831983 0.360895 0.299372 -0.831983 0.360895 0.299372 -0.831983 0.365081 0.158364 -0.841635 0.365081 0.158364 -0.841635 0.365081 0.158364 -0.841635 0.36076 0.308111 -0.831673 0.36076 0.308111 -0.831673 0.36076 0.308111 -0.831673 0.365083 0.158364 -0.841636 0.365083 0.158364 -0.841636 0.365083 0.158364 -0.841636 0.274709 0.722871 -0.633297 0.274709 0.722871 -0.633297 0.274709 0.722871 -0.633297 0.350737 0.295375 -0.834211 0.350737 0.295375 -0.834211 0.350737 0.295375 -0.834211 0.0 -0.855693 0.515684 0.0 -0.855693 0.515684 0.0 -0.855693 0.515684 -0.0944608 0.931229 -0.341325 -0.0944608 0.931229 -0.341325 -0.0944608 0.931229 -0.341325 0.493823 0.0359862 -0.00859521 0.493823 0.0359862 -0.00859521 0.493823 0.0359862 -0.00859521 0.0 -0.016334 0.10683 0.0 -0.016334 0.10683 0.0 -0.016334 0.10683 0.0 -0.0268508 0.131234 0.0 -0.0268508 0.131234 0.0 -0.0268508 0.131234 0.0 0.0 0.988119 0.0 0.0 0.988119 0.0 0.0 0.988119 0.0 -0.855693 0.515684 0.0 -0.855693 0.515684 0.0 -0.855693 0.515684 0.0 0.0 0.206721 0.0 0.0 0.206721 0.0 0.0 0.206721 0.0 0.0 0.138806 0.0 0.0 0.138806 0.0 0.0 0.138806 0.0 0.0 0.206721 0.0 0.0 0.206721 0.0 0.0 0.206721 0.0 0.0 0.206721 0.0 0.0 0.206721 0.0 0.0 0.206721 0.0 0.0 0.988134 0.0 0.0 0.988134 0.0 0.0 0.988134 0.0 0.0 0.206721 0.0 0.0 0.206721 0.0 0.0 0.206721 0.0 0.0 0.988119 0.0 0.0 0.988119 0.0 0.0 0.988119 0.0 0.0 0.138772 0.0 0.0 0.138772 0.0 0.0 0.138772 0.0 0.0 0.206721 0.0 0.0 0.206721 0.0 0.0 0.206721 0.0 0.0 0.138806 0.0 0.0 0.138806 0.0 0.0 0.138806 0.0 -0.948111 0.27083 0.0 -0.948111 0.27083 0.0 -0.948111 0.27083 0.0 0.0 0.206721 0.0 0.0 0.206721 0.0 0.0 0.206721 0.0 -0.434372 0.17147 0.0 -0.434372 0.17147 0.0 -0.434372 0.17147 -0.657252 0.199549 -0.405279 -0.657252 0.199549 -0.405279 -0.657252 0.199549 -0.405279 0.0 -0.948111 0.27083 0.0 -0.948111 0.27083 0.0 -0.948111 0.27083 0.0 -0.953846 0.255259 0.0 -0.953846 0.255259 0.0 -0.953846 0.255259 -0.0973803 -0.112086 -0.110398 -0.0973803 -0.112086 -0.110398 -0.0973803 -0.112086 -0.110398 -0.0240704 -0.956558 0.267737 -0.0240704 -0.956558 0.267737 -0.0240704 -0.956558 0.267737 0.00346559 -0.969999 0.112755 0.00346559 -0.969999 0.112755 0.00346559 -0.969999 0.112755 -0.0699087 -0.871711 0.484964 -0.0699087 -0.871711 0.484964 -0.0699087 -0.871711 0.484964 -0.0216429 -0.942736 0.248697 -0.0216429 -0.942736 0.248697 -0.0216429 -0.942736 0.248697 -0.171454 -0.865598 0.465205 -0.171454 -0.865598 0.465205 -0.171454 -0.865598 0.465205 -0.0959361 -0.916531 0.24352 -0.0959361 -0.916531 0.24352 -0.0959361 -0.916531 0.24352 -0.0597165 -0.944557 0.281018 -0.0597165 -0.944557 0.281018 -0.0597165 -0.944557 0.281018 -0.0192708 -0.951692 0.114278 -0.0192708 -0.951692 0.114278 -0.0192708 -0.951692 0.114278 0.0 -0.138137 0.0145308 0.0 -0.138137 0.0145308 0.0 -0.138137 0.0145308 -0.0253329 0.925288 -0.363225 -0.0253329 0.925288 -0.363225 -0.0253329 0.925288 -0.363225 -0.114749 0.991826 0.0509495 -0.114749 0.991826 0.0509495 -0.114749 0.991826 0.0509495 0.0 -0.142271 0.0324331 0.0 -0.142271 0.0324331 0.0 -0.142271 0.0324331 0.0 -0.138137 0.0145308 0.0 -0.138137 0.0145308 0.0 -0.138137 0.0145308 0.0 0.0 0.6 0.0 0.0 0.6 0.0 0.0 0.6 0.0 -0.711213 0.701907 0.0 -0.711213 0.701907 0.0 -0.711213 0.701907 0.0 0.0 0.177123 0.0 0.0 0.177123 0.0 0.0 0.177123 0.0 0.0 0.988119 0.0 0.0 0.988119 0.0 0.0 0.988119 0.0 0.0 0.177123 0.0 0.0 0.177123 0.0 0.0 0.177123 0.0 0.0 0.177123 0.0 0.0 0.177123 0.0 0.0 0.177123 0.0 0.0 0.0 0.0 0.0 0.0 0.0 0.0 0.0 0.0 0.0 0.177123 0.0 0.0 0.177123 0.0 0.0 0.177123 0.0 0.0 0.6 0.0 0.0 0.6 0.0 0.0 0.6 0.0 0.0 0.988134 0.0 0.0 0.988134 0.0 0.0 0.988134 0.0 0.0 0.177123 0.0 0.0 0.177123 0.0 0.0 0.177123 0.0 0.0 0.988119 0.0 0.0 0.988119 0.0 0.0 0.988119 0.0 -0.478399 0.670815 0.0 -0.478399 0.670815 0.0 -0.478399 0.670815 0.0 0.0 0.177123 0.0 0.0 0.177123 0.0 0.0 0.177123 0.0 -0.19065 0.94547 0.0 -0.19065 0.94547 0.0 -0.19065 0.94547 0.461976 0.563098 -0.606881 0.461976 0.563098 -0.606881 0.461976 0.563098 -0.606881 0.0 -0.478399 0.670815 0.0 -0.478399 0.670815 0.0 -0.478399 0.670815 0.0 -0.509443 0.658121 0.0 -0.509443 0.658121 0.0 -0.509443 0.658121 -0.133088 0.586797 -0.50257 -0.133088 0.586797 -0.50257 -0.133088 0.586797 -0.50257 -0.816468 -0.319838 -0.479865 -0.816468 -0.319838 -0.479865 -0.816468 -0.319838 -0.479865 -0.894066 -0.158079 -0.307254 -0.894066 -0.158079 -0.307254 -0.894066 -0.158079 -0.307254 -0.438146 -0.175729 -0.681994 -0.438146 -0.175729 -0.681994 -0.438146 -0.175729 -0.681994 -0.691492 -0.121438 -0.595619 -0.691492 -0.121438 -0.595619 -0.691492 -0.121438 -0.595619 -0.439888 -0.177951 -0.679362 -0.439888 -0.177951 -0.679362 -0.439888 -0.177951 -0.679362 -0.685503 -0.119947 -0.598747 -0.685503 -0.119947 -0.598747 -0.685503 -0.119947 -0.598747 -0.81278 -0.330569 -0.475496 -0.81278 -0.330569 -0.475496 -0.81278 -0.330569 -0.475496 -0.898631 -0.227913 -0.279927 -0.898631 -0.227913 -0.279927 -0.898631 -0.227913 -0.279927 0.0 0.997659 0.0348277 0.0 0.997659 0.0348277 0.0 0.997659 0.0348277 0.0 -0.000220086 0.239797 0.0 -0.000220086 0.239797 0.0 -0.000220086 0.239797 -0.232044 0.942359 -0.154408 -0.232044 0.942359 -0.154408 -0.232044 0.942359 -0.154408 0.0 -0.00587025 0.182584 0.0 -0.00587025 0.182584 0.0 -0.00587025 0.182584 0.0 -0.000154901 0.239119 0.0 -0.000154901 0.239119 0.0 -0.000154901 0.239119 0.0 0.0 0.138806 0.0 0.0 0.138806 0.0 0.0 0.138806 0.0 0.997659 0.0348277 0.0 0.997659 0.0348277 0.0 0.997659 0.0348277 0.0 -0.13728 0.258409 0.0 -0.13728 0.258409 0.0 -0.13728 0.258409 0.0 -0.447175 0.841741 0.0 -0.447175 0.841741 0.0 -0.447175 0.841741 0.0 -0.13728 0.258409 0.0 -0.13728 0.258409 0.0 -0.13728 0.258409 0.0 -0.13728 0.258409 0.0 -0.13728 0.258409 0.0 -0.13728 0.258409 0.0 0.0 0.138772 0.0 0.0 0.138772 0.0 0.0 0.138772 0.0 -0.13728 0.258409 0.0 -0.13728 0.258409 0.0 -0.13728 0.258409 0.0 0.0 0.138806 0.0 0.0 0.138806 0.0 0.0 0.138806 0.0 -0.449055 0.845665 0.0 -0.449055 0.845665 0.0 -0.449055 0.845665 0.0 -0.13728 0.258409 0.0 -0.13728 0.258409 0.0 -0.13728 0.258409 0.0 -0.447175 0.841741 0.0 -0.447175 0.841741 0.0 -0.447175 0.841741 0.0 -0.999469 0.0298624 0.0 -0.999469 0.0298624 0.0 -0.999469 0.0298624 0.0 -0.13728 0.258409 0.0 -0.13728 0.258409 0.0 -0.13728 0.258409 0.0 0.682562 0.0382092 0.0 0.682562 0.0382092 0.0 0.682562 0.0382092 -0.166052 0.296577 -0.0437564 -0.166052 0.296577 -0.0437564 -0.166052 0.296577 -0.0437564 0.0 -0.999469 0.0298624 0.0 -0.999469 0.0298624 0.0 -0.999469 0.0298624 0.0 -0.999556 0.027322 0.0 -0.999556 0.027322 0.0 -0.999556 0.027322 0.0 0.657741 0.200792 0.0 0.657741 0.200792 0.0 0.657741 0.200792 -0.00662662 -0.973724 0.027043 -0.00662662 -0.973724 0.027043 -0.00662662 -0.973724 0.027043 0.0 0.971113 0.0 0.0 0.971113 0.0 0.0 0.971113 0.0 -0.0120732 -0.981028 0.118269 -0.0120732 -0.981028 0.118269 -0.0120732 -0.981028 0.118269 0.00420249 -0.97593 0.026726 0.00420249 -0.97593 0.026726 0.00420249 -0.97593 0.026726 -0.0367203 -0.953739 0.120552 -0.0367203 -0.953739 0.120552 -0.0367203 -0.953739 0.120552 -0.00541728 -0.945231 0.0262641 -0.00541728 -0.945231 0.0262641 -0.00541728 -0.945231 0.0262641 -0.00963503 -0.945352 0.0269163 -0.00963503 -0.945352 0.0269163 -0.00963503 -0.945352 0.0269163 0.0 -0.941497 0.0 0.0 -0.941497 0.0 0.0 -0.941497 0.0 0.0 0.0 0.9895 0.0 0.0 0.9895 0.0 0.0 0.9895 0.0 0.0 0.286029 0.0 0.0 0.286029 0.0 0.0 0.286029 0.760487 0.147492 0.301603 0.760487 0.147492 0.301603 0.760487 0.147492 0.301603 0.0 0.0 0.286029 0.0 0.0 0.286029 0.0 0.0 0.286029 0.0 0.0 0.286028 0.0 0.0 0.286028 0.0 0.0 0.286028 0.0 0.0 0.285925 0.0 0.0 0.285925 0.0 0.0 0.285925 0.0 0.0 0.9895 0.0 0.0 0.9895 0.0 0.0 0.9895 0.0 0.0 0.286031 0.0 0.0 0.286031 0.0 0.0 0.286031 0.0 0.0 0.0 0.0 0.0 0.0 0.0 0.0 0.0 0.0 0.0 0.286031 0.0 0.0 0.286031 0.0 0.0 0.286031 0.0 0.0 0.286031 0.0 0.0 0.286031 0.0 0.0 0.286031 0.0 0.0 0.286129 0.0 0.0 0.286129 0.0 0.0 0.286129 0.0 0.0 0.286031 0.0 0.0 0.286031 0.0 0.0 0.286031 0.0 0.0 0.285925 0.0 0.0 0.285925 0.0 0.0 0.285925 0.0 0.0 0.0 0.0 0.0 0.0 0.0 0.0 0.0 0.0 0.0 0.286031 0.0 0.0 0.286031 0.0 0.0 0.286031 0.0 0.0 0.0 0.0 0.0 0.0 0.0 0.0 0.0 0.0 0.214686 0.896071 0.0 0.214686 0.896071 0.0 0.214686 0.896071 0.0 0.0 0.286031 0.0 0.0 0.286031 0.0 0.0 0.286031 0.0 0.472374 0.583408 0.0 0.472374 0.583408 0.0 0.472374 0.583408 -0.350134 0.572621 0.550955 -0.350134 0.572621 0.550955 -0.350134 0.572621 0.550955 0.0 0.214686 0.896071 0.0 0.214686 0.896071 0.0 0.214686 0.896071 0.0 0.0 0.917407 0.0 0.0 0.917407 0.0 0.0 0.917407 0.0 0.214686 0.896071 0.0 0.214686 0.896071 0.0 0.214686 0.896071 0.365081 0.158363 -0.841637 0.365081 0.158363 -0.841637 0.365081 0.158363 -0.841637 -0.356842 0.039452 0.822639 -0.356842 0.039452 0.822639 -0.356842 0.039452 0.822639 -0.164927 0.62162 0.526349 -0.164927 0.62162 0.526349 -0.164927 0.62162 0.526349 -0.317045 0.0526534 0.805468 -0.317045 0.0526534 0.805468 -0.317045 0.0526534 0.805468 -0.3162 0.58497 0.5465 -0.3162 0.58497 0.5465 -0.3162 0.58497 0.5465 -0.40529 0.0227723 0.838086 -0.40529 0.0227723 0.838086 -0.40529 0.0227723 0.838086 0.365083 0.158364 -0.841636 0.365083 0.158364 -0.841636 0.365083 0.158364 -0.841636 -0.356795 0.0401113 0.822533 -0.356795 0.0401113 0.822533 -0.356795 0.0401113 0.822533 0.0 0.185582 0.975799 0.0 0.185582 0.975799 0.0 0.185582 0.975799 -0.269783 0.919391 -0.0917006 -0.269783 0.919391 -0.0917006 -0.269783 0.919391 -0.0917006 0.0 0.0 0.281881 0.0 0.0 0.281881 0.0 0.0 0.281881 0.0 0.0 0.268996 0.0 0.0 0.268996 0.0 0.0 0.268996 0.0 0.0 0.281881 0.0 0.0 0.281881 0.0 0.0 0.281881 0.0 -0.447175 0.841741 0.0 -0.447175 0.841741 0.0 -0.447175 0.841741 0.0 0.185582 0.975799 0.0 0.185582 0.975799 0.0 0.185582 0.975799 0.0 -0.145637 0.274139 0.0 -0.145637 0.274139 0.0 -0.145637 0.274139 0.0 0.0 0.285925 0.0 0.0 0.285925 0.0 0.0 0.285925 0.0 -0.145637 0.274139 0.0 -0.145637 0.274139 0.0 -0.145637 0.274139 0.0 -0.145637 0.274139 0.0 -0.145637 0.274139 0.0 -0.145637 0.274139 0.0 -0.449055 0.845665 0.0 -0.449055 0.845665 0.0 -0.449055 0.845665 0.0 -0.145637 0.274139 0.0 -0.145637 0.274139 0.0 -0.145637 0.274139 0.0 -0.447175 0.841741 0.0 -0.447175 0.841741 0.0 -0.447175 0.841741 0.0 0.0 0.286129 0.0 0.0 0.286129 0.0 0.0 0.286129 0.0 -0.145637 0.274139 0.0 -0.145637 0.274139 0.0 -0.145637 0.274139 0.0 0.0 0.285925 0.0 0.0 0.285925 0.0 0.0 0.285925 0.0 0.993816 0.102175 0.0 0.993816 0.102175 0.0 0.993816 0.102175 0.0 -0.145637 0.274139 0.0 -0.145637 0.274139 0.0 -0.145637 0.274139 0.0 0.657741 0.200792 0.0 0.657741 0.200792 0.0 0.657741 0.200792 0.0 -1.0 0.0 0.0 -1.0 0.0 0.0 -1.0 0.0 0.0 0.993816 0.102175 0.0 0.993816 0.102175 0.0 0.993816 0.102175 0.0 0.992808 0.110151 0.0 0.992808 0.110151 0.0 0.992808 0.110151 -0.654213 0.481568 -0.320244 -0.654213 0.481568 -0.320244 -0.654213 0.481568 -0.320244 -0.0204488 0.921445 0.102898 -0.0204488 0.921445 0.102898 -0.0204488 0.921445 0.102898 -0.180275 0.642959 0.5487 -0.180275 0.642959 0.5487 -0.180275 0.642959 0.5487 0.0 0.978432 0.0 0.0 0.978432 0.0 0.0 0.978432 0.0 -0.0227183 0.961789 0.107782 -0.0227183 0.961789 0.107782 -0.0227183 0.961789 0.107782 0.0 -0.941498 0.0 0.0 -0.941498 0.0 0.0 -0.941498 0.0 -0.0370152 0.918974 0.103406 -0.0370152 0.918974 0.103406 -0.0370152 0.918974 0.103406 -0.0638867 0.866929 0.0984677 -0.0638867 0.866929 0.0984677 -0.0638867 0.866929 0.0984677 -0.273952 0.574651 0.526422 -0.273952 0.574651 0.526422 -0.273952 0.574651 0.526422 -0.00991023 -0.94549 0.027686 -0.00991023 -0.94549 0.027686 -0.00991023 -0.94549 0.027686 0.0 0.9415 0.0 0.0 0.9415 0.0 0.0 0.9415 0.0 -0.0384678 -0.954064 0.128304 -0.0384678 -0.954064 0.128304 -0.0384678 -0.954064 0.128304 -0.00510619 -0.945364 0.0269747 -0.00510619 -0.945364 0.0269747 -0.00510619 -0.945364 0.0269747 -0.0180911 -0.976807 0.138135 -0.0180911 -0.976807 0.138135 -0.0180911 -0.976807 0.138135 0.00637801 -0.978083 0.0288617 0.00637801 -0.978083 0.0288617 0.00637801 -0.978083 0.0288617 -0.00637391 -0.979405 0.0292561 -0.00637391 -0.979405 0.0292561 -0.00637391 -0.979405 0.0292561 0.0 -0.969193 0.0 0.0 -0.969193 0.0 0.0 -0.969193 0.0 -0.0591699 0.873389 0.0984599 -0.0591699 0.873389 0.0984599 -0.0591699 0.873389 0.0984599 -0.264455 0.582888 0.528 -0.264455 0.582888 0.528 -0.264455 0.582888 0.528 0.0 0.941498 0.0 0.0 0.941498 0.0 0.0 0.941498 0.0 -0.0368487 0.919092 0.102941 -0.0368487 0.919092 0.102941 -0.0368487 0.919092 0.102941 0.0 -0.991828 0.0 0.0 -0.991828 0.0 0.0 -0.991828 0.0 -0.0137295 0.979178 0.107925 -0.0137295 0.979178 0.107925 -0.0137295 0.979178 0.107925 -0.0186694 0.923439 0.101644 -0.0186694 0.923439 0.101644 -0.0186694 0.923439 0.101644 -0.17643 0.647731 0.54657 -0.17643 0.647731 0.54657 -0.17643 0.647731 0.54657 0.365081 0.158363 -0.841637 0.365081 0.158363 -0.841637 0.365081 0.158363 -0.841637 -0.356724 0.0409772 0.822371 -0.356724 0.0409772 0.822371 -0.356724 0.0409772 0.822371 -0.303119 0.58985 0.544176 -0.303119 0.58985 0.544176 -0.303119 0.58985 0.544176 -0.39748 0.0264919 0.835746 -0.39748 0.0264919 0.835746 -0.39748 0.0264919 0.835746 -0.174391 0.62259 0.525652 -0.174391 0.62259 0.525652 -0.174391 0.62259 0.525652 -0.322884 0.0531637 0.808171 -0.322884 0.0531637 0.808171 -0.322884 0.0531637 0.808171 0.365083 0.158364 -0.841636 0.365083 0.158364 -0.841636 0.365083 0.158364 -0.841636 -0.356642 0.0418772 0.822182 -0.356642 0.0418772 0.822182 -0.356642 0.0418772 0.822182 0.260486 0.75367 -0.600507 0.260486 0.75367 -0.600507 0.260486 0.75367 -0.600507 0.335379 0.298142 -0.836395 0.335379 0.298142 -0.836395 0.335379 0.298142 -0.836395 0.359294 0.328622 -0.828294 0.359294 0.328622 -0.828294 0.359294 0.328622 -0.828294 0.36508 0.158363 -0.841636 0.36508 0.158363 -0.841636 0.36508 0.158363 -0.841636 0.357274 0.34716 -0.823638 0.357274 0.34716 -0.823638 0.357274 0.34716 -0.823638 0.365083 0.158364 -0.841637 0.365083 0.158364 -0.841637 0.365083 0.158364 -0.841637 0.248875 0.77388 -0.573741 0.248875 0.77388 -0.573741 0.248875 0.77388 -0.573741 0.327747 0.316366 -0.833957 0.327747 0.316366 -0.833957 0.327747 0.316366 -0.833957 0.139807 0.917629 -0.190756 0.139807 0.917629 -0.190756 0.139807 0.917629 -0.190756 0.117152 0.916129 -0.030502 0.117152 0.916129 -0.030502 0.117152 0.916129 -0.030502 0.0619128 0.926881 -0.192007 0.0619128 0.926881 -0.192007 0.0619128 0.926881 -0.192007 0.29066 0.719727 -0.623948 0.29066 0.719727 -0.623948 0.29066 0.719727 -0.623948 0.227218 0.778323 -0.583695 0.227218 0.778323 -0.583695 0.227218 0.778323 -0.583695 0.172028 0.920999 -0.191726 0.172028 0.920999 -0.191726 0.172028 0.920999 -0.191726 0.170422 0.833791 -0.141494 0.170422 0.833791 -0.141494 0.170422 0.833791 -0.141494 0.146602 0.808444 -0.0395799 0.146602 0.808444 -0.0395799 0.146602 0.808444 -0.0395799 -0.0416912 -0.912806 -0.0700738 -0.0416912 -0.912806 -0.0700738 -0.0416912 -0.912806 -0.0700738 -0.00952174 -0.914204 -0.0493815 -0.00952174 -0.914204 -0.0493815 -0.00952174 -0.914204 -0.0493815 -0.0884924 -0.90012 -0.0194514 -0.0884924 -0.90012 -0.0194514 -0.0884924 -0.90012 -0.0194514 0.0788642 0.917553 -0.0282901 0.0788642 0.917553 -0.0282901 0.0788642 0.917553 -0.0282901 0.126268 0.908505 -0.00249554 0.126268 0.908505 -0.00249554 0.126268 0.908505 -0.00249554 0.100995 0.892699 -0.0370308 0.100995 0.892699 -0.0370308 0.100995 0.892699 -0.0370308 -0.0665752 -0.910748 -0.0564203 -0.0665752 -0.910748 -0.0564203 -0.0665752 -0.910748 -0.0564203 -0.0156165 -0.87905 -0.0257666 -0.0156165 -0.87905 -0.0257666 -0.0156165 -0.87905 -0.0257666 0.144975 -0.520112 -0.47517 0.144975 -0.520112 -0.47517 0.144975 -0.520112 -0.47517 -0.0420661 -0.870226 -0.157992 -0.0420661 -0.870226 -0.157992 -0.0420661 -0.870226 -0.157992 0.037335 -0.872076 -0.178589 0.037335 -0.872076 -0.178589 0.037335 -0.872076 -0.178589 0.00606231 -0.91631 -0.0829446 0.00606231 -0.91631 -0.0829446 0.00606231 -0.91631 -0.0829446 0.0499346 -0.843702 -0.179256 0.0499346 -0.843702 -0.179256 0.0499346 -0.843702 -0.179256 0.00131688 -0.916583 -0.0731554 0.00131688 -0.916583 -0.0731554 0.00131688 -0.916583 -0.0731554 0.138135 -0.506757 -0.484659 0.138135 -0.506757 -0.484659 0.138135 -0.506757 -0.484659 -0.0578042 -0.869285 -0.165519 -0.0578042 -0.869285 -0.165519 -0.0578042 -0.869285 -0.165519 0.0770529 -0.0689065 -0.657014 0.0770529 -0.0689065 -0.657014 0.0770529 -0.0689065 -0.657014 -0.286213 -0.0555018 -0.653592 -0.286213 -0.0555018 -0.653592 -0.286213 -0.0555018 -0.653592 -0.417573 -0.257678 0.449424 -0.417573 -0.257678 0.449424 -0.417573 -0.257678 0.449424 -0.874869 -0.299079 0.273546 -0.874869 -0.299079 0.273546 -0.874869 -0.299079 0.273546 -0.451748 -0.277766 0.547563 -0.451748 -0.277766 0.547563 -0.451748 -0.277766 0.547563 -0.888314 -0.226117 0.354741 -0.888314 -0.226117 0.354741 -0.888314 -0.226117 0.354741 0.0621188 -0.0688778 -0.658728 0.0621188 -0.0688778 -0.658728 0.0621188 -0.0688778 -0.658728 -0.289099 -0.0589823 -0.649931 -0.289099 -0.0589823 -0.649931 -0.289099 -0.0589823 -0.649931 -0.813811 -0.379665 -0.425543 -0.813811 -0.379665 -0.425543 -0.813811 -0.379665 -0.425543 -0.905971 -0.213057 -0.312775 -0.905971 -0.213057 -0.312775 -0.905971 -0.213057 -0.312775 -0.439891 -0.177954 -0.679358 -0.439891 -0.177954 -0.679358 -0.439891 -0.177954 -0.679358 -0.675749 -0.122619 -0.602998 -0.675749 -0.122619 -0.602998 -0.675749 -0.122619 -0.602998 -0.441347 -0.179814 -0.677145 -0.441347 -0.179814 -0.677145 -0.441347 -0.179814 -0.677145 -0.663078 -0.122884 -0.610805 -0.663078 -0.122884 -0.610805 -0.663078 -0.122884 -0.610805 -0.801258 -0.359232 -0.455146 -0.801258 -0.359232 -0.455146 -0.801258 -0.359232 -0.455146 -0.906121 -0.239893 -0.320218 -0.906121 -0.239893 -0.320218 -0.906121 -0.239893 -0.320218 -0.0637511 -0.939101 0.305157 -0.0637511 -0.939101 0.305157 -0.0637511 -0.939101 0.305157 -0.0177963 -0.951558 0.121516 -0.0177963 -0.951558 0.121516 -0.0177963 -0.951558 0.121516 -0.191759 -0.852434 0.482498 -0.191759 -0.852434 0.482498 -0.191759 -0.852434 0.482498 -0.0986087 -0.914871 0.264073 -0.0986087 -0.914871 0.264073 -0.0986087 -0.914871 0.264073 -0.135134 -0.834806 0.53354 -0.135134 -0.834806 0.53354 -0.135134 -0.834806 0.53354 -0.0739496 -0.919862 0.296373 -0.0739496 -0.919862 0.296373 -0.0739496 -0.919862 0.296373 -0.0207373 -0.939607 0.334872 -0.0207373 -0.939607 0.334872 -0.0207373 -0.939607 0.334872 -0.0313084 -0.941205 0.127046 -0.0313084 -0.941205 0.127046 -0.0313084 -0.941205 0.127046 0.0 0.785865 0.486504 0.0 0.785865 0.486504 0.0 0.785865 0.486504 -0.375039 0.24231 0.0995775 -0.375039 0.24231 0.0995775 -0.375039 0.24231 0.0995775 -0.220864 0.088339 0.0359441 -0.220864 0.088339 0.0359441 -0.220864 0.088339 0.0359441 0.0 0.995824 0.0662797 0.0 0.995824 0.0662797 0.0 0.995824 0.0662797 0.0 0.983264 0.153075 0.0 0.983264 0.153075 0.0 0.983264 0.153075 0.0 0.0 0.046933 0.0 0.0 0.046933 0.0 0.0 0.046933 0.0 0.785865 0.486504 0.0 0.785865 0.486504 0.0 0.785865 0.486504 0.0 0.0 0.0 0.0 0.0 0.0 0.0 0.0 0.0 0.0 0.446722 0.775164 0.0 0.446722 0.775164 0.0 0.446722 0.775164 0.0 0.0 0.0 0.0 0.0 0.0 0.0 0.0 0.0 0.0 0.0 0.0 0.0 0.0 0.0 0.0 0.0 0.0 0.0 0.0 0.046933 0.0 0.0 0.046933 0.0 0.0 0.046933 0.0 0.0 0.0 0.0 0.0 0.0 0.0 0.0 0.0 0.0 0.0 0.046933 0.0 0.0 0.046933 0.0 0.0 0.046933 0.0 0.446722 0.775164 0.0 0.446722 0.775164 0.0 0.446722 0.775164 0.0 0.0 0.0 0.0 0.0 0.0 0.0 0.0 0.0 0.0 0.446722 0.775164 0.0 0.446722 0.775164 0.0 0.446722 0.775164 0.0 0.93959 0.260366 0.0 0.93959 0.260366 0.0 0.93959 0.260366 0.0 0.0 0.0 0.0 0.0 0.0 0.0 0.0 0.0 0.0 0.996826 0.0674265 0.0 0.996826 0.0674265 0.0 0.996826 0.0674265 0.298182 0.482857 0.0495482 0.298182 0.482857 0.0495482 0.298182 0.482857 0.0495482 0.0 0.996826 0.0674265 0.0 0.996826 0.0674265 0.0 0.996826 0.0674265 0.0 0.645232 0.52762 0.0 0.645232 0.52762 0.0 0.645232 0.52762 0.610139 0.571588 0.0140903 0.610139 0.571588 0.0140903 0.610139 0.571588 0.0140903 0.0868637 -0.316045 -0.355044 0.0868637 -0.316045 -0.355044 0.0868637 -0.316045 -0.355044 -0.129083 -0.807971 -0.155271 -0.129083 -0.807971 -0.155271 -0.129083 -0.807971 -0.155271 0.0309194 -0.76888 -0.213025 0.0309194 -0.76888 -0.213025 0.0309194 -0.76888 -0.213025 -0.0215278 -0.927814 -0.0542811 -0.0215278 -0.927814 -0.0542811 -0.0215278 -0.927814 -0.0542811 0.123604 0.114402 -0.130087 0.123604 0.114402 -0.130087 0.123604 0.114402 -0.130087 -0.390385 -0.755783 0.0522154 -0.390385 -0.755783 0.0522154 -0.390385 -0.755783 0.0522154 0.0882035 0.056274 -0.116064 0.0882035 0.056274 -0.116064 0.0882035 0.056274 -0.116064 -0.351831 -0.473918 0.0243095 -0.351831 -0.473918 0.0243095 -0.351831 -0.473918 0.0243095 0.0 -0.130184 0.0252353 0.0 -0.130184 0.0252353 0.0 -0.130184 0.0252353 0.504336 0.57005 -0.505721 0.504336 0.57005 -0.505721 0.504336 0.57005 -0.505721 -0.0582574 0.71873 -0.582869 -0.0582574 0.71873 -0.582869 -0.0582574 0.71873 -0.582869 0.0 0.706587 0.556702 0.0 0.706587 0.556702 0.0 0.706587 0.556702 0.0 -0.130184 0.0252353 0.0 -0.130184 0.0252353 0.0 -0.130184 0.0252353 0.0 0.446722 0.775164 0.0 0.446722 0.775164 0.0 0.446722 0.775164 0.0 -0.218188 0.668155 0.0 -0.218188 0.668155 0.0 -0.218188 0.668155 0.0 0.448181 0.773477 0.0 0.448181 0.773477 0.0 0.448181 0.773477 0.0 -0.184059 0.228309 0.0 -0.184059 0.228309 0.0 -0.184059 0.228309 0.0 0.442376 0.780133 0.0 0.442376 0.780133 0.0 0.442376 0.780133 0.0 0.448181 0.773477 0.0 0.448181 0.773477 0.0 0.448181 0.773477 0.0 0.446722 0.775164 0.0 0.446722 0.775164 0.0 0.446722 0.775164 0.0 0.442376 0.780133 0.0 0.442376 0.780133 0.0 0.442376 0.780133 0.0 0.446722 0.775164 0.0 0.446722 0.775164 0.0 0.446722 0.775164 0.0 -0.27388 0.529409 0.0 -0.27388 0.529409 0.0 -0.27388 0.529409 0.0 0.448181 0.773477 0.0 0.448181 0.773477 0.0 0.448181 0.773477 0.0 -0.184059 0.228309 0.0 -0.184059 0.228309 0.0 -0.184059 0.228309 0.0 0.253849 0.941966 0.0 0.253849 0.941966 0.0 0.253849 0.941966 0.0 0.448181 0.773477 0.0 0.448181 0.773477 0.0 0.448181 0.773477 0.0 0.490831 0.601951 0.0 0.490831 0.601951 0.0 0.490831 0.601951 0.210287 0.231472 0.00497645 0.210287 0.231472 0.00497645 0.210287 0.231472 0.00497645 0.0 0.490831 0.601951 0.0 0.490831 0.601951 0.0 0.490831 0.601951 0.0 0.105312 0.669925 0.0 0.105312 0.669925 0.0 0.105312 0.669925 -0.58585 0.532239 0.599735 -0.58585 0.532239 0.599735 -0.58585 0.532239 0.599735 -0.465571 -0.511548 0.486889 -0.465571 -0.511548 0.486889 -0.465571 -0.511548 0.486889 -0.466275 -0.66608 0.504834 -0.466275 -0.66608 0.504834 -0.466275 -0.66608 0.504834 -0.450813 -0.500202 0.434782 -0.450813 -0.500202 0.434782 -0.450813 -0.500202 0.434782 0.39051 -0.0249446 -0.354804 0.39051 -0.0249446 -0.354804 0.39051 -0.0249446 -0.354804 -0.325801 -0.680477 0.0711684 -0.325801 -0.680477 0.0711684 -0.325801 -0.680477 0.0711684 -0.423838 -0.189711 0.289715 -0.423838 -0.189711 0.289715 -0.423838 -0.189711 0.289715 -0.351219 -0.700268 0.237438 -0.351219 -0.700268 0.237438 -0.351219 -0.700268 0.237438 -0.503156 -0.741665 0.34569 -0.503156 -0.741665 0.34569 -0.503156 -0.741665 0.34569 0.0 0.997084 0.0524324 0.0 0.997084 0.0524324 0.0 0.997084 0.0524324 -0.050867 -0.222426 0.00267529 -0.050867 -0.222426 0.00267529 -0.050867 -0.222426 0.00267529 0.0 0.726492 0.0796751 0.0 0.726492 0.0796751 0.0 0.726492 0.0796751 0.0 -0.9914 0.029061 0.0 -0.9914 0.029061 0.0 -0.9914 0.029061 0.0 0.726492 0.0796751 0.0 0.726492 0.0796751 0.0 0.726492 0.0796751 0.0 0.0 0.0163126 0.0 0.0 0.0163126 0.0 0.0 0.0163126 0.0 0.997084 0.0524324 0.0 0.997084 0.0524324 0.0 0.997084 0.0524324 0.0 0.0 0.295613 0.0 0.0 0.295613 0.0 0.0 0.295613 0.0 0.0 0.046933 0.0 0.0 0.046933 0.0 0.0 0.046933 0.0 0.0 0.29564 0.0 0.0 0.29564 0.0 0.0 0.29564 0.0 0.0 0.295613 0.0 0.0 0.295613 0.0 0.0 0.295613 0.0 0.0 0.0163126 0.0 0.0 0.0163126 0.0 0.0 0.0163126 0.0 0.0 0.29564 0.0 0.0 0.29564 0.0 0.0 0.29564 0.0 0.0 0.0163126 0.0 0.0 0.0163126 0.0 0.0 0.0163126 0.0 0.0 0.046933 0.0 0.0 0.046933 0.0 0.0 0.046933 0.0 0.0 0.295613 0.0 0.0 0.295613 0.0 0.0 0.295613 0.0 0.0 0.046933 0.0 0.0 0.046933 0.0 0.0 0.046933 0.0 -0.714125 0.0583708 0.0 -0.714125 0.0583708 0.0 -0.714125 0.0583708 0.0 0.0 0.295613 0.0 0.0 0.295613 0.0 0.0 0.295613 0.0 1.0 0.0 0.0 1.0 0.0 0.0 1.0 0.0 0.0 0.999886 0.0134542 0.0 0.999886 0.0134542 0.0 0.999886 0.0134542 0.0 1.0 0.0 0.0 1.0 0.0 0.0 1.0 0.0 0.0 0.997521 0.0592408 0.0 0.997521 0.0592408 0.0 0.997521 0.0592408 0.0372996 -0.810325 0.0297984 0.0372996 -0.810325 0.0297984 0.0372996 -0.810325 0.0297984 0.0178029 -0.825417 -0.0595985 0.0178029 -0.825417 -0.0595985 0.0178029 -0.825417 -0.0595985 -0.00552125 -0.965048 -0.0129472 -0.00552125 -0.965048 -0.0129472 -0.00552125 -0.965048 -0.0129472 0.000321749 0.828635 -0.000818086 0.000321749 0.828635 -0.000818086 0.000321749 0.828635 -0.000818086 0.0 0.942257 0.0 0.0 0.942257 0.0 0.0 0.942257 0.0 0.254022 0.359319 -0.329269 0.254022 0.359319 -0.329269 0.254022 0.359319 -0.329269 0.390606 0.795013 -0.109228 0.390606 0.795013 -0.109228 0.390606 0.795013 -0.109228 0.232521 0.305621 -0.268809 0.232521 0.305621 -0.268809 0.232521 0.305621 -0.268809 0.368604 0.701442 -0.0828442 0.368604 0.701442 -0.0828442 0.368604 0.701442 -0.0828442 0.0 0.701818 0.145552 0.0 0.701818 0.145552 0.0 0.701818 0.145552 0.0 -0.9914 0.029061 0.0 -0.9914 0.029061 0.0 -0.9914 0.029061 -0.752718 0.05773 -0.259413 -0.752718 0.05773 -0.259413 -0.752718 0.05773 -0.259413 0.0 -0.986253 0.156566 0.0 -0.986253 0.156566 0.0 -0.986253 0.156566 0.0 0.701818 0.145552 0.0 0.701818 0.145552 0.0 0.701818 0.145552 0.0 -0.295361 0.351595 0.0 -0.295361 0.351595 0.0 -0.295361 0.351595 0.0 -0.991118 0.028652 0.0 -0.991118 0.028652 0.0 -0.991118 0.028652 0.0 0.0 0.495191 0.0 0.0 0.495191 0.0 0.0 0.495191 0.0 0.0 0.0163126 0.0 0.0 0.0163126 0.0 0.0 0.0163126 0.0 0.0 0.495543 0.0 0.0 0.495543 0.0 0.0 0.495543 0.0 0.0 0.495191 0.0 0.0 0.495191 0.0 0.0 0.495191 0.0 -0.295361 0.351595 0.0 -0.295361 0.351595 0.0 -0.295361 0.351595 0.0 0.0 0.495543 0.0 0.0 0.495543 0.0 0.0 0.495543 0.0 -0.295361 0.351595 0.0 -0.295361 0.351595 0.0 -0.295361 0.351595 0.0 0.0 0.0163126 0.0 0.0 0.0163126 0.0 0.0 0.0163126 0.0 0.0 0.495191 0.0 0.0 0.495191 0.0 0.0 0.495191 0.0 0.0 0.0163126 0.0 0.0 0.0163126 0.0 0.0 0.0163126 0.0 -0.682629 0.305396 0.0 -0.682629 0.305396 0.0 -0.682629 0.305396 0.0 0.0 0.495191 0.0 0.0 0.495191 0.0 0.0 0.495191 0.0 -0.762924 0.620429 0.0 -0.762924 0.620429 0.0 -0.762924 0.620429 0.766894 0.0595535 0.131246 0.766894 0.0595535 0.131246 0.766894 0.0595535 0.131246 0.0 -0.682629 0.305396 0.0 -0.682629 0.305396 0.0 -0.682629 0.305396 0.0 1.0 0.0 0.0 1.0 0.0 0.0 1.0 0.0 0.0 -0.682629 0.305396 0.0 -0.682629 0.305396 0.0 -0.682629 0.305396 0.0127008 0.855795 -0.0354675 0.0127008 0.855795 -0.0354675 0.0127008 0.855795 -0.0354675 0.0413367 0.938738 -0.105589 0.0413367 0.938738 -0.105589 0.0413367 0.938738 -0.105589 0.248332 0.659349 -0.641763 0.248332 0.659349 -0.641763 0.248332 0.659349 -0.641763 0.043258 0.943931 -0.106106 0.043258 0.943931 -0.106106 0.043258 0.943931 -0.106106 0.391449 0.40904 -0.790637 0.391449 0.40904 -0.790637 0.391449 0.40904 -0.790637 0.388546 0.835269 -0.217875 0.388546 0.835269 -0.217875 0.388546 0.835269 -0.217875 0.285183 0.339532 -0.399565 0.285183 0.339532 -0.399565 0.285183 0.339532 -0.399565 0.409829 0.82575 -0.219231 0.409829 0.82575 -0.219231 0.409829 0.82575 -0.219231 0.0 -0.758896 0.614912 0.0 -0.758896 0.614912 0.0 -0.758896 0.614912 -0.0439386 0.207655 -0.965786 -0.0439386 0.207655 -0.965786 -0.0439386 0.207655 -0.965786 0.0 0.194995 0.313803 0.0 0.194995 0.313803 0.0 0.194995 0.313803 0.0 0.0 0.917408 0.0 0.0 0.917408 0.0 0.0 0.917408 0.0 0.194995 0.313803 0.0 0.194995 0.313803 0.0 0.194995 0.313803 0.0 0.0 1.0 0.0 0.0 1.0 0.0 0.0 1.0 0.0 -0.758896 0.614912 0.0 -0.758896 0.614912 0.0 -0.758896 0.614912 0.0 0.685587 0.244827 0.0 0.685587 0.244827 0.0 0.685587 0.244827 0.0 -0.295361 0.351595 0.0 -0.295361 0.351595 0.0 -0.295361 0.351595 0.0 0.685587 0.244827 0.0 0.685587 0.244827 0.0 0.685587 0.244827 0.0 0.685587 0.244827 0.0 0.685587 0.244827 0.0 0.685587 0.244827 0.0 0.0 1.0 0.0 0.0 1.0 0.0 0.0 1.0 0.0 0.685587 0.244827 0.0 0.685587 0.244827 0.0 0.685587 0.244827 0.0 0.0 1.0 0.0 0.0 1.0 0.0 0.0 1.0 0.0 -0.295361 0.351595 0.0 -0.295361 0.351595 0.0 -0.295361 0.351595 0.0 0.685587 0.244827 0.0 0.685587 0.244827 0.0 0.685587 0.244827 0.0 -0.295361 0.351595 0.0 -0.295361 0.351595 0.0 -0.295361 0.351595 0.0 -0.157469 0.984763 0.0 -0.157469 0.984763 0.0 -0.157469 0.984763 0.0 0.685587 0.244827 0.0 0.685587 0.244827 0.0 0.685587 0.244827 0.0 0.0 0.963979 0.0 0.0 0.963979 0.0 0.0 0.963979 0.0 -0.213462 0.941571 0.0 -0.213462 0.941571 0.0 -0.213462 0.941571 0.0 0.0 0.963979 0.0 0.0 0.963979 0.0 0.0 0.963979 0.0 -0.213462 0.941571 0.0 -0.213462 0.941571 0.0 -0.213462 0.941571 0.107687 0.78236 -0.610588 0.107687 0.78236 -0.610588 0.107687 0.78236 -0.610588 0.298864 0.210464 -0.929909 0.298864 0.210464 -0.929909 0.298864 0.210464 -0.929909 0.230291 0.786955 -0.571542 0.230291 0.786955 -0.571542 0.230291 0.786955 -0.571542 0.259974 0.211348 -0.9421 0.259974 0.211348 -0.9421 0.259974 0.211348 -0.9421 0.256423 0.0707598 -0.92924 0.256423 0.0707598 -0.92924 0.256423 0.0707598 -0.92924 -0.143072 0.305064 -0.808861 -0.143072 0.305064 -0.808861 -0.143072 0.305064 -0.808861 0.173985 0.00819897 0.983623 0.173985 0.00819897 0.983623 0.173985 0.00819897 0.983623 -0.113349 0.656131 -0.640811 -0.113349 0.656131 -0.640811 -0.113349 0.656131 -0.640811 -0.0948076 0.185067 -0.891483 -0.0948076 0.185067 -0.891483 -0.0948076 0.185067 -0.891483 0.0 -0.939868 0.288217 0.0 -0.939868 0.288217 0.0 -0.939868 0.288217 0.196884 0.709479 -0.0869983 0.196884 0.709479 -0.0869983 0.196884 0.709479 -0.0869983 0.306204 0.139966 -0.336852 0.306204 0.139966 -0.336852 0.306204 0.139966 -0.336852 0.0 -0.919003 0.332214 0.0 -0.919003 0.332214 0.0 -0.919003 0.332214 0.0 -0.939868 0.288217 0.0 -0.939868 0.288217 0.0 -0.939868 0.288217 0.0 0.0 0.184315 0.0 0.0 0.184315 0.0 0.0 0.184315 0.0 -0.920101 0.0952268 0.0 -0.920101 0.0952268 0.0 -0.920101 0.0952268 0.0 0.0 0.184394 0.0 0.0 0.184394 0.0 0.0 0.184394 0.0 0.0 0.0 0.0 0.0 0.0 0.0 0.0 0.0 0.0 0.0 0.184394 0.0 0.0 0.184394 0.0 0.0 0.184394 0.0 0.0 0.184394 0.0 0.0 0.184394 0.0 0.0 0.184394 0.0 0.0 0.99501 0.0 0.0 0.99501 0.0 0.0 0.99501 0.0 0.0 0.184394 0.0 0.0 0.184394 0.0 0.0 0.184394 0.0 0.0 0.184315 0.0 0.0 0.184315 0.0 0.0 0.184315 0.0 -0.707107 0.0 0.0 -0.707107 0.0 0.0 -0.707107 0.0 0.0 0.0 0.184394 0.0 0.0 0.184394 0.0 0.0 0.184394 0.0 0.0 0.0 0.0 0.0 0.0 0.0 0.0 0.0 0.0 -0.84428 0.407496 0.0 -0.84428 0.407496 0.0 -0.84428 0.407496 0.0 0.0 0.184394 0.0 0.0 0.184394 0.0 0.0 0.184394 0.0 -0.293256 0.300794 0.0 -0.293256 0.300794 0.0 -0.293256 0.300794 -0.630863 0.200774 -0.686451 -0.630863 0.200774 -0.686451 -0.630863 0.200774 -0.686451 0.0 -0.84428 0.407496 0.0 -0.84428 0.407496 0.0 -0.84428 0.407496 0.0 -0.875705 0.36372 0.0 -0.875705 0.36372 0.0 -0.875705 0.36372 -0.181652 -0.602604 -0.330211 -0.181652 -0.602604 -0.330211 -0.181652 -0.602604 -0.330211 -0.0519723 -0.915425 0.394961 -0.0519723 -0.915425 0.394961 -0.0519723 -0.915425 0.394961 0.04266 -0.968953 0.15758 0.04266 -0.968953 0.15758 0.04266 -0.968953 0.15758 -0.0466086 -0.772843 0.624004 -0.0466086 -0.772843 0.624004 -0.0466086 -0.772843 0.624004 0.0449528 -0.904573 0.392012 0.0449528 -0.904573 0.392012 0.0449528 -0.904573 0.392012 0.212377 -0.506948 0.820338 0.212377 -0.506948 0.820338 0.212377 -0.506948 0.820338 0.423139 -0.717421 0.550672 0.423139 -0.717421 0.550672 0.423139 -0.717421 0.550672 0.136964 -0.702767 0.611102 0.136964 -0.702767 0.611102 0.136964 -0.702767 0.611102 0.28928 -0.896407 0.247643 0.28928 -0.896407 0.247643 0.28928 -0.896407 0.247643 0.0 -0.467457 0.72187 0.0 -0.467457 0.72187 0.0 -0.467457 0.72187 0.173882 0.834123 -0.510962 0.173882 0.834123 -0.510962 0.173882 0.834123 -0.510962 0.442128 0.629297 -0.485714 0.442128 0.629297 -0.485714 0.442128 0.629297 -0.485714 0.0 -0.465065 0.678664 0.0 -0.465065 0.678664 0.0 -0.465065 0.678664 0.0 -0.467457 0.72187 0.0 -0.467457 0.72187 0.0 -0.467457 0.72187 0.0 -0.184059 0.228309 0.0 -0.184059 0.228309 0.0 -0.184059 0.228309 0.0 -0.699668 0.420984 0.0 -0.699668 0.420984 0.0 -0.699668 0.420984 0.0 -0.149759 0.272349 0.0 -0.149759 0.272349 0.0 -0.149759 0.272349 0.0 0.0 0.184315 0.0 0.0 0.184315 0.0 0.0 0.184315 0.0 -0.181228 0.230012 0.0 -0.181228 0.230012 0.0 -0.181228 0.230012 0.0 -0.149759 0.272349 0.0 -0.149759 0.272349 0.0 -0.149759 0.272349 0.0 -0.27388 0.529409 0.0 -0.27388 0.529409 0.0 -0.27388 0.529409 0.0 -0.181228 0.230012 0.0 -0.181228 0.230012 0.0 -0.181228 0.230012 0.0 -0.184059 0.228309 0.0 -0.184059 0.228309 0.0 -0.184059 0.228309 0.0 0.0 0.99501 0.0 0.0 0.99501 0.0 0.0 0.99501 0.0 -0.149759 0.272349 0.0 -0.149759 0.272349 0.0 -0.149759 0.272349 0.0 0.0 0.184315 0.0 0.0 0.184315 0.0 0.0 0.184315 0.0 -0.215354 0.295228 0.0 -0.215354 0.295228 0.0 -0.215354 0.295228 0.0 -0.149759 0.272349 0.0 -0.149759 0.272349 0.0 -0.149759 0.272349 0.0 0.200398 0.818488 0.0 0.200398 0.818488 0.0 0.200398 0.818488 0.482357 0.669201 -0.456692 0.482357 0.669201 -0.456692 0.482357 0.669201 -0.456692 0.0 -0.215354 0.295228 0.0 -0.215354 0.295228 0.0 -0.215354 0.295228 0.0 -0.419922 0.611322 0.0 -0.419922 0.611322 0.0 -0.419922 0.611322 0.0587825 0.700963 -0.537079 0.0587825 0.700963 -0.537079 0.0587825 0.700963 -0.537079 -0.196114 -0.69025 0.682035 -0.196114 -0.69025 0.682035 -0.196114 -0.69025 0.682035 -0.0771469 -0.805926 0.579592 -0.0771469 -0.805926 0.579592 -0.0771469 -0.805926 0.579592 -0.387824 -0.663913 0.563301 -0.387824 -0.663913 0.563301 -0.387824 -0.663913 0.563301 -0.348154 -0.757716 0.546941 -0.348154 -0.757716 0.546941 -0.348154 -0.757716 0.546941 -0.3402 -0.796554 0.335499 -0.3402 -0.796554 0.335499 -0.3402 -0.796554 0.335499 -0.432665 -0.797682 0.413055 -0.432665 -0.797682 0.413055 -0.432665 -0.797682 0.413055 -0.286522 -0.811648 0.438975 -0.286522 -0.811648 0.438975 -0.286522 -0.811648 0.438975 -0.313648 -0.842392 0.423681 -0.313648 -0.842392 0.423681 -0.313648 -0.842392 0.423681 0.0 -0.999666 0.0236084 0.0 -0.999666 0.0236084 0.0 -0.999666 0.0236084 0.0 -1.0 0.0 0.0 -1.0 0.0 0.0 -1.0 0.0 0.150882 -0.423211 -0.0185016 0.150882 -0.423211 -0.0185016 0.150882 -0.423211 -0.0185016 0.0 -0.999462 0.0299423 0.0 -0.999462 0.0299423 0.0 -0.999462 0.0299423 0.0 -0.999666 0.0236084 0.0 -0.999666 0.0236084 0.0 -0.999666 0.0236084 0.0 0.0 0.0 0.0 0.0 0.0 0.0 0.0 0.0 0.0 -0.692994 0.15704 0.0 -0.692994 0.15704 0.0 -0.692994 0.15704 0.0 0.0 0.154636 0.0 0.0 0.154636 0.0 0.0 0.154636 0.0 0.0 0.0152645 0.0 0.0 0.0152645 0.0 0.0 0.0152645 0.0 0.0 0.154636 0.0 0.0 0.154636 0.0 0.0 0.154636 0.0 0.0 0.154636 0.0 0.0 0.154636 0.0 0.0 0.154636 0.0 -0.707107 0.0 0.0 -0.707107 0.0 0.0 -0.707107 0.0 0.0 0.0 0.154636 0.0 0.0 0.154636 0.0 0.0 0.154636 0.0 0.0 0.0 0.0 0.0 0.0 0.0 0.0 0.0 0.0 0.0 0.0152715 0.0 0.0 0.0152715 0.0 0.0 0.0152715 0.0 0.0 0.154636 0.0 0.0 0.154636 0.0 0.0 0.154636 0.0 0.0 0.0152645 0.0 0.0 0.0152645 0.0 0.0 0.0152645 0.0 -0.999126 0.0372218 0.0 -0.999126 0.0372218 0.0 -0.999126 0.0372218 0.0 0.0 0.154636 0.0 0.0 0.154636 0.0 0.0 0.154636 0.0 -0.28607 0.129441 0.0 -0.28607 0.129441 0.0 -0.28607 0.129441 -0.216815 0.0634934 -0.0322519 -0.216815 0.0634934 -0.0322519 -0.216815 0.0634934 -0.0322519 0.0 -0.999126 0.0372218 0.0 -0.999126 0.0372218 0.0 -0.999126 0.0372218 0.0 -0.999388 0.0311003 0.0 -0.999388 0.0311003 0.0 -0.999388 0.0311003 0.0 0.721906 0.150721 0.0 0.721906 0.150721 0.0 0.721906 0.150721 -0.00558057 -0.994936 0.0164603 -0.00558057 -0.994936 0.0164603 -0.00558057 -0.994936 0.0164603 0.0 0.955123 0.0 0.0 0.955123 0.0 0.0 0.955123 0.0 -0.0145196 -0.982799 0.166894 -0.0145196 -0.982799 0.166894 -0.0145196 -0.982799 0.166894 0.00549772 -0.967844 0.0302067 0.00549772 -0.967844 0.0302067 0.00549772 -0.967844 0.0302067 0.202207 -0.77957 0.41631 0.202207 -0.77957 0.41631 0.202207 -0.77957 0.41631 0.384434 -0.911372 0.10535 0.384434 -0.911372 0.10535 0.384434 -0.911372 0.10535 0.259017 -0.763424 0.268695 0.259017 -0.763424 0.268695 0.259017 -0.763424 0.268695 -0.378122 0.918814 -0.0408079 -0.378122 0.918814 -0.0408079 -0.378122 0.918814 -0.0408079 0.0 0.0 0.917408 0.0 0.0 0.917408 0.0 0.0 0.917408 0.0 0.214841 0.896018 0.0 0.214841 0.896018 0.0 0.214841 0.896018 -0.392964 0.608986 0.669133 -0.392964 0.608986 0.669133 -0.392964 0.608986 0.669133 0.0 0.214841 0.896018 0.0 0.214841 0.896018 0.0 0.214841 0.896018 0.0 0.027702 0.331308 0.0 0.027702 0.331308 0.0 0.027702 0.331308 0.0 0.263216 0.808448 0.0 0.263216 0.808448 0.0 0.263216 0.808448 0.0 0.0 0.917408 0.0 0.0 0.917408 0.0 0.0 0.917408 0.0 0.058722 0.998274 0.0 0.058722 0.998274 0.0 0.058722 0.998274 0.0 0.0 1.0 0.0 0.0 1.0 0.0 0.0 1.0 0.0 0.970142 0.242536 0.0 0.970142 0.242536 0.0 0.970142 0.242536 0.0 0.058722 0.998274 0.0 0.058722 0.998274 0.0 0.058722 0.998274 0.0 -0.497686 0.303436 0.0 -0.497686 0.303436 0.0 -0.497686 0.303436 0.0 0.970142 0.242536 0.0 0.970142 0.242536 0.0 0.970142 0.242536 0.0 0.263216 0.808448 0.0 0.263216 0.808448 0.0 0.263216 0.808448 0.0 0.0 1.0 0.0 0.0 1.0 0.0 0.0 1.0 0.0 0.058722 0.998274 0.0 0.058722 0.998274 0.0 0.058722 0.998274 0.0 0.0 1.0 0.0 0.0 1.0 0.0 0.0 1.0 0.0 0.214273 0.968453 0.0 0.214273 0.968453 0.0 0.214273 0.968453 0.0 0.058722 0.998274 0.0 0.058722 0.998274 0.0 0.058722 0.998274 0.0 -0.595999 0.136441 0.0 -0.595999 0.136441 0.0 -0.595999 0.136441 -0.558105 0.0255109 0.793701 -0.558105 0.0255109 0.793701 -0.558105 0.0255109 0.793701 0.0 -0.595999 0.136441 0.0 -0.595999 0.136441 0.0 -0.595999 0.136441 0.0 0.0 0.963971 0.0 0.0 0.963971 0.0 0.0 0.963971 0.0 0.214273 0.968453 0.0 0.214273 0.968453 0.0 0.214273 0.968453 0.265712 0.0125216 -0.962902 0.265712 0.0125216 -0.962902 0.265712 0.0125216 -0.962902 -0.250466 0.136467 0.907647 -0.250466 0.136467 0.907647 -0.250466 0.136467 0.907647 -0.277101 0.186789 0.937205 -0.277101 0.186789 0.937205 -0.277101 0.186789 0.937205 -0.162778 0.694846 0.589884 -0.162778 0.694846 0.589884 -0.162778 0.694846 0.589884 0.0414068 0.439908 0.529009 0.0414068 0.439908 0.529009 0.0414068 0.439908 0.529009 0.0845795 0.209442 0.969304 0.0845795 0.209442 0.969304 0.0845795 0.209442 0.969304 -0.145098 0.0963563 -0.820311 -0.145098 0.0963563 -0.820311 -0.145098 0.0963563 -0.820311 0.170226 0.211721 0.962373 0.170226 0.211721 0.962373 0.170226 0.211721 0.962373 0.0 0.992281 0.114036 0.0 0.992281 0.114036 0.0 0.992281 0.114036 0.644175 0.62824 0.263601 0.644175 0.62824 0.263601 0.644175 0.62824 0.263601 0.0 -0.692994 0.15704 0.0 -0.692994 0.15704 0.0 -0.692994 0.15704 0.0 0.993035 0.10837 0.0 0.993035 0.10837 0.0 0.993035 0.10837 0.0 0.992281 0.114036 0.0 0.992281 0.114036 0.0 0.992281 0.114036 0.0 0.0 0.0152645 0.0 0.0 0.0152645 0.0 0.0 0.0152645 0.0 0.655118 0.7537 0.0 0.655118 0.7537 0.0 0.655118 0.7537 0.0 0.0 0.280093 0.0 0.0 0.280093 0.0 0.0 0.280093 0.0 0.263216 0.808448 0.0 0.263216 0.808448 0.0 0.263216 0.808448 0.0 0.0 0.280093 0.0 0.0 0.280093 0.0 0.0 0.280093 0.0 0.0 0.280093 0.0 0.0 0.280093 0.0 0.0 0.280093 0.0 0.0 0.0152715 0.0 0.0 0.0152715 0.0 0.0 0.0152715 0.0 0.0 0.280093 0.0 0.0 0.280093 0.0 0.0 0.280093 0.0 0.0 0.0152645 0.0 0.0 0.0152645 0.0 0.0 0.0152645 0.0 -0.497686 0.303436 0.0 -0.497686 0.303436 0.0 -0.497686 0.303436 0.0 0.0 0.280093 0.0 0.0 0.280093 0.0 0.0 0.280093 0.0 0.263216 0.808448 0.0 0.263216 0.808448 0.0 0.263216 0.808448 0.0 0.993159 0.110263 0.0 0.993159 0.110263 0.0 0.993159 0.110263 0.0 0.0 0.280093 0.0 0.0 0.280093 0.0 0.0 0.280093 0.0 0.721906 0.150721 0.0 0.721906 0.150721 0.0 0.721906 0.150721 0.0 -1.0 0.0 0.0 -1.0 0.0 0.0 -1.0 0.0 0.0 0.993159 0.110263 0.0 0.993159 0.110263 0.0 0.993159 0.110263 0.0 0.770307 0.611932 0.0 0.770307 0.611932 0.0 0.770307 0.611932 -0.336045 -0.18256 -0.00726422 -0.336045 -0.18256 -0.00726422 -0.336045 -0.18256 -0.00726422 -0.230499 0.707044 0.643102 -0.230499 0.707044 0.643102 -0.230499 0.707044 0.643102 -0.0572785 0.915357 0.106809 -0.0572785 0.915357 0.106809 -0.0572785 0.915357 0.106809 -0.00798137 0.999183 0.0368168 -0.00798137 0.999183 0.0368168 -0.00798137 0.999183 0.0368168 -0.0245747 0.960696 0.110697 -0.0245747 0.960696 0.110697 -0.0245747 0.960696 0.110697 0.259824 -0.700478 0.13916 0.259824 -0.700478 0.13916 0.259824 -0.700478 0.13916 -0.378521 0.914949 0.118598 -0.378521 0.914949 0.118598 -0.378521 0.914949 0.118598 -0.416583 0.66138 0.390035 -0.416583 0.66138 0.390035 -0.416583 0.66138 0.390035 -0.341789 0.886102 0.118561 -0.341789 0.886102 0.118561 -0.341789 0.886102 0.118561 0.400516 0.12263 -0.859776 0.400516 0.12263 -0.859776 0.400516 0.12263 -0.859776 0.261186 0.713448 -0.533018 0.261186 0.713448 -0.533018 0.261186 0.713448 -0.533018 0.51129 0.159664 -0.784095 0.51129 0.159664 -0.784095 0.51129 0.159664 -0.784095 0.220621 0.320029 -0.440466 0.220621 0.320029 -0.440466 0.220621 0.320029 -0.440466 0.249367 0.11151 -0.943863 0.249367 0.11151 -0.943863 0.249367 0.11151 -0.943863 -0.155117 0.0018239 0.903857 -0.155117 0.0018239 0.903857 -0.155117 0.0018239 0.903857 0.130833 0.534522 -0.833556 0.130833 0.534522 -0.833556 0.130833 0.534522 -0.833556 0.0806187 0.0168507 -0.960829 0.0806187 0.0168507 -0.960829 0.0806187 0.0168507 -0.960829 0.200286 0.557388 -0.80172 0.200286 0.557388 -0.80172 0.200286 0.557388 -0.80172 0.220242 0.105282 -0.943549 0.220242 0.105282 -0.943549 0.220242 0.105282 -0.943549 0.264427 0.167254 -0.922027 0.264427 0.167254 -0.922027 0.264427 0.167254 -0.922027 0.236333 0.0445123 -0.934462 0.236333 0.0445123 -0.934462 0.236333 0.0445123 -0.934462 0.272469 0.185088 -0.912788 0.272469 0.185088 -0.912788 0.272469 0.185088 -0.912788 0.274407 0.0794122 -0.919285 0.274407 0.0794122 -0.919285 0.274407 0.0794122 -0.919285 0.230867 0.588166 -0.773424 0.230867 0.588166 -0.773424 0.230867 0.588166 -0.773424 0.265004 0.167251 -0.920433 0.265004 0.167251 -0.920433 0.265004 0.167251 -0.920433 0.500528 0.22203 -0.666984 0.500528 0.22203 -0.666984 0.500528 0.22203 -0.666984 0.244479 0.392404 -0.266151 0.244479 0.392404 -0.266151 0.244479 0.392404 -0.266151 0.518714 0.228967 -0.73928 0.518714 0.228967 -0.73928 0.518714 0.228967 -0.73928 0.273004 0.50534 -0.389087 0.273004 0.50534 -0.389087 0.273004 0.50534 -0.389087 0.274188 0.0775926 -0.918546 0.274188 0.0775926 -0.918546 0.274188 0.0775926 -0.918546 0.257435 0.124659 -0.862429 0.257435 0.124659 -0.862429 0.257435 0.124659 -0.862429 0.275694 0.0555956 -0.923595 0.275694 0.0555956 -0.923595 0.275694 0.0555956 -0.923595 0.230849 0.0891116 -0.873121 0.230849 0.0891116 -0.873121 0.230849 0.0891116 -0.873121 0.274407 0.0794121 -0.919285 0.274407 0.0794121 -0.919285 0.274407 0.0794121 -0.919285 0.264323 0.0746501 -0.921438 0.264323 0.0746501 -0.921438 0.264323 0.0746501 -0.921438 0.274079 0.081813 -0.918187 0.274079 0.081813 -0.918187 0.274079 0.081813 -0.918187 0.274079 0.0818131 -0.918187 0.274079 0.0818131 -0.918187 0.274079 0.0818131 -0.918187 0.27408 0.0818132 -0.918187 0.27408 0.0818132 -0.918187 0.27408 0.0818132 -0.918187 0.27408 0.0818131 -0.918187 0.27408 0.0818131 -0.918187 0.27408 0.0818131 -0.918187 0.27408 0.0818131 -0.918187 0.27408 0.0818131 -0.918187 0.27408 0.0818131 -0.918187 0.27408 0.0818131 -0.918187 0.27408 0.0818131 -0.918187 0.27408 0.0818131 -0.918187 0.516949 0.250325 -0.736762 0.516949 0.250325 -0.736762 0.516949 0.250325 -0.736762 0.273003 0.505338 -0.389089 0.273003 0.505338 -0.389089 0.273003 0.505338 -0.389089 0.516948 0.250325 -0.736765 0.516948 0.250325 -0.736765 0.516948 0.250325 -0.736765 0.273004 0.50534 -0.389089 0.273004 0.50534 -0.389089 0.273004 0.50534 -0.389089 0.274081 0.0818134 -0.918186 0.274081 0.0818134 -0.918186 0.274081 0.0818134 -0.918186 0.257435 0.124659 -0.862428 0.257435 0.124659 -0.862428 0.257435 0.124659 -0.862428 0.274079 0.0818131 -0.918187 0.274079 0.0818131 -0.918187 0.274079 0.0818131 -0.918187 0.257437 0.12466 -0.862428 0.257437 0.12466 -0.862428 0.257437 0.12466 -0.862428 0.27408 0.081813 -0.918187 0.27408 0.081813 -0.918187 0.27408 0.081813 -0.918187 0.27408 0.081813 -0.918187 0.27408 0.081813 -0.918187 0.27408 0.081813 -0.918187 0.274079 0.081813 -0.918188 0.274079 0.081813 -0.918188 0.274079 0.081813 -0.918188 0.274079 0.0818131 -0.918187 0.274079 0.0818131 -0.918187 0.274079 0.0818131 -0.918187 0.27408 0.0818132 -0.918186 0.27408 0.0818132 -0.918186 0.27408 0.0818132 -0.918186 0.27408 0.0818131 -0.918187 0.27408 0.0818131 -0.918187 0.27408 0.0818131 -0.918187 0.27408 0.0818131 -0.918187 0.27408 0.0818131 -0.918187 0.27408 0.0818131 -0.918187 0.27408 0.0818131 -0.918187 0.27408 0.0818131 -0.918187 0.27408 0.0818131 -0.918187 0.516949 0.250325 -0.736762 0.516949 0.250325 -0.736762 0.516949 0.250325 -0.736762 0.266644 0.317907 -0.380027 0.266644 0.317907 -0.380027 0.266644 0.317907 -0.380027 -0.438862 -0.115164 0.54117 -0.438862 -0.115164 0.54117 -0.438862 -0.115164 0.54117 -0.222907 0.0600086 0.317689 -0.222907 0.0600086 0.317689 -0.222907 0.0600086 0.317689 -0.27054 0.072734 0.90633 -0.27054 0.072734 0.90633 -0.27054 0.072734 0.90633 -0.171733 0.546464 0.575318 -0.171733 0.546464 0.575318 -0.171733 0.546464 0.575318 0.274079 0.0818131 -0.918187 0.274079 0.0818131 -0.918187 0.274079 0.0818131 -0.918187 -0.252475 0.0355143 0.845807 -0.252475 0.0355143 0.845807 -0.252475 0.0355143 0.845807 0.27408 0.081813 -0.918187 0.27408 0.081813 -0.918187 0.27408 0.081813 -0.918187 -0.270541 0.072734 0.906332 -0.270541 0.072734 0.906332 -0.270541 0.072734 0.906332 -0.270542 0.072733 0.906331 -0.270542 0.072733 0.906331 -0.270542 0.072733 0.906331 -0.193803 0.619715 0.649255 -0.193803 0.619715 0.649255 -0.193803 0.619715 0.649255 -0.27054 0.0727335 0.90633 -0.27054 0.0727335 0.90633 -0.27054 0.0727335 0.90633 -0.193804 0.619713 0.649256 -0.193804 0.619713 0.649256 -0.193804 0.619713 0.649256 0.27408 0.0818131 -0.918187 0.27408 0.0818131 -0.918187 0.27408 0.0818131 -0.918187 -0.270541 0.0727333 0.90633 -0.270541 0.0727333 0.90633 -0.270541 0.0727333 0.90633 0.245307 0.803583 0.0406512 0.245307 0.803583 0.0406512 0.245307 0.803583 0.0406512 0.0682324 0.202084 0.0509413 0.0682324 0.202084 0.0509413 0.0682324 0.202084 0.0509413 -0.256471 -0.742488 -0.0311418 -0.256471 -0.742488 -0.0311418 -0.256471 -0.742488 -0.0311418 -0.289971 -0.40525 0.393768 -0.289971 -0.40525 0.393768 -0.289971 -0.40525 0.393768 -0.0517282 0.913895 0.14451 -0.0517282 0.913895 0.14451 -0.0517282 0.913895 0.14451 -0.01544 -0.877624 0.0431368 -0.01544 -0.877624 0.0431368 -0.01544 -0.877624 0.0431368 -0.232853 0.601466 0.642937 -0.232853 0.601466 0.642937 -0.232853 0.601466 0.642937 -0.0514576 0.848759 0.109796 -0.0514576 0.848759 0.109796 -0.0514576 0.848759 0.109796 -0.232881 0.60145 0.642934 -0.232881 0.60145 0.642934 -0.232881 0.60145 0.642934 -0.0649804 0.917248 0.145646 -0.0649804 0.917248 0.145646 -0.0649804 0.917248 0.145646 -0.0517281 0.913909 0.144512 -0.0517281 0.913909 0.144512 -0.0517281 0.913909 0.144512 0.0 0.941494 0.0 0.0 0.941494 0.0 0.0 0.941494 0.0 -0.0517278 0.913896 0.144509 -0.0517278 0.913896 0.144509 -0.0517278 0.913896 0.144509 0.0 -0.941507 0.0 0.0 -0.941507 0.0 0.0 -0.941507 0.0 -0.232853 0.601466 0.642938 -0.232853 0.601466 0.642938 -0.232853 0.601466 0.642938 -0.0649899 0.917237 0.145645 -0.0649899 0.917237 0.145645 -0.0649899 0.917237 0.145645 -0.326584 -0.829178 0.0892701 -0.326584 -0.829178 0.0892701 -0.326584 -0.829178 0.0892701 -0.305019 -0.328079 0.387673 -0.305019 -0.328079 0.387673 -0.305019 -0.328079 0.387673 -0.329639 -0.80363 0.0891671 -0.329639 -0.80363 0.0891671 -0.329639 -0.80363 0.0891671 -0.292522 -0.406201 0.404376 -0.292522 -0.406201 0.404376 -0.292522 -0.406201 0.404376 0.0 0.941495 0.0 0.0 0.941495 0.0 0.0 0.941495 0.0 -0.016265 -0.876926 0.0454418 -0.016265 -0.876926 0.0454418 -0.016265 -0.876926 0.0454418 0.0 -0.941506 0.0 0.0 -0.941506 0.0 0.0 -0.941506 0.0 -0.015664 -0.877475 0.0437507 -0.015664 -0.877475 0.0437507 -0.015664 -0.877475 0.0437507 0.0 -0.941495 0.0 0.0 -0.941495 0.0 0.0 -0.941495 0.0 0.0 -0.941506 0.0 0.0 -0.941506 0.0 0.0 -0.941506 0.0 0.0 0.941503 0.0 0.0 0.941503 0.0 0.0 0.941503 0.0 0.0 0.941494 0.0 0.0 0.941494 0.0 0.0 0.941494 0.0 0.0 0.941494 0.0 0.0 0.941494 0.0 0.0 0.941494 0.0 0.0 -0.941506 0.0 0.0 -0.941506 0.0 0.0 -0.941506 0.0 0.0 -0.941506 0.0 0.0 -0.941506 0.0 0.0 -0.941506 0.0 0.0 -0.941495 0.0 0.0 -0.941495 0.0 0.0 -0.941495 0.0 -0.33515 -0.825646 0.0929279 -0.33515 -0.825646 0.0929279 -0.33515 -0.825646 0.0929279 -0.314525 -0.365108 0.428608 -0.314525 -0.365108 0.428608 -0.314525 -0.365108 0.428608 -0.363628 -0.806529 0.118935 -0.363628 -0.806529 0.118935 -0.363628 -0.806529 0.118935 -0.333956 -0.398149 0.506072 -0.333956 -0.398149 0.506072 -0.333956 -0.398149 0.506072 -0.0118761 -0.943566 0.0227376 -0.0118761 -0.943566 0.0227376 -0.0118761 -0.943566 0.0227376 -0.0559121 -0.874864 0.147467 -0.0559121 -0.874864 0.147467 -0.0559121 -0.874864 0.147467 0.0 -0.9415 0.0 0.0 -0.9415 0.0 0.0 -0.9415 0.0 -0.0260494 -0.876996 0.0727631 -0.0260494 -0.876996 0.0727631 -0.0260494 -0.876996 0.0727631 0.0 -0.941492 0.0 0.0 -0.941492 0.0 0.0 -0.941492 0.0 -0.00814533 -0.943547 0.022763 -0.00814533 -0.943547 0.022763 -0.00814533 -0.943547 0.022763 -0.0111155 -0.943612 0.0225975 -0.0111155 -0.943612 0.0225975 -0.0111155 -0.943612 0.0225975 -0.0344883 -0.946001 0.0881908 -0.0344883 -0.946001 0.0881908 -0.0344883 -0.946001 0.0881908 -0.0107571 -0.943625 0.0225391 -0.0107571 -0.943625 0.0225391 -0.0107571 -0.943625 0.0225391 -0.0341507 -0.946328 0.0878949 -0.0341507 -0.946328 0.0878949 -0.0341507 -0.946328 0.0878949 0.0 -0.941507 0.0 0.0 -0.941507 0.0 0.0 -0.941507 0.0 -0.00809939 -0.943592 0.0226184 -0.00809939 -0.943592 0.0226184 -0.00809939 -0.943592 0.0226184 -0.399335 -0.837092 0.189501 -0.399335 -0.837092 0.189501 -0.399335 -0.837092 0.189501 -0.393901 -0.343547 0.645371 -0.393901 -0.343547 0.645371 -0.393901 -0.343547 0.645371 -0.0638537 -0.873828 0.297011 -0.0638537 -0.873828 0.297011 -0.0638537 -0.873828 0.297011 -0.360309 -0.343568 0.7596 -0.360309 -0.343568 0.7596 -0.360309 -0.343568 0.7596 -0.0398657 -0.974135 0.216738 -0.0398657 -0.974135 0.216738 -0.0398657 -0.974135 0.216738 -0.209002 -0.657751 0.552857 -0.209002 -0.657751 0.552857 -0.209002 -0.657751 0.552857 -0.0413816 -0.946127 0.0880182 -0.0413816 -0.946127 0.0880182 -0.0413816 -0.946127 0.0880182 -0.115196 -0.850132 0.295323 -0.115196 -0.850132 0.295323 -0.115196 -0.850132 0.295323 -0.0398767 -0.946415 0.0877445 -0.0398767 -0.946415 0.0877445 -0.0398767 -0.946415 0.0877445 -0.0822393 -0.936543 0.205776 -0.0822393 -0.936543 0.205776 -0.0822393 -0.936543 0.205776 -0.0746717 -0.955251 0.199357 -0.0746717 -0.955251 0.199357 -0.0746717 -0.955251 0.199357 -0.162142 -0.85444 0.414511 -0.162142 -0.85444 0.414511 -0.162142 -0.85444 0.414511 -0.0841457 -0.940558 0.193133 -0.0841457 -0.940558 0.193133 -0.0841457 -0.940558 0.193133 -0.137818 -0.901139 0.345751 -0.137818 -0.901139 0.345751 -0.137818 -0.901139 0.345751 -0.0391207 -0.946518 0.0876013 -0.0391207 -0.946518 0.0876013 -0.0391207 -0.946518 0.0876013 -0.0777453 -0.939424 0.195789 -0.0777453 -0.939424 0.195789 -0.0777453 -0.939424 0.195789 0.875999 0.199311 -0.412084 0.875999 0.199311 -0.412084 0.875999 0.199311 -0.412084 0.372108 -0.126732 -0.879969 0.372108 -0.126732 -0.879969 0.372108 -0.126732 -0.879969 0.595319 0.0468072 -0.645421 0.595319 0.0468072 -0.645421 0.595319 0.0468072 -0.645421 0.11148 0.0149387 -0.846035 0.11148 0.0149387 -0.846035 0.11148 0.0149387 -0.846035 0.879822 0.210322 -0.414647 0.879822 0.210322 -0.414647 0.879822 0.210322 -0.414647 0.509921 -0.113589 -0.822918 0.509921 -0.113589 -0.822918 0.509921 -0.113589 -0.822918 0.630665 0.699294 -0.325058 0.630665 0.699294 -0.325058 0.630665 0.699294 -0.325058 0.602064 0.0993523 -0.721769 0.602064 0.0993523 -0.721769 0.602064 0.0993523 -0.721769 -0.0447647 -0.928689 0.365514 -0.0447647 -0.928689 0.365514 -0.0447647 -0.928689 0.365514 -0.190295 -0.674146 0.59957 -0.190295 -0.674146 0.59957 -0.190295 -0.674146 0.59957 0.0348998 -0.835861 0.515214 0.0348998 -0.835861 0.515214 0.0348998 -0.835861 0.515214 -0.0546778 -0.58852 0.706384 -0.0546778 -0.58852 0.706384 -0.0546778 -0.58852 0.706384 -0.240812 -0.774941 0.581589 -0.240812 -0.774941 0.581589 -0.240812 -0.774941 0.581589 -0.208141 -0.822029 0.488109 -0.208141 -0.822029 0.488109 -0.208141 -0.822029 0.488109 -0.151079 -0.865451 0.463529 -0.151079 -0.865451 0.463529 -0.151079 -0.865451 0.463529 -0.114563 -0.909766 0.351383 -0.114563 -0.909766 0.351383 -0.114563 -0.909766 0.351383 0.464128 -0.112212 -0.732284 0.464128 -0.112212 -0.732284 0.464128 -0.112212 -0.732284 0.248067 -0.144617 -0.832898 0.248067 -0.144617 -0.832898 0.248067 -0.144617 -0.832898 0.282384 -0.0976348 -0.762457 0.282384 -0.0976348 -0.762457 0.282384 -0.0976348 -0.762457 0.146457 -0.11183 -0.827165 0.146457 -0.11183 -0.827165 0.146457 -0.11183 -0.827165 0.471626 -0.0446338 -0.480269 0.471626 -0.0446338 -0.480269 0.471626 -0.0446338 -0.480269 0.13659 -0.10747 -0.794657 0.13659 -0.10747 -0.794657 0.13659 -0.10747 -0.794657 0.82585 -0.0666392 -0.44583 0.82585 -0.0666392 -0.44583 0.82585 -0.0666392 -0.44583 0.396902 -0.238881 -0.750864 0.396902 -0.238881 -0.750864 0.396902 -0.238881 -0.750864 -0.989008 0.0874439 -0.118593 -0.989008 0.0874439 -0.118593 -0.989008 0.0874439 -0.118593 -0.788336 0.339129 0.215461 -0.788336 0.339129 0.215461 -0.788336 0.339129 0.215461 -0.645601 -0.0126895 -0.0234854 -0.645601 -0.0126895 -0.0234854 -0.645601 -0.0126895 -0.0234854 -0.226999 0.108983 0.461013 -0.226999 0.108983 0.461013 -0.226999 0.108983 0.461013 -0.663175 -0.0164639 -0.317971 -0.663175 -0.0164639 -0.317971 -0.663175 -0.0164639 -0.317971 -0.236684 -0.0114525 -0.136284 -0.236684 -0.0114525 -0.136284 -0.236684 -0.0114525 -0.136284 -0.898426 -0.0685085 -0.349818 -0.898426 -0.0685085 -0.349818 -0.898426 -0.0685085 -0.349818 -0.975811 0.140703 -0.166737 -0.975811 0.140703 -0.166737 -0.975811 0.140703 -0.166737 -0.089589 -0.0472536 -0.718238 -0.089589 -0.0472536 -0.718238 -0.089589 -0.0472536 -0.718238 0.0610894 0.00618266 -0.805346 0.0610894 0.00618266 -0.805346 0.0610894 0.00618266 -0.805346 -0.630344 0.189718 -0.700641 -0.630344 0.189718 -0.700641 -0.630344 0.189718 -0.700641 -0.104095 0.0852924 -0.703035 -0.104095 0.0852924 -0.703035 -0.104095 0.0852924 -0.703035 0.727755 -0.174066 0.17166 0.727755 -0.174066 0.17166 0.727755 -0.174066 0.17166 -0.359002 0.285158 -0.543054 -0.359002 0.285158 -0.543054 -0.359002 0.285158 -0.543054 -0.355827 0.013722 -0.400189 -0.355827 0.013722 -0.400189 -0.355827 0.013722 -0.400189 0.110477 -0.0896634 -0.604284 0.110477 -0.0896634 -0.604284 0.110477 -0.0896634 -0.604284 -0.617609 -0.0483564 -0.0308611 -0.617609 -0.0483564 -0.0308611 -0.617609 -0.0483564 -0.0308611 -0.199671 0.114436 -0.522876 -0.199671 0.114436 -0.522876 -0.199671 0.114436 -0.522876 -0.980089 -0.16381 -0.071098 -0.980089 -0.16381 -0.071098 -0.980089 -0.16381 -0.071098 -0.800837 0.205127 -0.474277 -0.800837 0.205127 -0.474277 -0.800837 0.205127 -0.474277 -0.928676 -0.176261 0.176859 -0.928676 -0.176261 0.176859 -0.928676 -0.176261 0.176859 -0.997868 -0.0441584 0.0391007 -0.997868 -0.0441584 0.0391007 -0.997868 -0.0441584 0.0391007 -0.234493 -0.0699962 0.216963 -0.234493 -0.0699962 0.216963 -0.234493 -0.0699962 0.216963 -0.656138 -0.0397846 -0.0100086 -0.656138 -0.0397846 -0.0100086 -0.656138 -0.0397846 -0.0100086 0.641737 -0.131836 0.284984 0.641737 -0.131836 0.284984 0.641737 -0.131836 0.284984 -0.238565 0.178933 -0.551351 -0.238565 0.178933 -0.551351 -0.238565 0.178933 -0.551351 0.51151 0.517559 0.428644 0.51151 0.517559 0.428644 0.51151 0.517559 0.428644 0.541341 -0.458763 0.25135 0.541341 -0.458763 0.25135 0.541341 -0.458763 0.25135 -0.0660662 -0.906717 -0.402553 -0.0660662 -0.906717 -0.402553 -0.0660662 -0.906717 -0.402553 0.297216 -0.653254 -0.52635 0.297216 -0.653254 -0.52635 0.297216 -0.653254 -0.52635 0.853802 -0.425781 -0.196798 0.853802 -0.425781 -0.196798 0.853802 -0.425781 -0.196798 0.557687 -0.454392 0.0949341 0.557687 -0.454392 0.0949341 0.557687 -0.454392 0.0949341 0.161741 -0.81923 -0.509866 0.161741 -0.81923 -0.509866 0.161741 -0.81923 -0.509866 0.194275 -0.654202 -0.654956 0.194275 -0.654202 -0.654956 0.194275 -0.654202 -0.654956 0.164915 -0.844059 -0.34753 0.164915 -0.844059 -0.34753 0.164915 -0.844059 -0.34753 0.271481 -0.783088 -0.55508 0.271481 -0.783088 -0.55508 0.271481 -0.783088 -0.55508 0.182945 -0.763848 -0.462456 0.182945 -0.763848 -0.462456 0.182945 -0.763848 -0.462456 0.143471 -0.842472 -0.344719 0.143471 -0.842472 -0.344719 0.143471 -0.842472 -0.344719 0.227963 -0.653519 -0.5969 0.227963 -0.653519 -0.5969 0.227963 -0.653519 -0.5969 0.193873 -0.776295 -0.487441 0.193873 -0.776295 -0.487441 0.193873 -0.776295 -0.487441 0.378058 -0.894641 -0.230476 0.378058 -0.894641 -0.230476 0.378058 -0.894641 -0.230476 0.368859 -0.662684 -0.272621 0.368859 -0.662684 -0.272621 0.368859 -0.662684 -0.272621 0.390152 -0.897437 -0.0884562 0.390152 -0.897437 -0.0884562 0.390152 -0.897437 -0.0884562 0.402748 -0.793438 -0.202998 0.402748 -0.793438 -0.202998 0.402748 -0.793438 -0.202998 0.0504667 -0.928976 -0.0968572 0.0504667 -0.928976 -0.0968572 0.0504667 -0.928976 -0.0968572 0.106968 -0.928642 -0.266891 0.106968 -0.928642 -0.266891 0.106968 -0.928642 -0.266891 0.0603767 -0.921073 -0.207287 0.0603767 -0.921073 -0.207287 0.0603767 -0.921073 -0.207287 0.163229 -0.848955 -0.500832 0.163229 -0.848955 -0.500832 0.163229 -0.848955 -0.500832 0.0739805 -0.908415 -0.202144 0.0739805 -0.908415 -0.202144 0.0739805 -0.908415 -0.202144 0.141305 -0.849122 -0.389949 0.141305 -0.849122 -0.389949 0.141305 -0.849122 -0.389949 0.0618912 -0.928147 -0.109789 0.0618912 -0.928147 -0.109789 0.0618912 -0.928147 -0.109789 0.0830334 -0.896415 -0.203189 0.0830334 -0.896415 -0.203189 0.0830334 -0.896415 -0.203189 0.0927314 -0.896759 -0.202041 0.0927314 -0.896759 -0.202041 0.0927314 -0.896759 -0.202041 0.047374 -0.929211 -0.109657 0.047374 -0.929211 -0.109657 0.047374 -0.929211 -0.109657 0.0948441 -0.890651 -0.200841 0.0948441 -0.890651 -0.200841 0.0948441 -0.890651 -0.200841 0.146989 -0.834071 -0.341787 0.146989 -0.834071 -0.341787 0.146989 -0.834071 -0.341787 0.345697 -0.890832 -0.0323252 0.345697 -0.890832 -0.0323252 0.345697 -0.890832 -0.0323252 0.375048 -0.866495 -0.0588608 0.375048 -0.866495 -0.0588608 0.375048 -0.866495 -0.0588608 0.326872 -0.906702 -0.0484981 0.326872 -0.906702 -0.0484981 0.326872 -0.906702 -0.0484981 0.32161 -0.884204 -0.0274259 0.32161 -0.884204 -0.0274259 0.32161 -0.884204 -0.0274259 0.055523 -0.946631 -0.0555795 0.055523 -0.946631 -0.0555795 0.055523 -0.946631 -0.0555795 0.0590221 -0.97372 -0.0930397 0.0590221 -0.97372 -0.0930397 0.0590221 -0.97372 -0.0930397 0.0454422 -0.947077 -0.055836 0.0454422 -0.947077 -0.055836 0.0454422 -0.947077 -0.055836 0.0617852 -0.966326 -0.143605 0.0617852 -0.966326 -0.143605 0.0617852 -0.966326 -0.143605 0.103738 -0.927137 -0.110409 0.103738 -0.927137 -0.110409 0.103738 -0.927137 -0.110409 0.040109 -0.947033 -0.0559549 0.040109 -0.947033 -0.0559549 0.040109 -0.947033 -0.0559549 0.127134 -0.945654 -0.0774772 0.127134 -0.945654 -0.0774772 0.127134 -0.945654 -0.0774772 0.0938374 -0.949158 -0.0680312 0.0938374 -0.949158 -0.0680312 0.0938374 -0.949158 -0.0680312 0.123061 -0.938 -0.0891881 0.123061 -0.938 -0.0891881 0.123061 -0.938 -0.0891881 0.0950547 -0.95566 -0.075908 0.0950547 -0.95566 -0.075908 0.0950547 -0.95566 -0.075908 0.105772 -0.922612 -0.123918 0.105772 -0.922612 -0.123918 0.105772 -0.922612 -0.123918 0.0490368 -0.949902 -0.0808245 0.0490368 -0.949902 -0.0808245 0.0490368 -0.949902 -0.0808245 0.36402 -0.901743 -0.0589244 0.36402 -0.901743 -0.0589244 0.36402 -0.901743 -0.0589244 0.313167 -0.884046 -0.0216411 0.313167 -0.884046 -0.0216411 0.313167 -0.884046 -0.0216411 0.401351 -0.813954 -0.0427087 0.401351 -0.813954 -0.0427087 0.401351 -0.813954 -0.0427087 0.296003 -0.839732 0.0133137 0.296003 -0.839732 0.0133137 0.296003 -0.839732 0.0133137 0.0186421 -0.945291 -0.073092 0.0186421 -0.945291 -0.073092 0.0186421 -0.945291 -0.073092 0.0444556 -0.978846 -0.0529364 0.0444556 -0.978846 -0.0529364 0.0444556 -0.978846 -0.0529364 0.0497984 -0.951071 -0.0699146 0.0497984 -0.951071 -0.0699146 0.0497984 -0.951071 -0.0699146 0.0752729 -0.972085 -0.109191 0.0752729 -0.972085 -0.109191 0.0752729 -0.972085 -0.109191 0.094755 -0.955689 -0.0759298 0.094755 -0.955689 -0.0759298 0.094755 -0.955689 -0.0759298 0.120999 -0.941199 -0.0706996 0.120999 -0.941199 -0.0706996 0.120999 -0.941199 -0.0706996 0.0303501 -0.952747 -0.0496619 0.0303501 -0.952747 -0.0496619 0.0303501 -0.952747 -0.0496619 0.0584162 -0.941704 0.0231381 0.0584162 -0.941704 0.0231381 0.0584162 -0.941704 0.0231381 0.0235965 0.936467 -0.00827596 0.0235965 0.936467 -0.00827596 0.0235965 0.936467 -0.00827596 -0.0250568 0.94557 -0.0613346 -0.0250568 0.94557 -0.0613346 -0.0250568 0.94557 -0.0613346 0.0654628 -0.947884 -0.0521118 0.0654628 -0.947884 -0.0521118 0.0654628 -0.947884 -0.0521118 0.110242 -0.948891 -0.0462721 0.110242 -0.948891 -0.0462721 0.110242 -0.948891 -0.0462721 -0.117061 0.82403 -0.238651 -0.117061 0.82403 -0.238651 -0.117061 0.82403 -0.238651 0.348162 -0.918265 0.0385258 0.348162 -0.918265 0.0385258 0.348162 -0.918265 0.0385258 0.209925 0.722232 -0.155315 0.209925 0.722232 -0.155315 0.209925 0.722232 -0.155315 0.15538 0.656854 -0.632885 0.15538 0.656854 -0.632885 0.15538 0.656854 -0.632885 0.347246 0.522511 -0.763887 0.347246 0.522511 -0.763887 0.347246 0.522511 -0.763887 0.249376 0.941859 -0.206748 0.249376 0.941859 -0.206748 0.249376 0.941859 -0.206748 0.186738 0.891045 -0.324958 0.186738 0.891045 -0.324958 0.186738 0.891045 -0.324958 -0.0019645 0.978731 0.059266 -0.0019645 0.978731 0.059266 -0.0019645 0.978731 0.059266 0.156331 0.896916 -0.350111 0.156331 0.896916 -0.350111 0.156331 0.896916 -0.350111 0.00140887 0.942052 -0.0226972 0.00140887 0.942052 -0.0226972 0.00140887 0.942052 -0.0226972 0.279133 0.558497 -0.771859 0.279133 0.558497 -0.771859 0.279133 0.558497 -0.771859 0.16692 0.902 -0.329731 0.16692 0.902 -0.329731 0.16692 0.902 -0.329731 0.259595 0.588717 -0.762887 0.259595 0.588717 -0.762887 0.259595 0.588717 -0.762887 0.155698 0.9077 -0.354549 0.155698 0.9077 -0.354549 0.155698 0.9077 -0.354549 0.157777 0.89102 -0.339934 0.157777 0.89102 -0.339934 0.157777 0.89102 -0.339934 0.0523435 0.945095 -0.0596323 0.0523435 0.945095 -0.0596323 0.0523435 0.945095 -0.0596323 -0.468382 0.628394 -0.620051 -0.468382 0.628394 -0.620051 -0.468382 0.628394 -0.620051 0.661206 -0.23495 0.330954 0.661206 -0.23495 0.330954 0.661206 -0.23495 0.330954 -0.0185034 0.00968972 -0.839192 -0.0185034 0.00968972 -0.839192 -0.0185034 0.00968972 -0.839192 -0.345302 0.0 -0.694892 -0.345302 0.0 -0.694892 -0.345302 0.0 -0.694892 0.00427113 0.0 -0.928142 0.00427113 0.0 -0.928142 0.00427113 0.0 -0.928142 -0.139588 -0.034615 -0.853701 -0.139588 -0.034615 -0.853701 -0.139588 -0.034615 -0.853701 -0.178381 0.12081 -0.753308 -0.178381 0.12081 -0.753308 -0.178381 0.12081 -0.753308 -0.655083 0.232665 -0.402377 -0.655083 0.232665 -0.402377 -0.655083 0.232665 -0.402377 -0.729883 0.327235 -0.545257 -0.729883 0.327235 -0.545257 -0.729883 0.327235 -0.545257 -0.228766 0.234784 -0.768484 -0.228766 0.234784 -0.768484 -0.228766 0.234784 -0.768484 -0.202852 0.102376 -0.939638 -0.202852 0.102376 -0.939638 -0.202852 0.102376 -0.939638 -0.0401484 0.110879 -0.937889 -0.0401484 0.110879 -0.937889 -0.0401484 0.110879 -0.937889 -0.212504 0.121955 -0.941874 -0.212504 0.121955 -0.941874 -0.212504 0.121955 -0.941874 -0.0391164 0.136329 -0.951457 -0.0391164 0.136329 -0.951457 -0.0391164 0.136329 -0.951457 -0.725496 0.344471 -0.533185 -0.725496 0.344471 -0.533185 -0.725496 0.344471 -0.533185 -0.222536 0.237711 -0.779936 -0.222536 0.237711 -0.779936 -0.222536 0.237711 -0.779936 -0.713913 0.321853 -0.562329 -0.713913 0.321853 -0.562329 -0.713913 0.321853 -0.562329 -0.225504 0.250019 -0.785278 -0.225504 0.250019 -0.785278 -0.225504 0.250019 -0.785278 -0.205667 0.146895 -0.944622 -0.205667 0.146895 -0.944622 -0.205667 0.146895 -0.944622 -0.058642 0.197215 -0.950583 -0.058642 0.197215 -0.950583 -0.058642 0.197215 -0.950583 -0.183313 0.121067 -0.948951 -0.183313 0.121067 -0.948951 -0.183313 0.121067 -0.948951 -0.041054 0.134976 -0.958552 -0.041054 0.134976 -0.958552 -0.041054 0.134976 -0.958552 -0.164743 0.129977 -0.811342 -0.164743 0.129977 -0.811342 -0.164743 0.129977 -0.811342 -0.65565 0.186606 -0.55433 -0.65565 0.186606 -0.55433 -0.65565 0.186606 -0.55433 -0.0951717 -0.0790674 -0.892771 -0.0951717 -0.0790674 -0.892771 -0.0951717 -0.0790674 -0.892771 -0.651723 0.178206 -0.579466 -0.651723 0.178206 -0.579466 -0.651723 0.178206 -0.579466 0.0245651 -0.0162756 -0.989868 0.0245651 -0.0162756 -0.989868 0.0245651 -0.0162756 -0.989868 -0.146342 0.0 -0.946797 -0.146342 0.0 -0.946797 -0.146342 0.0 -0.946797 0.0893844 0.0183127 -0.832809 0.0893844 0.0183127 -0.832809 0.0893844 0.0183127 -0.832809 -0.110681 -0.0424192 -0.992 -0.110681 -0.0424192 -0.992 -0.110681 -0.0424192 -0.992 -0.396723 0.137244 -0.849249 -0.396723 0.137244 -0.849249 -0.396723 0.137244 -0.849249 -0.124574 0.127493 -0.952872 -0.124574 0.127493 -0.952872 -0.124574 0.127493 -0.952872 -0.303693 0.224819 -0.678597 -0.303693 0.224819 -0.678597 -0.303693 0.224819 -0.678597 0.378036 -0.118876 0.197428 0.378036 -0.118876 0.197428 0.378036 -0.118876 0.197428 -0.117725 0.0158469 -0.773824 -0.117725 0.0158469 -0.773824 -0.117725 0.0158469 -0.773824 0.118877 0.0239634 -0.584944 0.118877 0.0239634 -0.584944 0.118877 0.0239634 -0.584944 -0.123984 0.012144 -0.824213 -0.123984 0.012144 -0.824213 -0.123984 0.012144 -0.824213 0.0485991 0.00982569 -0.731327 0.0485991 0.00982569 -0.731327 0.0485991 0.00982569 -0.731327 -0.729329 0.213785 -0.574811 -0.729329 0.213785 -0.574811 -0.729329 0.213785 -0.574811 -0.289014 0.213946 -0.64584 -0.289014 0.213946 -0.64584 -0.289014 0.213946 -0.64584 -0.702479 0.236678 -0.588748 -0.702479 0.236678 -0.588748 -0.702479 0.236678 -0.588748 -0.234862 0.193903 -0.707628 -0.234862 0.193903 -0.707628 -0.234862 0.193903 -0.707628 -0.129205 0.00816476 -0.865586 -0.129205 0.00816476 -0.865586 -0.129205 0.00816476 -0.865586 0.00655898 0.00750278 -0.819768 0.00655898 0.00750278 -0.819768 0.00655898 0.00750278 -0.819768 -0.134123 0.00282445 -0.918069 -0.134123 0.00282445 -0.918069 -0.134123 0.00282445 -0.918069 -0.000728926 0.002883 -0.868153 -0.000728926 0.002883 -0.868153 -0.000728926 0.002883 -0.868153 -0.684128 0.26068 -0.619721 -0.684128 0.26068 -0.619721 -0.684128 0.26068 -0.619721 -0.212544 0.185888 -0.741763 -0.212544 0.185888 -0.741763 -0.212544 0.185888 -0.741763 -0.640376 0.292056 -0.706674 -0.640376 0.292056 -0.706674 -0.640376 0.292056 -0.706674 -0.2003 0.207945 -0.796067 -0.2003 0.207945 -0.796067 -0.2003 0.207945 -0.796067 -0.14437 0.000231036 -0.978547 -0.14437 0.000231036 -0.978547 -0.14437 0.000231036 -0.978547 0.0 0.000230024 -0.92503 0.0 0.000230024 -0.92503 0.0 0.000230024 -0.92503 -0.258835 -0.0977373 -0.886483 -0.258835 -0.0977373 -0.886483 -0.258835 -0.0977373 -0.886483 0.0173261 -0.108426 -0.981385 0.0173261 -0.108426 -0.981385 0.0173261 -0.108426 -0.981385 -0.532665 0.230295 -0.814382 -0.532665 0.230295 -0.814382 -0.532665 0.230295 -0.814382 -0.14733 0.0935178 -0.903545 -0.14733 0.0935178 -0.903545 -0.14733 0.0935178 -0.903545 0.0378242 -0.115823 -0.978703 0.0378242 -0.115823 -0.978703 0.0378242 -0.115823 -0.978703 0.0332854 -0.111508 -0.941192 0.0332854 -0.111508 -0.941192 0.0332854 -0.111508 -0.941192 0.0230348 -0.125656 -0.977399 0.0230348 -0.125656 -0.977399 0.0230348 -0.125656 -0.977399 0.0361956 -0.121259 -0.939025 0.0361956 -0.121259 -0.939025 0.0361956 -0.121259 -0.939025 -0.0255017 -0.0965243 -0.875911 -0.0255017 -0.0965243 -0.875911 -0.0255017 -0.0965243 -0.875911 0.0141003 -0.108523 -0.986149 0.0141003 -0.108523 -0.986149 0.0141003 -0.108523 -0.986149 0.0297437 0.0077855 -0.870423 0.0297437 0.0077855 -0.870423 0.0297437 0.0077855 -0.870423 0.0129997 0.0690993 -0.990854 0.0129997 0.0690993 -0.990854 0.0129997 0.0690993 -0.990854 0.0631377 0.000969429 -0.804166 0.0631377 0.000969429 -0.804166 0.0631377 0.000969429 -0.804166 0.338556 0.0358536 -0.605977 0.338556 0.0358536 -0.605977 0.338556 0.0358536 -0.605977 0.251196 0.00584903 -0.877281 0.251196 0.00584903 -0.877281 0.251196 0.00584903 -0.877281 0.481707 0.230159 -0.718989 0.481707 0.230159 -0.718989 0.481707 0.230159 -0.718989 0.179909 -0.0311255 -0.905162 0.179909 -0.0311255 -0.905162 0.179909 -0.0311255 -0.905162 0.506813 0.224898 -0.703678 0.506813 0.224898 -0.703678 0.506813 0.224898 -0.703678 0.00428459 0.0109071 -0.830172 0.00428459 0.0109071 -0.830172 0.00428459 0.0109071 -0.830172 0.199483 0.00639921 -0.703263 0.199483 0.00639921 -0.703263 0.199483 0.00639921 -0.703263 -0.00431544 0.00913711 -0.870665 -0.00431544 0.00913711 -0.870665 -0.00431544 0.00913711 -0.870665 0.132244 0.00672168 -0.796344 0.132244 0.00672168 -0.796344 0.132244 0.00672168 -0.796344 0.693265 -0.0103799 -0.706257 0.693265 -0.0103799 -0.706257 0.693265 -0.0103799 -0.706257 0.149706 0.0111787 -0.917292 0.149706 0.0111787 -0.917292 0.149706 0.0111787 -0.917292 0.639339 0.149821 -0.750854 0.639339 0.149821 -0.750854 0.639339 0.149821 -0.750854 0.114935 0.0439721 -0.966979 0.114935 0.0439721 -0.966979 0.114935 0.0439721 -0.966979 -0.00126768 0.00308606 -0.925636 -0.00126768 0.00308606 -0.925636 -0.00126768 0.00308606 -0.925636 0.123062 0.00307989 -0.860682 0.123062 0.00307989 -0.860682 0.123062 0.00307989 -0.860682 0.0 0.000261004 -0.987485 0.0 0.000261004 -0.987485 0.0 0.000261004 -0.987485 0.132778 0.000253149 -0.917476 0.132778 0.000253149 -0.917476 0.132778 0.000253149 -0.917476 0.634156 0.197656 -0.728784 0.634156 0.197656 -0.728784 0.634156 0.197656 -0.728784 0.151899 -0.0236827 -0.981937 0.151899 -0.0236827 -0.981937 0.151899 -0.0236827 -0.981937 0.540135 0.103832 -0.665501 0.540135 0.103832 -0.665501 0.540135 0.103832 -0.665501 0.0818124 0.356191 -0.917661 0.0818124 0.356191 -0.917661 0.0818124 0.356191 -0.917661 -0.0432 -0.10093 -0.914061 -0.0432 -0.10093 -0.914061 -0.0432 -0.10093 -0.914061 0.15961 -0.107537 -0.972512 0.15961 -0.107537 -0.972512 0.15961 -0.107537 -0.972512 0.0163072 -0.125509 -0.978109 0.0163072 -0.125509 -0.978109 0.0163072 -0.125509 -0.978109 0.0362007 -0.121275 -0.939019 0.0362007 -0.121275 -0.939019 0.0362007 -0.121275 -0.939019 -0.0364682 0.280679 -0.958303 -0.0364682 0.280679 -0.958303 -0.0364682 0.280679 -0.958303 0.0 0.0 -0.95822 0.0 0.0 -0.95822 0.0 0.0 -0.95822 -0.0520157 -0.096283 -0.87288 -0.0520157 -0.096283 -0.87288 -0.0520157 -0.096283 -0.87288 0.0141003 -0.108523 -0.986149 0.0141003 -0.108523 -0.986149 0.0141003 -0.108523 -0.986149 -0.0520244 -0.0962989 -0.872878 -0.0520244 -0.0962989 -0.872878 -0.0520244 -0.0962989 -0.872878 0.0141025 -0.108541 -0.986148 0.0141025 -0.108541 -0.986148 0.0141025 -0.108541 -0.986148 -0.0670046 0.0989085 -0.892203 -0.0670046 0.0989085 -0.892203 -0.0670046 0.0989085 -0.892203 0.169529 0.0735131 -0.787709 0.169529 0.0735131 -0.787709 0.169529 0.0735131 -0.787709 0.132403 -0.0204998 -0.94747 0.132403 -0.0204998 -0.94747 0.132403 -0.0204998 -0.94747 0.621761 0.054228 -0.714982 0.621761 0.054228 -0.714982 0.621761 0.054228 -0.714982 0.160336 -0.00513908 -0.98204 0.160336 -0.00513908 -0.98204 0.160336 -0.00513908 -0.98204 0.620289 0.150002 -0.706392 0.620289 0.150002 -0.706392 0.620289 0.150002 -0.706392 -0.0331798 0.0651037 -0.929726 -0.0331798 0.0651037 -0.929726 -0.0331798 0.0651037 -0.929726 0.0856105 0.0407931 -0.857675 0.0856105 0.0407931 -0.857675 0.0856105 0.0407931 -0.857675 -0.0403669 0.114222 -0.950558 -0.0403669 0.114222 -0.950558 -0.0403669 0.114222 -0.950558 0.0965138 0.119379 -0.917987 0.0965138 0.119379 -0.917987 0.0965138 0.119379 -0.917987 0.131444 0.100413 -0.986218 0.131444 0.100413 -0.986218 0.131444 0.100413 -0.986218 0.630481 0.260899 -0.718653 0.630481 0.260899 -0.718653 0.630481 0.260899 -0.718653 0.687859 0.153387 -0.707237 0.687859 0.153387 -0.707237 0.687859 0.153387 -0.707237 0.161801 0.0147486 -0.98666 0.161801 0.0147486 -0.98666 0.161801 0.0147486 -0.98666 -0.0346371 0.108951 -0.957413 -0.0346371 0.108951 -0.957413 -0.0346371 0.108951 -0.957413 0.118829 0.112335 -0.936593 0.118829 0.112335 -0.936593 0.118829 0.112335 -0.936593 -0.0393738 0.129699 -0.959356 -0.0393738 0.129699 -0.959356 -0.0393738 0.129699 -0.959356 0.116885 0.134184 -0.943875 0.116885 0.134184 -0.943875 0.116885 0.134184 -0.943875 0.139494 0.0900081 -0.985087 0.139494 0.0900081 -0.985087 0.139494 0.0900081 -0.985087 0.654344 0.263933 -0.708642 0.654344 0.263933 -0.708642 0.654344 0.263933 -0.708642 0.143897 0.077037 -0.98547 0.143897 0.077037 -0.98547 0.143897 0.077037 -0.98547 0.660396 0.253441 -0.70667 0.660396 0.253441 -0.70667 0.660396 0.253441 -0.70667 0.160182 0.0 -0.945848 0.160182 0.0 -0.945848 0.160182 0.0 -0.945848 0.0177053 -0.0583218 -0.949656 0.0177053 -0.0583218 -0.949656 0.0177053 -0.0583218 -0.949656 0.174099 -0.0554619 -0.975404 0.174099 -0.0554619 -0.975404 0.174099 -0.0554619 -0.975404 0.0 0.0 -0.958221 0.0 0.0 -0.958221 0.0 0.0 -0.958221 0.147955 0.134455 -0.955108 0.147955 0.134455 -0.955108 0.147955 0.134455 -0.955108 0.644906 0.298744 -0.70341 0.644906 0.298744 -0.70341 0.644906 0.298744 -0.70341 0.51262 0.10997 -0.563906 0.51262 0.10997 -0.563906 0.51262 0.10997 -0.563906 0.126004 0.271984 -0.922831 0.126004 0.271984 -0.922831 0.126004 0.271984 -0.922831 -0.0520239 -0.0962978 -0.872878 -0.0520239 -0.0962978 -0.872878 -0.0520239 -0.0962978 -0.872878 0.179842 -0.106552 -0.973351 0.179842 -0.106552 -0.973351 0.179842 -0.106552 -0.973351 0.0 0.0146878 0.441299 0.0 0.0146878 0.441299 0.0 0.0146878 0.441299 -0.149261 0.11924 -0.776265 -0.149261 0.11924 -0.776265 -0.149261 0.11924 -0.776265 0.0 0.0929976 0.483856 0.0 0.0929976 0.483856 0.0 0.0929976 0.483856 0.0 0.391958 0.416712 0.0 0.391958 0.416712 0.0 0.391958 0.416712 0.0 0.0 0.417688 0.0 0.0 0.417688 0.0 0.0 0.417688 0.0 0.755263 0.419591 0.0 0.755263 0.419591 0.0 0.755263 0.419591 0.0 -0.924199 0.0613709 0.0 -0.924199 0.0613709 0.0 -0.924199 0.0613709 -0.295273 0.574994 -0.761636 -0.295273 0.574994 -0.761636 -0.295273 0.574994 -0.761636 0.0 0.0976648 0.892882 0.0 0.0976648 0.892882 0.0 0.0976648 0.892882 0.0 0.391958 0.416712 0.0 0.391958 0.416712 0.0 0.391958 0.416712 0.0 -0.922674 0.332834 0.0 -0.922674 0.332834 0.0 -0.922674 0.332834 0.0 0.391958 0.416712 0.0 0.391958 0.416712 0.0 0.391958 0.416712 0.0 0.391958 0.416712 0.0 0.391958 0.416712 0.0 0.391958 0.416712 0.0 0.755263 0.419591 0.0 0.755263 0.419591 0.0 0.755263 0.419591 0.0 0.391958 0.416712 0.0 0.391958 0.416712 0.0 0.391958 0.416712 0.0 -0.801784 0.534522 0.0 -0.801784 0.534522 0.0 -0.801784 0.534522 0.0 0.0976648 0.892882 0.0 0.0976648 0.892882 0.0 0.0976648 0.892882 0.0 0.978273 0.207231 0.0 0.978273 0.207231 0.0 0.978273 0.207231 0.0 0.978273 0.207231 0.0 0.978273 0.207231 0.0 0.978273 0.207231 -0.0822762 -0.7651 -0.62369 -0.0822762 -0.7651 -0.62369 -0.0822762 -0.7651 -0.62369 0.100066 -0.972318 -0.210457 0.100066 -0.972318 -0.210457 0.100066 -0.972318 -0.210457 0.0 0.98156 0.191092 0.0 0.98156 0.191092 0.0 0.98156 0.191092 0.0 0.391958 0.416712 0.0 0.391958 0.416712 0.0 0.391958 0.416712 0.0 0.907759 0.232423 0.0 0.907759 0.232423 0.0 0.907759 0.232423 0.144247 -0.924763 -0.180742 0.144247 -0.924763 -0.180742 0.144247 -0.924763 -0.180742 0.292236 -0.737052 -0.598316 0.292236 -0.737052 -0.598316 0.292236 -0.737052 -0.598316 0.0979706 -0.955838 -0.197717 0.0979706 -0.955838 -0.197717 0.0979706 -0.955838 -0.197717 0.193341 -0.739422 -0.644161 0.193341 -0.739422 -0.644161 0.193341 -0.739422 -0.644161 0.0623024 -0.932984 -0.0972651 0.0623024 -0.932984 -0.0972651 0.0623024 -0.932984 -0.0972651 0.105417 -0.918628 -0.205265 0.105417 -0.918628 -0.205265 0.105417 -0.918628 -0.205265 0.0710395 -0.898266 -0.0909272 0.0710395 -0.898266 -0.0909272 0.0710395 -0.898266 -0.0909272 0.123986 -0.886522 -0.183503 0.123986 -0.886522 -0.183503 0.123986 -0.886522 -0.183503 0.27042 0.419027 -0.731457 0.27042 0.419027 -0.731457 0.27042 0.419027 -0.731457 0.0 -0.0661911 0.576756 0.0 -0.0661911 0.576756 0.0 -0.0661911 0.576756 0.0 -0.0141289 0.350496 0.0 -0.0141289 0.350496 0.0 -0.0141289 0.350496 0.0 -0.955103 0.0658692 0.0 -0.955103 0.0658692 0.0 -0.955103 0.0658692 0.0 0.185191 0.28388 0.0 0.185191 0.28388 0.0 0.185191 0.28388 0.0 0.0976648 0.892882 0.0 0.0976648 0.892882 0.0 0.0976648 0.892882 -0.181983 0.0534254 -0.748504 -0.181983 0.0534254 -0.748504 -0.181983 0.0534254 -0.748504 0.0 0.185191 0.28388 0.0 0.185191 0.28388 0.0 0.185191 0.28388 0.0 0.742657 0.662981 0.0 0.742657 0.662981 0.0 0.742657 0.662981 0.0 -0.985465 0.106537 0.0 -0.985465 0.106537 0.0 -0.985465 0.106537 0.0 0.649825 0.753217 0.0 0.649825 0.753217 0.0 0.649825 0.753217 0.0 -0.955103 0.0658692 0.0 -0.955103 0.0658692 0.0 -0.955103 0.0658692 0.0 -0.985465 0.106537 0.0 -0.985465 0.106537 0.0 -0.985465 0.106537 0.0 0.0976648 0.892882 0.0 0.0976648 0.892882 0.0 0.0976648 0.892882 0.0 -0.955103 0.0658692 0.0 -0.955103 0.0658692 0.0 -0.955103 0.0658692 0.0 -0.922674 0.332834 0.0 -0.922674 0.332834 0.0 -0.922674 0.332834 0.0 0.742657 0.662981 0.0 0.742657 0.662981 0.0 0.742657 0.662981 0.0 0.205717 0.977123 0.0 0.205717 0.977123 0.0 0.205717 0.977123 -0.114623 -0.0350279 -0.238783 -0.114623 -0.0350279 -0.238783 -0.114623 -0.0350279 -0.238783 0.0 -0.210326 0.720214 0.0 -0.210326 0.720214 0.0 -0.210326 0.720214 -0.699872 -0.494542 0.505737 -0.699872 -0.494542 0.505737 -0.699872 -0.494542 0.505737 0.0 0.198922 0.973 0.0 0.198922 0.973 0.0 0.198922 0.973 0.0 -0.955103 0.0658692 0.0 -0.955103 0.0658692 0.0 -0.955103 0.0658692 0.0 0.659323 0.300871 0.0 0.659323 0.300871 0.0 0.659323 0.300871 -0.10996 -0.172329 -0.954536 -0.10996 -0.172329 -0.954536 -0.10996 -0.172329 -0.954536 0.11725 -0.225419 0.962839 0.11725 -0.225419 0.962839 0.11725 -0.225419 0.962839 -0.118284 -0.157176 -0.971318 -0.118284 -0.157176 -0.971318 -0.118284 -0.157176 -0.971318 0.11725 -0.22542 0.962839 0.11725 -0.22542 0.962839 0.11725 -0.22542 0.962839 0.039489 -0.758758 -0.6347 0.039489 -0.758758 -0.6347 0.039489 -0.758758 -0.6347 -0.053086 -0.162804 -0.96028 -0.053086 -0.162804 -0.96028 -0.053086 -0.162804 -0.96028 0.200969 -0.758203 -0.59859 0.200969 -0.758203 -0.59859 0.200969 -0.758203 -0.59859 0.0575028 -0.185104 -0.919138 0.0575028 -0.185104 -0.919138 0.0575028 -0.185104 -0.919138 0.0 -0.007607 0.324483 0.0 -0.007607 0.324483 0.0 -0.007607 0.324483 0.922287 -0.0998391 -0.36954 0.922287 -0.0998391 -0.36954 0.922287 -0.0998391 -0.36954 0.0 -0.924199 0.0613709 0.0 -0.924199 0.0613709 0.0 -0.924199 0.0613709 0.0 0.0 0.952687 0.0 0.0 0.952687 0.0 0.0 0.952687 0.0 -0.603762 0.206265 0.0 -0.603762 0.206265 0.0 -0.603762 0.206265 0.0 -0.983787 0.0 0.0 -0.983787 0.0 0.0 -0.983787 0.0 0.0285752 -0.0784034 -0.943705 0.0285752 -0.0784034 -0.943705 0.0285752 -0.0784034 -0.943705 0.0 -0.603762 0.206265 0.0 -0.603762 0.206265 0.0 -0.603762 0.206265 0.0 0.755263 0.419591 0.0 0.755263 0.419591 0.0 0.755263 0.419591 0.0 0.251476 0.0492631 0.0 0.251476 0.0492631 0.0 0.251476 0.0492631 0.0 -0.801784 0.534522 0.0 -0.801784 0.534522 0.0 -0.801784 0.534522 0.0 0.0 0.952687 0.0 0.0 0.952687 0.0 0.0 0.952687 0.0 0.251476 0.0492631 0.0 0.251476 0.0492631 0.0 0.251476 0.0492631 0.0 -0.983787 0.0 0.0 -0.983787 0.0 0.0 -0.983787 0.0 0.0 0.0 0.952687 0.0 0.0 0.952687 0.0 0.0 0.952687 0.0 0.983787 0.0 0.0 0.983787 0.0 0.0 0.983787 0.0 0.0 0.755263 0.419591 0.0 0.755263 0.419591 0.0 0.755263 0.419591 0.0 0.989336 0.0403127 0.0 0.989336 0.0403127 0.0 0.989336 0.0403127 0.0 0.989336 0.0403127 0.0 0.989336 0.0403127 0.0 0.989336 0.0403127 0.0423895 -0.951095 -0.0958312 0.0423895 -0.951095 -0.0958312 0.0423895 -0.951095 -0.0958312 0.000668988 -0.978326 0.00444403 0.000668988 -0.978326 0.00444403 0.000668988 -0.978326 0.00444403 0.0 0.996921 0.0772299 0.0 0.996921 0.0772299 0.0 0.996921 0.0772299 0.0 0.0 0.952687 0.0 0.0 0.952687 0.0 0.0 0.952687 0.0 -0.999989 0.00454186 0.0 -0.999989 0.00454186 0.0 -0.999989 0.00454186 0.0641488 -0.882441 -0.0692322 0.0641488 -0.882441 -0.0692322 0.0641488 -0.882441 -0.0692322 0.0800305 -0.879079 -0.0918802 0.0800305 -0.879079 -0.0918802 0.0800305 -0.879079 -0.0918802 0.0644128 -0.937207 -0.0752189 0.0644128 -0.937207 -0.0752189 0.0644128 -0.937207 -0.0752189 0.0626501 -0.935444 -0.0998552 0.0626501 -0.935444 -0.0998552 0.0626501 -0.935444 -0.0998552 0.0404019 -0.947571 0.00694457 0.0404019 -0.947571 0.00694457 0.0404019 -0.947571 0.00694457 0.0608399 -0.946911 -0.0774504 0.0608399 -0.946911 -0.0774504 0.0608399 -0.946911 -0.0774504 0.00929678 -0.91539 0.00893966 0.00929678 -0.91539 0.00893966 0.00929678 -0.91539 0.00893966 0.0458095 -0.909865 -0.0729646 0.0458095 -0.909865 -0.0729646 0.0458095 -0.909865 -0.0729646 0.0 0.0 0.290996 0.0 0.0 0.290996 0.0 0.0 0.290996 0.184536 -0.576031 -0.684105 0.184536 -0.576031 -0.684105 0.184536 -0.576031 -0.684105 0.0 -0.0037029 0.301092 0.0 -0.0037029 0.301092 0.0 -0.0037029 0.301092 0.0 -0.882534 0.470248 0.0 -0.882534 0.470248 0.0 -0.882534 0.470248 0.0 0.0 0.290321 0.0 0.0 0.290321 0.0 0.0 0.290321 0.0 0.0 1.0 0.0 0.0 1.0 0.0 0.0 1.0 0.0 -0.31147 0.629149 0.0 -0.31147 0.629149 0.0 -0.31147 0.629149 -0.0522711 0.171855 -0.955366 -0.0522711 0.171855 -0.955366 -0.0522711 0.171855 -0.955366 0.0 -0.983787 0.0 0.0 -0.983787 0.0 0.0 -0.983787 0.0 0.0 -0.882534 0.470248 0.0 -0.882534 0.470248 0.0 -0.882534 0.470248 0.0 0.983787 0.0 0.0 0.983787 0.0 0.0 0.983787 0.0 0.0 -0.882534 0.470248 0.0 -0.882534 0.470248 0.0 -0.882534 0.470248 0.0 -0.882534 0.470248 0.0 -0.882534 0.470248 0.0 -0.882534 0.470248 0.0 0.0 1.0 0.0 0.0 1.0 0.0 0.0 1.0 0.0 -0.882534 0.470248 0.0 -0.882534 0.470248 0.0 -0.882534 0.470248 0.0 -0.242536 0.970142 0.0 -0.242536 0.970142 0.0 -0.242536 0.970142 0.0 -0.983787 0.0 0.0 -0.983787 0.0 0.0 -0.983787 0.0 0.0 -0.966017 0.254393 0.0 -0.966017 0.254393 0.0 -0.966017 0.254393 0.0 -0.966017 0.254393 0.0 -0.966017 0.254393 0.0 -0.966017 0.254393 0.053508 0.675583 -0.00648939 0.053508 0.675583 -0.00648939 0.053508 0.675583 -0.00648939 0.90213 0.284616 -0.251279 0.90213 0.284616 -0.251279 0.90213 0.284616 -0.251279 0.0 -0.962312 0.267666 0.0 -0.962312 0.267666 0.0 -0.962312 0.267666 0.0 -0.882534 0.470248 0.0 -0.882534 0.470248 0.0 -0.882534 0.470248 0.0 -0.632471 0.771656 0.0 -0.632471 0.771656 0.0 -0.632471 0.771656 0.155611 0.861681 -0.231903 0.155611 0.861681 -0.231903 0.155611 0.861681 -0.231903 0.0280361 0.881376 -0.00515615 0.0280361 0.881376 -0.00515615 0.0280361 0.881376 -0.00515615 0.072106 0.928349 -0.247837 0.072106 0.928349 -0.247837 0.072106 0.928349 -0.247837 -0.0338065 0.959671 0.00805943 -0.0338065 0.959671 0.00805943 -0.0338065 0.959671 0.00805943 0.181139 0.666376 -0.723278 0.181139 0.666376 -0.723278 0.181139 0.666376 -0.723278 0.0471439 0.962276 -0.228936 0.0471439 0.962276 -0.228936 0.0471439 0.962276 -0.228936 0.343928 0.645757 -0.680613 0.343928 0.645757 -0.680613 0.343928 0.645757 -0.680613 0.194942 0.914201 -0.235439 0.194942 0.914201 -0.235439 0.194942 0.914201 -0.235439 0.0 0.0 0.28603 0.0 0.0 0.28603 0.0 0.0 0.28603 0.424571 -0.152612 -0.662479 0.424571 -0.152612 -0.662479 0.424571 -0.152612 -0.662479 0.0 -0.31147 0.629149 0.0 -0.31147 0.629149 0.0 -0.31147 0.629149 0.0 0.0 1.0 0.0 0.0 1.0 0.0 0.0 1.0 0.0 -0.122416 0.544057 0.0 -0.122416 0.544057 0.0 -0.122416 0.544057 0.0 0.0 0.0 0.0 0.0 0.0 0.0 0.0 0.0 0.0 0.0 0.286027 0.0 0.0 0.286027 0.0 0.0 0.286027 0.0 -0.122416 0.544057 0.0 -0.122416 0.544057 0.0 -0.122416 0.544057 0.0 0.0 1.0 0.0 0.0 1.0 0.0 0.0 1.0 0.0 -0.124035 0.992278 0.0 -0.124035 0.992278 0.0 -0.124035 0.992278 0.0 -0.242536 0.970142 0.0 -0.242536 0.970142 0.0 -0.242536 0.970142 0.0 0.0 1.0 0.0 0.0 1.0 0.0 0.0 1.0 0.0 -0.124035 0.992278 0.0 -0.124035 0.992278 0.0 -0.124035 0.992278 0.0 0.0 0.0 0.0 0.0 0.0 0.0 0.0 0.0 0.0 0.0 1.0 0.0 0.0 1.0 0.0 0.0 1.0 0.0 0.0 0.0 0.0 0.0 0.0 0.0 0.0 0.0 0.0 0.0 1.0 0.0 0.0 1.0 0.0 0.0 1.0 0.0 0.00203308 0.184803 0.0 0.00203308 0.184803 0.0 0.00203308 0.184803 0.0 0.00203308 0.184803 0.0 0.00203308 0.184803 0.0 0.00203308 0.184803 0.848601 0.152746 -0.00520881 0.848601 0.152746 -0.00520881 0.848601 0.152746 -0.00520881 0.0 0.0 0.996352 0.0 0.0 0.996352 0.0 0.0 0.996352 0.0 -0.154194 0.973618 0.0 -0.154194 0.973618 0.0 -0.154194 0.973618 0.0 0.0 1.0 0.0 0.0 1.0 0.0 0.0 1.0 0.0 0.0 0.996352 0.0 0.0 0.996352 0.0 0.0 0.996352 0.194513 0.182992 -0.943264 0.194513 0.182992 -0.943264 0.194513 0.182992 -0.943264 0.183426 0.665091 -0.72131 0.183426 0.665091 -0.72131 0.183426 0.665091 -0.72131 0.119494 0.177881 -0.975233 0.119494 0.177881 -0.975233 0.119494 0.177881 -0.975233 0.0445993 0.688764 -0.72345 0.0445993 0.688764 -0.72345 0.0445993 0.688764 -0.72345 0.167569 0.0289164 -0.972322 0.167569 0.0289164 -0.972322 0.167569 0.0289164 -0.972322 0.163783 0.194819 -0.957639 0.163783 0.194819 -0.957639 0.163783 0.194819 -0.957639 0.165876 0.0286246 -0.937079 0.165876 0.0286246 -0.937079 0.165876 0.0286246 -0.937079 0.186021 0.181397 -0.924892 0.186021 0.181397 -0.924892 0.186021 0.181397 -0.924892 0.0 0.0163346 0.455599 0.0 0.0163346 0.455599 0.0 0.0163346 0.455599 0.889862 -0.0197811 0.245897 0.889862 -0.0197811 0.245897 0.889862 -0.0197811 0.245897 0.0 -0.856303 0.464254 0.0 -0.856303 0.464254 0.0 -0.856303 0.464254 0.0 0.0 0.447214 0.0 0.0 0.447214 0.0 0.0 0.447214 0.0 0.0141809 0.435406 0.0 0.0141809 0.435406 0.0 0.0141809 0.435406 0.0 -0.535959 0.748169 0.0 -0.535959 0.748169 0.0 -0.535959 0.748169 0.0 -0.11438 0.509715 0.0 -0.11438 0.509715 0.0 -0.11438 0.509715 0.0110244 -0.0548147 -0.928178 0.0110244 -0.0548147 -0.928178 0.0110244 -0.0548147 -0.928178 0.0 -0.540761 0.812774 0.0 -0.540761 0.812774 0.0 -0.540761 0.812774 0.0 0.0 0.447214 0.0 0.0 0.447214 0.0 0.0 0.447214 0.0 0.601077 0.725873 0.0 0.601077 0.725873 0.0 0.601077 0.725873 0.0 0.0 0.447214 0.0 0.0 0.447214 0.0 0.0 0.447214 0.0 0.0 0.447214 0.0 0.0 0.447214 0.0 0.0 0.447214 0.0 -0.535959 0.748169 0.0 -0.535959 0.748169 0.0 -0.535959 0.748169 0.0 0.0 0.447214 0.0 0.0 0.447214 0.0 0.0 0.447214 0.0 -0.535959 0.748169 0.0 -0.535959 0.748169 0.0 -0.535959 0.748169 0.0 -0.540761 0.812774 0.0 -0.540761 0.812774 0.0 -0.540761 0.812774 0.0 0.738526 0.0749683 0.0 0.738526 0.0749683 0.0 0.738526 0.0749683 -0.208879 0.873257 -0.276507 -0.208879 0.873257 -0.276507 -0.208879 0.873257 -0.276507 0.0 -0.682562 0.368105 0.0 -0.682562 0.368105 0.0 -0.682562 0.368105 0.0 -0.811086 0.582899 0.0 -0.811086 0.582899 0.0 -0.811086 0.582899 -0.124359 0.18462 -0.0940861 -0.124359 0.18462 -0.0940861 -0.124359 0.18462 -0.0940861 0.0 0.0 0.447214 0.0 0.0 0.447214 0.0 0.0 0.447214 0.0 -0.778595 0.625362 0.0 -0.778595 0.625362 0.0 -0.778595 0.625362 -0.179179 -0.869866 0.290886 -0.179179 -0.869866 0.290886 -0.179179 -0.869866 0.290886 -0.106459 -0.934224 0.117715 -0.106459 -0.934224 0.117715 -0.106459 -0.934224 0.117715 -0.15719 -0.884983 0.325494 -0.15719 -0.884983 0.325494 -0.15719 -0.884983 0.325494 -0.108325 -0.938397 0.12431 -0.108325 -0.938397 0.12431 -0.108325 -0.938397 0.12431 -0.275555 -0.726028 0.600742 -0.275555 -0.726028 0.600742 -0.275555 -0.726028 0.600742 -0.259692 -0.893593 0.298327 -0.259692 -0.893593 0.298327 -0.259692 -0.893593 0.298327 -0.288558 -0.736759 0.569873 -0.288558 -0.736759 0.569873 -0.288558 -0.736759 0.569873 -0.274403 -0.884441 0.276165 -0.274403 -0.884441 0.276165 -0.274403 -0.884441 0.276165 -0.411373 -0.13389 -0.862204 -0.411373 -0.13389 -0.862204 -0.411373 -0.13389 -0.862204 0.0 -0.11793 0.560218 0.0 -0.11793 0.560218 0.0 -0.11793 0.560218 0.0 -0.11438 0.509715 0.0 -0.11438 0.509715 0.0 -0.11438 0.509715 0.0 0.847684 0.238411 0.0 0.847684 0.238411 0.0 0.847684 0.238411 0.0 -0.392426 0.218227 0.0 -0.392426 0.218227 0.0 -0.392426 0.218227 0.0 0.742657 0.662981 0.0 0.742657 0.662981 0.0 0.742657 0.662981 0.0 -0.0141289 0.350496 0.0 -0.0141289 0.350496 0.0 -0.0141289 0.350496 -0.113042 0.383953 -0.893402 -0.113042 0.383953 -0.893402 -0.113042 0.383953 -0.893402 0.0 -0.535959 0.748169 0.0 -0.535959 0.748169 0.0 -0.535959 0.748169 0.0 0.783991 0.253411 0.0 0.783991 0.253411 0.0 0.783991 0.253411 0.0 -0.535959 0.748169 0.0 -0.535959 0.748169 0.0 -0.535959 0.748169 0.0 0.847684 0.238411 0.0 0.847684 0.238411 0.0 0.847684 0.238411 0.0 0.783991 0.253411 0.0 0.783991 0.253411 0.0 0.783991 0.253411 0.0 0.742657 0.662981 0.0 0.742657 0.662981 0.0 0.742657 0.662981 0.0 0.847684 0.238411 0.0 0.847684 0.238411 0.0 0.847684 0.238411 0.0 0.649825 0.753217 0.0 0.649825 0.753217 0.0 0.649825 0.753217 0.0 -0.535959 0.748169 0.0 -0.535959 0.748169 0.0 -0.535959 0.748169 0.0 -0.51814 0.853852 0.0 -0.51814 0.853852 0.0 -0.51814 0.853852 -0.837223 0.315101 -0.359277 -0.837223 0.315101 -0.359277 -0.837223 0.315101 -0.359277 0.0 -0.778595 0.625362 0.0 -0.778595 0.625362 0.0 -0.778595 0.625362 0.0 -0.2127 0.969952 0.0 -0.2127 0.969952 0.0 -0.2127 0.969952 -0.768238 0.109472 -0.106763 -0.768238 0.109472 -0.106763 -0.768238 0.109472 -0.106763 0.0 0.847684 0.238411 0.0 0.847684 0.238411 0.0 0.847684 0.238411 0.0 -0.210326 0.720214 0.0 -0.210326 0.720214 0.0 -0.210326 0.720214 0.0681307 -0.509178 0.855805 0.0681307 -0.509178 0.855805 0.0681307 -0.509178 0.855805 0.0704621 -0.811021 0.578624 0.0704621 -0.811021 0.578624 0.0704621 -0.811021 0.578624 0.0708004 -0.496853 0.862835 0.0708004 -0.496853 0.862835 0.0708004 -0.496853 0.862835 0.0724157 -0.799265 0.594656 0.0724157 -0.799265 0.594656 0.0724157 -0.799265 0.594656 0.117252 -0.22542 0.962839 0.117252 -0.22542 0.962839 0.117252 -0.22542 0.962839 0.103779 -0.51127 0.852217 0.103779 -0.51127 0.852217 0.103779 -0.51127 0.852217 0.11725 -0.22542 0.962839 0.11725 -0.22542 0.962839 0.11725 -0.22542 0.962839 0.171934 -0.517178 0.832564 0.171934 -0.517178 0.832564 0.171934 -0.517178 0.832564 0.0 0.000217054 0.331606 0.0 0.000217054 0.331606 0.0 0.000217054 0.331606 0.0 -0.334703 0.0782557 0.0 -0.334703 0.0782557 0.0 -0.334703 0.0782557 0.0 -0.334703 0.0782557 0.0 -0.334703 0.0782557 0.0 -0.334703 0.0782557 0.0 -0.0303713 0.561869 0.0 -0.0303713 0.561869 0.0 -0.0303713 0.561869 0.0 0.688779 0.21679 0.0 0.688779 0.21679 0.0 0.688779 0.21679 0.0 -0.540761 0.812774 0.0 -0.540761 0.812774 0.0 -0.540761 0.812774 0.0083081 -0.0337542 -0.91503 0.0083081 -0.0337542 -0.91503 0.0083081 -0.0337542 -0.91503 0.0 0.688779 0.21679 0.0 0.688779 0.21679 0.0 0.688779 0.21679 0.0 0.57681 0.764273 0.0 0.57681 0.764273 0.0 0.57681 0.764273 0.0 0.0 0.900687 0.0 0.0 0.900687 0.0 0.0 0.900687 0.0 -0.570498 0.770172 0.0 -0.570498 0.770172 0.0 -0.570498 0.770172 0.0 -0.0303713 0.561869 0.0 -0.0303713 0.561869 0.0 -0.0303713 0.561869 0.0 0.0 0.900687 0.0 0.0 0.900687 0.0 0.0 0.900687 0.0 -0.540761 0.812774 0.0 -0.540761 0.812774 0.0 -0.540761 0.812774 0.0 -0.0303713 0.561869 0.0 -0.0303713 0.561869 0.0 -0.0303713 0.561869 0.0 0.601077 0.725873 0.0 0.601077 0.725873 0.0 0.601077 0.725873 0.0 0.57681 0.764273 0.0 0.57681 0.764273 0.0 0.57681 0.764273 0.0 -0.999389 0.0305023 0.0 -0.999389 0.0305023 0.0 -0.999389 0.0305023 0.0 -0.999556 0.0293458 0.0 -0.999556 0.0293458 0.0 -0.999556 0.0293458 0.0 -0.709012 0.213656 0.0 -0.709012 0.213656 0.0 -0.709012 0.213656 0.0 -0.991787 0.12684 0.0 -0.991787 0.12684 0.0 -0.991787 0.12684 -0.0436735 0.906121 -0.028402 -0.0436735 0.906121 -0.028402 -0.0436735 0.906121 -0.028402 0.0 -0.0303713 0.561869 0.0 -0.0303713 0.561869 0.0 -0.0303713 0.561869 0.0 -0.682562 0.368105 0.0 -0.682562 0.368105 0.0 -0.682562 0.368105 -0.00889919 -0.956067 0.0286399 -0.00889919 -0.956067 0.0286399 -0.00889919 -0.956067 0.0286399 0.0 -0.938025 0.0 0.0 -0.938025 0.0 0.0 -0.938025 0.0 -0.01042 -0.942718 0.0291226 -0.01042 -0.942718 0.0291226 -0.01042 -0.942718 0.0291226 0.0 -0.941509 0.0 0.0 -0.941509 0.0 0.0 -0.941509 0.0 -0.0583507 -0.937048 0.13393 -0.0583507 -0.937048 0.13393 -0.0583507 -0.937048 0.13393 -0.022844 -0.942782 0.028171 -0.022844 -0.942782 0.028171 -0.022844 -0.942782 0.028171 -0.0568954 -0.934706 0.124651 -0.0568954 -0.934706 0.124651 -0.0568954 -0.934706 0.124651 -0.0284042 -0.915054 0.0267209 -0.0284042 -0.915054 0.0267209 -0.0284042 -0.915054 0.0267209 0.0 0.0 0.28603 0.0 0.0 0.28603 0.0 0.0 0.28603 0.0 0.0 0.80188 0.0 0.0 0.80188 0.0 0.0 0.80188 0.0 0.0 0.80188 0.0 0.0 0.80188 0.0 0.0 0.80188 0.0 -0.74832 0.320709 0.0 -0.74832 0.320709 0.0 -0.74832 0.320709 0.0 0.16645 0.515495 0.0 0.16645 0.515495 0.0 0.16645 0.515495 0.0 -0.911685 0.341882 0.0 -0.911685 0.341882 0.0 -0.911685 0.341882 0.0 0.586203 0.43381 0.0 0.586203 0.43381 0.0 0.586203 0.43381 -0.0869894 0.291421 -0.934644 -0.0869894 0.291421 -0.934644 -0.0869894 0.291421 -0.934644 0.0 0.0 0.0 0.0 0.0 0.0 0.0 0.0 0.0 0.0 -0.841075 0.186906 0.0 -0.841075 0.186906 0.0 -0.841075 0.186906 0.0 0.0 0.0 0.0 0.0 0.0 0.0 0.0 0.0 0.0 -0.74832 0.320709 0.0 -0.74832 0.320709 0.0 -0.74832 0.320709 0.0 -0.841075 0.186906 0.0 -0.841075 0.186906 0.0 -0.841075 0.186906 0.0 -0.911685 0.341882 0.0 -0.911685 0.341882 0.0 -0.911685 0.341882 0.0 -0.74832 0.320709 0.0 -0.74832 0.320709 0.0 -0.74832 0.320709 0.0 -0.388922 0.583383 0.0 -0.388922 0.583383 0.0 -0.388922 0.583383 0.0 0.0 0.0 0.0 0.0 0.0 0.0 0.0 0.0 0.0 0.0146803 0.22055 0.0 0.0146803 0.22055 0.0 0.0146803 0.22055 0.0 0.0146803 0.22055 0.0 0.0146803 0.22055 0.0 0.0146803 0.22055 0.0 0.0 0.985435 0.0 0.0 0.985435 0.0 0.0 0.985435 0.0 0.769804 0.628777 0.0 0.769804 0.628777 0.0 0.769804 0.628777 0.108845 -0.425677 0.835796 0.108845 -0.425677 0.835796 0.108845 -0.425677 0.835796 0.0 -0.74832 0.320709 0.0 -0.74832 0.320709 0.0 -0.74832 0.320709 0.0 -0.210215 0.317847 0.0 -0.210215 0.317847 0.0 -0.210215 0.317847 -0.13205 0.178436 0.915794 -0.13205 0.178436 0.915794 -0.13205 0.178436 0.915794 0.165876 0.0286243 -0.937079 0.165876 0.0286243 -0.937079 0.165876 0.0286243 -0.937079 -0.165319 0.18092 0.950113 -0.165319 0.18092 0.950113 -0.165319 0.18092 0.950113 0.167569 0.0289163 -0.972319 0.167569 0.0289163 -0.972319 0.167569 0.0289163 -0.972319 -0.106614 0.741538 0.617819 -0.106614 0.741538 0.617819 -0.106614 0.741538 0.617819 -0.16546 0.180564 0.948607 -0.16546 0.180564 0.948607 -0.16546 0.180564 0.948607 -0.106801 0.740587 0.618899 -0.106801 0.740587 0.618899 -0.106801 0.740587 0.618899 -0.165486 0.179903 0.948756 -0.165486 0.179903 0.948756 -0.165486 0.179903 0.948756 0.0 0.0 0.290488 0.0 0.0 0.290488 0.0 0.0 0.290488 0.678223 0.227433 -0.623332 0.678223 0.227433 -0.623332 0.678223 0.227433 -0.623332 0.0 0.586203 0.43381 0.0 0.586203 0.43381 0.0 0.586203 0.43381 0.0 -0.613068 0.0927256 0.0 -0.613068 0.0927256 0.0 -0.613068 0.0927256 0.0 0.0 0.290174 0.0 0.0 0.290174 0.0 0.0 0.290174 0.0 0.57681 0.764273 0.0 0.57681 0.764273 0.0 0.57681 0.764273 0.0 0.0 0.302974 0.0 0.0 0.302974 0.0 0.0 0.302974 0.0 0.0 0.290174 0.0 0.0 0.290174 0.0 0.0 0.290174 0.0 -0.911685 0.341882 0.0 -0.911685 0.341882 0.0 -0.911685 0.341882 0.0 -0.613068 0.0927256 0.0 -0.613068 0.0927256 0.0 -0.613068 0.0927256 0.0 -0.388922 0.583383 0.0 -0.388922 0.583383 0.0 -0.388922 0.583383 0.0 -0.613068 0.0927256 0.0 -0.613068 0.0927256 0.0 -0.613068 0.0927256 0.0 -0.613068 0.0927256 0.0 -0.613068 0.0927256 0.0 -0.613068 0.0927256 0.0 0.57681 0.764273 0.0 0.57681 0.764273 0.0 0.57681 0.764273 0.0 -0.613068 0.0927256 0.0 -0.613068 0.0927256 0.0 -0.613068 0.0927256 0.0 -0.570498 0.770172 0.0 -0.570498 0.770172 0.0 -0.570498 0.770172 0.0 -0.911685 0.341882 0.0 -0.911685 0.341882 0.0 -0.911685 0.341882 0.0 0.993816 0.109281 0.0 0.993816 0.109281 0.0 0.993816 0.109281 0.17613 -0.78429 -0.09684 0.17613 -0.78429 -0.09684 0.17613 -0.78429 -0.09684 0.0 -0.210215 0.317847 0.0 -0.210215 0.317847 0.0 -0.210215 0.317847 0.0 -1.0 0.0 0.0 -1.0 0.0 0.0 -1.0 0.0 0.0 0.993816 0.109281 0.0 0.993816 0.109281 0.0 0.993816 0.109281 0.0 -0.613068 0.0927256 0.0 -0.613068 0.0927256 0.0 -0.613068 0.0927256 0.0 -0.709012 0.213656 0.0 -0.709012 0.213656 0.0 -0.709012 0.213656 -0.080034 0.927634 0.111515 -0.080034 0.927634 0.111515 -0.080034 0.927634 0.111515 -0.240036 0.68853 0.596608 -0.240036 0.68853 0.596608 -0.240036 0.68853 0.596608 -0.0728721 0.93462 0.111694 -0.0728721 0.93462 0.111694 -0.0728721 0.93462 0.111694 -0.225097 0.695964 0.599339 -0.225097 0.695964 0.599339 -0.225097 0.695964 0.599339 0.0 0.941493 0.0 0.0 0.941493 0.0 0.0 0.941493 0.0 -0.0396139 0.927687 0.110665 -0.0396139 0.927687 0.110665 -0.0396139 0.927687 0.110665 0.0 -0.93671 0.0 0.0 -0.93671 0.0 0.0 -0.93671 0.0 -0.0352949 0.940875 0.112424 -0.0352949 0.940875 0.112424 -0.0352949 0.940875 0.112424 -0.0107494 -0.942686 0.0300171 -0.0107494 -0.942686 0.0300171 -0.0107494 -0.942686 0.0300171 0.0 -0.941491 0.0 0.0 -0.941491 0.0 0.0 -0.941491 0.0 -0.0119563 -0.930721 0.0300949 -0.0119563 -0.930721 0.0300949 -0.0119563 -0.930721 0.0300949 0.0 -0.936224 0.0 0.0 -0.936224 0.0 0.0 -0.936224 0.0 -0.0673395 -0.931272 0.14705 -0.0673395 -0.931272 0.14705 -0.0673395 -0.931272 0.14705 -0.012496 -0.97955 0.0311842 -0.012496 -0.97955 0.0311842 -0.012496 -0.97955 0.0311842 -0.0623297 -0.935766 0.14292 -0.0623297 -0.935766 0.14292 -0.0623297 -0.935766 0.14292 -0.0243645 -0.94274 0.0290541 -0.0243645 -0.94274 0.0290541 -0.0243645 -0.94274 0.0290541 -0.0727914 0.934442 0.111114 -0.0727914 0.934442 0.111114 -0.0727914 0.934442 0.111114 -0.225274 0.696639 0.598136 -0.225274 0.696639 0.598136 -0.225274 0.696639 0.598136 -0.0792239 0.927645 0.109999 -0.0792239 0.927645 0.109999 -0.0792239 0.927645 0.109999 -0.239357 0.690883 0.593543 -0.239357 0.690883 0.593543 -0.239357 0.690883 0.593543 0.0 0.932109 0.0 0.0 0.932109 0.0 0.0 0.932109 0.0 -0.0444542 0.909866 0.107638 -0.0444542 0.909866 0.107638 -0.0444542 0.909866 0.107638 0.0 -0.941506 0.0 0.0 -0.941506 0.0 0.0 -0.941506 0.0 -0.0394401 0.927772 0.110183 -0.0394401 0.927772 0.110183 -0.0394401 0.927772 0.110183 -0.165307 0.181817 0.949932 -0.165307 0.181817 0.949932 -0.165307 0.181817 0.949932 0.16757 0.0289167 -0.97233 0.16757 0.0289167 -0.97233 0.16757 0.0289167 -0.97233 -0.130942 0.180853 0.914438 -0.130942 0.180853 0.914438 -0.130942 0.180853 0.914438 0.165809 0.0286125 -0.936228 0.165809 0.0286125 -0.936228 0.165809 0.0286125 -0.936228 -0.106259 0.74334 0.615773 -0.106259 0.74334 0.615773 -0.106259 0.74334 0.615773 -0.165392 0.182417 0.948217 -0.165392 0.182417 0.948217 -0.165392 0.182417 0.948217 -0.106412 0.742565 0.616649 -0.106412 0.742565 0.616649 -0.106412 0.742565 0.616649 -0.165426 0.18146 0.948414 -0.165426 0.18146 0.948414 -0.165426 0.18146 0.948414 0.122194 0.189811 -0.971549 0.122194 0.189811 -0.971549 0.122194 0.189811 -0.971549 0.054735 0.727799 -0.682455 0.054735 0.727799 -0.682455 0.054735 0.727799 -0.682455 0.19466 0.2205 -0.938485 0.19466 0.2205 -0.938485 0.19466 0.2205 -0.938485 0.173567 0.766442 -0.618408 0.173567 0.766442 -0.618408 0.173567 0.766442 -0.618408 0.165808 0.0286127 -0.936221 0.165808 0.0286127 -0.936221 0.165808 0.0286127 -0.936221 0.192519 0.233749 -0.914466 0.192519 0.233749 -0.914466 0.192519 0.233749 -0.914466 0.16757 0.0289166 -0.97233 0.16757 0.0289166 -0.97233 0.16757 0.0289166 -0.97233 0.162869 0.217767 -0.953417 0.162869 0.217767 -0.953417 0.162869 0.217767 -0.953417 -0.0479212 0.956379 -0.166565 -0.0479212 0.956379 -0.166565 -0.0479212 0.956379 -0.166565 -0.0705191 0.958698 0.00572694 -0.0705191 0.958698 0.00572694 -0.0705191 0.958698 0.00572694 -0.0944255 0.955317 -0.11123 -0.0944255 0.955317 -0.11123 -0.0944255 0.955317 -0.11123 0.100373 -0.967619 -0.023804 0.100373 -0.967619 -0.023804 0.100373 -0.967619 -0.023804 0.149094 0.757508 -0.616048 0.149094 0.757508 -0.616048 0.149094 0.757508 -0.616048 0.0973999 0.951916 -0.148327 0.0973999 0.951916 -0.148327 0.0973999 0.951916 -0.148327 0.179824 0.694131 -0.696896 0.179824 0.694131 -0.696896 0.179824 0.694131 -0.696896 -0.0323634 0.970165 -0.167011 -0.0323634 0.970165 -0.167011 -0.0323634 0.970165 -0.167011 0.104154 -0.945897 -0.0761677 0.104154 -0.945897 -0.0761677 0.104154 -0.945897 -0.0761677 0.0721082 -0.939948 -0.0952349 0.0721082 -0.939948 -0.0952349 0.0721082 -0.939948 -0.0952349 0.138179 -0.905456 -0.062243 0.138179 -0.905456 -0.062243 0.138179 -0.905456 -0.062243 0.0924931 -0.88386 -0.0782431 0.0924931 -0.88386 -0.0782431 0.0924931 -0.88386 -0.0782431 0.147381 -0.933713 -0.0175324 0.147381 -0.933713 -0.0175324 0.147381 -0.933713 -0.0175324 0.128632 -0.917928 -0.0506769 0.128632 -0.917928 -0.0506769 0.128632 -0.917928 -0.0506769 0.106583 -0.956962 -0.00342741 0.106583 -0.956962 -0.00342741 0.106583 -0.956962 -0.00342741 0.101453 -0.9561 -0.068524 0.101453 -0.9561 -0.068524 0.101453 -0.9561 -0.068524 0.112335 -0.951885 -0.2127 0.112335 -0.951885 -0.2127 0.112335 -0.951885 -0.2127 0.198463 -0.718684 -0.666293 0.198463 -0.718684 -0.666293 0.198463 -0.718684 -0.666293 0.171107 -0.925527 -0.220752 0.171107 -0.925527 -0.220752 0.171107 -0.925527 -0.220752 0.303501 -0.686499 -0.659165 0.303501 -0.686499 -0.659165 0.303501 -0.686499 -0.659165 0.0878575 -0.923997 -0.0934427 0.0878575 -0.923997 -0.0934427 0.0878575 -0.923997 -0.0934427 0.147499 -0.874752 -0.213697 0.147499 -0.874752 -0.213697 0.147499 -0.874752 -0.213697 0.0750882 -0.935925 -0.0999282 0.0750882 -0.935925 -0.0999282 0.0750882 -0.935925 -0.0999282 0.112468 -0.916298 -0.218598 0.112468 -0.916298 -0.218598 0.112468 -0.916298 -0.218598 -0.118644 -0.138895 -0.974283 -0.118644 -0.138895 -0.974283 -0.118644 -0.138895 -0.974283 0.117252 -0.22542 0.962839 0.117252 -0.22542 0.962839 0.117252 -0.22542 0.962839 -0.121312 -0.124937 -0.982419 -0.121312 -0.124937 -0.982419 -0.121312 -0.124937 -0.982419 0.11725 -0.22542 0.962839 0.11725 -0.22542 0.962839 0.11725 -0.22542 0.962839 0.170331 -0.704632 -0.655275 0.170331 -0.704632 -0.655275 0.170331 -0.704632 -0.655275 0.0156479 -0.133195 -0.927154 0.0156479 -0.133195 -0.927154 0.0156479 -0.133195 -0.927154 0.0381826 -0.738638 -0.655425 0.0381826 -0.738638 -0.655425 0.0381826 -0.738638 -0.655425 -0.056682 -0.14419 -0.962084 -0.056682 -0.14419 -0.962084 -0.056682 -0.14419 -0.962084 0.0751968 -0.483353 0.870099 0.0751968 -0.483353 0.870099 0.0751968 -0.483353 0.870099 0.0755666 -0.779311 0.620537 0.0755666 -0.779311 0.620537 0.0755666 -0.779311 0.620537 0.0774026 -0.472364 0.875801 0.0774026 -0.472364 0.875801 0.0774026 -0.472364 0.875801 0.0790941 -0.755285 0.649507 0.0790941 -0.755285 0.649507 0.0790941 -0.755285 0.649507 0.11725 -0.225419 0.962839 0.11725 -0.225419 0.962839 0.11725 -0.225419 0.962839 0.0517035 -0.482834 0.874165 0.0517035 -0.482834 0.874165 0.0517035 -0.482834 0.874165 0.117251 -0.22542 0.962839 0.117251 -0.22542 0.962839 0.117251 -0.22542 0.962839 0.104654 -0.498841 0.859386 0.104654 -0.498841 0.859386 0.104654 -0.498841 0.859386 -0.172281 -0.873853 0.353428 -0.172281 -0.873853 0.353428 -0.172281 -0.873853 0.353428 -0.11923 -0.936858 0.13295 -0.11923 -0.936858 0.13295 -0.11923 -0.936858 0.13295 -0.0992258 -0.901206 0.3861 -0.0992258 -0.901206 0.3861 -0.0992258 -0.901206 0.3861 -0.138503 -0.927691 0.140466 -0.138503 -0.927691 0.140466 -0.138503 -0.927691 0.140466 -0.325371 -0.673264 0.646718 -0.325371 -0.673264 0.646718 -0.325371 -0.673264 0.646718 -0.328868 -0.857587 0.346487 -0.328868 -0.857587 0.346487 -0.328868 -0.857587 0.346487 -0.286994 -0.702765 0.630052 -0.286994 -0.702765 0.630052 -0.286994 -0.702765 0.630052 -0.275667 -0.884704 0.32497 -0.275667 -0.884704 0.32497 -0.275667 -0.884704 0.32497 0.0 0.971456 0.23722 0.0 0.971456 0.23722 0.0 0.971456 0.23722 0.63353 0.0909035 0.613868 0.63353 0.0909035 0.613868 0.63353 0.0909035 0.613868 0.0 0.536539 0.735113 0.0 0.536539 0.735113 0.0 0.536539 0.735113 0.0 0.0 0.620037 0.0 0.0 0.620037 0.0 0.0 0.620037 0.0 0.983264 0.182183 0.0 0.983264 0.182183 0.0 0.983264 0.182183 0.0 0.0 0.447214 0.0 0.0 0.447214 0.0 0.0 0.447214 0.0829252 0.877451 0.080514 0.0829252 0.877451 0.080514 0.0829252 0.877451 0.080514 0.0 0.983264 0.182183 0.0 0.983264 0.182183 0.0 0.983264 0.182183 0.0 0.0 0.0 0.0 0.0 0.0 0.0 0.0 0.0 0.0 0.0 0.620037 0.0 0.0 0.620037 0.0 0.0 0.620037 0.0 0.0 0.0 0.0 0.0 0.0 0.0 0.0 0.0 0.0 0.0 0.620037 0.0 0.0 0.620037 0.0 0.0 0.620037 0.0 0.0 0.620037 0.0 0.0 0.620037 0.0 0.0 0.620037 0.0 0.0 0.447214 0.0 0.0 0.447214 0.0 0.0 0.447214 0.0 0.0 0.620037 0.0 0.0 0.620037 0.0 0.0 0.620037 0.0 0.0 0.447214 0.0 0.0 0.447214 0.0 0.0 0.447214 0.0 0.0 0.0 0.0 0.0 0.0 0.0 0.0 0.0 0.0 0.939589 0.339575 0.0 0.939589 0.339575 0.0 0.939589 0.339575 0.0 0.939589 0.339575 0.0 0.939589 0.339575 0.0 0.939589 0.339575 -0.885502 -0.0705902 -0.318707 -0.885502 -0.0705902 -0.318707 -0.885502 -0.0705902 -0.318707 -0.503675 0.499699 -0.099813 -0.503675 0.499699 -0.099813 -0.503675 0.499699 -0.099813 0.0 0.95862 0.281942 0.0 0.95862 0.281942 0.0 0.95862 0.281942 0.0 0.0 0.620037 0.0 0.0 0.620037 0.0 0.0 0.620037 0.0 0.695542 0.436388 0.0 0.695542 0.436388 0.0 0.695542 0.436388 0.263336 -0.914603 -0.258159 0.263336 -0.914603 -0.258159 0.263336 -0.914603 -0.258159 0.334327 -0.624313 -0.653781 0.334327 -0.624313 -0.653781 0.334327 -0.624313 -0.653781 0.55697 -0.769637 -0.228479 0.55697 -0.769637 -0.228479 0.55697 -0.769637 -0.228479 0.326264 -0.396941 -0.358576 0.326264 -0.396941 -0.358576 0.326264 -0.396941 -0.358576 0.495921 -0.860561 -0.0809343 0.495921 -0.860561 -0.0809343 0.495921 -0.860561 -0.0809343 0.474622 -0.658162 -0.256659 0.474622 -0.658162 -0.256659 0.474622 -0.658162 -0.256659 0.0715964 -0.910429 -0.0642777 0.0715964 -0.910429 -0.0642777 0.0715964 -0.910429 -0.0642777 0.199105 -0.900426 -0.361561 0.199105 -0.900426 -0.361561 0.199105 -0.900426 -0.361561 0.04715 0.091275 0.617232 0.04715 0.091275 0.617232 0.04715 0.091275 0.617232 0.0 -0.2127 0.969952 0.0 -0.2127 0.969952 0.0 -0.2127 0.969952 0.0 -0.138243 0.773602 0.0 -0.138243 0.773602 0.0 -0.138243 0.773602 0.0 0.0 0.99299 0.0 0.0 0.99299 0.0 0.0 0.99299 0.0 0.154018 0.981128 0.0 0.154018 0.981128 0.0 0.154018 0.981128 0.0 0.0 0.0 0.0 0.0 0.0 0.0 0.0 0.0 -0.0343427 0.699298 0.694864 -0.0343427 0.699298 0.694864 -0.0343427 0.699298 0.694864 0.0 0.154018 0.981128 0.0 0.154018 0.981128 0.0 0.154018 0.981128 0.0 0.0 0.0 0.0 0.0 0.0 0.0 0.0 0.0 0.0 0.0 0.99299 0.0 0.0 0.99299 0.0 0.0 0.99299 0.0 0.0 0.0 0.0 0.0 0.0 0.0 0.0 0.0 0.0 0.0 0.99299 0.0 0.0 0.99299 0.0 0.0 0.99299 0.0 0.0 0.99299 0.0 0.0 0.99299 0.0 0.0 0.99299 0.0 0.0 0.0 0.0 0.0 0.0 0.0 0.0 0.0 0.0 0.0 0.99299 0.0 0.0 0.99299 0.0 0.0 0.99299 0.0 0.0 0.0 0.0 0.0 0.0 0.0 0.0 0.0 0.0 0.0 0.0 0.0 0.0 0.0 0.0 0.0 0.0 0.0 0.0814728 0.964921 0.0 0.0814728 0.964921 0.0 0.0814728 0.964921 -0.213545 -0.0470327 -0.931889 -0.213545 -0.0470327 -0.931889 -0.213545 -0.0470327 -0.931889 0.0 -0.19596 0.691049 0.0 -0.19596 0.691049 0.0 -0.19596 0.691049 -0.125204 0.707471 0.489342 -0.125204 0.707471 0.489342 -0.125204 0.707471 0.489342 0.0 0.105313 0.963163 0.0 0.105313 0.963163 0.0 0.105313 0.963163 0.0 0.0 0.99299 0.0 0.0 0.99299 0.0 0.0 0.99299 0.0 0.644018 0.3227 0.0 0.644018 0.3227 0.0 0.644018 0.3227 -0.0321059 -0.0297094 -0.456723 -0.0321059 -0.0297094 -0.456723 -0.0321059 -0.0297094 -0.456723 0.245819 0.0204774 -0.399628 0.245819 0.0204774 -0.399628 0.245819 0.0204774 -0.399628 -0.111087 -0.00631606 -0.724183 -0.111087 -0.00631606 -0.724183 -0.111087 -0.00631606 -0.724183 0.159421 0.0584154 -0.546723 0.159421 0.0584154 -0.546723 0.159421 0.0584154 -0.546723 0.788083 -0.0654806 0.252911 0.788083 -0.0654806 0.252911 0.788083 -0.0654806 0.252911 0.354391 -0.145805 0.703398 0.354391 -0.145805 0.703398 0.354391 -0.145805 0.703398 0.826153 0.118646 0.358227 0.826153 0.118646 0.358227 0.826153 0.118646 0.358227 0.412594 -0.0842549 0.551959 0.412594 -0.0842549 0.551959 0.412594 -0.0842549 0.551959 0.0 0.994624 0.066083 0.0 0.994624 0.066083 0.0 0.994624 0.066083 0.28734 -0.876436 0.199717 0.28734 -0.876436 0.199717 0.28734 -0.876436 0.199717 0.0 -0.707443 0.360512 0.0 -0.707443 0.360512 0.0 -0.707443 0.360512 0.0 0.661581 0.60645 0.0 0.661581 0.60645 0.0 0.661581 0.60645 0.0 -0.726421 0.307531 0.0 -0.726421 0.307531 0.0 -0.726421 0.307531 0.0 0.0114865 0.715524 0.0 0.0114865 0.715524 0.0 0.0114865 0.715524 0.0 0.9914 0.0456383 0.0 0.9914 0.0456383 0.0 0.9914 0.0456383 0.0 -0.726421 0.307531 0.0 -0.726421 0.307531 0.0 -0.726421 0.307531 0.0 0.0 0.447214 0.0 0.0 0.447214 0.0 0.0 0.447214 0.0 -0.707107 0.707107 0.0 -0.707107 0.707107 0.0 -0.707107 0.707107 0.0 0.0 0.447214 0.0 0.0 0.447214 0.0 0.0 0.447214 0.0 0.661581 0.60645 0.0 0.661581 0.60645 0.0 0.661581 0.60645 0.0 -0.707107 0.707107 0.0 -0.707107 0.707107 0.0 -0.707107 0.707107 0.0 0.0114865 0.715524 0.0 0.0114865 0.715524 0.0 0.0114865 0.715524 0.0 0.661581 0.60645 0.0 0.661581 0.60645 0.0 0.661581 0.60645 0.0 0.0 0.683462 0.0 0.0 0.683462 0.0 0.0 0.683462 0.0 0.0 0.447214 0.0 0.0 0.447214 0.0 0.0 0.447214 0.0 0.714087 0.333586 0.0 0.714087 0.333586 0.0 0.714087 0.333586 0.0 0.714087 0.333586 0.0 0.714087 0.333586 0.0 0.714087 0.333586 -0.0927888 -0.39464 -0.0277752 -0.0927888 -0.39464 -0.0277752 -0.0927888 -0.39464 -0.0277752 0.0 1.0 0.0 0.0 1.0 0.0 0.0 1.0 0.0 0.0 0.999886 0.0150411 0.0 0.999886 0.0150411 0.0 0.999886 0.0150411 0.0 0.661581 0.60645 0.0 0.661581 0.60645 0.0 0.661581 0.60645 0.0 1.0 0.0 0.0 1.0 0.0 0.0 1.0 0.0 0.0167135 -0.898012 -0.0135353 0.0167135 -0.898012 -0.0135353 0.0167135 -0.898012 -0.0135353 0.101431 -0.938449 -0.168727 0.101431 -0.938449 -0.168727 0.101431 -0.938449 -0.168727 0.443146 -0.884624 -0.0246034 0.443146 -0.884624 -0.0246034 0.443146 -0.884624 -0.0246034 0.420248 -0.740455 -0.130789 0.420248 -0.740455 -0.130789 0.420248 -0.740455 -0.130789 0.40217 -0.897989 0.00597125 0.40217 -0.897989 0.00597125 0.40217 -0.897989 0.00597125 0.40275 -0.795123 -0.0542829 0.40275 -0.795123 -0.0542829 0.40275 -0.795123 -0.0542829 0.0 -0.919336 0.0 0.0 -0.919336 0.0 0.0 -0.919336 0.0 0.0454169 -0.971524 -0.109552 0.0454169 -0.971524 -0.109552 0.0454169 -0.971524 -0.109552 0.0 -0.598224 0.298132 0.0 -0.598224 0.298132 0.0 -0.598224 0.298132 0.0 0.9914 0.0456383 0.0 0.9914 0.0456383 0.0 0.9914 0.0456383 0.0 -0.0641292 0.354304 0.0 -0.0641292 0.354304 0.0 -0.0641292 0.354304 0.0 0.832512 0.483757 0.0 0.832512 0.483757 0.0 0.832512 0.483757 -0.170625 0.916255 -0.244478 -0.170625 0.916255 -0.244478 -0.170625 0.916255 -0.244478 0.0 0.216836 0.561801 0.0 0.216836 0.561801 0.0 0.216836 0.561801 0.0 -0.472734 0.0565512 0.0 -0.472734 0.0565512 0.0 -0.472734 0.0565512 0.31987 0.326881 0.00836936 0.31987 0.326881 0.00836936 0.31987 0.326881 0.00836936 0.0 0.0114865 0.715524 0.0 0.0114865 0.715524 0.0 0.0114865 0.715524 0.0 0.437651 0.826673 0.0 0.437651 0.826673 0.0 0.437651 0.826673 0.0 0.0 0.683462 0.0 0.0 0.683462 0.0 0.0 0.683462 0.0 0.832512 0.483757 0.0 0.832512 0.483757 0.0 0.832512 0.483757 -0.473118 -0.561292 -0.6779 -0.473118 -0.561292 -0.6779 -0.473118 -0.561292 -0.6779 0.0 0.216836 0.561801 0.0 0.216836 0.561801 0.0 0.216836 0.561801 -0.276862 -0.837216 -0.396697 -0.276862 -0.837216 -0.396697 -0.276862 -0.837216 -0.396697 0.0 -0.641948 0.380414 0.0 -0.641948 0.380414 0.0 -0.641948 0.380414 0.0 0.0114865 0.715524 0.0 0.0114865 0.715524 0.0 0.0114865 0.715524 0.0 0.775625 0.0918135 0.0 0.775625 0.0918135 0.0 0.775625 0.0918135 0.0 0.775625 0.0918135 0.0 0.775625 0.0918135 0.0 0.775625 0.0918135 0.0 1.0 0.0 0.0 1.0 0.0 0.0 1.0 0.0 0.0 -0.770308 0.610115 0.0 -0.770308 0.610115 0.0 -0.770308 0.610115 -0.0983997 -0.238701 -0.107481 -0.0983997 -0.238701 -0.107481 -0.0983997 -0.238701 -0.107481 -0.276862 -0.837216 -0.396697 -0.276862 -0.837216 -0.396697 -0.276862 -0.837216 -0.396697 0.0 -0.700055 0.701344 0.0 -0.700055 0.701344 0.0 -0.700055 0.701344 0.0551785 0.887881 -0.102384 0.0551785 0.887881 -0.102384 0.0551785 0.887881 -0.102384 0.035721 -0.953206 -0.0677893 0.035721 -0.953206 -0.0677893 0.035721 -0.953206 -0.0677893 -0.307897 0.87704 -0.139364 -0.307897 0.87704 -0.139364 -0.307897 0.87704 -0.139364 0.380852 -0.869943 0.028658 0.380852 -0.869943 0.028658 0.380852 -0.869943 0.028658 -0.107512 0.75557 -0.501304 -0.107512 0.75557 -0.501304 -0.107512 0.75557 -0.501304 -0.260235 0.795875 -0.122062 -0.260235 0.795875 -0.122062 -0.260235 0.795875 -0.122062 0.197845 0.828922 -0.493001 0.197845 0.828922 -0.493001 0.197845 0.828922 -0.493001 0.0447585 0.950309 -0.110006 0.0447585 0.950309 -0.110006 0.0447585 0.950309 -0.110006 0.0 -0.210632 0.962912 0.0 -0.210632 0.962912 0.0 -0.210632 0.962912 -0.0427392 0.614102 -0.152967 -0.0427392 0.614102 -0.152967 -0.0427392 0.614102 -0.152967 0.0 -0.472734 0.0565512 0.0 -0.472734 0.0565512 0.0 -0.472734 0.0565512 0.189687 0.937857 0.27179 0.189687 0.937857 0.27179 0.189687 0.937857 0.27179 0.0 -0.215787 0.973011 0.0 -0.215787 0.973011 0.0 -0.215787 0.973011 0.0 0.0 0.0 0.0 0.0 0.0 0.0 0.0 0.0 0.0 0.0 0.985436 0.0 0.0 0.985436 0.0 0.0 0.985436 0.0 -0.215787 0.973011 0.0 -0.215787 0.973011 0.0 -0.215787 0.973011 0.0 0.216836 0.561801 0.0 0.216836 0.561801 0.0 0.216836 0.561801 0.188682 0.375391 0.270351 0.188682 0.375391 0.270351 0.188682 0.375391 0.270351 0.0 -0.641948 0.380414 0.0 -0.641948 0.380414 0.0 -0.641948 0.380414 0.189687 0.937857 0.27179 0.189687 0.937857 0.27179 0.189687 0.937857 0.27179 0.0 0.803602 0.329683 0.0 0.803602 0.329683 0.0 0.803602 0.329683 0.0 0.0 0.0 0.0 0.0 0.0 0.0 0.0 0.0 0.0 0.710224 0.331438 0.0 0.710224 0.331438 0.0 0.710224 0.331438 0.0 0.0 0.0 0.0 0.0 0.0 0.0 0.0 0.0 0.0 0.216836 0.561801 0.0 0.216836 0.561801 0.0 0.216836 0.561801 -0.160922 0.584793 -0.230575 -0.160922 0.584793 -0.230575 -0.160922 0.584793 -0.230575 -0.125227 0.175964 -0.941846 -0.125227 0.175964 -0.941846 -0.125227 0.175964 -0.941846 0.0 -0.700055 0.701344 0.0 -0.700055 0.701344 0.0 -0.700055 0.701344 0.0 0.0 0.98794 0.0 0.0 0.98794 0.0 0.0 0.98794 0.0 -0.213462 0.93032 0.0 -0.213462 0.93032 0.0 -0.213462 0.93032 0.0 0.710224 0.331438 0.0 0.710224 0.331438 0.0 0.710224 0.331438 0.0 0.0 0.98794 0.0 0.0 0.98794 0.0 0.0 0.98794 0.242604 0.342854 -0.805102 0.242604 0.342854 -0.805102 0.242604 0.342854 -0.805102 0.186651 0.790105 -0.580863 0.186651 0.790105 -0.580863 0.186651 0.790105 -0.580863 0.509201 0.475716 -0.701172 0.509201 0.475716 -0.701172 0.509201 0.475716 -0.701172 0.0891393 0.939134 -0.328269 0.0891393 0.939134 -0.328269 0.0891393 0.939134 -0.328269 0.588846 0.347448 -0.589205 0.588846 0.347448 -0.589205 0.588846 0.347448 -0.589205 0.287416 0.766793 -0.225233 0.287416 0.766793 -0.225233 0.287416 0.766793 -0.225233 0.288001 0.0925451 -0.850694 0.288001 0.0925451 -0.850694 0.288001 0.0925451 -0.850694 0.285284 0.346519 -0.7171 0.285284 0.346519 -0.7171 0.285284 0.346519 -0.7171 -0.466706 0.758688 -0.437118 -0.466706 0.758688 -0.437118 -0.466706 0.758688 -0.437118 0.0 -0.987419 0.15717 0.0 -0.987419 0.15717 0.0 -0.987419 0.15717 0.0 0.689312 0.365624 0.0 0.689312 0.365624 0.0 0.689312 0.365624 0.0 -0.388058 0.696469 0.0 -0.388058 0.696469 0.0 -0.388058 0.696469 0.0 -0.619911 0.638087 0.0 -0.619911 0.638087 0.0 -0.619911 0.638087 0.0 0.298227 0.826665 0.0 0.298227 0.826665 0.0 0.298227 0.826665 0.0 -0.860067 0.383843 0.0 -0.860067 0.383843 0.0 -0.860067 0.383843 -0.409285 0.784322 -0.338479 -0.409285 0.784322 -0.338479 -0.409285 0.784322 -0.338479 0.0 0.0 0.447214 0.0 0.0 0.447214 0.0 0.0 0.447214 0.0 0.722227 0.432074 0.0 0.722227 0.432074 0.0 0.722227 0.432074 0.0 0.0 0.707107 0.0 0.0 0.707107 0.0 0.0 0.707107 0.0 -0.388058 0.696469 0.0 -0.388058 0.696469 0.0 -0.388058 0.696469 0.0 0.722227 0.432074 0.0 0.722227 0.432074 0.0 0.722227 0.432074 0.0 0.298227 0.826665 0.0 0.298227 0.826665 0.0 0.298227 0.826665 0.0 -0.388058 0.696469 0.0 -0.388058 0.696469 0.0 -0.388058 0.696469 0.0 -0.50774 0.206974 0.0 -0.50774 0.206974 0.0 -0.50774 0.206974 0.0 0.0 0.447214 0.0 0.0 0.447214 0.0 0.0 0.447214 0.0 0.794294 0.0957458 0.0 0.794294 0.0957458 0.0 0.794294 0.0957458 0.699482 -0.113908 0.0093095 0.699482 -0.113908 0.0093095 0.699482 -0.113908 0.0093095 0.0 -0.651498 0.537535 0.0 -0.651498 0.537535 0.0 -0.651498 0.537535 0.0 -0.654607 0.736647 0.0 -0.654607 0.736647 0.0 -0.654607 0.736647 0.415465 0.771331 0.406785 0.415465 0.771331 0.406785 0.415465 0.771331 0.406785 0.0 -0.388058 0.696469 0.0 -0.388058 0.696469 0.0 -0.388058 0.696469 0.0 0.198079 0.621452 0.0 0.198079 0.621452 0.0 0.198079 0.621452 -0.391199 -0.633159 0.495769 -0.391199 -0.633159 0.495769 -0.391199 -0.633159 0.495769 -0.212683 -0.908597 0.170973 -0.212683 -0.908597 0.170973 -0.212683 -0.908597 0.170973 -0.285737 -0.459484 0.816077 -0.285737 -0.459484 0.816077 -0.285737 -0.459484 0.816077 -0.56992 -0.692191 0.316527 -0.56992 -0.692191 0.316527 -0.56992 -0.692191 0.316527 -0.587463 -0.215029 0.768583 -0.587463 -0.215029 0.768583 -0.587463 -0.215029 0.768583 -0.709146 -0.519007 0.477129 -0.709146 -0.519007 0.477129 -0.709146 -0.519007 0.477129 -0.396336 -0.499231 0.763984 -0.396336 -0.499231 0.763984 -0.396336 -0.499231 0.763984 -0.464888 -0.756914 0.448568 -0.464888 -0.756914 0.448568 -0.464888 -0.756914 0.448568 -0.525279 0.439359 -0.679387 -0.525279 0.439359 -0.679387 -0.525279 0.439359 -0.679387 0.0 -0.73333 0.677605 0.0 -0.73333 0.677605 0.0 -0.73333 0.677605 0.0 -0.860067 0.383843 0.0 -0.860067 0.383843 0.0 -0.860067 0.383843 0.0 0.318228 0.0884498 0.0 0.318228 0.0884498 0.0 0.318228 0.0884498 0.0 -0.482308 0.869836 0.0 -0.482308 0.869836 0.0 -0.482308 0.869836 0.0 0.0 0.0 0.0 0.0 0.0 0.0 0.0 0.0 0.0 -0.138243 0.773602 0.0 -0.138243 0.773602 0.0 -0.138243 0.773602 -0.565474 0.360185 -0.55519 -0.565474 0.360185 -0.55519 -0.565474 0.360185 -0.55519 0.0 0.298227 0.826665 0.0 0.298227 0.826665 0.0 0.298227 0.826665 0.0 0.318228 0.0884498 0.0 0.318228 0.0884498 0.0 0.318228 0.0884498 0.0 -0.50774 0.206974 0.0 -0.50774 0.206974 0.0 -0.50774 0.206974 0.0 0.318228 0.0884498 0.0 0.318228 0.0884498 0.0 0.318228 0.0884498 0.0 0.318228 0.0884498 0.0 0.318228 0.0884498 0.0 0.318228 0.0884498 0.0 0.0 0.0 0.0 0.0 0.0 0.0 0.0 0.0 0.0 0.318228 0.0884498 0.0 0.318228 0.0884498 0.0 0.318228 0.0884498 0.0 0.0 0.0 0.0 0.0 0.0 0.0 0.0 0.0 0.0 0.298227 0.826665 0.0 0.298227 0.826665 0.0 0.298227 0.826665 0.0 -0.392431 0.890475 0.0 -0.392431 0.890475 0.0 -0.392431 0.890475 0.338107 0.324264 -0.860663 0.338107 0.324264 -0.860663 0.338107 0.324264 -0.860663 0.0 0.198079 0.621452 0.0 0.198079 0.621452 0.0 0.198079 0.621452 0.0 -0.199548 0.948667 0.0 -0.199548 0.948667 0.0 -0.199548 0.948667 0.181643 0.336882 -0.871039 0.181643 0.336882 -0.871039 0.181643 0.336882 -0.871039 0.0 0.318228 0.0884498 0.0 0.318228 0.0884498 0.0 0.318228 0.0884498 0.0 -0.19596 0.691049 0.0 -0.19596 0.691049 0.0 -0.19596 0.691049 0.713008 0.00489823 -0.50849 0.713008 0.00489823 -0.50849 0.713008 0.00489823 -0.50849 0.876676 0.132779 -0.376856 0.876676 0.132779 -0.376856 0.876676 0.132779 -0.376856 0.451446 0.0465294 -0.804454 0.451446 0.0465294 -0.804454 0.451446 0.0465294 -0.804454 0.722231 0.233731 -0.540831 0.722231 0.233731 -0.540831 0.722231 0.233731 -0.540831 0.200699 0.0110033 -0.804545 0.200699 0.0110033 -0.804545 0.200699 0.0110033 -0.804545 0.446094 0.13545 -0.616956 0.446094 0.13545 -0.616956 0.446094 0.13545 -0.616956 0.363594 0.00553697 -0.619349 0.363594 0.00553697 -0.619349 0.363594 0.00553697 -0.619349 0.562515 0.105647 -0.523785 0.562515 0.105647 -0.523785 0.562515 0.105647 -0.523785 0.0 -0.999666 0.0254965 0.0 -0.999666 0.0254965 0.0 -0.999666 0.0254965 0.0 -1.0 0.0 0.0 -1.0 0.0 0.0 -1.0 0.0 0.0 0.577121 0.2847 0.0 0.577121 0.2847 0.0 0.577121 0.2847 0.0 -0.470017 0.287112 0.0 -0.470017 0.287112 0.0 -0.470017 0.287112 0.0 -0.999666 0.0254965 0.0 -0.999666 0.0254965 0.0 -0.999666 0.0254965 0.0 0.0 0.447214 0.0 0.0 0.447214 0.0 0.0 0.447214 0.0 0.689312 0.365624 0.0 0.689312 0.365624 0.0 0.689312 0.365624 -0.0888352 0.497228 -0.0165744 -0.0888352 0.497228 -0.0165744 -0.0888352 0.497228 -0.0165744 0.0 0.0 0.0 0.0 0.0 0.0 0.0 0.0 0.0 0.0 -0.470017 0.287112 0.0 -0.470017 0.287112 0.0 -0.470017 0.287112 0.0 0.0 0.0 0.0 0.0 0.0 0.0 0.0 0.0 0.0 -0.470017 0.287112 0.0 -0.470017 0.287112 0.0 -0.470017 0.287112 0.0 -0.470017 0.287112 0.0 -0.470017 0.287112 0.0 -0.470017 0.287112 0.0 0.0 0.447214 0.0 0.0 0.447214 0.0 0.0 0.447214 0.0 -0.470017 0.287112 0.0 -0.470017 0.287112 0.0 -0.470017 0.287112 0.0 0.0 0.707107 0.0 0.0 0.707107 0.0 0.0 0.707107 0.0 0.0 0.0 0.0 0.0 0.0 0.0 0.0 0.0 0.0 -0.999128 0.0414883 0.0 -0.999128 0.0414883 0.0 -0.999128 0.0414883 0.0 -0.999388 0.0347882 0.0 -0.999388 0.0347882 0.0 -0.999388 0.0347882 0.0 -0.817332 0.200861 0.0 -0.817332 0.200861 0.0 -0.817332 0.200861 0.0 -0.98271 0.185147 0.0 -0.98271 0.185147 0.0 -0.98271 0.185147 0.102881 -0.396469 0.0169423 0.102881 -0.396469 0.0169423 0.102881 -0.396469 0.0169423 0.0 -0.470017 0.287112 0.0 -0.470017 0.287112 0.0 -0.470017 0.287112 0.0 -0.651498 0.537535 0.0 -0.651498 0.537535 0.0 -0.651498 0.537535 -0.0431367 -0.869518 0.13137 -0.0431367 -0.869518 0.13137 -0.0431367 -0.869518 0.13137 0.0 -0.939474 0.0 0.0 -0.939474 0.0 0.0 -0.939474 0.0 -0.38586 -0.30813 0.584601 -0.38586 -0.30813 0.584601 -0.38586 -0.30813 0.584601 -0.410285 -0.77778 0.138585 -0.410285 -0.77778 0.138585 -0.410285 -0.77778 0.138585 -0.427041 -0.334503 0.695149 -0.427041 -0.334503 0.695149 -0.427041 -0.334503 0.695149 -0.377689 -0.880284 0.194468 -0.377689 -0.880284 0.194468 -0.377689 -0.880284 0.194468 -0.120174 -0.826712 0.283784 -0.120174 -0.826712 0.283784 -0.120174 -0.826712 0.283784 -0.0510139 -0.868418 0.0300425 -0.0510139 -0.868418 0.0300425 -0.0510139 -0.868418 0.0300425 0.0 0.214841 0.96241 0.0 0.214841 0.96241 0.0 0.214841 0.96241 0.0 0.0 0.0853351 0.0 0.0 0.0853351 0.0 0.0 0.0853351 0.0 0.0 0.0853351 0.0 0.0 0.0853351 0.0 0.0 0.0853351 0.0 -0.721836 0.451148 0.0 -0.721836 0.451148 0.0 -0.721836 0.451148 0.0 0.215788 0.973011 0.0 0.215788 0.973011 0.0 0.215788 0.973011 0.0 -0.668965 0.445976 0.0 -0.668965 0.445976 0.0 -0.668965 0.445976 0.0 0.63166 0.541408 0.0 0.63166 0.541408 0.0 0.63166 0.541408 -0.477864 0.100631 0.820379 -0.477864 0.100631 0.820379 -0.477864 0.100631 0.820379 0.0 0.0 0.0 0.0 0.0 0.0 0.0 0.0 0.0 0.0 -0.71009 0.322768 0.0 -0.71009 0.322768 0.0 -0.71009 0.322768 0.0 0.0 0.0 0.0 0.0 0.0 0.0 0.0 0.0 0.0 -0.721836 0.451148 0.0 -0.721836 0.451148 0.0 -0.721836 0.451148 0.0 -0.71009 0.322768 0.0 -0.71009 0.322768 0.0 -0.71009 0.322768 0.0 -0.668965 0.445976 0.0 -0.668965 0.445976 0.0 -0.668965 0.445976 0.0 -0.721836 0.451148 0.0 -0.721836 0.451148 0.0 -0.721836 0.451148 0.0 0.664667 0.705606 0.0 0.664667 0.705606 0.0 0.664667 0.705606 0.0 0.0 0.0 0.0 0.0 0.0 0.0 0.0 0.0 0.0 0.0440821 0.281178 0.0 0.0440821 0.281178 0.0 0.0440821 0.281178 0.0 0.0440821 0.281178 0.0 0.0440821 0.281178 0.0 0.0440821 0.281178 0.0 0.0 0.952054 0.0 0.0 0.952054 0.0 0.0 0.952054 -0.173841 0.776525 0.388478 -0.173841 0.776525 0.388478 -0.173841 0.776525 0.388478 0.0 0.213462 0.93032 0.0 0.213462 0.93032 0.0 0.213462 0.93032 0.0 -0.721836 0.451148 0.0 -0.721836 0.451148 0.0 -0.721836 0.451148 0.0 0.600897 0.448707 0.0 0.600897 0.448707 0.0 0.600897 0.448707 -0.249619 0.110742 0.831379 -0.249619 0.110742 0.831379 -0.249619 0.110742 0.831379 0.260533 0.153727 -0.735066 0.260533 0.153727 -0.735066 0.260533 0.153727 -0.735066 0.560094 0.19115 -0.574987 0.560094 0.19115 -0.574987 0.560094 0.19115 -0.574987 0.269034 0.628555 -0.22014 0.269034 0.628555 -0.22014 0.269034 0.628555 -0.22014 -0.188761 -0.10377 0.200507 -0.188761 -0.10377 0.200507 -0.188761 -0.10377 0.200507 -0.475926 -0.182662 0.406552 -0.475926 -0.182662 0.406552 -0.475926 -0.182662 0.406552 -0.117594 0.692723 0.576972 -0.117594 0.692723 0.576972 -0.117594 0.692723 0.576972 -0.220546 0.0599537 0.774543 -0.220546 0.0599537 0.774543 -0.220546 0.0599537 0.774543 -0.346285 0.000467785 0.007685 -0.346285 0.000467785 0.007685 -0.346285 0.000467785 0.007685 0.0 0.773105 0.624874 0.0 0.773105 0.624874 0.0 0.773105 0.624874 0.0 0.63166 0.541408 0.0 0.63166 0.541408 0.0 0.63166 0.541408 0.0 -0.580921 0.23521 0.0 -0.580921 0.23521 0.0 -0.580921 0.23521 0.0 0.992282 0.122058 0.0 0.992282 0.122058 0.0 0.992282 0.122058 0.0 0.0 0.0 0.0 0.0 0.0 0.0 0.0 0.0 0.0 0.577121 0.2847 0.0 0.577121 0.2847 0.0 0.577121 0.2847 0.0 0.993035 0.115982 0.0 0.993035 0.115982 0.0 0.993035 0.115982 0.0 -0.668965 0.445976 0.0 -0.668965 0.445976 0.0 -0.668965 0.445976 0.0 -0.580921 0.23521 0.0 -0.580921 0.23521 0.0 -0.580921 0.23521 0.0 0.664667 0.705606 0.0 0.664667 0.705606 0.0 0.664667 0.705606 0.0 -0.580921 0.23521 0.0 -0.580921 0.23521 0.0 -0.580921 0.23521 0.0 -0.580921 0.23521 0.0 -0.580921 0.23521 0.0 -0.580921 0.23521 0.0 0.0 0.0 0.0 0.0 0.0 0.0 0.0 0.0 0.0 -0.580921 0.23521 0.0 -0.580921 0.23521 0.0 -0.580921 0.23521 0.0 0.0 0.0 0.0 0.0 0.0 0.0 0.0 0.0 0.0 -0.668965 0.445976 0.0 -0.668965 0.445976 0.0 -0.668965 0.445976 0.0 0.993159 0.113289 0.0 0.993159 0.113289 0.0 0.993159 0.113289 0.0 0.993159 0.113289 0.0 0.993159 0.113289 0.0 0.993159 0.113289 0.718166 0.475684 0.20388 0.718166 0.475684 0.20388 0.718166 0.475684 0.20388 0.0 -1.0 0.0 0.0 -1.0 0.0 0.0 -1.0 0.0 0.0 0.993159 0.113289 0.0 0.993159 0.113289 0.0 0.993159 0.113289 0.0 -0.580921 0.23521 0.0 -0.580921 0.23521 0.0 -0.580921 0.23521 0.0 -0.817332 0.200861 0.0 -0.817332 0.200861 0.0 -0.817332 0.200861 -0.0605439 0.929435 0.110678 -0.0605439 0.929435 0.110678 -0.0605439 0.929435 0.110678 -0.182067 0.546897 0.509919 -0.182067 0.546897 0.509919 -0.182067 0.546897 0.509919 0.286439 0.778233 -0.00493647 0.286439 0.778233 -0.00493647 0.286439 0.778233 -0.00493647 -0.136668 -0.143843 0.112524 -0.136668 -0.143843 0.112524 -0.136668 -0.143843 0.112524 -0.33471 -0.334445 0.504822 -0.33471 -0.334445 0.504822 -0.33471 -0.334445 0.504822 -0.329593 -0.74205 0.0176831 -0.329593 -0.74205 0.0176831 -0.329593 -0.74205 0.0176831 -0.0264026 -0.855668 0.071932 -0.0264026 -0.855668 0.071932 -0.0264026 -0.855668 0.071932 -0.037113 0.931477 0.110223 -0.037113 0.931477 0.110223 -0.037113 0.931477 0.110223 </binormals>
		</mesh>
	</meshes>
</tgcScene>
